This is pdfTeX, Version 3.14159265-2.6-1.40.21 (TeX Live 2020/W32TeX) (preloaded format=pdflatex 2021.1.19)  11 APR 2021 16:46
entering extended mode
 restricted \write18 enabled.
 %&-line parsing enabled.
**ch1.tex
(./ch1.tex
LaTeX2e <2020-10-01> patch level 4
L3 programming layer <2021-01-09> xparse <2020-03-03>
! Undefined control sequence.
l.1 \setstretch
               {1.5}
The control sequence at the end of the top line
of your error message was never \def'ed. If you have
misspelled it (e.g., `\hobx'), type `I' and the correct
spelling (e.g., `I\hbox'). Otherwise just continue,
and I'll forget about whatever was undefined.


! LaTeX Error: Missing \begin{document}.

See the LaTeX manual or LaTeX Companion for explanation.
Type  H <return>  for immediate help.
 ...                                              
                                                  
l.1 \setstretch{1
                 .5}
You're in trouble here.  Try typing  <return>  to proceed.
If that doesn't work, type  X <return>  to quit.

Missing character: There is no 1 in font nullfont!
Missing character: There is no . in font nullfont!
Missing character: There is no 5 in font nullfont!

Overfull \hbox (20.0pt too wide) in paragraph at lines 1--2
[] 
 []


! LaTeX Error: The font size command \normalsize is not defined:
               there is probably something wrong with the class file.

See the LaTeX manual or LaTeX Companion for explanation.
Type  H <return>  for immediate help.
 ...                                              
                                                  
l.2 \clearpage
              
Your command was ignored.
Type  I <command> <return>  to replace it with another command,
or  <return>  to continue without it.

[1]
! Undefined control sequence.
l.3 \section
            {Î•Î¹ÏƒÎ±Î³Ï‰Î³Î®}
The control sequence at the end of the top line
of your error message was never \def'ed. If you have
misspelled it (e.g., `\hobx'), type `I' and the correct
spelling (e.g., `I\hbox'). Otherwise just continue,
and I'll forget about whatever was undefined.


! Package inputenc Error: Unicode character Î• (U+0395)
(inputenc)                not set up for use with LaTeX.

See the inputenc package documentation for explanation.
Type  H <return>  for immediate help.
 ...                                              
                                                  
l.3 \section{Î•
               Î¹ÏƒÎ±Î³Ï‰Î³Î®}
You may provide a definition with
\DeclareUnicodeCharacter 


! Package inputenc Error: Unicode character Î¹ (U+03B9)
(inputenc)                not set up for use with LaTeX.

See the inputenc package documentation for explanation.
Type  H <return>  for immediate help.
 ...                                              
                                                  
l.3 \section{Î•Î¹
                 ÏƒÎ±Î³Ï‰Î³Î®}
You may provide a definition with
\DeclareUnicodeCharacter 


! Package inputenc Error: Unicode character Ïƒ (U+03C3)
(inputenc)                not set up for use with LaTeX.

See the inputenc package documentation for explanation.
Type  H <return>  for immediate help.
 ...                                              
                                                  
l.3 \section{Î•Î¹Ïƒ
                   Î±Î³Ï‰Î³Î®}
You may provide a definition with
\DeclareUnicodeCharacter 


! Package inputenc Error: Unicode character Î± (U+03B1)
(inputenc)                not set up for use with LaTeX.

See the inputenc package documentation for explanation.
Type  H <return>  for immediate help.
 ...                                              
                                                  
l.3 \section{Î•Î¹ÏƒÎ±
                     Î³Ï‰Î³Î®}
You may provide a definition with
\DeclareUnicodeCharacter 


! Package inputenc Error: Unicode character Î³ (U+03B3)
(inputenc)                not set up for use with LaTeX.

See the inputenc package documentation for explanation.
Type  H <return>  for immediate help.
 ...                                              
                                                  
l.3 \section{Î•Î¹ÏƒÎ±Î³
                       Ï‰Î³Î®}
You may provide a definition with
\DeclareUnicodeCharacter 


! Package inputenc Error: Unicode character Ï‰ (U+03C9)
(inputenc)                not set up for use with LaTeX.

See the inputenc package documentation for explanation.
Type  H <return>  for immediate help.
 ...                                              
                                                  
l.3 \section{Î•Î¹ÏƒÎ±Î³Ï‰
                         Î³Î®}
You may provide a definition with
\DeclareUnicodeCharacter 


! Package inputenc Error: Unicode character Î³ (U+03B3)
(inputenc)                not set up for use with LaTeX.

See the inputenc package documentation for explanation.
Type  H <return>  for immediate help.
 ...                                              
                                                  
l.3 \section{Î•Î¹ÏƒÎ±Î³Ï‰Î³
                           Î®}
You may provide a definition with
\DeclareUnicodeCharacter 


! Package inputenc Error: Unicode character Î® (U+03AE)
(inputenc)                not set up for use with LaTeX.

See the inputenc package documentation for explanation.
Type  H <return>  for immediate help.
 ...                                              
                                                  
l.3 \section{Î•Î¹ÏƒÎ±Î³Ï‰Î³Î®
                             }
You may provide a definition with
\DeclareUnicodeCharacter 

! Undefined control sequence.
l.4 \subsection
               {Î£Ï…Î½Î¿Ï€Ï„Î¹ÎºÎ¬ Î³Î¹Î± Ï„Î¿ \en{OpenMP}}
The control sequence at the end of the top line
of your error message was never \def'ed. If you have
misspelled it (e.g., `\hobx'), type `I' and the correct
spelling (e.g., `I\hbox'). Otherwise just continue,
and I'll forget about whatever was undefined.


! Package inputenc Error: Unicode character Î£ (U+03A3)
(inputenc)                not set up for use with LaTeX.

See the inputenc package documentation for explanation.
Type  H <return>  for immediate help.
 ...                                              
                                                  
l.4 \subsection{Î£
                  Ï…Î½Î¿Ï€Ï„Î¹ÎºÎ¬ Î³Î¹Î± Ï„Î¿ \en{OpenMP}}
You may provide a definition with
\DeclareUnicodeCharacter 


! Package inputenc Error: Unicode character Ï… (U+03C5)
(inputenc)                not set up for use with LaTeX.

See the inputenc package documentation for explanation.
Type  H <return>  for immediate help.
 ...                                              
                                                  
l.4 \subsection{Î£Ï…
                    Î½Î¿Ï€Ï„Î¹ÎºÎ¬ Î³Î¹Î± Ï„Î¿ \en{OpenMP}}
You may provide a definition with
\DeclareUnicodeCharacter 


! Package inputenc Error: Unicode character Î½ (U+03BD)
(inputenc)                not set up for use with LaTeX.

See the inputenc package documentation for explanation.
Type  H <return>  for immediate help.
 ...                                              
                                                  
l.4 \subsection{Î£Ï…Î½
                      Î¿Ï€Ï„Î¹ÎºÎ¬ Î³Î¹Î± Ï„Î¿ \en{OpenMP}}
You may provide a definition with
\DeclareUnicodeCharacter 


! Package inputenc Error: Unicode character Î¿ (U+03BF)
(inputenc)                not set up for use with LaTeX.

See the inputenc package documentation for explanation.
Type  H <return>  for immediate help.
 ...                                              
                                                  
l.4 \subsection{Î£Ï…Î½Î¿
                        Ï€Ï„Î¹ÎºÎ¬ Î³Î¹Î± Ï„Î¿ \en{OpenMP}}
You may provide a definition with
\DeclareUnicodeCharacter 


! Package inputenc Error: Unicode character Ï€ (U+03C0)
(inputenc)                not set up for use with LaTeX.

See the inputenc package documentation for explanation.
Type  H <return>  for immediate help.
 ...                                              
                                                  
l.4 \subsection{Î£Ï…Î½Î¿Ï€
                          Ï„Î¹ÎºÎ¬ Î³Î¹Î± Ï„Î¿ \en{OpenMP}}
You may provide a definition with
\DeclareUnicodeCharacter 


! Package inputenc Error: Unicode character Ï„ (U+03C4)
(inputenc)                not set up for use with LaTeX.

See the inputenc package documentation for explanation.
Type  H <return>  for immediate help.
 ...                                              
                                                  
l.4 \subsection{Î£Ï…Î½Î¿Ï€Ï„
                            Î¹ÎºÎ¬ Î³Î¹Î± Ï„Î¿ \en{OpenMP}}
You may provide a definition with
\DeclareUnicodeCharacter 


! Package inputenc Error: Unicode character Î¹ (U+03B9)
(inputenc)                not set up for use with LaTeX.

See the inputenc package documentation for explanation.
Type  H <return>  for immediate help.
 ...                                              
                                                  
l.4 \subsection{Î£Ï…Î½Î¿Ï€Ï„Î¹
                              ÎºÎ¬ Î³Î¹Î± Ï„Î¿ \en{OpenMP}}
You may provide a definition with
\DeclareUnicodeCharacter 


! Package inputenc Error: Unicode character Îº (U+03BA)
(inputenc)                not set up for use with LaTeX.

See the inputenc package documentation for explanation.
Type  H <return>  for immediate help.
 ...                                              
                                                  
l.4 \subsection{Î£Ï…Î½Î¿Ï€Ï„Î¹Îº
                                Î¬ Î³Î¹Î± Ï„Î¿ \en{OpenMP}}
You may provide a definition with
\DeclareUnicodeCharacter 


! Package inputenc Error: Unicode character Î¬ (U+03AC)
(inputenc)                not set up for use with LaTeX.

See the inputenc package documentation for explanation.
Type  H <return>  for immediate help.
 ...                                              
                                                  
l.4 \subsection{Î£Ï…Î½Î¿Ï€Ï„Î¹ÎºÎ¬
                                   Î³Î¹Î± Ï„Î¿ \en{OpenMP}}
You may provide a definition with
\DeclareUnicodeCharacter 


! Package inputenc Error: Unicode character Î³ (U+03B3)
(inputenc)                not set up for use with LaTeX.

See the inputenc package documentation for explanation.
Type  H <return>  for immediate help.
 ...                                              
                                                  
l.4 \subsection{Î£Ï…Î½Î¿Ï€Ï„Î¹ÎºÎ¬ Î³
                                     Î¹Î± Ï„Î¿ \en{OpenMP}}
You may provide a definition with
\DeclareUnicodeCharacter 


! Package inputenc Error: Unicode character Î¹ (U+03B9)
(inputenc)                not set up for use with LaTeX.

See the inputenc package documentation for explanation.
Type  H <return>  for immediate help.
 ...                                              
                                                  
l.4 \subsection{Î£Ï…Î½Î¿Ï€Ï„Î¹ÎºÎ¬ Î³Î¹
                                       Î± Ï„Î¿ \en{OpenMP}}
You may provide a definition with
\DeclareUnicodeCharacter 


! Package inputenc Error: Unicode character Î± (U+03B1)
(inputenc)                not set up for use with LaTeX.

See the inputenc package documentation for explanation.
Type  H <return>  for immediate help.
 ...                                              
                                                  
l.4 \subsection{Î£Ï…Î½Î¿Ï€Ï„Î¹ÎºÎ¬ Î³Î¹Î±
                                          Ï„Î¿ \en{OpenMP}}
You may provide a definition with
\DeclareUnicodeCharacter 


! Package inputenc Error: Unicode character Ï„ (U+03C4)
(inputenc)                not set up for use with LaTeX.

See the inputenc package documentation for explanation.
Type  H <return>  for immediate help.
 ...                                              
                                                  
l.4 \subsection{Î£Ï…Î½Î¿Ï€Ï„Î¹ÎºÎ¬ Î³Î¹Î± Ï„
                                            Î¿ \en{OpenMP}}
You may provide a definition with
\DeclareUnicodeCharacter 


! Package inputenc Error: Unicode character Î¿ (U+03BF)
(inputenc)                not set up for use with LaTeX.

See the inputenc package documentation for explanation.
Type  H <return>  for immediate help.
 ...                                              
                                                  
l.4 \subsection{Î£Ï…Î½Î¿Ï€Ï„Î¹ÎºÎ¬ Î³Î¹Î± Ï„Î¿
                                               \en{OpenMP}}
You may provide a definition with
\DeclareUnicodeCharacter 

! Undefined control sequence.
l.4 \subsection{Î£Ï…Î½Î¿Ï€Ï„Î¹ÎºÎ¬ Î³Î¹Î± Ï„Î¿ \en
                                                  {OpenMP}}
The control sequence at the end of the top line
of your error message was never \def'ed. If you have
misspelled it (e.g., `\hobx'), type `I' and the correct
spelling (e.g., `I\hbox'). Otherwise just continue,
and I'll forget about whatever was undefined.


! LaTeX Error: Missing \begin{document}.

See the LaTeX manual or LaTeX Companion for explanation.
Type  H <return>  for immediate help.
 ...                                              
                                                  
l.4 ...ection{Î£Ï…Î½Î¿Ï€Ï„Î¹ÎºÎ¬ Î³Î¹Î± Ï„Î¿ \en{O
                                                  penMP}}
You're in trouble here.  Try typing  <return>  to proceed.
If that doesn't work, type  X <return>  to quit.

Missing character: There is no O in font nullfont!
Missing character: There is no p in font nullfont!
Missing character: There is no e in font nullfont!
Missing character: There is no n in font nullfont!
Missing character: There is no M in font nullfont!
Missing character: There is no P in font nullfont!

! Package inputenc Error: Unicode character Î¤ (U+03A4)
(inputenc)                not set up for use with LaTeX.

See the inputenc package documentation for explanation.
Type  H <return>  for immediate help.
 ...                                              
                                                  
l.5 Î¤
      Î¿ \en{OpenMP} ÎµÎ¯Î½Î±Î¹ Î¼Î¹Î± Î”Î¹ÎµÏ€Î±Ï†Î® Î ÏÎ¿Î³ÏÎ±Î¼Î¼Î±Ï„Î¹...

You may provide a definition with
\DeclareUnicodeCharacter 


! Package inputenc Error: Unicode character Î¿ (U+03BF)
(inputenc)                not set up for use with LaTeX.

See the inputenc package documentation for explanation.
Type  H <return>  for immediate help.
 ...                                              
                                                  
l.5 Î¤Î¿
         \en{OpenMP} ÎµÎ¯Î½Î±Î¹ Î¼Î¹Î± Î”Î¹ÎµÏ€Î±Ï†Î® Î ÏÎ¿Î³ÏÎ±Î¼Î¼Î±Ï„Î¹...

You may provide a definition with
\DeclareUnicodeCharacter 

! Undefined control sequence.
l.5 Î¤Î¿ \en
            {OpenMP} ÎµÎ¯Î½Î±Î¹ Î¼Î¹Î± Î”Î¹ÎµÏ€Î±Ï†Î® Î ÏÎ¿Î³ÏÎ±Î¼Î¼Î±Ï„Î¹...
The control sequence at the end of the top line
of your error message was never \def'ed. If you have
misspelled it (e.g., `\hobx'), type `I' and the correct
spelling (e.g., `I\hbox'). Otherwise just continue,
and I'll forget about whatever was undefined.

Missing character: There is no O in font nullfont!
Missing character: There is no p in font nullfont!
Missing character: There is no e in font nullfont!
Missing character: There is no n in font nullfont!
Missing character: There is no M in font nullfont!
Missing character: There is no P in font nullfont!

! Package inputenc Error: Unicode character Îµ (U+03B5)
(inputenc)                not set up for use with LaTeX.

See the inputenc package documentation for explanation.
Type  H <return>  for immediate help.
 ...                                              
                                                  
l.5 Î¤Î¿ \en{OpenMP} Îµ
                       Î¯Î½Î±Î¹ Î¼Î¹Î± Î”Î¹ÎµÏ€Î±Ï†Î® Î ÏÎ¿Î³ÏÎ±Î¼Î¼Î±Ï„Î¹...

You may provide a definition with
\DeclareUnicodeCharacter 


! Package inputenc Error: Unicode character Î¯ (U+03AF)
(inputenc)                not set up for use with LaTeX.

See the inputenc package documentation for explanation.
Type  H <return>  for immediate help.
 ...                                              
                                                  
l.5 Î¤Î¿ \en{OpenMP} ÎµÎ¯
                         Î½Î±Î¹ Î¼Î¹Î± Î”Î¹ÎµÏ€Î±Ï†Î® Î ÏÎ¿Î³ÏÎ±Î¼Î¼Î±Ï„Î¹...

You may provide a definition with
\DeclareUnicodeCharacter 


! Package inputenc Error: Unicode character Î½ (U+03BD)
(inputenc)                not set up for use with LaTeX.

See the inputenc package documentation for explanation.
Type  H <return>  for immediate help.
 ...                                              
                                                  
l.5 Î¤Î¿ \en{OpenMP} ÎµÎ¯Î½
                           Î±Î¹ Î¼Î¹Î± Î”Î¹ÎµÏ€Î±Ï†Î® Î ÏÎ¿Î³ÏÎ±Î¼Î¼Î±Ï„Î¹...

You may provide a definition with
\DeclareUnicodeCharacter 


! Package inputenc Error: Unicode character Î± (U+03B1)
(inputenc)                not set up for use with LaTeX.

See the inputenc package documentation for explanation.
Type  H <return>  for immediate help.
 ...                                              
                                                  
l.5 Î¤Î¿ \en{OpenMP} ÎµÎ¯Î½Î±
                             Î¹ Î¼Î¹Î± Î”Î¹ÎµÏ€Î±Ï†Î® Î ÏÎ¿Î³ÏÎ±Î¼Î¼Î±Ï„Î¹...

You may provide a definition with
\DeclareUnicodeCharacter 


! Package inputenc Error: Unicode character Î¹ (U+03B9)
(inputenc)                not set up for use with LaTeX.

See the inputenc package documentation for explanation.
Type  H <return>  for immediate help.
 ...                                              
                                                  
l.5 Î¤Î¿ \en{OpenMP} ÎµÎ¯Î½Î±Î¹
                                Î¼Î¹Î± Î”Î¹ÎµÏ€Î±Ï†Î® Î ÏÎ¿Î³ÏÎ±Î¼Î¼Î±Ï„Î¹...

You may provide a definition with
\DeclareUnicodeCharacter 


! Package inputenc Error: Unicode character Î¼ (U+03BC)
(inputenc)                not set up for use with LaTeX.

See the inputenc package documentation for explanation.
Type  H <return>  for immediate help.
 ...                                              
                                                  
l.5 Î¤Î¿ \en{OpenMP} ÎµÎ¯Î½Î±Î¹ Î¼
                                  Î¹Î± Î”Î¹ÎµÏ€Î±Ï†Î® Î ÏÎ¿Î³ÏÎ±Î¼Î¼Î±Ï„Î¹...

You may provide a definition with
\DeclareUnicodeCharacter 


! Package inputenc Error: Unicode character Î¹ (U+03B9)
(inputenc)                not set up for use with LaTeX.

See the inputenc package documentation for explanation.
Type  H <return>  for immediate help.
 ...                                              
                                                  
l.5 Î¤Î¿ \en{OpenMP} ÎµÎ¯Î½Î±Î¹ Î¼Î¹
                                    Î± Î”Î¹ÎµÏ€Î±Ï†Î® Î ÏÎ¿Î³ÏÎ±Î¼Î¼Î±Ï„Î¹...

You may provide a definition with
\DeclareUnicodeCharacter 


! Package inputenc Error: Unicode character Î± (U+03B1)
(inputenc)                not set up for use with LaTeX.

See the inputenc package documentation for explanation.
Type  H <return>  for immediate help.
 ...                                              
                                                  
l.5 Î¤Î¿ \en{OpenMP} ÎµÎ¯Î½Î±Î¹ Î¼Î¹Î±
                                       Î”Î¹ÎµÏ€Î±Ï†Î® Î ÏÎ¿Î³ÏÎ±Î¼Î¼Î±Ï„Î¹...

You may provide a definition with
\DeclareUnicodeCharacter 


! Package inputenc Error: Unicode character Î” (U+0394)
(inputenc)                not set up for use with LaTeX.

See the inputenc package documentation for explanation.
Type  H <return>  for immediate help.
 ...                                              
                                                  
l.5 Î¤Î¿ \en{OpenMP} ÎµÎ¯Î½Î±Î¹ Î¼Î¹Î± Î”
                                         Î¹ÎµÏ€Î±Ï†Î® Î ÏÎ¿Î³ÏÎ±Î¼Î¼Î±Ï„Î¹...

You may provide a definition with
\DeclareUnicodeCharacter 


! Package inputenc Error: Unicode character Î¹ (U+03B9)
(inputenc)                not set up for use with LaTeX.

See the inputenc package documentation for explanation.
Type  H <return>  for immediate help.
 ...                                              
                                                  
l.5 Î¤Î¿ \en{OpenMP} ÎµÎ¯Î½Î±Î¹ Î¼Î¹Î± Î”Î¹
                                           ÎµÏ€Î±Ï†Î® Î ÏÎ¿Î³ÏÎ±Î¼Î¼Î±Ï„Î¹...

You may provide a definition with
\DeclareUnicodeCharacter 


! Package inputenc Error: Unicode character Îµ (U+03B5)
(inputenc)                not set up for use with LaTeX.

See the inputenc package documentation for explanation.
Type  H <return>  for immediate help.
 ...                                              
                                                  
l.5 Î¤Î¿ \en{OpenMP} ÎµÎ¯Î½Î±Î¹ Î¼Î¹Î± Î”Î¹Îµ
                                             Ï€Î±Ï†Î® Î ÏÎ¿Î³ÏÎ±Î¼Î¼Î±Ï„Î¹...

You may provide a definition with
\DeclareUnicodeCharacter 


! Package inputenc Error: Unicode character Ï€ (U+03C0)
(inputenc)                not set up for use with LaTeX.

See the inputenc package documentation for explanation.
Type  H <return>  for immediate help.
 ...                                              
                                                  
l.5 Î¤Î¿ \en{OpenMP} ÎµÎ¯Î½Î±Î¹ Î¼Î¹Î± Î”Î¹ÎµÏ€
                                               Î±Ï†Î® Î ÏÎ¿Î³ÏÎ±Î¼Î¼Î±Ï„Î¹...

You may provide a definition with
\DeclareUnicodeCharacter 


! Package inputenc Error: Unicode character Î± (U+03B1)
(inputenc)                not set up for use with LaTeX.

See the inputenc package documentation for explanation.
Type  H <return>  for immediate help.
 ...                                              
                                                  
l.5 Î¤Î¿ \en{OpenMP} ÎµÎ¯Î½Î±Î¹ Î¼Î¹Î± Î”Î¹ÎµÏ€Î±
                                                 Ï†Î® Î ÏÎ¿Î³ÏÎ±Î¼Î¼Î±Ï„Î¹...

You may provide a definition with
\DeclareUnicodeCharacter 


! Package inputenc Error: Unicode character Ï† (U+03C6)
(inputenc)                not set up for use with LaTeX.

See the inputenc package documentation for explanation.
Type  H <return>  for immediate help.
 ...                                              
                                                  
l.5 ... \en{OpenMP} ÎµÎ¯Î½Î±Î¹ Î¼Î¹Î± Î”Î¹ÎµÏ€Î±Ï†
                                                  Î® Î ÏÎ¿Î³ÏÎ±Î¼Î¼Î±Ï„Î¹Ï...

You may provide a definition with
\DeclareUnicodeCharacter 


! Package inputenc Error: Unicode character Î® (U+03AE)
(inputenc)                not set up for use with LaTeX.

See the inputenc package documentation for explanation.
Type  H <return>  for immediate help.
 ...                                              
                                                  
l.5 ...en{OpenMP} ÎµÎ¯Î½Î±Î¹ Î¼Î¹Î± Î”Î¹ÎµÏ€Î±Ï†Î®
                                                   Î ÏÎ¿Î³ÏÎ±Î¼Î¼Î±Ï„Î¹ÏƒÎ...

You may provide a definition with
\DeclareUnicodeCharacter 


! Package inputenc Error: Unicode character Î  (U+03A0)
(inputenc)                not set up for use with LaTeX.

See the inputenc package documentation for explanation.
Type  H <return>  for immediate help.
 ...                                              
                                                  
l.5 ...OpenMP} ÎµÎ¯Î½Î±Î¹ Î¼Î¹Î± Î”Î¹ÎµÏ€Î±Ï†Î® Î 
                                                  ÏÎ¿Î³ÏÎ±Î¼Î¼Î±Ï„Î¹ÏƒÎ¼Î¿...

You may provide a definition with
\DeclareUnicodeCharacter 


! Package inputenc Error: Unicode character Ï (U+03C1)
(inputenc)                not set up for use with LaTeX.

See the inputenc package documentation for explanation.
Type  H <return>  for immediate help.
 ...                                              
                                                  
l.5 ...enMP} ÎµÎ¯Î½Î±Î¹ Î¼Î¹Î± Î”Î¹ÎµÏ€Î±Ï†Î® Î Ï
                                                  Î¿Î³ÏÎ±Î¼Î¼Î±Ï„Î¹ÏƒÎ¼Î¿Ï...

You may provide a definition with
\DeclareUnicodeCharacter 


! Package inputenc Error: Unicode character Î¿ (U+03BF)
(inputenc)                not set up for use with LaTeX.

See the inputenc package documentation for explanation.
Type  H <return>  for immediate help.
 ...                                              
                                                  
l.5 ...MP} ÎµÎ¯Î½Î±Î¹ Î¼Î¹Î± Î”Î¹ÎµÏ€Î±Ï†Î® Î ÏÎ¿
                                                  Î³ÏÎ±Î¼Î¼Î±Ï„Î¹ÏƒÎ¼Î¿Ï Î...

You may provide a definition with
\DeclareUnicodeCharacter 


! Package inputenc Error: Unicode character Î³ (U+03B3)
(inputenc)                not set up for use with LaTeX.

See the inputenc package documentation for explanation.
Type  H <return>  for immediate help.
 ...                                              
                                                  
l.5 ...} ÎµÎ¯Î½Î±Î¹ Î¼Î¹Î± Î”Î¹ÎµÏ€Î±Ï†Î® Î ÏÎ¿Î³
                                                  ÏÎ±Î¼Î¼Î±Ï„Î¹ÏƒÎ¼Î¿Ï Î•Ï...

You may provide a definition with
\DeclareUnicodeCharacter 


! Package inputenc Error: Unicode character Ï (U+03C1)
(inputenc)                not set up for use with LaTeX.

See the inputenc package documentation for explanation.
Type  H <return>  for immediate help.
 ...                                              
                                                  
l.5 ...ÎµÎ¯Î½Î±Î¹ Î¼Î¹Î± Î”Î¹ÎµÏ€Î±Ï†Î® Î ÏÎ¿Î³Ï
                                                  Î±Î¼Î¼Î±Ï„Î¹ÏƒÎ¼Î¿Ï Î•Ï†Î...

You may provide a definition with
\DeclareUnicodeCharacter 


! Package inputenc Error: Unicode character Î± (U+03B1)
(inputenc)                not set up for use with LaTeX.

See the inputenc package documentation for explanation.
Type  H <return>  for immediate help.
 ...                                              
                                                  
l.5 ...Î¯Î½Î±Î¹ Î¼Î¹Î± Î”Î¹ÎµÏ€Î±Ï†Î® Î ÏÎ¿Î³ÏÎ±
                                                  Î¼Î¼Î±Ï„Î¹ÏƒÎ¼Î¿Ï Î•Ï†Î±Ï...

You may provide a definition with
\DeclareUnicodeCharacter 


! Package inputenc Error: Unicode character Î¼ (U+03BC)
(inputenc)                not set up for use with LaTeX.

See the inputenc package documentation for explanation.
Type  H <return>  for immediate help.
 ...                                              
                                                  
l.5 ...Î½Î±Î¹ Î¼Î¹Î± Î”Î¹ÎµÏ€Î±Ï†Î® Î ÏÎ¿Î³ÏÎ±Î¼
                                                  Î¼Î±Ï„Î¹ÏƒÎ¼Î¿Ï Î•Ï†Î±ÏÎ...

You may provide a definition with
\DeclareUnicodeCharacter 


! Package inputenc Error: Unicode character Î¼ (U+03BC)
(inputenc)                not set up for use with LaTeX.

See the inputenc package documentation for explanation.
Type  H <return>  for immediate help.
 ...                                              
                                                  
l.5 ...Î±Î¹ Î¼Î¹Î± Î”Î¹ÎµÏ€Î±Ï†Î® Î ÏÎ¿Î³ÏÎ±Î¼Î¼
                                                  Î±Ï„Î¹ÏƒÎ¼Î¿Ï Î•Ï†Î±ÏÎ¼Î...

You may provide a definition with
\DeclareUnicodeCharacter 


! Package inputenc Error: Unicode character Î± (U+03B1)
(inputenc)                not set up for use with LaTeX.

See the inputenc package documentation for explanation.
Type  H <return>  for immediate help.
 ...                                              
                                                  
l.5 ...Î¹ Î¼Î¹Î± Î”Î¹ÎµÏ€Î±Ï†Î® Î ÏÎ¿Î³ÏÎ±Î¼Î¼Î±
                                                  Ï„Î¹ÏƒÎ¼Î¿Ï Î•Ï†Î±ÏÎ¼Î¿Î...

You may provide a definition with
\DeclareUnicodeCharacter 


! Package inputenc Error: Unicode character Ï„ (U+03C4)
(inputenc)                not set up for use with LaTeX.

See the inputenc package documentation for explanation.
Type  H <return>  for immediate help.
 ...                                              
                                                  
l.5 ... Î¼Î¹Î± Î”Î¹ÎµÏ€Î±Ï†Î® Î ÏÎ¿Î³ÏÎ±Î¼Î¼Î±Ï„
                                                  Î¹ÏƒÎ¼Î¿Ï Î•Ï†Î±ÏÎ¼Î¿Î³Ï...

You may provide a definition with
\DeclareUnicodeCharacter 


! Package inputenc Error: Unicode character Î¹ (U+03B9)
(inputenc)                not set up for use with LaTeX.

See the inputenc package documentation for explanation.
Type  H <return>  for immediate help.
 ...                                              
                                                  
l.5 ...¼Î¹Î± Î”Î¹ÎµÏ€Î±Ï†Î® Î ÏÎ¿Î³ÏÎ±Î¼Î¼Î±Ï„Î¹
                                                  ÏƒÎ¼Î¿Ï Î•Ï†Î±ÏÎ¼Î¿Î³ÏÎ...

You may provide a definition with
\DeclareUnicodeCharacter 


! Package inputenc Error: Unicode character Ïƒ (U+03C3)
(inputenc)                not set up for use with LaTeX.

See the inputenc package documentation for explanation.
Type  H <return>  for immediate help.
 ...                                              
                                                  
l.5 ...¹Î± Î”Î¹ÎµÏ€Î±Ï†Î® Î ÏÎ¿Î³ÏÎ±Î¼Î¼Î±Ï„Î¹Ïƒ
                                                  Î¼Î¿Ï Î•Ï†Î±ÏÎ¼Î¿Î³ÏÎ½ ...

You may provide a definition with
\DeclareUnicodeCharacter 


! Package inputenc Error: Unicode character Î¼ (U+03BC)
(inputenc)                not set up for use with LaTeX.

See the inputenc package documentation for explanation.
Type  H <return>  for immediate help.
 ...                                              
                                                  
l.5 ...± Î”Î¹ÎµÏ€Î±Ï†Î® Î ÏÎ¿Î³ÏÎ±Î¼Î¼Î±Ï„Î¹ÏƒÎ¼
                                                  Î¿Ï Î•Ï†Î±ÏÎ¼Î¿Î³ÏÎ½ (\...

You may provide a definition with
\DeclareUnicodeCharacter 


! Package inputenc Error: Unicode character Î¿ (U+03BF)
(inputenc)                not set up for use with LaTeX.

See the inputenc package documentation for explanation.
Type  H <return>  for immediate help.
 ...                                              
                                                  
l.5 ...Î”Î¹ÎµÏ€Î±Ï†Î® Î ÏÎ¿Î³ÏÎ±Î¼Î¼Î±Ï„Î¹ÏƒÎ¼Î¿
                                                  Ï Î•Ï†Î±ÏÎ¼Î¿Î³ÏÎ½ (\em...

You may provide a definition with
\DeclareUnicodeCharacter 


! Package inputenc Error: Unicode character Ï (U+03CD)
(inputenc)                not set up for use with LaTeX.

See the inputenc package documentation for explanation.
Type  H <return>  for immediate help.
 ...                                              
                                                  
l.5 ...Î¹ÎµÏ€Î±Ï†Î® Î ÏÎ¿Î³ÏÎ±Î¼Î¼Î±Ï„Î¹ÏƒÎ¼Î¿Ï
                                                   Î•Ï†Î±ÏÎ¼Î¿Î³ÏÎ½ (\emph...

You may provide a definition with
\DeclareUnicodeCharacter 


! Package inputenc Error: Unicode character Î• (U+0395)
(inputenc)                not set up for use with LaTeX.

See the inputenc package documentation for explanation.
Type  H <return>  for immediate help.
 ...                                              
                                                  
l.5 ...µÏ€Î±Ï†Î® Î ÏÎ¿Î³ÏÎ±Î¼Î¼Î±Ï„Î¹ÏƒÎ¼Î¿Ï Î•
                                                  Ï†Î±ÏÎ¼Î¿Î³ÏÎ½ (\emph{\e...

You may provide a definition with
\DeclareUnicodeCharacter 


! Package inputenc Error: Unicode character Ï† (U+03C6)
(inputenc)                not set up for use with LaTeX.

See the inputenc package documentation for explanation.
Type  H <return>  for immediate help.
 ...                                              
                                                  
l.5 ...€Î±Ï†Î® Î ÏÎ¿Î³ÏÎ±Î¼Î¼Î±Ï„Î¹ÏƒÎ¼Î¿Ï Î•Ï†
                                                  Î±ÏÎ¼Î¿Î³ÏÎ½ (\emph{\en{...

You may provide a definition with
\DeclareUnicodeCharacter 


! Package inputenc Error: Unicode character Î± (U+03B1)
(inputenc)                not set up for use with LaTeX.

See the inputenc package documentation for explanation.
Type  H <return>  for immediate help.
 ...                                              
                                                  
l.5 ...±Ï†Î® Î ÏÎ¿Î³ÏÎ±Î¼Î¼Î±Ï„Î¹ÏƒÎ¼Î¿Ï Î•Ï†Î±
                                                  ÏÎ¼Î¿Î³ÏÎ½ (\emph{\en{AP...

You may provide a definition with
\DeclareUnicodeCharacter 


! Package inputenc Error: Unicode character Ï (U+03C1)
(inputenc)                not set up for use with LaTeX.

See the inputenc package documentation for explanation.
Type  H <return>  for immediate help.
 ...                                              
                                                  
l.5 ...†Î® Î ÏÎ¿Î³ÏÎ±Î¼Î¼Î±Ï„Î¹ÏƒÎ¼Î¿Ï Î•Ï†Î±Ï
                                                  Î¼Î¿Î³ÏÎ½ (\emph{\en{API}...

You may provide a definition with
\DeclareUnicodeCharacter 


! Package inputenc Error: Unicode character Î¼ (U+03BC)
(inputenc)                not set up for use with LaTeX.

See the inputenc package documentation for explanation.
Type  H <return>  for immediate help.
 ...                                              
                                                  
l.5 ...® Î ÏÎ¿Î³ÏÎ±Î¼Î¼Î±Ï„Î¹ÏƒÎ¼Î¿Ï Î•Ï†Î±ÏÎ¼
                                                  Î¿Î³ÏÎ½ (\emph{\en{API}})...

You may provide a definition with
\DeclareUnicodeCharacter 


! Package inputenc Error: Unicode character Î¿ (U+03BF)
(inputenc)                not set up for use with LaTeX.

See the inputenc package documentation for explanation.
Type  H <return>  for immediate help.
 ...                                              
                                                  
l.5 ...Î ÏÎ¿Î³ÏÎ±Î¼Î¼Î±Ï„Î¹ÏƒÎ¼Î¿Ï Î•Ï†Î±ÏÎ¼Î¿
                                                  Î³ÏÎ½ (\emph{\en{API}}) Ï...

You may provide a definition with
\DeclareUnicodeCharacter 


! Package inputenc Error: Unicode character Î³ (U+03B3)
(inputenc)                not set up for use with LaTeX.

See the inputenc package documentation for explanation.
Type  H <return>  for immediate help.
 ...                                              
                                                  
l.5 ...ÏÎ¿Î³ÏÎ±Î¼Î¼Î±Ï„Î¹ÏƒÎ¼Î¿Ï Î•Ï†Î±ÏÎ¼Î¿Î³
                                                  ÏÎ½ (\emph{\en{API}}) Ï€Î...

You may provide a definition with
\DeclareUnicodeCharacter 


! Package inputenc Error: Unicode character Ï (U+03CE)
(inputenc)                not set up for use with LaTeX.

See the inputenc package documentation for explanation.
Type  H <return>  for immediate help.
 ...                                              
                                                  
l.5 ...Î¿Î³ÏÎ±Î¼Î¼Î±Ï„Î¹ÏƒÎ¼Î¿Ï Î•Ï†Î±ÏÎ¼Î¿Î³Ï
                                                  Î½ (\emph{\en{API}}) Ï€Î¿Ï...

You may provide a definition with
\DeclareUnicodeCharacter 


! Package inputenc Error: Unicode character Î½ (U+03BD)
(inputenc)                not set up for use with LaTeX.

See the inputenc package documentation for explanation.
Type  H <return>  for immediate help.
 ...                                              
                                                  
l.5 ...Î³ÏÎ±Î¼Î¼Î±Ï„Î¹ÏƒÎ¼Î¿Ï Î•Ï†Î±ÏÎ¼Î¿Î³ÏÎ½
                                                   (\emph{\en{API}}) Ï€Î¿Ï… ...

You may provide a definition with
\DeclareUnicodeCharacter 

Missing character: There is no ( in font nullfont!
! Undefined control sequence.
<recently read> \en 
                    
l.5 ...ƒÎ¼Î¿Ï Î•Ï†Î±ÏÎ¼Î¿Î³ÏÎ½ (\emph{\en{API}}
                                                  ) Ï€Î¿Ï… Ï‡ÏÎ·ÏƒÎ¹Î¼Î¿Ï€Î...
The control sequence at the end of the top line
of your error message was never \def'ed. If you have
misspelled it (e.g., `\hobx'), type `I' and the correct
spelling (e.g., `I\hbox'). Otherwise just continue,
and I'll forget about whatever was undefined.

Missing character: There is no ) in font nullfont!

! Package inputenc Error: Unicode character Ï€ (U+03C0)
(inputenc)                not set up for use with LaTeX.

See the inputenc package documentation for explanation.
Type  H <return>  for immediate help.
 ...                                              
                                                  
l.5 ...¿Ï Î•Ï†Î±ÏÎ¼Î¿Î³ÏÎ½ (\emph{\en{API}}) Ï€
                                                  Î¿Ï… Ï‡ÏÎ·ÏƒÎ¹Î¼Î¿Ï€Î¿Î¹Î...

You may provide a definition with
\DeclareUnicodeCharacter 


! Package inputenc Error: Unicode character Î¿ (U+03BF)
(inputenc)                not set up for use with LaTeX.

See the inputenc package documentation for explanation.
Type  H <return>  for immediate help.
 ...                                              
                                                  
l.5 ... Î•Ï†Î±ÏÎ¼Î¿Î³ÏÎ½ (\emph{\en{API}}) Ï€Î¿
                                                  Ï… Ï‡ÏÎ·ÏƒÎ¹Î¼Î¿Ï€Î¿Î¹ÎµÎ...

You may provide a definition with
\DeclareUnicodeCharacter 


! Package inputenc Error: Unicode character Ï… (U+03C5)
(inputenc)                not set up for use with LaTeX.

See the inputenc package documentation for explanation.
Type  H <return>  for immediate help.
 ...                                              
                                                  
l.5 ...Î•Ï†Î±ÏÎ¼Î¿Î³ÏÎ½ (\emph{\en{API}}) Ï€Î¿Ï…
                                                   Ï‡ÏÎ·ÏƒÎ¹Î¼Î¿Ï€Î¿Î¹ÎµÎ¯Ï...

You may provide a definition with
\DeclareUnicodeCharacter 


! Package inputenc Error: Unicode character Ï‡ (U+03C7)
(inputenc)                not set up for use with LaTeX.

See the inputenc package documentation for explanation.
Type  H <return>  for immediate help.
 ...                                              
                                                  
l.5 ...†Î±ÏÎ¼Î¿Î³ÏÎ½ (\emph{\en{API}}) Ï€Î¿Ï… Ï‡
                                                  ÏÎ·ÏƒÎ¹Î¼Î¿Ï€Î¿Î¹ÎµÎ¯Ï„Î±...

You may provide a definition with
\DeclareUnicodeCharacter 


! Package inputenc Error: Unicode character Ï (U+03C1)
(inputenc)                not set up for use with LaTeX.

See the inputenc package documentation for explanation.
Type  H <return>  for immediate help.
 ...                                              
                                                  
l.5 ...±ÏÎ¼Î¿Î³ÏÎ½ (\emph{\en{API}}) Ï€Î¿Ï… Ï‡Ï
                                                  Î·ÏƒÎ¹Î¼Î¿Ï€Î¿Î¹ÎµÎ¯Ï„Î±Î¹...

You may provide a definition with
\DeclareUnicodeCharacter 


! Package inputenc Error: Unicode character Î· (U+03B7)
(inputenc)                not set up for use with LaTeX.

See the inputenc package documentation for explanation.
Type  H <return>  for immediate help.
 ...                                              
                                                  
l.5 ...Î¼Î¿Î³ÏÎ½ (\emph{\en{API}}) Ï€Î¿Ï… Ï‡ÏÎ·
                                                  ÏƒÎ¹Î¼Î¿Ï€Î¿Î¹ÎµÎ¯Ï„Î±Î¹ Î...

You may provide a definition with
\DeclareUnicodeCharacter 


! Package inputenc Error: Unicode character Ïƒ (U+03C3)
(inputenc)                not set up for use with LaTeX.

See the inputenc package documentation for explanation.
Type  H <return>  for immediate help.
 ...                                              
                                                  
l.5 ...¼Î¿Î³ÏÎ½ (\emph{\en{API}}) Ï€Î¿Ï… Ï‡ÏÎ·Ïƒ
                                                  Î¹Î¼Î¿Ï€Î¿Î¹ÎµÎ¯Ï„Î±Î¹ Î³Î¹Î±

You may provide a definition with
\DeclareUnicodeCharacter 


! Package inputenc Error: Unicode character Î¹ (U+03B9)
(inputenc)                not set up for use with LaTeX.

See the inputenc package documentation for explanation.
Type  H <return>  for immediate help.
 ...                                              
                                                  
l.5 ...¿Î³ÏÎ½ (\emph{\en{API}}) Ï€Î¿Ï… Ï‡ÏÎ·ÏƒÎ¹
                                                  Î¼Î¿Ï€Î¿Î¹ÎµÎ¯Ï„Î±Î¹ Î³Î¹Î±
You may provide a definition with
\DeclareUnicodeCharacter 


! Package inputenc Error: Unicode character Î¼ (U+03BC)
(inputenc)                not set up for use with LaTeX.

See the inputenc package documentation for explanation.
Type  H <return>  for immediate help.
 ...                                              
                                                  
l.5 ...³ÏÎ½ (\emph{\en{API}}) Ï€Î¿Ï… Ï‡ÏÎ·ÏƒÎ¹Î¼
                                                  Î¿Ï€Î¿Î¹ÎµÎ¯Ï„Î±Î¹ Î³Î¹Î±
You may provide a definition with
\DeclareUnicodeCharacter 


! Package inputenc Error: Unicode character Î¿ (U+03BF)
(inputenc)                not set up for use with LaTeX.

See the inputenc package documentation for explanation.
Type  H <return>  for immediate help.
 ...                                              
                                                  
l.5 ...Î½ (\emph{\en{API}}) Ï€Î¿Ï… Ï‡ÏÎ·ÏƒÎ¹Î¼Î¿
                                                  Ï€Î¿Î¹ÎµÎ¯Ï„Î±Î¹ Î³Î¹Î±
You may provide a definition with
\DeclareUnicodeCharacter 


! Package inputenc Error: Unicode character Ï€ (U+03C0)
(inputenc)                not set up for use with LaTeX.

See the inputenc package documentation for explanation.
Type  H <return>  for immediate help.
 ...                                              
                                                  
l.5 ...½ (\emph{\en{API}}) Ï€Î¿Ï… Ï‡ÏÎ·ÏƒÎ¹Î¼Î¿Ï€
                                                  Î¿Î¹ÎµÎ¯Ï„Î±Î¹ Î³Î¹Î±
You may provide a definition with
\DeclareUnicodeCharacter 


! Package inputenc Error: Unicode character Î¿ (U+03BF)
(inputenc)                not set up for use with LaTeX.

See the inputenc package documentation for explanation.
Type  H <return>  for immediate help.
 ...                                              
                                                  
l.5 ...(\emph{\en{API}}) Ï€Î¿Ï… Ï‡ÏÎ·ÏƒÎ¹Î¼Î¿Ï€Î¿
                                                  Î¹ÎµÎ¯Ï„Î±Î¹ Î³Î¹Î±
You may provide a definition with
\DeclareUnicodeCharacter 


! Package inputenc Error: Unicode character Î¹ (U+03B9)
(inputenc)                not set up for use with LaTeX.

See the inputenc package documentation for explanation.
Type  H <return>  for immediate help.
 ...                                              
                                                  
l.5 ...emph{\en{API}}) Ï€Î¿Ï… Ï‡ÏÎ·ÏƒÎ¹Î¼Î¿Ï€Î¿Î¹
                                                  ÎµÎ¯Ï„Î±Î¹ Î³Î¹Î±
You may provide a definition with
\DeclareUnicodeCharacter 


! Package inputenc Error: Unicode character Îµ (U+03B5)
(inputenc)                not set up for use with LaTeX.

See the inputenc package documentation for explanation.
Type  H <return>  for immediate help.
 ...                                              
                                                  
l.5 ...ph{\en{API}}) Ï€Î¿Ï… Ï‡ÏÎ·ÏƒÎ¹Î¼Î¿Ï€Î¿Î¹Îµ
                                                  Î¯Ï„Î±Î¹ Î³Î¹Î±
You may provide a definition with
\DeclareUnicodeCharacter 


! Package inputenc Error: Unicode character Î¯ (U+03AF)
(inputenc)                not set up for use with LaTeX.

See the inputenc package documentation for explanation.
Type  H <return>  for immediate help.
 ...                                              
                                                  
l.5 ...{\en{API}}) Ï€Î¿Ï… Ï‡ÏÎ·ÏƒÎ¹Î¼Î¿Ï€Î¿Î¹ÎµÎ¯
                                                  Ï„Î±Î¹ Î³Î¹Î±
You may provide a definition with
\DeclareUnicodeCharacter 


! Package inputenc Error: Unicode character Ï„ (U+03C4)
(inputenc)                not set up for use with LaTeX.

See the inputenc package documentation for explanation.
Type  H <return>  for immediate help.
 ...                                              
                                                  
l.5 ...en{API}}) Ï€Î¿Ï… Ï‡ÏÎ·ÏƒÎ¹Î¼Î¿Ï€Î¿Î¹ÎµÎ¯Ï„
                                                  Î±Î¹ Î³Î¹Î±
You may provide a definition with
\DeclareUnicodeCharacter 


! Package inputenc Error: Unicode character Î± (U+03B1)
(inputenc)                not set up for use with LaTeX.

See the inputenc package documentation for explanation.
Type  H <return>  for immediate help.
 ...                                              
                                                  
l.5 ...{API}}) Ï€Î¿Ï… Ï‡ÏÎ·ÏƒÎ¹Î¼Î¿Ï€Î¿Î¹ÎµÎ¯Ï„Î±
                                                  Î¹ Î³Î¹Î±
You may provide a definition with
\DeclareUnicodeCharacter 


! Package inputenc Error: Unicode character Î¹ (U+03B9)
(inputenc)                not set up for use with LaTeX.

See the inputenc package documentation for explanation.
Type  H <return>  for immediate help.
 ...                                              
                                                  
l.5 ...PI}}) Ï€Î¿Ï… Ï‡ÏÎ·ÏƒÎ¹Î¼Î¿Ï€Î¿Î¹ÎµÎ¯Ï„Î±Î¹
                                                   Î³Î¹Î±
You may provide a definition with
\DeclareUnicodeCharacter 


! Package inputenc Error: Unicode character Î³ (U+03B3)
(inputenc)                not set up for use with LaTeX.

See the inputenc package documentation for explanation.
Type  H <return>  for immediate help.
 ...                                              
                                                  
l.5 ...}) Ï€Î¿Ï… Ï‡ÏÎ·ÏƒÎ¹Î¼Î¿Ï€Î¿Î¹ÎµÎ¯Ï„Î±Î¹ Î³
                                                  Î¹Î±
You may provide a definition with
\DeclareUnicodeCharacter 


! Package inputenc Error: Unicode character Î¹ (U+03B9)
(inputenc)                not set up for use with LaTeX.

See the inputenc package documentation for explanation.
Type  H <return>  for immediate help.
 ...                                              
                                                  
l.5 ... Ï€Î¿Ï… Ï‡ÏÎ·ÏƒÎ¹Î¼Î¿Ï€Î¿Î¹ÎµÎ¯Ï„Î±Î¹ Î³Î¹
                                                  Î±
You may provide a definition with
\DeclareUnicodeCharacter 


! Package inputenc Error: Unicode character Î± (U+03B1)
(inputenc)                not set up for use with LaTeX.

See the inputenc package documentation for explanation.
Type  H <return>  for immediate help.
 ...                                              
                                                  
l.5 ...€Î¿Ï… Ï‡ÏÎ·ÏƒÎ¹Î¼Î¿Ï€Î¿Î¹ÎµÎ¯Ï„Î±Î¹ Î³Î¹Î±
                                                  
You may provide a definition with
\DeclareUnicodeCharacter 


! Package inputenc Error: Unicode character Ï€ (U+03C0)
(inputenc)                not set up for use with LaTeX.

See the inputenc package documentation for explanation.
Type  H <return>  for immediate help.
 ...                                              
                                                  
l.6 Ï€
      Î±ÏÎ±Î»Î»Î·Î»Î¿Ï€Î¿Î¯Î·ÏƒÎ· ÏƒÏ…ÏƒÏ„Î·Î¼Î¬Ï„Ï‰Î½ Î´Î¹Î±Î¼Î¿Î¹ÏÎ±Î¶ÏŒ...

You may provide a definition with
\DeclareUnicodeCharacter 


! Package inputenc Error: Unicode character Î± (U+03B1)
(inputenc)                not set up for use with LaTeX.

See the inputenc package documentation for explanation.
Type  H <return>  for immediate help.
 ...                                              
                                                  
l.6 Ï€Î±
        ÏÎ±Î»Î»Î·Î»Î¿Ï€Î¿Î¯Î·ÏƒÎ· ÏƒÏ…ÏƒÏ„Î·Î¼Î¬Ï„Ï‰Î½ Î´Î¹Î±Î¼Î¿Î¹ÏÎ±Î¶ÏŒ...

You may provide a definition with
\DeclareUnicodeCharacter 


! Package inputenc Error: Unicode character Ï (U+03C1)
(inputenc)                not set up for use with LaTeX.

See the inputenc package documentation for explanation.
Type  H <return>  for immediate help.
 ...                                              
                                                  
l.6 Ï€Î±Ï
          Î±Î»Î»Î·Î»Î¿Ï€Î¿Î¯Î·ÏƒÎ· ÏƒÏ…ÏƒÏ„Î·Î¼Î¬Ï„Ï‰Î½ Î´Î¹Î±Î¼Î¿Î¹ÏÎ±Î¶ÏŒ...

You may provide a definition with
\DeclareUnicodeCharacter 


! Package inputenc Error: Unicode character Î± (U+03B1)
(inputenc)                not set up for use with LaTeX.

See the inputenc package documentation for explanation.
Type  H <return>  for immediate help.
 ...                                              
                                                  
l.6 Ï€Î±ÏÎ±
            Î»Î»Î·Î»Î¿Ï€Î¿Î¯Î·ÏƒÎ· ÏƒÏ…ÏƒÏ„Î·Î¼Î¬Ï„Ï‰Î½ Î´Î¹Î±Î¼Î¿Î¹ÏÎ±Î¶ÏŒ...

You may provide a definition with
\DeclareUnicodeCharacter 


! Package inputenc Error: Unicode character Î» (U+03BB)
(inputenc)                not set up for use with LaTeX.

See the inputenc package documentation for explanation.
Type  H <return>  for immediate help.
 ...                                              
                                                  
l.6 Ï€Î±ÏÎ±Î»
              Î»Î·Î»Î¿Ï€Î¿Î¯Î·ÏƒÎ· ÏƒÏ…ÏƒÏ„Î·Î¼Î¬Ï„Ï‰Î½ Î´Î¹Î±Î¼Î¿Î¹ÏÎ±Î¶ÏŒ...

You may provide a definition with
\DeclareUnicodeCharacter 


! Package inputenc Error: Unicode character Î» (U+03BB)
(inputenc)                not set up for use with LaTeX.

See the inputenc package documentation for explanation.
Type  H <return>  for immediate help.
 ...                                              
                                                  
l.6 Ï€Î±ÏÎ±Î»Î»
                Î·Î»Î¿Ï€Î¿Î¯Î·ÏƒÎ· ÏƒÏ…ÏƒÏ„Î·Î¼Î¬Ï„Ï‰Î½ Î´Î¹Î±Î¼Î¿Î¹ÏÎ±Î¶ÏŒ...

You may provide a definition with
\DeclareUnicodeCharacter 


! Package inputenc Error: Unicode character Î· (U+03B7)
(inputenc)                not set up for use with LaTeX.

See the inputenc package documentation for explanation.
Type  H <return>  for immediate help.
 ...                                              
                                                  
l.6 Ï€Î±ÏÎ±Î»Î»Î·
                  Î»Î¿Ï€Î¿Î¯Î·ÏƒÎ· ÏƒÏ…ÏƒÏ„Î·Î¼Î¬Ï„Ï‰Î½ Î´Î¹Î±Î¼Î¿Î¹ÏÎ±Î¶ÏŒ...

You may provide a definition with
\DeclareUnicodeCharacter 


! Package inputenc Error: Unicode character Î» (U+03BB)
(inputenc)                not set up for use with LaTeX.

See the inputenc package documentation for explanation.
Type  H <return>  for immediate help.
 ...                                              
                                                  
l.6 Ï€Î±ÏÎ±Î»Î»Î·Î»
                    Î¿Ï€Î¿Î¯Î·ÏƒÎ· ÏƒÏ…ÏƒÏ„Î·Î¼Î¬Ï„Ï‰Î½ Î´Î¹Î±Î¼Î¿Î¹ÏÎ±Î¶ÏŒ...

You may provide a definition with
\DeclareUnicodeCharacter 


! Package inputenc Error: Unicode character Î¿ (U+03BF)
(inputenc)                not set up for use with LaTeX.

See the inputenc package documentation for explanation.
Type  H <return>  for immediate help.
 ...                                              
                                                  
l.6 Ï€Î±ÏÎ±Î»Î»Î·Î»Î¿
                      Ï€Î¿Î¯Î·ÏƒÎ· ÏƒÏ…ÏƒÏ„Î·Î¼Î¬Ï„Ï‰Î½ Î´Î¹Î±Î¼Î¿Î¹ÏÎ±Î¶ÏŒ...
(That makes 100 errors; please try again.) 
Here is how much of TeX's memory you used:
 50 strings out of 479304
 751 string characters out of 5871219
 271116 words of memory out of 5000000
 17339 multiletter control sequences out of 15000+600000
 403776 words of font info for 28 fonts, out of 8000000 for 9000
 1141 hyphenation exceptions out of 8191
 22i,4n,18p,188b,98s stack positions out of 5000i,500n,10000p,200000b,80000s

!  ==> Fatal error occurred, no output PDF file produced!
