This is pdfTeX, Version 3.14159265-2.6-1.40.21 (TeX Live 2020/W32TeX) (preloaded format=pdflatex 2021.1.19)  8 MAY 2021 21:09
entering extended mode
 restricted \write18 enabled.
 %&-line parsing enabled.
**ch2.tex
(./ch2.tex
LaTeX2e <2020-10-01> patch level 4
L3 programming layer <2021-01-09> xparse <2020-03-03>
! Undefined control sequence.
l.1 \setstretch
               {1.5}
The control sequence at the end of the top line
of your error message was never \def'ed. If you have
misspelled it (e.g., `\hobx'), type `I' and the correct
spelling (e.g., `I\hbox'). Otherwise just continue,
and I'll forget about whatever was undefined.


! LaTeX Error: Missing \begin{document}.

See the LaTeX manual or LaTeX Companion for explanation.
Type  H <return>  for immediate help.
 ...                                              
                                                  
l.1 \setstretch{1
                 .5}
You're in trouble here.  Try typing  <return>  to proceed.
If that doesn't work, type  X <return>  to quit.

Missing character: There is no 1 in font nullfont!
Missing character: There is no . in font nullfont!
Missing character: There is no 5 in font nullfont!

Overfull \hbox (20.0pt too wide) in paragraph at lines 1--2
[] 
 []


! LaTeX Error: The font size command \normalsize is not defined:
               there is probably something wrong with the class file.

See the LaTeX manual or LaTeX Companion for explanation.
Type  H <return>  for immediate help.
 ...                                              
                                                  
l.2 \clearpage
              
Your command was ignored.
Type  I <command> <return>  to replace it with another command,
or  <return>  to continue without it.

[1]
! Undefined control sequence.
l.3 \section
            {Î˜ÎµÏ‰ÏÎ·Ï„Î¹ÎºÏŒ Î¥Ï€ÏŒÎ²Î±Î¸ÏÎ¿}
The control sequence at the end of the top line
of your error message was never \def'ed. If you have
misspelled it (e.g., `\hobx'), type `I' and the correct
spelling (e.g., `I\hbox'). Otherwise just continue,
and I'll forget about whatever was undefined.


! Package inputenc Error: Unicode character Î˜ (U+0398)
(inputenc)                not set up for use with LaTeX.

See the inputenc package documentation for explanation.
Type  H <return>  for immediate help.
 ...                                              
                                                  
l.3 \section{Î˜
               ÎµÏ‰ÏÎ·Ï„Î¹ÎºÏŒ Î¥Ï€ÏŒÎ²Î±Î¸ÏÎ¿}
You may provide a definition with
\DeclareUnicodeCharacter 


! Package inputenc Error: Unicode character Îµ (U+03B5)
(inputenc)                not set up for use with LaTeX.

See the inputenc package documentation for explanation.
Type  H <return>  for immediate help.
 ...                                              
                                                  
l.3 \section{Î˜Îµ
                 Ï‰ÏÎ·Ï„Î¹ÎºÏŒ Î¥Ï€ÏŒÎ²Î±Î¸ÏÎ¿}
You may provide a definition with
\DeclareUnicodeCharacter 


! Package inputenc Error: Unicode character Ï‰ (U+03C9)
(inputenc)                not set up for use with LaTeX.

See the inputenc package documentation for explanation.
Type  H <return>  for immediate help.
 ...                                              
                                                  
l.3 \section{Î˜ÎµÏ‰
                   ÏÎ·Ï„Î¹ÎºÏŒ Î¥Ï€ÏŒÎ²Î±Î¸ÏÎ¿}
You may provide a definition with
\DeclareUnicodeCharacter 


! Package inputenc Error: Unicode character Ï (U+03C1)
(inputenc)                not set up for use with LaTeX.

See the inputenc package documentation for explanation.
Type  H <return>  for immediate help.
 ...                                              
                                                  
l.3 \section{Î˜ÎµÏ‰Ï
                     Î·Ï„Î¹ÎºÏŒ Î¥Ï€ÏŒÎ²Î±Î¸ÏÎ¿}
You may provide a definition with
\DeclareUnicodeCharacter 


! Package inputenc Error: Unicode character Î· (U+03B7)
(inputenc)                not set up for use with LaTeX.

See the inputenc package documentation for explanation.
Type  H <return>  for immediate help.
 ...                                              
                                                  
l.3 \section{Î˜ÎµÏ‰ÏÎ·
                       Ï„Î¹ÎºÏŒ Î¥Ï€ÏŒÎ²Î±Î¸ÏÎ¿}
You may provide a definition with
\DeclareUnicodeCharacter 


! Package inputenc Error: Unicode character Ï„ (U+03C4)
(inputenc)                not set up for use with LaTeX.

See the inputenc package documentation for explanation.
Type  H <return>  for immediate help.
 ...                                              
                                                  
l.3 \section{Î˜ÎµÏ‰ÏÎ·Ï„
                         Î¹ÎºÏŒ Î¥Ï€ÏŒÎ²Î±Î¸ÏÎ¿}
You may provide a definition with
\DeclareUnicodeCharacter 


! Package inputenc Error: Unicode character Î¹ (U+03B9)
(inputenc)                not set up for use with LaTeX.

See the inputenc package documentation for explanation.
Type  H <return>  for immediate help.
 ...                                              
                                                  
l.3 \section{Î˜ÎµÏ‰ÏÎ·Ï„Î¹
                           ÎºÏŒ Î¥Ï€ÏŒÎ²Î±Î¸ÏÎ¿}
You may provide a definition with
\DeclareUnicodeCharacter 


! Package inputenc Error: Unicode character Îº (U+03BA)
(inputenc)                not set up for use with LaTeX.

See the inputenc package documentation for explanation.
Type  H <return>  for immediate help.
 ...                                              
                                                  
l.3 \section{Î˜ÎµÏ‰ÏÎ·Ï„Î¹Îº
                             ÏŒ Î¥Ï€ÏŒÎ²Î±Î¸ÏÎ¿}
You may provide a definition with
\DeclareUnicodeCharacter 


! Package inputenc Error: Unicode character ÏŒ (U+03CC)
(inputenc)                not set up for use with LaTeX.

See the inputenc package documentation for explanation.
Type  H <return>  for immediate help.
 ...                                              
                                                  
l.3 \section{Î˜ÎµÏ‰ÏÎ·Ï„Î¹ÎºÏŒ
                                Î¥Ï€ÏŒÎ²Î±Î¸ÏÎ¿}
You may provide a definition with
\DeclareUnicodeCharacter 


! Package inputenc Error: Unicode character Î¥ (U+03A5)
(inputenc)                not set up for use with LaTeX.

See the inputenc package documentation for explanation.
Type  H <return>  for immediate help.
 ...                                              
                                                  
l.3 \section{Î˜ÎµÏ‰ÏÎ·Ï„Î¹ÎºÏŒ Î¥
                                  Ï€ÏŒÎ²Î±Î¸ÏÎ¿}
You may provide a definition with
\DeclareUnicodeCharacter 


! Package inputenc Error: Unicode character Ï€ (U+03C0)
(inputenc)                not set up for use with LaTeX.

See the inputenc package documentation for explanation.
Type  H <return>  for immediate help.
 ...                                              
                                                  
l.3 \section{Î˜ÎµÏ‰ÏÎ·Ï„Î¹ÎºÏŒ Î¥Ï€
                                    ÏŒÎ²Î±Î¸ÏÎ¿}
You may provide a definition with
\DeclareUnicodeCharacter 


! Package inputenc Error: Unicode character ÏŒ (U+03CC)
(inputenc)                not set up for use with LaTeX.

See the inputenc package documentation for explanation.
Type  H <return>  for immediate help.
 ...                                              
                                                  
l.3 \section{Î˜ÎµÏ‰ÏÎ·Ï„Î¹ÎºÏŒ Î¥Ï€ÏŒ
                                      Î²Î±Î¸ÏÎ¿}
You may provide a definition with
\DeclareUnicodeCharacter 


! Package inputenc Error: Unicode character Î² (U+03B2)
(inputenc)                not set up for use with LaTeX.

See the inputenc package documentation for explanation.
Type  H <return>  for immediate help.
 ...                                              
                                                  
l.3 \section{Î˜ÎµÏ‰ÏÎ·Ï„Î¹ÎºÏŒ Î¥Ï€ÏŒÎ²
                                        Î±Î¸ÏÎ¿}
You may provide a definition with
\DeclareUnicodeCharacter 


! Package inputenc Error: Unicode character Î± (U+03B1)
(inputenc)                not set up for use with LaTeX.

See the inputenc package documentation for explanation.
Type  H <return>  for immediate help.
 ...                                              
                                                  
l.3 \section{Î˜ÎµÏ‰ÏÎ·Ï„Î¹ÎºÏŒ Î¥Ï€ÏŒÎ²Î±
                                          Î¸ÏÎ¿}
You may provide a definition with
\DeclareUnicodeCharacter 


! Package inputenc Error: Unicode character Î¸ (U+03B8)
(inputenc)                not set up for use with LaTeX.

See the inputenc package documentation for explanation.
Type  H <return>  for immediate help.
 ...                                              
                                                  
l.3 \section{Î˜ÎµÏ‰ÏÎ·Ï„Î¹ÎºÏŒ Î¥Ï€ÏŒÎ²Î±Î¸
                                            ÏÎ¿}
You may provide a definition with
\DeclareUnicodeCharacter 


! Package inputenc Error: Unicode character Ï (U+03C1)
(inputenc)                not set up for use with LaTeX.

See the inputenc package documentation for explanation.
Type  H <return>  for immediate help.
 ...                                              
                                                  
l.3 \section{Î˜ÎµÏ‰ÏÎ·Ï„Î¹ÎºÏŒ Î¥Ï€ÏŒÎ²Î±Î¸Ï
                                              Î¿}
You may provide a definition with
\DeclareUnicodeCharacter 


! Package inputenc Error: Unicode character Î¿ (U+03BF)
(inputenc)                not set up for use with LaTeX.

See the inputenc package documentation for explanation.
Type  H <return>  for immediate help.
 ...                                              
                                                  
l.3 \section{Î˜ÎµÏ‰ÏÎ·Ï„Î¹ÎºÏŒ Î¥Ï€ÏŒÎ²Î±Î¸ÏÎ¿
                                                }
You may provide a definition with
\DeclareUnicodeCharacter 

! Undefined control sequence.
l.4 \subsection
               {Î¤Î¿ Î¼Î¿Î½Ï„Î­Î»Î¿ Î ÏÎ¿Î³ÏÎ±Î¼Î¼Î±Ï„Î¹ÏƒÎ¼Î¿Ï \en{OpenMP}}
The control sequence at the end of the top line
of your error message was never \def'ed. If you have
misspelled it (e.g., `\hobx'), type `I' and the correct
spelling (e.g., `I\hbox'). Otherwise just continue,
and I'll forget about whatever was undefined.


! Package inputenc Error: Unicode character Î¤ (U+03A4)
(inputenc)                not set up for use with LaTeX.

See the inputenc package documentation for explanation.
Type  H <return>  for immediate help.
 ...                                              
                                                  
l.4 \subsection{Î¤
                  Î¿ Î¼Î¿Î½Ï„Î­Î»Î¿ Î ÏÎ¿Î³ÏÎ±Î¼Î¼Î±Ï„Î¹ÏƒÎ¼Î¿Ï \en{OpenMP}}

You may provide a definition with
\DeclareUnicodeCharacter 


! Package inputenc Error: Unicode character Î¿ (U+03BF)
(inputenc)                not set up for use with LaTeX.

See the inputenc package documentation for explanation.
Type  H <return>  for immediate help.
 ...                                              
                                                  
l.4 \subsection{Î¤Î¿
                     Î¼Î¿Î½Ï„Î­Î»Î¿ Î ÏÎ¿Î³ÏÎ±Î¼Î¼Î±Ï„Î¹ÏƒÎ¼Î¿Ï \en{OpenMP}}

You may provide a definition with
\DeclareUnicodeCharacter 


! Package inputenc Error: Unicode character Î¼ (U+03BC)
(inputenc)                not set up for use with LaTeX.

See the inputenc package documentation for explanation.
Type  H <return>  for immediate help.
 ...                                              
                                                  
l.4 \subsection{Î¤Î¿ Î¼
                       Î¿Î½Ï„Î­Î»Î¿ Î ÏÎ¿Î³ÏÎ±Î¼Î¼Î±Ï„Î¹ÏƒÎ¼Î¿Ï \en{OpenMP}}

You may provide a definition with
\DeclareUnicodeCharacter 


! Package inputenc Error: Unicode character Î¿ (U+03BF)
(inputenc)                not set up for use with LaTeX.

See the inputenc package documentation for explanation.
Type  H <return>  for immediate help.
 ...                                              
                                                  
l.4 \subsection{Î¤Î¿ Î¼Î¿
                         Î½Ï„Î­Î»Î¿ Î ÏÎ¿Î³ÏÎ±Î¼Î¼Î±Ï„Î¹ÏƒÎ¼Î¿Ï \en{OpenMP}}

You may provide a definition with
\DeclareUnicodeCharacter 


! Package inputenc Error: Unicode character Î½ (U+03BD)
(inputenc)                not set up for use with LaTeX.

See the inputenc package documentation for explanation.
Type  H <return>  for immediate help.
 ...                                              
                                                  
l.4 \subsection{Î¤Î¿ Î¼Î¿Î½
                           Ï„Î­Î»Î¿ Î ÏÎ¿Î³ÏÎ±Î¼Î¼Î±Ï„Î¹ÏƒÎ¼Î¿Ï \en{OpenMP}}

You may provide a definition with
\DeclareUnicodeCharacter 


! Package inputenc Error: Unicode character Ï„ (U+03C4)
(inputenc)                not set up for use with LaTeX.

See the inputenc package documentation for explanation.
Type  H <return>  for immediate help.
 ...                                              
                                                  
l.4 \subsection{Î¤Î¿ Î¼Î¿Î½Ï„
                             Î­Î»Î¿ Î ÏÎ¿Î³ÏÎ±Î¼Î¼Î±Ï„Î¹ÏƒÎ¼Î¿Ï \en{OpenMP}}

You may provide a definition with
\DeclareUnicodeCharacter 


! Package inputenc Error: Unicode character Î­ (U+03AD)
(inputenc)                not set up for use with LaTeX.

See the inputenc package documentation for explanation.
Type  H <return>  for immediate help.
 ...                                              
                                                  
l.4 \subsection{Î¤Î¿ Î¼Î¿Î½Ï„Î­
                               Î»Î¿ Î ÏÎ¿Î³ÏÎ±Î¼Î¼Î±Ï„Î¹ÏƒÎ¼Î¿Ï \en{OpenMP}}

You may provide a definition with
\DeclareUnicodeCharacter 


! Package inputenc Error: Unicode character Î» (U+03BB)
(inputenc)                not set up for use with LaTeX.

See the inputenc package documentation for explanation.
Type  H <return>  for immediate help.
 ...                                              
                                                  
l.4 \subsection{Î¤Î¿ Î¼Î¿Î½Ï„Î­Î»
                                 Î¿ Î ÏÎ¿Î³ÏÎ±Î¼Î¼Î±Ï„Î¹ÏƒÎ¼Î¿Ï \en{OpenMP}}

You may provide a definition with
\DeclareUnicodeCharacter 


! Package inputenc Error: Unicode character Î¿ (U+03BF)
(inputenc)                not set up for use with LaTeX.

See the inputenc package documentation for explanation.
Type  H <return>  for immediate help.
 ...                                              
                                                  
l.4 \subsection{Î¤Î¿ Î¼Î¿Î½Ï„Î­Î»Î¿
                                    Î ÏÎ¿Î³ÏÎ±Î¼Î¼Î±Ï„Î¹ÏƒÎ¼Î¿Ï \en{OpenMP}}

You may provide a definition with
\DeclareUnicodeCharacter 


! Package inputenc Error: Unicode character Î  (U+03A0)
(inputenc)                not set up for use with LaTeX.

See the inputenc package documentation for explanation.
Type  H <return>  for immediate help.
 ...                                              
                                                  
l.4 \subsection{Î¤Î¿ Î¼Î¿Î½Ï„Î­Î»Î¿ Î 
                                      ÏÎ¿Î³ÏÎ±Î¼Î¼Î±Ï„Î¹ÏƒÎ¼Î¿Ï \en{OpenMP}}

You may provide a definition with
\DeclareUnicodeCharacter 


! Package inputenc Error: Unicode character Ï (U+03C1)
(inputenc)                not set up for use with LaTeX.

See the inputenc package documentation for explanation.
Type  H <return>  for immediate help.
 ...                                              
                                                  
l.4 \subsection{Î¤Î¿ Î¼Î¿Î½Ï„Î­Î»Î¿ Î Ï
                                        Î¿Î³ÏÎ±Î¼Î¼Î±Ï„Î¹ÏƒÎ¼Î¿Ï \en{OpenMP}}

You may provide a definition with
\DeclareUnicodeCharacter 


! Package inputenc Error: Unicode character Î¿ (U+03BF)
(inputenc)                not set up for use with LaTeX.

See the inputenc package documentation for explanation.
Type  H <return>  for immediate help.
 ...                                              
                                                  
l.4 \subsection{Î¤Î¿ Î¼Î¿Î½Ï„Î­Î»Î¿ Î ÏÎ¿
                                          Î³ÏÎ±Î¼Î¼Î±Ï„Î¹ÏƒÎ¼Î¿Ï \en{OpenMP}}

You may provide a definition with
\DeclareUnicodeCharacter 


! Package inputenc Error: Unicode character Î³ (U+03B3)
(inputenc)                not set up for use with LaTeX.

See the inputenc package documentation for explanation.
Type  H <return>  for immediate help.
 ...                                              
                                                  
l.4 \subsection{Î¤Î¿ Î¼Î¿Î½Ï„Î­Î»Î¿ Î ÏÎ¿Î³
                                            ÏÎ±Î¼Î¼Î±Ï„Î¹ÏƒÎ¼Î¿Ï \en{OpenMP}}

You may provide a definition with
\DeclareUnicodeCharacter 


! Package inputenc Error: Unicode character Ï (U+03C1)
(inputenc)                not set up for use with LaTeX.

See the inputenc package documentation for explanation.
Type  H <return>  for immediate help.
 ...                                              
                                                  
l.4 \subsection{Î¤Î¿ Î¼Î¿Î½Ï„Î­Î»Î¿ Î ÏÎ¿Î³Ï
                                              Î±Î¼Î¼Î±Ï„Î¹ÏƒÎ¼Î¿Ï \en{OpenMP}}

You may provide a definition with
\DeclareUnicodeCharacter 


! Package inputenc Error: Unicode character Î± (U+03B1)
(inputenc)                not set up for use with LaTeX.

See the inputenc package documentation for explanation.
Type  H <return>  for immediate help.
 ...                                              
                                                  
l.4 \subsection{Î¤Î¿ Î¼Î¿Î½Ï„Î­Î»Î¿ Î ÏÎ¿Î³ÏÎ±
                                                Î¼Î¼Î±Ï„Î¹ÏƒÎ¼Î¿Ï \en{OpenMP}}

You may provide a definition with
\DeclareUnicodeCharacter 


! Package inputenc Error: Unicode character Î¼ (U+03BC)
(inputenc)                not set up for use with LaTeX.

See the inputenc package documentation for explanation.
Type  H <return>  for immediate help.
 ...                                              
                                                  
l.4 \subsection{Î¤Î¿ Î¼Î¿Î½Ï„Î­Î»Î¿ Î ÏÎ¿Î³ÏÎ±Î¼
                                                  Î¼Î±Ï„Î¹ÏƒÎ¼Î¿Ï \en{OpenMP}}

You may provide a definition with
\DeclareUnicodeCharacter 


! Package inputenc Error: Unicode character Î¼ (U+03BC)
(inputenc)                not set up for use with LaTeX.

See the inputenc package documentation for explanation.
Type  H <return>  for immediate help.
 ...                                              
                                                  
l.4 ...ection{Î¤Î¿ Î¼Î¿Î½Ï„Î­Î»Î¿ Î ÏÎ¿Î³ÏÎ±Î¼Î¼
                                                  Î±Ï„Î¹ÏƒÎ¼Î¿Ï \en{OpenMP}}
You may provide a definition with
\DeclareUnicodeCharacter 


! Package inputenc Error: Unicode character Î± (U+03B1)
(inputenc)                not set up for use with LaTeX.

See the inputenc package documentation for explanation.
Type  H <return>  for immediate help.
 ...                                              
                                                  
l.4 ...tion{Î¤Î¿ Î¼Î¿Î½Ï„Î­Î»Î¿ Î ÏÎ¿Î³ÏÎ±Î¼Î¼Î±
                                                  Ï„Î¹ÏƒÎ¼Î¿Ï \en{OpenMP}}
You may provide a definition with
\DeclareUnicodeCharacter 


! Package inputenc Error: Unicode character Ï„ (U+03C4)
(inputenc)                not set up for use with LaTeX.

See the inputenc package documentation for explanation.
Type  H <return>  for immediate help.
 ...                                              
                                                  
l.4 ...on{Î¤Î¿ Î¼Î¿Î½Ï„Î­Î»Î¿ Î ÏÎ¿Î³ÏÎ±Î¼Î¼Î±Ï„
                                                  Î¹ÏƒÎ¼Î¿Ï \en{OpenMP}}
You may provide a definition with
\DeclareUnicodeCharacter 


! Package inputenc Error: Unicode character Î¹ (U+03B9)
(inputenc)                not set up for use with LaTeX.

See the inputenc package documentation for explanation.
Type  H <return>  for immediate help.
 ...                                              
                                                  
l.4 ...{Î¤Î¿ Î¼Î¿Î½Ï„Î­Î»Î¿ Î ÏÎ¿Î³ÏÎ±Î¼Î¼Î±Ï„Î¹
                                                  ÏƒÎ¼Î¿Ï \en{OpenMP}}
You may provide a definition with
\DeclareUnicodeCharacter 


! Package inputenc Error: Unicode character Ïƒ (U+03C3)
(inputenc)                not set up for use with LaTeX.

See the inputenc package documentation for explanation.
Type  H <return>  for immediate help.
 ...                                              
                                                  
l.4 ...¤Î¿ Î¼Î¿Î½Ï„Î­Î»Î¿ Î ÏÎ¿Î³ÏÎ±Î¼Î¼Î±Ï„Î¹Ïƒ
                                                  Î¼Î¿Ï \en{OpenMP}}
You may provide a definition with
\DeclareUnicodeCharacter 


! Package inputenc Error: Unicode character Î¼ (U+03BC)
(inputenc)                not set up for use with LaTeX.

See the inputenc package documentation for explanation.
Type  H <return>  for immediate help.
 ...                                              
                                                  
l.4 ...¿ Î¼Î¿Î½Ï„Î­Î»Î¿ Î ÏÎ¿Î³ÏÎ±Î¼Î¼Î±Ï„Î¹ÏƒÎ¼
                                                  Î¿Ï \en{OpenMP}}
You may provide a definition with
\DeclareUnicodeCharacter 


! Package inputenc Error: Unicode character Î¿ (U+03BF)
(inputenc)                not set up for use with LaTeX.

See the inputenc package documentation for explanation.
Type  H <return>  for immediate help.
 ...                                              
                                                  
l.4 ...Î¼Î¿Î½Ï„Î­Î»Î¿ Î ÏÎ¿Î³ÏÎ±Î¼Î¼Î±Ï„Î¹ÏƒÎ¼Î¿
                                                  Ï \en{OpenMP}}
You may provide a definition with
\DeclareUnicodeCharacter 


! Package inputenc Error: Unicode character Ï (U+03CD)
(inputenc)                not set up for use with LaTeX.

See the inputenc package documentation for explanation.
Type  H <return>  for immediate help.
 ...                                              
                                                  
l.4 ...Î¿Î½Ï„Î­Î»Î¿ Î ÏÎ¿Î³ÏÎ±Î¼Î¼Î±Ï„Î¹ÏƒÎ¼Î¿Ï
                                                   \en{OpenMP}}
You may provide a definition with
\DeclareUnicodeCharacter 

! Undefined control sequence.
l.4 ...Ï„Î­Î»Î¿ Î ÏÎ¿Î³ÏÎ±Î¼Î¼Î±Ï„Î¹ÏƒÎ¼Î¿Ï \en
                                                  {OpenMP}}
The control sequence at the end of the top line
of your error message was never \def'ed. If you have
misspelled it (e.g., `\hobx'), type `I' and the correct
spelling (e.g., `I\hbox'). Otherwise just continue,
and I'll forget about whatever was undefined.


! LaTeX Error: Missing \begin{document}.

See the LaTeX manual or LaTeX Companion for explanation.
Type  H <return>  for immediate help.
 ...                                              
                                                  
l.4 ...Î­Î»Î¿ Î ÏÎ¿Î³ÏÎ±Î¼Î¼Î±Ï„Î¹ÏƒÎ¼Î¿Ï \en{O
                                                  penMP}}
You're in trouble here.  Try typing  <return>  to proceed.
If that doesn't work, type  X <return>  to quit.

Missing character: There is no O in font nullfont!
Missing character: There is no p in font nullfont!
Missing character: There is no e in font nullfont!
Missing character: There is no n in font nullfont!
Missing character: There is no M in font nullfont!
Missing character: There is no P in font nullfont!

! Package inputenc Error: Unicode character Î¤ (U+03A4)
(inputenc)                not set up for use with LaTeX.

See the inputenc package documentation for explanation.
Type  H <return>  for immediate help.
 ...                                              
                                                  
l.5 Î¤
      Î¿ Î¼Î¿Î½Ï„Î­Î»Î¿ Ï€ÏÎ¿Î³ÏÎ±Î¼Î¼Î±Ï„Î¹ÏƒÎ¼Î¿Ï Ï„Î¿Ï… \emph{\en{Open...

You may provide a definition with
\DeclareUnicodeCharacter 


! Package inputenc Error: Unicode character Î¿ (U+03BF)
(inputenc)                not set up for use with LaTeX.

See the inputenc package documentation for explanation.
Type  H <return>  for immediate help.
 ...                                              
                                                  
l.5 Î¤Î¿
         Î¼Î¿Î½Ï„Î­Î»Î¿ Ï€ÏÎ¿Î³ÏÎ±Î¼Î¼Î±Ï„Î¹ÏƒÎ¼Î¿Ï Ï„Î¿Ï… \emph{\en{Open...

You may provide a definition with
\DeclareUnicodeCharacter 


! Package inputenc Error: Unicode character Î¼ (U+03BC)
(inputenc)                not set up for use with LaTeX.

See the inputenc package documentation for explanation.
Type  H <return>  for immediate help.
 ...                                              
                                                  
l.5 Î¤Î¿ Î¼
           Î¿Î½Ï„Î­Î»Î¿ Ï€ÏÎ¿Î³ÏÎ±Î¼Î¼Î±Ï„Î¹ÏƒÎ¼Î¿Ï Ï„Î¿Ï… \emph{\en{Open...

You may provide a definition with
\DeclareUnicodeCharacter 


! Package inputenc Error: Unicode character Î¿ (U+03BF)
(inputenc)                not set up for use with LaTeX.

See the inputenc package documentation for explanation.
Type  H <return>  for immediate help.
 ...                                              
                                                  
l.5 Î¤Î¿ Î¼Î¿
             Î½Ï„Î­Î»Î¿ Ï€ÏÎ¿Î³ÏÎ±Î¼Î¼Î±Ï„Î¹ÏƒÎ¼Î¿Ï Ï„Î¿Ï… \emph{\en{Open...

You may provide a definition with
\DeclareUnicodeCharacter 


! Package inputenc Error: Unicode character Î½ (U+03BD)
(inputenc)                not set up for use with LaTeX.

See the inputenc package documentation for explanation.
Type  H <return>  for immediate help.
 ...                                              
                                                  
l.5 Î¤Î¿ Î¼Î¿Î½
               Ï„Î­Î»Î¿ Ï€ÏÎ¿Î³ÏÎ±Î¼Î¼Î±Ï„Î¹ÏƒÎ¼Î¿Ï Ï„Î¿Ï… \emph{\en{Open...

You may provide a definition with
\DeclareUnicodeCharacter 


! Package inputenc Error: Unicode character Ï„ (U+03C4)
(inputenc)                not set up for use with LaTeX.

See the inputenc package documentation for explanation.
Type  H <return>  for immediate help.
 ...                                              
                                                  
l.5 Î¤Î¿ Î¼Î¿Î½Ï„
                 Î­Î»Î¿ Ï€ÏÎ¿Î³ÏÎ±Î¼Î¼Î±Ï„Î¹ÏƒÎ¼Î¿Ï Ï„Î¿Ï… \emph{\en{Open...

You may provide a definition with
\DeclareUnicodeCharacter 


! Package inputenc Error: Unicode character Î­ (U+03AD)
(inputenc)                not set up for use with LaTeX.

See the inputenc package documentation for explanation.
Type  H <return>  for immediate help.
 ...                                              
                                                  
l.5 Î¤Î¿ Î¼Î¿Î½Ï„Î­
                   Î»Î¿ Ï€ÏÎ¿Î³ÏÎ±Î¼Î¼Î±Ï„Î¹ÏƒÎ¼Î¿Ï Ï„Î¿Ï… \emph{\en{Open...

You may provide a definition with
\DeclareUnicodeCharacter 


! Package inputenc Error: Unicode character Î» (U+03BB)
(inputenc)                not set up for use with LaTeX.

See the inputenc package documentation for explanation.
Type  H <return>  for immediate help.
 ...                                              
                                                  
l.5 Î¤Î¿ Î¼Î¿Î½Ï„Î­Î»
                     Î¿ Ï€ÏÎ¿Î³ÏÎ±Î¼Î¼Î±Ï„Î¹ÏƒÎ¼Î¿Ï Ï„Î¿Ï… \emph{\en{Open...

You may provide a definition with
\DeclareUnicodeCharacter 


! Package inputenc Error: Unicode character Î¿ (U+03BF)
(inputenc)                not set up for use with LaTeX.

See the inputenc package documentation for explanation.
Type  H <return>  for immediate help.
 ...                                              
                                                  
l.5 Î¤Î¿ Î¼Î¿Î½Ï„Î­Î»Î¿
                        Ï€ÏÎ¿Î³ÏÎ±Î¼Î¼Î±Ï„Î¹ÏƒÎ¼Î¿Ï Ï„Î¿Ï… \emph{\en{Open...

You may provide a definition with
\DeclareUnicodeCharacter 


! Package inputenc Error: Unicode character Ï€ (U+03C0)
(inputenc)                not set up for use with LaTeX.

See the inputenc package documentation for explanation.
Type  H <return>  for immediate help.
 ...                                              
                                                  
l.5 Î¤Î¿ Î¼Î¿Î½Ï„Î­Î»Î¿ Ï€
                          ÏÎ¿Î³ÏÎ±Î¼Î¼Î±Ï„Î¹ÏƒÎ¼Î¿Ï Ï„Î¿Ï… \emph{\en{Open...

You may provide a definition with
\DeclareUnicodeCharacter 


! Package inputenc Error: Unicode character Ï (U+03C1)
(inputenc)                not set up for use with LaTeX.

See the inputenc package documentation for explanation.
Type  H <return>  for immediate help.
 ...                                              
                                                  
l.5 Î¤Î¿ Î¼Î¿Î½Ï„Î­Î»Î¿ Ï€Ï
                            Î¿Î³ÏÎ±Î¼Î¼Î±Ï„Î¹ÏƒÎ¼Î¿Ï Ï„Î¿Ï… \emph{\en{Open...

You may provide a definition with
\DeclareUnicodeCharacter 


! Package inputenc Error: Unicode character Î¿ (U+03BF)
(inputenc)                not set up for use with LaTeX.

See the inputenc package documentation for explanation.
Type  H <return>  for immediate help.
 ...                                              
                                                  
l.5 Î¤Î¿ Î¼Î¿Î½Ï„Î­Î»Î¿ Ï€ÏÎ¿
                              Î³ÏÎ±Î¼Î¼Î±Ï„Î¹ÏƒÎ¼Î¿Ï Ï„Î¿Ï… \emph{\en{Open...

You may provide a definition with
\DeclareUnicodeCharacter 


! Package inputenc Error: Unicode character Î³ (U+03B3)
(inputenc)                not set up for use with LaTeX.

See the inputenc package documentation for explanation.
Type  H <return>  for immediate help.
 ...                                              
                                                  
l.5 Î¤Î¿ Î¼Î¿Î½Ï„Î­Î»Î¿ Ï€ÏÎ¿Î³
                                ÏÎ±Î¼Î¼Î±Ï„Î¹ÏƒÎ¼Î¿Ï Ï„Î¿Ï… \emph{\en{Open...

You may provide a definition with
\DeclareUnicodeCharacter 


! Package inputenc Error: Unicode character Ï (U+03C1)
(inputenc)                not set up for use with LaTeX.

See the inputenc package documentation for explanation.
Type  H <return>  for immediate help.
 ...                                              
                                                  
l.5 Î¤Î¿ Î¼Î¿Î½Ï„Î­Î»Î¿ Ï€ÏÎ¿Î³Ï
                                  Î±Î¼Î¼Î±Ï„Î¹ÏƒÎ¼Î¿Ï Ï„Î¿Ï… \emph{\en{Open...

You may provide a definition with
\DeclareUnicodeCharacter 


! Package inputenc Error: Unicode character Î± (U+03B1)
(inputenc)                not set up for use with LaTeX.

See the inputenc package documentation for explanation.
Type  H <return>  for immediate help.
 ...                                              
                                                  
l.5 Î¤Î¿ Î¼Î¿Î½Ï„Î­Î»Î¿ Ï€ÏÎ¿Î³ÏÎ±
                                    Î¼Î¼Î±Ï„Î¹ÏƒÎ¼Î¿Ï Ï„Î¿Ï… \emph{\en{Open...

You may provide a definition with
\DeclareUnicodeCharacter 


! Package inputenc Error: Unicode character Î¼ (U+03BC)
(inputenc)                not set up for use with LaTeX.

See the inputenc package documentation for explanation.
Type  H <return>  for immediate help.
 ...                                              
                                                  
l.5 Î¤Î¿ Î¼Î¿Î½Ï„Î­Î»Î¿ Ï€ÏÎ¿Î³ÏÎ±Î¼
                                      Î¼Î±Ï„Î¹ÏƒÎ¼Î¿Ï Ï„Î¿Ï… \emph{\en{Open...

You may provide a definition with
\DeclareUnicodeCharacter 


! Package inputenc Error: Unicode character Î¼ (U+03BC)
(inputenc)                not set up for use with LaTeX.

See the inputenc package documentation for explanation.
Type  H <return>  for immediate help.
 ...                                              
                                                  
l.5 Î¤Î¿ Î¼Î¿Î½Ï„Î­Î»Î¿ Ï€ÏÎ¿Î³ÏÎ±Î¼Î¼
                                        Î±Ï„Î¹ÏƒÎ¼Î¿Ï Ï„Î¿Ï… \emph{\en{Open...

You may provide a definition with
\DeclareUnicodeCharacter 


! Package inputenc Error: Unicode character Î± (U+03B1)
(inputenc)                not set up for use with LaTeX.

See the inputenc package documentation for explanation.
Type  H <return>  for immediate help.
 ...                                              
                                                  
l.5 Î¤Î¿ Î¼Î¿Î½Ï„Î­Î»Î¿ Ï€ÏÎ¿Î³ÏÎ±Î¼Î¼Î±
                                          Ï„Î¹ÏƒÎ¼Î¿Ï Ï„Î¿Ï… \emph{\en{Open...

You may provide a definition with
\DeclareUnicodeCharacter 


! Package inputenc Error: Unicode character Ï„ (U+03C4)
(inputenc)                not set up for use with LaTeX.

See the inputenc package documentation for explanation.
Type  H <return>  for immediate help.
 ...                                              
                                                  
l.5 Î¤Î¿ Î¼Î¿Î½Ï„Î­Î»Î¿ Ï€ÏÎ¿Î³ÏÎ±Î¼Î¼Î±Ï„
                                            Î¹ÏƒÎ¼Î¿Ï Ï„Î¿Ï… \emph{\en{Open...

You may provide a definition with
\DeclareUnicodeCharacter 


! Package inputenc Error: Unicode character Î¹ (U+03B9)
(inputenc)                not set up for use with LaTeX.

See the inputenc package documentation for explanation.
Type  H <return>  for immediate help.
 ...                                              
                                                  
l.5 Î¤Î¿ Î¼Î¿Î½Ï„Î­Î»Î¿ Ï€ÏÎ¿Î³ÏÎ±Î¼Î¼Î±Ï„Î¹
                                              ÏƒÎ¼Î¿Ï Ï„Î¿Ï… \emph{\en{Open...

You may provide a definition with
\DeclareUnicodeCharacter 


! Package inputenc Error: Unicode character Ïƒ (U+03C3)
(inputenc)                not set up for use with LaTeX.

See the inputenc package documentation for explanation.
Type  H <return>  for immediate help.
 ...                                              
                                                  
l.5 Î¤Î¿ Î¼Î¿Î½Ï„Î­Î»Î¿ Ï€ÏÎ¿Î³ÏÎ±Î¼Î¼Î±Ï„Î¹Ïƒ
                                                Î¼Î¿Ï Ï„Î¿Ï… \emph{\en{Open...

You may provide a definition with
\DeclareUnicodeCharacter 


! Package inputenc Error: Unicode character Î¼ (U+03BC)
(inputenc)                not set up for use with LaTeX.

See the inputenc package documentation for explanation.
Type  H <return>  for immediate help.
 ...                                              
                                                  
l.5 Î¤Î¿ Î¼Î¿Î½Ï„Î­Î»Î¿ Ï€ÏÎ¿Î³ÏÎ±Î¼Î¼Î±Ï„Î¹ÏƒÎ¼
                                                  Î¿Ï Ï„Î¿Ï… \emph{\en{Open...

You may provide a definition with
\DeclareUnicodeCharacter 


! Package inputenc Error: Unicode character Î¿ (U+03BF)
(inputenc)                not set up for use with LaTeX.

See the inputenc package documentation for explanation.
Type  H <return>  for immediate help.
 ...                                              
                                                  
l.5 ...Î¼Î¿Î½Ï„Î­Î»Î¿ Ï€ÏÎ¿Î³ÏÎ±Î¼Î¼Î±Ï„Î¹ÏƒÎ¼Î¿
                                                  Ï Ï„Î¿Ï… \emph{\en{OpenMP...

You may provide a definition with
\DeclareUnicodeCharacter 


! Package inputenc Error: Unicode character Ï (U+03CD)
(inputenc)                not set up for use with LaTeX.

See the inputenc package documentation for explanation.
Type  H <return>  for immediate help.
 ...                                              
                                                  
l.5 ...Î¿Î½Ï„Î­Î»Î¿ Ï€ÏÎ¿Î³ÏÎ±Î¼Î¼Î±Ï„Î¹ÏƒÎ¼Î¿Ï
                                                   Ï„Î¿Ï… \emph{\en{OpenMP}}...

You may provide a definition with
\DeclareUnicodeCharacter 


! Package inputenc Error: Unicode character Ï„ (U+03C4)
(inputenc)                not set up for use with LaTeX.

See the inputenc package documentation for explanation.
Type  H <return>  for immediate help.
 ...                                              
                                                  
l.5 ...½Ï„Î­Î»Î¿ Ï€ÏÎ¿Î³ÏÎ±Î¼Î¼Î±Ï„Î¹ÏƒÎ¼Î¿Ï Ï„
                                                  Î¿Ï… \emph{\en{OpenMP}} Î²...

You may provide a definition with
\DeclareUnicodeCharacter 


! Package inputenc Error: Unicode character Î¿ (U+03BF)
(inputenc)                not set up for use with LaTeX.

See the inputenc package documentation for explanation.
Type  H <return>  for immediate help.
 ...                                              
                                                  
l.5 ...„Î­Î»Î¿ Ï€ÏÎ¿Î³ÏÎ±Î¼Î¼Î±Ï„Î¹ÏƒÎ¼Î¿Ï Ï„Î¿
                                                  Ï… \emph{\en{OpenMP}} Î²Î±...

You may provide a definition with
\DeclareUnicodeCharacter 


! Package inputenc Error: Unicode character Ï… (U+03C5)
(inputenc)                not set up for use with LaTeX.

See the inputenc package documentation for explanation.
Type  H <return>  for immediate help.
 ...                                              
                                                  
l.5 ...­Î»Î¿ Ï€ÏÎ¿Î³ÏÎ±Î¼Î¼Î±Ï„Î¹ÏƒÎ¼Î¿Ï Ï„Î¿Ï…
                                                   \emph{\en{OpenMP}} Î²Î±Ïƒ...

You may provide a definition with
\DeclareUnicodeCharacter 

! Undefined control sequence.
<recently read> \en 
                    
l.5 ...¼Î¼Î±Ï„Î¹ÏƒÎ¼Î¿Ï Ï„Î¿Ï… \emph{\en{OpenMP}}
                                                   Î²Î±ÏƒÎ¯Î¶ÎµÏ„Î±Î¹ ÏƒÏ„Î¿...
The control sequence at the end of the top line
of your error message was never \def'ed. If you have
misspelled it (e.g., `\hobx'), type `I' and the correct
spelling (e.g., `I\hbox'). Otherwise just continue,
and I'll forget about whatever was undefined.


! Package inputenc Error: Unicode character Î² (U+03B2)
(inputenc)                not set up for use with LaTeX.

See the inputenc package documentation for explanation.
Type  H <return>  for immediate help.
 ...                                              
                                                  
l.5 ...Î±Ï„Î¹ÏƒÎ¼Î¿Ï Ï„Î¿Ï… \emph{\en{OpenMP}} Î²
                                                  Î±ÏƒÎ¯Î¶ÎµÏ„Î±Î¹ ÏƒÏ„Î¿ Ï€...

You may provide a definition with
\DeclareUnicodeCharacter 


! Package inputenc Error: Unicode character Î± (U+03B1)
(inputenc)                not set up for use with LaTeX.

See the inputenc package documentation for explanation.
Type  H <return>  for immediate help.
 ...                                              
                                                  
l.5 ...Ï„Î¹ÏƒÎ¼Î¿Ï Ï„Î¿Ï… \emph{\en{OpenMP}} Î²Î±
                                                  ÏƒÎ¯Î¶ÎµÏ„Î±Î¹ ÏƒÏ„Î¿ Ï€Î¿...

You may provide a definition with
\DeclareUnicodeCharacter 


! Package inputenc Error: Unicode character Ïƒ (U+03C3)
(inputenc)                not set up for use with LaTeX.

See the inputenc package documentation for explanation.
Type  H <return>  for immediate help.
 ...                                              
                                                  
l.5 ...Î¹ÏƒÎ¼Î¿Ï Ï„Î¿Ï… \emph{\en{OpenMP}} Î²Î±Ïƒ
                                                  Î¯Î¶ÎµÏ„Î±Î¹ ÏƒÏ„Î¿ Ï€Î¿Î»...

You may provide a definition with
\DeclareUnicodeCharacter 


! Package inputenc Error: Unicode character Î¯ (U+03AF)
(inputenc)                not set up for use with LaTeX.

See the inputenc package documentation for explanation.
Type  H <return>  for immediate help.
 ...                                              
                                                  
l.5 ...ÏƒÎ¼Î¿Ï Ï„Î¿Ï… \emph{\en{OpenMP}} Î²Î±ÏƒÎ¯
                                                  Î¶ÎµÏ„Î±Î¹ ÏƒÏ„Î¿ Ï€Î¿Î»Ï…...

You may provide a definition with
\DeclareUnicodeCharacter 


! Package inputenc Error: Unicode character Î¶ (U+03B6)
(inputenc)                not set up for use with LaTeX.

See the inputenc package documentation for explanation.
Type  H <return>  for immediate help.
 ...                                              
                                                  
l.5 ...Î¼Î¿Ï Ï„Î¿Ï… \emph{\en{OpenMP}} Î²Î±ÏƒÎ¯Î¶
                                                  ÎµÏ„Î±Î¹ ÏƒÏ„Î¿ Ï€Î¿Î»Ï…Î½...

You may provide a definition with
\DeclareUnicodeCharacter 


! Package inputenc Error: Unicode character Îµ (U+03B5)
(inputenc)                not set up for use with LaTeX.

See the inputenc package documentation for explanation.
Type  H <return>  for immediate help.
 ...                                              
                                                  
l.5 ...Î¿Ï Ï„Î¿Ï… \emph{\en{OpenMP}} Î²Î±ÏƒÎ¯Î¶Îµ
                                                  Ï„Î±Î¹ ÏƒÏ„Î¿ Ï€Î¿Î»Ï…Î½Î·...

You may provide a definition with
\DeclareUnicodeCharacter 


! Package inputenc Error: Unicode character Ï„ (U+03C4)
(inputenc)                not set up for use with LaTeX.

See the inputenc package documentation for explanation.
Type  H <return>  for immediate help.
 ...                                              
                                                  
l.5 ...Ï Ï„Î¿Ï… \emph{\en{OpenMP}} Î²Î±ÏƒÎ¯Î¶ÎµÏ„
                                                  Î±Î¹ ÏƒÏ„Î¿ Ï€Î¿Î»Ï…Î½Î·Î¼...

You may provide a definition with
\DeclareUnicodeCharacter 


! Package inputenc Error: Unicode character Î± (U+03B1)
(inputenc)                not set up for use with LaTeX.

See the inputenc package documentation for explanation.
Type  H <return>  for immediate help.
 ...                                              
                                                  
l.5 ... Ï„Î¿Ï… \emph{\en{OpenMP}} Î²Î±ÏƒÎ¯Î¶ÎµÏ„Î±
                                                  Î¹ ÏƒÏ„Î¿ Ï€Î¿Î»Ï…Î½Î·Î¼Î±...

You may provide a definition with
\DeclareUnicodeCharacter 


! Package inputenc Error: Unicode character Î¹ (U+03B9)
(inputenc)                not set up for use with LaTeX.

See the inputenc package documentation for explanation.
Type  H <return>  for immediate help.
 ...                                              
                                                  
l.5 ...„Î¿Ï… \emph{\en{OpenMP}} Î²Î±ÏƒÎ¯Î¶ÎµÏ„Î±Î¹
                                                   ÏƒÏ„Î¿ Ï€Î¿Î»Ï…Î½Î·Î¼Î±Ï„...

You may provide a definition with
\DeclareUnicodeCharacter 


! Package inputenc Error: Unicode character Ïƒ (U+03C3)
(inputenc)                not set up for use with LaTeX.

See the inputenc package documentation for explanation.
Type  H <return>  for immediate help.
 ...                                              
                                                  
l.5 ...Ï… \emph{\en{OpenMP}} Î²Î±ÏƒÎ¯Î¶ÎµÏ„Î±Î¹ Ïƒ
                                                  Ï„Î¿ Ï€Î¿Î»Ï…Î½Î·Î¼Î±Ï„Î¹Î...

You may provide a definition with
\DeclareUnicodeCharacter 


! Package inputenc Error: Unicode character Ï„ (U+03C4)
(inputenc)                not set up for use with LaTeX.

See the inputenc package documentation for explanation.
Type  H <return>  for immediate help.
 ...                                              
                                                  
l.5 ... \emph{\en{OpenMP}} Î²Î±ÏƒÎ¯Î¶ÎµÏ„Î±Î¹ ÏƒÏ„
                                                  Î¿ Ï€Î¿Î»Ï…Î½Î·Î¼Î±Ï„Î¹ÎºÏ...

You may provide a definition with
\DeclareUnicodeCharacter 


! Package inputenc Error: Unicode character Î¿ (U+03BF)
(inputenc)                not set up for use with LaTeX.

See the inputenc package documentation for explanation.
Type  H <return>  for immediate help.
 ...                                              
                                                  
l.5 ...emph{\en{OpenMP}} Î²Î±ÏƒÎ¯Î¶ÎµÏ„Î±Î¹ ÏƒÏ„Î¿
                                                   Ï€Î¿Î»Ï…Î½Î·Î¼Î±Ï„Î¹ÎºÏŒ ...

You may provide a definition with
\DeclareUnicodeCharacter 


! Package inputenc Error: Unicode character Ï€ (U+03C0)
(inputenc)                not set up for use with LaTeX.

See the inputenc package documentation for explanation.
Type  H <return>  for immediate help.
 ...                                              
                                                  
l.5 ...h{\en{OpenMP}} Î²Î±ÏƒÎ¯Î¶ÎµÏ„Î±Î¹ ÏƒÏ„Î¿ Ï€
                                                  Î¿Î»Ï…Î½Î·Î¼Î±Ï„Î¹ÎºÏŒ Î¼Î...

You may provide a definition with
\DeclareUnicodeCharacter 


! Package inputenc Error: Unicode character Î¿ (U+03BF)
(inputenc)                not set up for use with LaTeX.

See the inputenc package documentation for explanation.
Type  H <return>  for immediate help.
 ...                                              
                                                  
l.5 ...\en{OpenMP}} Î²Î±ÏƒÎ¯Î¶ÎµÏ„Î±Î¹ ÏƒÏ„Î¿ Ï€Î¿
                                                  Î»Ï…Î½Î·Î¼Î±Ï„Î¹ÎºÏŒ Î¼Î¿Î...

You may provide a definition with
\DeclareUnicodeCharacter 


! Package inputenc Error: Unicode character Î» (U+03BB)
(inputenc)                not set up for use with LaTeX.

See the inputenc package documentation for explanation.
Type  H <return>  for immediate help.
 ...                                              
                                                  
l.5 ...n{OpenMP}} Î²Î±ÏƒÎ¯Î¶ÎµÏ„Î±Î¹ ÏƒÏ„Î¿ Ï€Î¿Î»
                                                  Ï…Î½Î·Î¼Î±Ï„Î¹ÎºÏŒ Î¼Î¿Î½Ï...

You may provide a definition with
\DeclareUnicodeCharacter 


! Package inputenc Error: Unicode character Ï… (U+03C5)
(inputenc)                not set up for use with LaTeX.

See the inputenc package documentation for explanation.
Type  H <return>  for immediate help.
 ...                                              
                                                  
l.5 ...OpenMP}} Î²Î±ÏƒÎ¯Î¶ÎµÏ„Î±Î¹ ÏƒÏ„Î¿ Ï€Î¿Î»Ï…
                                                  Î½Î·Î¼Î±Ï„Î¹ÎºÏŒ Î¼Î¿Î½Ï„Î...

You may provide a definition with
\DeclareUnicodeCharacter 


! Package inputenc Error: Unicode character Î½ (U+03BD)
(inputenc)                not set up for use with LaTeX.

See the inputenc package documentation for explanation.
Type  H <return>  for immediate help.
 ...                                              
                                                  
l.5 ...enMP}} Î²Î±ÏƒÎ¯Î¶ÎµÏ„Î±Î¹ ÏƒÏ„Î¿ Ï€Î¿Î»Ï…Î½
                                                  Î·Î¼Î±Ï„Î¹ÎºÏŒ Î¼Î¿Î½Ï„Î­Î...

You may provide a definition with
\DeclareUnicodeCharacter 


! Package inputenc Error: Unicode character Î· (U+03B7)
(inputenc)                not set up for use with LaTeX.

See the inputenc package documentation for explanation.
Type  H <return>  for immediate help.
 ...                                              
                                                  
l.5 ...MP}} Î²Î±ÏƒÎ¯Î¶ÎµÏ„Î±Î¹ ÏƒÏ„Î¿ Ï€Î¿Î»Ï…Î½Î·
                                                  Î¼Î±Ï„Î¹ÎºÏŒ Î¼Î¿Î½Ï„Î­Î»Î...

You may provide a definition with
\DeclareUnicodeCharacter 


! Package inputenc Error: Unicode character Î¼ (U+03BC)
(inputenc)                not set up for use with LaTeX.

See the inputenc package documentation for explanation.
Type  H <return>  for immediate help.
 ...                                              
                                                  
l.5 ...}} Î²Î±ÏƒÎ¯Î¶ÎµÏ„Î±Î¹ ÏƒÏ„Î¿ Ï€Î¿Î»Ï…Î½Î·Î¼
                                                  Î±Ï„Î¹ÎºÏŒ Î¼Î¿Î½Ï„Î­Î»Î¿ ...

You may provide a definition with
\DeclareUnicodeCharacter 


! Package inputenc Error: Unicode character Î± (U+03B1)
(inputenc)                not set up for use with LaTeX.

See the inputenc package documentation for explanation.
Type  H <return>  for immediate help.
 ...                                              
                                                  
l.5 ... Î²Î±ÏƒÎ¯Î¶ÎµÏ„Î±Î¹ ÏƒÏ„Î¿ Ï€Î¿Î»Ï…Î½Î·Î¼Î±
                                                  Ï„Î¹ÎºÏŒ Î¼Î¿Î½Ï„Î­Î»Î¿ Ï€...

You may provide a definition with
\DeclareUnicodeCharacter 


! Package inputenc Error: Unicode character Ï„ (U+03C4)
(inputenc)                not set up for use with LaTeX.

See the inputenc package documentation for explanation.
Type  H <return>  for immediate help.
 ...                                              
                                                  
l.5 ...²Î±ÏƒÎ¯Î¶ÎµÏ„Î±Î¹ ÏƒÏ„Î¿ Ï€Î¿Î»Ï…Î½Î·Î¼Î±Ï„
                                                  Î¹ÎºÏŒ Î¼Î¿Î½Ï„Î­Î»Î¿ Ï€Î±...

You may provide a definition with
\DeclareUnicodeCharacter 


! Package inputenc Error: Unicode character Î¹ (U+03B9)
(inputenc)                not set up for use with LaTeX.

See the inputenc package documentation for explanation.
Type  H <return>  for immediate help.
 ...                                              
                                                  
l.5 ...±ÏƒÎ¯Î¶ÎµÏ„Î±Î¹ ÏƒÏ„Î¿ Ï€Î¿Î»Ï…Î½Î·Î¼Î±Ï„Î¹
                                                  ÎºÏŒ Î¼Î¿Î½Ï„Î­Î»Î¿ Ï€Î±Ï...

You may provide a definition with
\DeclareUnicodeCharacter 


! Package inputenc Error: Unicode character Îº (U+03BA)
(inputenc)                not set up for use with LaTeX.

See the inputenc package documentation for explanation.
Type  H <return>  for immediate help.
 ...                                              
                                                  
l.5 ...ƒÎ¯Î¶ÎµÏ„Î±Î¹ ÏƒÏ„Î¿ Ï€Î¿Î»Ï…Î½Î·Î¼Î±Ï„Î¹Îº
                                                  ÏŒ Î¼Î¿Î½Ï„Î­Î»Î¿ Ï€Î±ÏÎ±...

You may provide a definition with
\DeclareUnicodeCharacter 


! Package inputenc Error: Unicode character ÏŒ (U+03CC)
(inputenc)                not set up for use with LaTeX.

See the inputenc package documentation for explanation.
Type  H <return>  for immediate help.
 ...                                              
                                                  
l.5 ...¯Î¶ÎµÏ„Î±Î¹ ÏƒÏ„Î¿ Ï€Î¿Î»Ï…Î½Î·Î¼Î±Ï„Î¹ÎºÏŒ
                                                   Î¼Î¿Î½Ï„Î­Î»Î¿ Ï€Î±ÏÎ±Î»...

You may provide a definition with
\DeclareUnicodeCharacter 


! Package inputenc Error: Unicode character Î¼ (U+03BC)
(inputenc)                not set up for use with LaTeX.

See the inputenc package documentation for explanation.
Type  H <return>  for immediate help.
 ...                                              
                                                  
l.5 ...ÎµÏ„Î±Î¹ ÏƒÏ„Î¿ Ï€Î¿Î»Ï…Î½Î·Î¼Î±Ï„Î¹ÎºÏŒ Î¼
                                                  Î¿Î½Ï„Î­Î»Î¿ Ï€Î±ÏÎ±Î»Î»Î...

You may provide a definition with
\DeclareUnicodeCharacter 


! Package inputenc Error: Unicode character Î¿ (U+03BF)
(inputenc)                not set up for use with LaTeX.

See the inputenc package documentation for explanation.
Type  H <return>  for immediate help.
 ...                                              
                                                  
l.5 ...Ï„Î±Î¹ ÏƒÏ„Î¿ Ï€Î¿Î»Ï…Î½Î·Î¼Î±Ï„Î¹ÎºÏŒ Î¼Î¿
                                                  Î½Ï„Î­Î»Î¿ Ï€Î±ÏÎ±Î»Î»Î·Î...
(That makes 100 errors; please try again.) 
Here is how much of TeX's memory you used:
 49 strings out of 479304
 746 string characters out of 5871219
 271116 words of memory out of 5000000
 17338 multiletter control sequences out of 15000+600000
 403776 words of font info for 28 fonts, out of 8000000 for 9000
 1141 hyphenation exceptions out of 8191
 22i,4n,18p,196b,98s stack positions out of 5000i,500n,10000p,200000b,80000s

!  ==> Fatal error occurred, no output PDF file produced!
