This is pdfTeX, Version 3.14159265-2.6-1.40.21 (TeX Live 2020/W32TeX) (preloaded format=pdflatex 2021.1.19)  10 APR 2021 18:01
entering extended mode
 restricted \write18 enabled.
 %&-line parsing enabled.
**ch3_2.tex
(./ch3_2.tex
LaTeX2e <2020-10-01> patch level 4
L3 programming layer <2021-01-09> xparse <2020-03-03>
! Undefined control sequence.
l.1 \subsection
               {\en{Thread Affinity}}
The control sequence at the end of the top line
of your error message was never \def'ed. If you have
misspelled it (e.g., `\hobx'), type `I' and the correct
spelling (e.g., `I\hbox'). Otherwise just continue,
and I'll forget about whatever was undefined.

! Undefined control sequence.
l.1 \subsection{\en
                   {Thread Affinity}}
The control sequence at the end of the top line
of your error message was never \def'ed. If you have
misspelled it (e.g., `\hobx'), type `I' and the correct
spelling (e.g., `I\hbox'). Otherwise just continue,
and I'll forget about whatever was undefined.


! LaTeX Error: Missing \begin{document}.

See the LaTeX manual or LaTeX Companion for explanation.
Type  H <return>  for immediate help.
 ...                                              
                                                  
l.1 \subsection{\en{T
                     hread Affinity}}
You're in trouble here.  Try typing  <return>  to proceed.
If that doesn't work, type  X <return>  to quit.

Missing character: There is no T in font nullfont!
Missing character: There is no h in font nullfont!
Missing character: There is no r in font nullfont!
Missing character: There is no e in font nullfont!
Missing character: There is no a in font nullfont!
Missing character: There is no d in font nullfont!
Missing character: There is no A in font nullfont!
Missing character: There is no f in font nullfont!
Missing character: There is no f in font nullfont!
Missing character: There is no i in font nullfont!
Missing character: There is no n in font nullfont!
Missing character: There is no i in font nullfont!
Missing character: There is no t in font nullfont!
Missing character: There is no y in font nullfont!
! Undefined control sequence.
<recently read> \en 
                    
l.3 \emph{\en{Thread Affinity}}
                                ÎµÎ¯Î½Î±Î¹ Î· Î­Î½Î½Î¿Î¹Î± Ï€Î¿Ï… Ï€ÎµÏÎ¹Î»...
The control sequence at the end of the top line
of your error message was never \def'ed. If you have
misspelled it (e.g., `\hobx'), type `I' and the correct
spelling (e.g., `I\hbox'). Otherwise just continue,
and I'll forget about whatever was undefined.


! Package inputenc Error: Unicode character Îµ (U+03B5)
(inputenc)                not set up for use with LaTeX.

See the inputenc package documentation for explanation.
Type  H <return>  for immediate help.
 ...                                              
                                                  
l.3 \emph{\en{Thread Affinity}} Îµ
                                  Î¯Î½Î±Î¹ Î· Î­Î½Î½Î¿Î¹Î± Ï€Î¿Ï… Ï€ÎµÏÎ¹Î»...

You may provide a definition with
\DeclareUnicodeCharacter 


! Package inputenc Error: Unicode character Î¯ (U+03AF)
(inputenc)                not set up for use with LaTeX.

See the inputenc package documentation for explanation.
Type  H <return>  for immediate help.
 ...                                              
                                                  
l.3 \emph{\en{Thread Affinity}} ÎµÎ¯
                                    Î½Î±Î¹ Î· Î­Î½Î½Î¿Î¹Î± Ï€Î¿Ï… Ï€ÎµÏÎ¹Î»...

You may provide a definition with
\DeclareUnicodeCharacter 


! Package inputenc Error: Unicode character Î½ (U+03BD)
(inputenc)                not set up for use with LaTeX.

See the inputenc package documentation for explanation.
Type  H <return>  for immediate help.
 ...                                              
                                                  
l.3 \emph{\en{Thread Affinity}} ÎµÎ¯Î½
                                      Î±Î¹ Î· Î­Î½Î½Î¿Î¹Î± Ï€Î¿Ï… Ï€ÎµÏÎ¹Î»...

You may provide a definition with
\DeclareUnicodeCharacter 


! Package inputenc Error: Unicode character Î± (U+03B1)
(inputenc)                not set up for use with LaTeX.

See the inputenc package documentation for explanation.
Type  H <return>  for immediate help.
 ...                                              
                                                  
l.3 \emph{\en{Thread Affinity}} ÎµÎ¯Î½Î±
                                        Î¹ Î· Î­Î½Î½Î¿Î¹Î± Ï€Î¿Ï… Ï€ÎµÏÎ¹Î»...

You may provide a definition with
\DeclareUnicodeCharacter 


! Package inputenc Error: Unicode character Î¹ (U+03B9)
(inputenc)                not set up for use with LaTeX.

See the inputenc package documentation for explanation.
Type  H <return>  for immediate help.
 ...                                              
                                                  
l.3 \emph{\en{Thread Affinity}} ÎµÎ¯Î½Î±Î¹
                                           Î· Î­Î½Î½Î¿Î¹Î± Ï€Î¿Ï… Ï€ÎµÏÎ¹Î»...

You may provide a definition with
\DeclareUnicodeCharacter 


! Package inputenc Error: Unicode character Î· (U+03B7)
(inputenc)                not set up for use with LaTeX.

See the inputenc package documentation for explanation.
Type  H <return>  for immediate help.
 ...                                              
                                                  
l.3 \emph{\en{Thread Affinity}} ÎµÎ¯Î½Î±Î¹ Î·
                                              Î­Î½Î½Î¿Î¹Î± Ï€Î¿Ï… Ï€ÎµÏÎ¹Î»...

You may provide a definition with
\DeclareUnicodeCharacter 


! Package inputenc Error: Unicode character Î­ (U+03AD)
(inputenc)                not set up for use with LaTeX.

See the inputenc package documentation for explanation.
Type  H <return>  for immediate help.
 ...                                              
                                                  
l.3 \emph{\en{Thread Affinity}} ÎµÎ¯Î½Î±Î¹ Î· Î­
                                                Î½Î½Î¿Î¹Î± Ï€Î¿Ï… Ï€ÎµÏÎ¹Î»...

You may provide a definition with
\DeclareUnicodeCharacter 


! Package inputenc Error: Unicode character Î½ (U+03BD)
(inputenc)                not set up for use with LaTeX.

See the inputenc package documentation for explanation.
Type  H <return>  for immediate help.
 ...                                              
                                                  
l.3 \emph{\en{Thread Affinity}} ÎµÎ¯Î½Î±Î¹ Î· Î­Î½
                                                  Î½Î¿Î¹Î± Ï€Î¿Ï… Ï€ÎµÏÎ¹Î»...

You may provide a definition with
\DeclareUnicodeCharacter 


! Package inputenc Error: Unicode character Î½ (U+03BD)
(inputenc)                not set up for use with LaTeX.

See the inputenc package documentation for explanation.
Type  H <return>  for immediate help.
 ...                                              
                                                  
l.3 ...{\en{Thread Affinity}} ÎµÎ¯Î½Î±Î¹ Î· Î­Î½Î½
                                                  Î¿Î¹Î± Ï€Î¿Ï… Ï€ÎµÏÎ¹Î»Î±...

You may provide a definition with
\DeclareUnicodeCharacter 


! Package inputenc Error: Unicode character Î¿ (U+03BF)
(inputenc)                not set up for use with LaTeX.

See the inputenc package documentation for explanation.
Type  H <return>  for immediate help.
 ...                                              
                                                  
l.3 ...en{Thread Affinity}} ÎµÎ¯Î½Î±Î¹ Î· Î­Î½Î½Î¿
                                                  Î¹Î± Ï€Î¿Ï… Ï€ÎµÏÎ¹Î»Î±Î¼...

You may provide a definition with
\DeclareUnicodeCharacter 


! Package inputenc Error: Unicode character Î¹ (U+03B9)
(inputenc)                not set up for use with LaTeX.

See the inputenc package documentation for explanation.
Type  H <return>  for immediate help.
 ...                                              
                                                  
l.3 ...{Thread Affinity}} ÎµÎ¯Î½Î±Î¹ Î· Î­Î½Î½Î¿Î¹
                                                  Î± Ï€Î¿Ï… Ï€ÎµÏÎ¹Î»Î±Î¼Î²...

You may provide a definition with
\DeclareUnicodeCharacter 


! Package inputenc Error: Unicode character Î± (U+03B1)
(inputenc)                not set up for use with LaTeX.

See the inputenc package documentation for explanation.
Type  H <return>  for immediate help.
 ...                                              
                                                  
l.3 ...hread Affinity}} ÎµÎ¯Î½Î±Î¹ Î· Î­Î½Î½Î¿Î¹Î±
                                                   Ï€Î¿Ï… Ï€ÎµÏÎ¹Î»Î±Î¼Î²Î¬...

You may provide a definition with
\DeclareUnicodeCharacter 


! Package inputenc Error: Unicode character Ï€ (U+03C0)
(inputenc)                not set up for use with LaTeX.

See the inputenc package documentation for explanation.
Type  H <return>  for immediate help.
 ...                                              
                                                  
l.3 ...ad Affinity}} ÎµÎ¯Î½Î±Î¹ Î· Î­Î½Î½Î¿Î¹Î± Ï€
                                                  Î¿Ï… Ï€ÎµÏÎ¹Î»Î±Î¼Î²Î¬Î½Î...

You may provide a definition with
\DeclareUnicodeCharacter 


! Package inputenc Error: Unicode character Î¿ (U+03BF)
(inputenc)                not set up for use with LaTeX.

See the inputenc package documentation for explanation.
Type  H <return>  for immediate help.
 ...                                              
                                                  
l.3 ... Affinity}} ÎµÎ¯Î½Î±Î¹ Î· Î­Î½Î½Î¿Î¹Î± Ï€Î¿
                                                  Ï… Ï€ÎµÏÎ¹Î»Î±Î¼Î²Î¬Î½ÎµÎ...

You may provide a definition with
\DeclareUnicodeCharacter 


! Package inputenc Error: Unicode character Ï… (U+03C5)
(inputenc)                not set up for use with LaTeX.

See the inputenc package documentation for explanation.
Type  H <return>  for immediate help.
 ...                                              
                                                  
l.3 ...ffinity}} ÎµÎ¯Î½Î±Î¹ Î· Î­Î½Î½Î¿Î¹Î± Ï€Î¿Ï…
                                                   Ï€ÎµÏÎ¹Î»Î±Î¼Î²Î¬Î½ÎµÎ¹ ...

You may provide a definition with
\DeclareUnicodeCharacter 


! Package inputenc Error: Unicode character Ï€ (U+03C0)
(inputenc)                not set up for use with LaTeX.

See the inputenc package documentation for explanation.
Type  H <return>  for immediate help.
 ...                                              
                                                  
l.3 ...nity}} ÎµÎ¯Î½Î±Î¹ Î· Î­Î½Î½Î¿Î¹Î± Ï€Î¿Ï… Ï€
                                                  ÎµÏÎ¹Î»Î±Î¼Î²Î¬Î½ÎµÎ¹ Ï„Î...

You may provide a definition with
\DeclareUnicodeCharacter 


! Package inputenc Error: Unicode character Îµ (U+03B5)
(inputenc)                not set up for use with LaTeX.

See the inputenc package documentation for explanation.
Type  H <return>  for immediate help.
 ...                                              
                                                  
l.3 ...ty}} ÎµÎ¯Î½Î±Î¹ Î· Î­Î½Î½Î¿Î¹Î± Ï€Î¿Ï… Ï€Îµ
                                                  ÏÎ¹Î»Î±Î¼Î²Î¬Î½ÎµÎ¹ Ï„Î·Î...

You may provide a definition with
\DeclareUnicodeCharacter 


! Package inputenc Error: Unicode character Ï (U+03C1)
(inputenc)                not set up for use with LaTeX.

See the inputenc package documentation for explanation.
Type  H <return>  for immediate help.
 ...                                              
                                                  
l.3 ...}} ÎµÎ¯Î½Î±Î¹ Î· Î­Î½Î½Î¿Î¹Î± Ï€Î¿Ï… Ï€ÎµÏ
                                                  Î¹Î»Î±Î¼Î²Î¬Î½ÎµÎ¹ Ï„Î·Î½ ...

You may provide a definition with
\DeclareUnicodeCharacter 


! Package inputenc Error: Unicode character Î¹ (U+03B9)
(inputenc)                not set up for use with LaTeX.

See the inputenc package documentation for explanation.
Type  H <return>  for immediate help.
 ...                                              
                                                  
l.3 ... ÎµÎ¯Î½Î±Î¹ Î· Î­Î½Î½Î¿Î¹Î± Ï€Î¿Ï… Ï€ÎµÏÎ¹
                                                  Î»Î±Î¼Î²Î¬Î½ÎµÎ¹ Ï„Î·Î½ Î²...

You may provide a definition with
\DeclareUnicodeCharacter 


! Package inputenc Error: Unicode character Î» (U+03BB)
(inputenc)                not set up for use with LaTeX.

See the inputenc package documentation for explanation.
Type  H <return>  for immediate help.
 ...                                              
                                                  
l.3 ...µÎ¯Î½Î±Î¹ Î· Î­Î½Î½Î¿Î¹Î± Ï€Î¿Ï… Ï€ÎµÏÎ¹Î»
                                                  Î±Î¼Î²Î¬Î½ÎµÎ¹ Ï„Î·Î½ Î²Îµ...

You may provide a definition with
\DeclareUnicodeCharacter 


! Package inputenc Error: Unicode character Î± (U+03B1)
(inputenc)                not set up for use with LaTeX.

See the inputenc package documentation for explanation.
Type  H <return>  for immediate help.
 ...                                              
                                                  
l.3 ...¯Î½Î±Î¹ Î· Î­Î½Î½Î¿Î¹Î± Ï€Î¿Ï… Ï€ÎµÏÎ¹Î»Î±
                                                  Î¼Î²Î¬Î½ÎµÎ¹ Ï„Î·Î½ Î²ÎµÎ»...

You may provide a definition with
\DeclareUnicodeCharacter 


! Package inputenc Error: Unicode character Î¼ (U+03BC)
(inputenc)                not set up for use with LaTeX.

See the inputenc package documentation for explanation.
Type  H <return>  for immediate help.
 ...                                              
                                                  
l.3 ...½Î±Î¹ Î· Î­Î½Î½Î¿Î¹Î± Ï€Î¿Ï… Ï€ÎµÏÎ¹Î»Î±Î¼
                                                  Î²Î¬Î½ÎµÎ¹ Ï„Î·Î½ Î²ÎµÎ»Ï„...

You may provide a definition with
\DeclareUnicodeCharacter 


! Package inputenc Error: Unicode character Î² (U+03B2)
(inputenc)                not set up for use with LaTeX.

See the inputenc package documentation for explanation.
Type  H <return>  for immediate help.
 ...                                              
                                                  
l.3 ...±Î¹ Î· Î­Î½Î½Î¿Î¹Î± Ï€Î¿Ï… Ï€ÎµÏÎ¹Î»Î±Î¼Î²
                                                  Î¬Î½ÎµÎ¹ Ï„Î·Î½ Î²ÎµÎ»Ï„Î¹...

You may provide a definition with
\DeclareUnicodeCharacter 


! Package inputenc Error: Unicode character Î¬ (U+03AC)
(inputenc)                not set up for use with LaTeX.

See the inputenc package documentation for explanation.
Type  H <return>  for immediate help.
 ...                                              
                                                  
l.3 ...¹ Î· Î­Î½Î½Î¿Î¹Î± Ï€Î¿Ï… Ï€ÎµÏÎ¹Î»Î±Î¼Î²Î¬
                                                  Î½ÎµÎ¹ Ï„Î·Î½ Î²ÎµÎ»Ï„Î¹Ïƒ...

You may provide a definition with
\DeclareUnicodeCharacter 


! Package inputenc Error: Unicode character Î½ (U+03BD)
(inputenc)                not set up for use with LaTeX.

See the inputenc package documentation for explanation.
Type  H <return>  for immediate help.
 ...                                              
                                                  
l.3 ...Î· Î­Î½Î½Î¿Î¹Î± Ï€Î¿Ï… Ï€ÎµÏÎ¹Î»Î±Î¼Î²Î¬Î½
                                                  ÎµÎ¹ Ï„Î·Î½ Î²ÎµÎ»Ï„Î¹ÏƒÏ„...

You may provide a definition with
\DeclareUnicodeCharacter 


! Package inputenc Error: Unicode character Îµ (U+03B5)
(inputenc)                not set up for use with LaTeX.

See the inputenc package documentation for explanation.
Type  H <return>  for immediate help.
 ...                                              
                                                  
l.3 ... Î­Î½Î½Î¿Î¹Î± Ï€Î¿Ï… Ï€ÎµÏÎ¹Î»Î±Î¼Î²Î¬Î½Îµ
                                                  Î¹ Ï„Î·Î½ Î²ÎµÎ»Ï„Î¹ÏƒÏ„Î¿...

You may provide a definition with
\DeclareUnicodeCharacter 


! Package inputenc Error: Unicode character Î¹ (U+03B9)
(inputenc)                not set up for use with LaTeX.

See the inputenc package documentation for explanation.
Type  H <return>  for immediate help.
 ...                                              
                                                  
l.3 ...­Î½Î½Î¿Î¹Î± Ï€Î¿Ï… Ï€ÎµÏÎ¹Î»Î±Î¼Î²Î¬Î½ÎµÎ¹
                                                   Ï„Î·Î½ Î²ÎµÎ»Ï„Î¹ÏƒÏ„Î¿Ï€...

You may provide a definition with
\DeclareUnicodeCharacter 


! Package inputenc Error: Unicode character Ï„ (U+03C4)
(inputenc)                not set up for use with LaTeX.

See the inputenc package documentation for explanation.
Type  H <return>  for immediate help.
 ...                                              
                                                  
l.3 ...Î½Î¿Î¹Î± Ï€Î¿Ï… Ï€ÎµÏÎ¹Î»Î±Î¼Î²Î¬Î½ÎµÎ¹ Ï„
                                                  Î·Î½ Î²ÎµÎ»Ï„Î¹ÏƒÏ„Î¿Ï€Î¿Î...

You may provide a definition with
\DeclareUnicodeCharacter 


! Package inputenc Error: Unicode character Î· (U+03B7)
(inputenc)                not set up for use with LaTeX.

See the inputenc package documentation for explanation.
Type  H <return>  for immediate help.
 ...                                              
                                                  
l.3 ...Î¿Î¹Î± Ï€Î¿Ï… Ï€ÎµÏÎ¹Î»Î±Î¼Î²Î¬Î½ÎµÎ¹ Ï„Î·
                                                  Î½ Î²ÎµÎ»Ï„Î¹ÏƒÏ„Î¿Ï€Î¿Î¯Î...

You may provide a definition with
\DeclareUnicodeCharacter 


! Package inputenc Error: Unicode character Î½ (U+03BD)
(inputenc)                not set up for use with LaTeX.

See the inputenc package documentation for explanation.
Type  H <return>  for immediate help.
 ...                                              
                                                  
l.3 ...Î¹Î± Ï€Î¿Ï… Ï€ÎµÏÎ¹Î»Î±Î¼Î²Î¬Î½ÎµÎ¹ Ï„Î·Î½
                                                   Î²ÎµÎ»Ï„Î¹ÏƒÏ„Î¿Ï€Î¿Î¯Î·Ï...

You may provide a definition with
\DeclareUnicodeCharacter 


! Package inputenc Error: Unicode character Î² (U+03B2)
(inputenc)                not set up for use with LaTeX.

See the inputenc package documentation for explanation.
Type  H <return>  for immediate help.
 ...                                              
                                                  
l.3 ...± Ï€Î¿Ï… Ï€ÎµÏÎ¹Î»Î±Î¼Î²Î¬Î½ÎµÎ¹ Ï„Î·Î½ Î²
                                                  ÎµÎ»Ï„Î¹ÏƒÏ„Î¿Ï€Î¿Î¯Î·ÏƒÎ·...

You may provide a definition with
\DeclareUnicodeCharacter 


! Package inputenc Error: Unicode character Îµ (U+03B5)
(inputenc)                not set up for use with LaTeX.

See the inputenc package documentation for explanation.
Type  H <return>  for immediate help.
 ...                                              
                                                  
l.3 ...Ï€Î¿Ï… Ï€ÎµÏÎ¹Î»Î±Î¼Î²Î¬Î½ÎµÎ¹ Ï„Î·Î½ Î²Îµ
                                                  Î»Ï„Î¹ÏƒÏ„Î¿Ï€Î¿Î¯Î·ÏƒÎ· Ï...

You may provide a definition with
\DeclareUnicodeCharacter 


! Package inputenc Error: Unicode character Î» (U+03BB)
(inputenc)                not set up for use with LaTeX.

See the inputenc package documentation for explanation.
Type  H <return>  for immediate help.
 ...                                              
                                                  
l.3 ...Î¿Ï… Ï€ÎµÏÎ¹Î»Î±Î¼Î²Î¬Î½ÎµÎ¹ Ï„Î·Î½ Î²ÎµÎ»
                                                  Ï„Î¹ÏƒÏ„Î¿Ï€Î¿Î¯Î·ÏƒÎ· Ï„Î...

You may provide a definition with
\DeclareUnicodeCharacter 


! Package inputenc Error: Unicode character Ï„ (U+03C4)
(inputenc)                not set up for use with LaTeX.

See the inputenc package documentation for explanation.
Type  H <return>  for immediate help.
 ...                                              
                                                  
l.3 ...Ï… Ï€ÎµÏÎ¹Î»Î±Î¼Î²Î¬Î½ÎµÎ¹ Ï„Î·Î½ Î²ÎµÎ»Ï„
                                                  Î¹ÏƒÏ„Î¿Ï€Î¿Î¯Î·ÏƒÎ· Ï„Î¿Ï...

You may provide a definition with
\DeclareUnicodeCharacter 


! Package inputenc Error: Unicode character Î¹ (U+03B9)
(inputenc)                not set up for use with LaTeX.

See the inputenc package documentation for explanation.
Type  H <return>  for immediate help.
 ...                                              
                                                  
l.3 ... Ï€ÎµÏÎ¹Î»Î±Î¼Î²Î¬Î½ÎµÎ¹ Ï„Î·Î½ Î²ÎµÎ»Ï„Î¹
                                                  ÏƒÏ„Î¿Ï€Î¿Î¯Î·ÏƒÎ· Ï„Î¿Ï… ...

You may provide a definition with
\DeclareUnicodeCharacter 


! Package inputenc Error: Unicode character Ïƒ (U+03C3)
(inputenc)                not set up for use with LaTeX.

See the inputenc package documentation for explanation.
Type  H <return>  for immediate help.
 ...                                              
                                                  
l.3 ...€ÎµÏÎ¹Î»Î±Î¼Î²Î¬Î½ÎµÎ¹ Ï„Î·Î½ Î²ÎµÎ»Ï„Î¹Ïƒ
                                                  Ï„Î¿Ï€Î¿Î¯Î·ÏƒÎ· Ï„Î¿Ï… Ï‡...

You may provide a definition with
\DeclareUnicodeCharacter 


! Package inputenc Error: Unicode character Ï„ (U+03C4)
(inputenc)                not set up for use with LaTeX.

See the inputenc package documentation for explanation.
Type  H <return>  for immediate help.
 ...                                              
                                                  
l.3 ...µÏÎ¹Î»Î±Î¼Î²Î¬Î½ÎµÎ¹ Ï„Î·Î½ Î²ÎµÎ»Ï„Î¹ÏƒÏ„
                                                  Î¿Ï€Î¿Î¯Î·ÏƒÎ· Ï„Î¿Ï… Ï‡Ï...

You may provide a definition with
\DeclareUnicodeCharacter 


! Package inputenc Error: Unicode character Î¿ (U+03BF)
(inputenc)                not set up for use with LaTeX.

See the inputenc package documentation for explanation.
Type  H <return>  for immediate help.
 ...                                              
                                                  
l.3 ...Î¹Î»Î±Î¼Î²Î¬Î½ÎµÎ¹ Ï„Î·Î½ Î²ÎµÎ»Ï„Î¹ÏƒÏ„Î¿
                                                  Ï€Î¿Î¯Î·ÏƒÎ· Ï„Î¿Ï… Ï‡ÏÏŒ...

You may provide a definition with
\DeclareUnicodeCharacter 


! Package inputenc Error: Unicode character Ï€ (U+03C0)
(inputenc)                not set up for use with LaTeX.

See the inputenc package documentation for explanation.
Type  H <return>  for immediate help.
 ...                                              
                                                  
l.3 ...¹Î»Î±Î¼Î²Î¬Î½ÎµÎ¹ Ï„Î·Î½ Î²ÎµÎ»Ï„Î¹ÏƒÏ„Î¿Ï€
                                                  Î¿Î¯Î·ÏƒÎ· Ï„Î¿Ï… Ï‡ÏÏŒÎ½...

You may provide a definition with
\DeclareUnicodeCharacter 


! Package inputenc Error: Unicode character Î¿ (U+03BF)
(inputenc)                not set up for use with LaTeX.

See the inputenc package documentation for explanation.
Type  H <return>  for immediate help.
 ...                                              
                                                  
l.3 ...»Î±Î¼Î²Î¬Î½ÎµÎ¹ Ï„Î·Î½ Î²ÎµÎ»Ï„Î¹ÏƒÏ„Î¿Ï€Î¿
                                                  Î¯Î·ÏƒÎ· Ï„Î¿Ï… Ï‡ÏÏŒÎ½Î¿...

You may provide a definition with
\DeclareUnicodeCharacter 


! Package inputenc Error: Unicode character Î¯ (U+03AF)
(inputenc)                not set up for use with LaTeX.

See the inputenc package documentation for explanation.
Type  H <return>  for immediate help.
 ...                                              
                                                  
l.3 ...±Î¼Î²Î¬Î½ÎµÎ¹ Ï„Î·Î½ Î²ÎµÎ»Ï„Î¹ÏƒÏ„Î¿Ï€Î¿Î¯
                                                  Î·ÏƒÎ· Ï„Î¿Ï… Ï‡ÏÏŒÎ½Î¿Ï…...

You may provide a definition with
\DeclareUnicodeCharacter 


! Package inputenc Error: Unicode character Î· (U+03B7)
(inputenc)                not set up for use with LaTeX.

See the inputenc package documentation for explanation.
Type  H <return>  for immediate help.
 ...                                              
                                                  
l.3 ...¼Î²Î¬Î½ÎµÎ¹ Ï„Î·Î½ Î²ÎµÎ»Ï„Î¹ÏƒÏ„Î¿Ï€Î¿Î¯Î·
                                                  ÏƒÎ· Ï„Î¿Ï… Ï‡ÏÏŒÎ½Î¿Ï… Î...

You may provide a definition with
\DeclareUnicodeCharacter 


! Package inputenc Error: Unicode character Ïƒ (U+03C3)
(inputenc)                not set up for use with LaTeX.

See the inputenc package documentation for explanation.
Type  H <return>  for immediate help.
 ...                                              
                                                  
l.3 ...²Î¬Î½ÎµÎ¹ Ï„Î·Î½ Î²ÎµÎ»Ï„Î¹ÏƒÏ„Î¿Ï€Î¿Î¯Î·Ïƒ
                                                  Î· Ï„Î¿Ï… Ï‡ÏÏŒÎ½Î¿Ï… ÎµÎ...

You may provide a definition with
\DeclareUnicodeCharacter 


! Package inputenc Error: Unicode character Î· (U+03B7)
(inputenc)                not set up for use with LaTeX.

See the inputenc package documentation for explanation.
Type  H <return>  for immediate help.
 ...                                              
                                                  
l.3 ...¬Î½ÎµÎ¹ Ï„Î·Î½ Î²ÎµÎ»Ï„Î¹ÏƒÏ„Î¿Ï€Î¿Î¯Î·ÏƒÎ·
                                                   Ï„Î¿Ï… Ï‡ÏÏŒÎ½Î¿Ï… ÎµÎºÏ...

You may provide a definition with
\DeclareUnicodeCharacter 


! Package inputenc Error: Unicode character Ï„ (U+03C4)
(inputenc)                not set up for use with LaTeX.

See the inputenc package documentation for explanation.
Type  H <return>  for immediate help.
 ...                                              
                                                  
l.3 ...ÎµÎ¹ Ï„Î·Î½ Î²ÎµÎ»Ï„Î¹ÏƒÏ„Î¿Ï€Î¿Î¯Î·ÏƒÎ· Ï„
                                                  Î¿Ï… Ï‡ÏÏŒÎ½Î¿Ï… ÎµÎºÏ„Î­...

You may provide a definition with
\DeclareUnicodeCharacter 


! Package inputenc Error: Unicode character Î¿ (U+03BF)
(inputenc)                not set up for use with LaTeX.

See the inputenc package documentation for explanation.
Type  H <return>  for immediate help.
 ...                                              
                                                  
l.3 ...Î¹ Ï„Î·Î½ Î²ÎµÎ»Ï„Î¹ÏƒÏ„Î¿Ï€Î¿Î¯Î·ÏƒÎ· Ï„Î¿
                                                  Ï… Ï‡ÏÏŒÎ½Î¿Ï… ÎµÎºÏ„Î­Î»...

You may provide a definition with
\DeclareUnicodeCharacter 


! Package inputenc Error: Unicode character Ï… (U+03C5)
(inputenc)                not set up for use with LaTeX.

See the inputenc package documentation for explanation.
Type  H <return>  for immediate help.
 ...                                              
                                                  
l.3 ... Ï„Î·Î½ Î²ÎµÎ»Ï„Î¹ÏƒÏ„Î¿Ï€Î¿Î¯Î·ÏƒÎ· Ï„Î¿Ï…
                                                   Ï‡ÏÏŒÎ½Î¿Ï… ÎµÎºÏ„Î­Î»Îµ...

You may provide a definition with
\DeclareUnicodeCharacter 


! Package inputenc Error: Unicode character Ï‡ (U+03C7)
(inputenc)                not set up for use with LaTeX.

See the inputenc package documentation for explanation.
Type  H <return>  for immediate help.
 ...                                              
                                                  
l.3 ...Î·Î½ Î²ÎµÎ»Ï„Î¹ÏƒÏ„Î¿Ï€Î¿Î¯Î·ÏƒÎ· Ï„Î¿Ï… Ï‡
                                                  ÏÏŒÎ½Î¿Ï… ÎµÎºÏ„Î­Î»ÎµÏƒÎ...

You may provide a definition with
\DeclareUnicodeCharacter 


! Package inputenc Error: Unicode character Ï (U+03C1)
(inputenc)                not set up for use with LaTeX.

See the inputenc package documentation for explanation.
Type  H <return>  for immediate help.
 ...                                              
                                                  
l.3 ...Î½ Î²ÎµÎ»Ï„Î¹ÏƒÏ„Î¿Ï€Î¿Î¯Î·ÏƒÎ· Ï„Î¿Ï… Ï‡Ï
                                                  ÏŒÎ½Î¿Ï… ÎµÎºÏ„Î­Î»ÎµÏƒÎ·Ï...

You may provide a definition with
\DeclareUnicodeCharacter 


! Package inputenc Error: Unicode character ÏŒ (U+03CC)
(inputenc)                not set up for use with LaTeX.

See the inputenc package documentation for explanation.
Type  H <return>  for immediate help.
 ...                                              
                                                  
l.3 ... Î²ÎµÎ»Ï„Î¹ÏƒÏ„Î¿Ï€Î¿Î¯Î·ÏƒÎ· Ï„Î¿Ï… Ï‡ÏÏŒ
                                                  Î½Î¿Ï… ÎµÎºÏ„Î­Î»ÎµÏƒÎ·Ï‚ ...

You may provide a definition with
\DeclareUnicodeCharacter 


! Package inputenc Error: Unicode character Î½ (U+03BD)
(inputenc)                not set up for use with LaTeX.

See the inputenc package documentation for explanation.
Type  H <return>  for immediate help.
 ...                                              
                                                  
l.3 ...²ÎµÎ»Ï„Î¹ÏƒÏ„Î¿Ï€Î¿Î¯Î·ÏƒÎ· Ï„Î¿Ï… Ï‡ÏÏŒÎ½
                                                  Î¿Ï… ÎµÎºÏ„Î­Î»ÎµÏƒÎ·Ï‚ Îµ...

You may provide a definition with
\DeclareUnicodeCharacter 


! Package inputenc Error: Unicode character Î¿ (U+03BF)
(inputenc)                not set up for use with LaTeX.

See the inputenc package documentation for explanation.
Type  H <return>  for immediate help.
 ...                                              
                                                  
l.3 ...µÎ»Ï„Î¹ÏƒÏ„Î¿Ï€Î¿Î¯Î·ÏƒÎ· Ï„Î¿Ï… Ï‡ÏÏŒÎ½Î¿
                                                  Ï… ÎµÎºÏ„Î­Î»ÎµÏƒÎ·Ï‚ ÎµÎ½...

You may provide a definition with
\DeclareUnicodeCharacter 


! Package inputenc Error: Unicode character Ï… (U+03C5)
(inputenc)                not set up for use with LaTeX.

See the inputenc package documentation for explanation.
Type  H <return>  for immediate help.
 ...                                              
                                                  
l.3 ...»Ï„Î¹ÏƒÏ„Î¿Ï€Î¿Î¯Î·ÏƒÎ· Ï„Î¿Ï… Ï‡ÏÏŒÎ½Î¿Ï…
                                                   ÎµÎºÏ„Î­Î»ÎµÏƒÎ·Ï‚ ÎµÎ½ÏŒ...

You may provide a definition with
\DeclareUnicodeCharacter 


! Package inputenc Error: Unicode character Îµ (U+03B5)
(inputenc)                not set up for use with LaTeX.

See the inputenc package documentation for explanation.
Type  H <return>  for immediate help.
 ...                                              
                                                  
l.3 ...Î¹ÏƒÏ„Î¿Ï€Î¿Î¯Î·ÏƒÎ· Ï„Î¿Ï… Ï‡ÏÏŒÎ½Î¿Ï… Îµ
                                                  ÎºÏ„Î­Î»ÎµÏƒÎ·Ï‚ ÎµÎ½ÏŒÏ‚ ...

You may provide a definition with
\DeclareUnicodeCharacter 


! Package inputenc Error: Unicode character Îº (U+03BA)
(inputenc)                not set up for use with LaTeX.

See the inputenc package documentation for explanation.
Type  H <return>  for immediate help.
 ...                                              
                                                  
l.3 ...ÏƒÏ„Î¿Ï€Î¿Î¯Î·ÏƒÎ· Ï„Î¿Ï… Ï‡ÏÏŒÎ½Î¿Ï… ÎµÎº
                                                  Ï„Î­Î»ÎµÏƒÎ·Ï‚ ÎµÎ½ÏŒÏ‚ Ï€...

You may provide a definition with
\DeclareUnicodeCharacter 


! Package inputenc Error: Unicode character Ï„ (U+03C4)
(inputenc)                not set up for use with LaTeX.

See the inputenc package documentation for explanation.
Type  H <return>  for immediate help.
 ...                                              
                                                  
l.3 ...Ï„Î¿Ï€Î¿Î¯Î·ÏƒÎ· Ï„Î¿Ï… Ï‡ÏÏŒÎ½Î¿Ï… ÎµÎºÏ„
                                                  Î­Î»ÎµÏƒÎ·Ï‚ ÎµÎ½ÏŒÏ‚ Ï€Ï...

You may provide a definition with
\DeclareUnicodeCharacter 


! Package inputenc Error: Unicode character Î­ (U+03AD)
(inputenc)                not set up for use with LaTeX.

See the inputenc package documentation for explanation.
Type  H <return>  for immediate help.
 ...                                              
                                                  
l.3 ...Î¿Ï€Î¿Î¯Î·ÏƒÎ· Ï„Î¿Ï… Ï‡ÏÏŒÎ½Î¿Ï… ÎµÎºÏ„Î­
                                                  Î»ÎµÏƒÎ·Ï‚ ÎµÎ½ÏŒÏ‚ Ï€ÏÎ¿...

You may provide a definition with
\DeclareUnicodeCharacter 


! Package inputenc Error: Unicode character Î» (U+03BB)
(inputenc)                not set up for use with LaTeX.

See the inputenc package documentation for explanation.
Type  H <return>  for immediate help.
 ...                                              
                                                  
l.3 ...Ï€Î¿Î¯Î·ÏƒÎ· Ï„Î¿Ï… Ï‡ÏÏŒÎ½Î¿Ï… ÎµÎºÏ„Î­Î»
                                                  ÎµÏƒÎ·Ï‚ ÎµÎ½ÏŒÏ‚ Ï€ÏÎ¿Î³...

You may provide a definition with
\DeclareUnicodeCharacter 


! Package inputenc Error: Unicode character Îµ (U+03B5)
(inputenc)                not set up for use with LaTeX.

See the inputenc package documentation for explanation.
Type  H <return>  for immediate help.
 ...                                              
                                                  
l.3 ...Î¿Î¯Î·ÏƒÎ· Ï„Î¿Ï… Ï‡ÏÏŒÎ½Î¿Ï… ÎµÎºÏ„Î­Î»Îµ
                                                  ÏƒÎ·Ï‚ ÎµÎ½ÏŒÏ‚ Ï€ÏÎ¿Î³Ï...

You may provide a definition with
\DeclareUnicodeCharacter 


! Package inputenc Error: Unicode character Ïƒ (U+03C3)
(inputenc)                not set up for use with LaTeX.

See the inputenc package documentation for explanation.
Type  H <return>  for immediate help.
 ...                                              
                                                  
l.3 ...Î¯Î·ÏƒÎ· Ï„Î¿Ï… Ï‡ÏÏŒÎ½Î¿Ï… ÎµÎºÏ„Î­Î»ÎµÏƒ
                                                  Î·Ï‚ ÎµÎ½ÏŒÏ‚ Ï€ÏÎ¿Î³ÏÎ¬...

You may provide a definition with
\DeclareUnicodeCharacter 


! Package inputenc Error: Unicode character Î· (U+03B7)
(inputenc)                not set up for use with LaTeX.

See the inputenc package documentation for explanation.
Type  H <return>  for immediate help.
 ...                                              
                                                  
l.3 ...Î·ÏƒÎ· Ï„Î¿Ï… Ï‡ÏÏŒÎ½Î¿Ï… ÎµÎºÏ„Î­Î»ÎµÏƒÎ·
                                                  Ï‚ ÎµÎ½ÏŒÏ‚ Ï€ÏÎ¿Î³ÏÎ¬Î¼...

You may provide a definition with
\DeclareUnicodeCharacter 


! Package inputenc Error: Unicode character Ï‚ (U+03C2)
(inputenc)                not set up for use with LaTeX.

See the inputenc package documentation for explanation.
Type  H <return>  for immediate help.
 ...                                              
                                                  
l.3 ...ÏƒÎ· Ï„Î¿Ï… Ï‡ÏÏŒÎ½Î¿Ï… ÎµÎºÏ„Î­Î»ÎµÏƒÎ·Ï‚
                                                   ÎµÎ½ÏŒÏ‚ Ï€ÏÎ¿Î³ÏÎ¬Î¼Î¼...

You may provide a definition with
\DeclareUnicodeCharacter 


! Package inputenc Error: Unicode character Îµ (U+03B5)
(inputenc)                not set up for use with LaTeX.

See the inputenc package documentation for explanation.
Type  H <return>  for immediate help.
 ...                                              
                                                  
l.3 ...· Ï„Î¿Ï… Ï‡ÏÏŒÎ½Î¿Ï… ÎµÎºÏ„Î­Î»ÎµÏƒÎ·Ï‚ Îµ
                                                  Î½ÏŒÏ‚ Ï€ÏÎ¿Î³ÏÎ¬Î¼Î¼Î±Ï...

You may provide a definition with
\DeclareUnicodeCharacter 


! Package inputenc Error: Unicode character Î½ (U+03BD)
(inputenc)                not set up for use with LaTeX.

See the inputenc package documentation for explanation.
Type  H <return>  for immediate help.
 ...                                              
                                                  
l.3 ...Ï„Î¿Ï… Ï‡ÏÏŒÎ½Î¿Ï… ÎµÎºÏ„Î­Î»ÎµÏƒÎ·Ï‚ ÎµÎ½
                                                  ÏŒÏ‚ Ï€ÏÎ¿Î³ÏÎ¬Î¼Î¼Î±Ï„Î...

You may provide a definition with
\DeclareUnicodeCharacter 


! Package inputenc Error: Unicode character ÏŒ (U+03CC)
(inputenc)                not set up for use with LaTeX.

See the inputenc package documentation for explanation.
Type  H <return>  for immediate help.
 ...                                              
                                                  
l.3 ...Î¿Ï… Ï‡ÏÏŒÎ½Î¿Ï… ÎµÎºÏ„Î­Î»ÎµÏƒÎ·Ï‚ ÎµÎ½ÏŒ
                                                  Ï‚ Ï€ÏÎ¿Î³ÏÎ¬Î¼Î¼Î±Ï„Î¿Ï‚,
You may provide a definition with
\DeclareUnicodeCharacter 


! Package inputenc Error: Unicode character Ï‚ (U+03C2)
(inputenc)                not set up for use with LaTeX.

See the inputenc package documentation for explanation.
Type  H <return>  for immediate help.
 ...                                              
                                                  
l.3 ...Ï… Ï‡ÏÏŒÎ½Î¿Ï… ÎµÎºÏ„Î­Î»ÎµÏƒÎ·Ï‚ ÎµÎ½ÏŒÏ‚
                                                   Ï€ÏÎ¿Î³ÏÎ¬Î¼Î¼Î±Ï„Î¿Ï‚,
You may provide a definition with
\DeclareUnicodeCharacter 


! Package inputenc Error: Unicode character Ï€ (U+03C0)
(inputenc)                not set up for use with LaTeX.

See the inputenc package documentation for explanation.
Type  H <return>  for immediate help.
 ...                                              
                                                  
l.3 ...Ï‡ÏÏŒÎ½Î¿Ï… ÎµÎºÏ„Î­Î»ÎµÏƒÎ·Ï‚ ÎµÎ½ÏŒÏ‚ Ï€
                                                  ÏÎ¿Î³ÏÎ¬Î¼Î¼Î±Ï„Î¿Ï‚,
You may provide a definition with
\DeclareUnicodeCharacter 


! Package inputenc Error: Unicode character Ï (U+03C1)
(inputenc)                not set up for use with LaTeX.

See the inputenc package documentation for explanation.
Type  H <return>  for immediate help.
 ...                                              
                                                  
l.3 ...ÏÏŒÎ½Î¿Ï… ÎµÎºÏ„Î­Î»ÎµÏƒÎ·Ï‚ ÎµÎ½ÏŒÏ‚ Ï€Ï
                                                  Î¿Î³ÏÎ¬Î¼Î¼Î±Ï„Î¿Ï‚,
You may provide a definition with
\DeclareUnicodeCharacter 


! Package inputenc Error: Unicode character Î¿ (U+03BF)
(inputenc)                not set up for use with LaTeX.

See the inputenc package documentation for explanation.
Type  H <return>  for immediate help.
 ...                                              
                                                  
l.3 ...ÏŒÎ½Î¿Ï… ÎµÎºÏ„Î­Î»ÎµÏƒÎ·Ï‚ ÎµÎ½ÏŒÏ‚ Ï€ÏÎ¿
                                                  Î³ÏÎ¬Î¼Î¼Î±Ï„Î¿Ï‚,
You may provide a definition with
\DeclareUnicodeCharacter 


! Package inputenc Error: Unicode character Î³ (U+03B3)
(inputenc)                not set up for use with LaTeX.

See the inputenc package documentation for explanation.
Type  H <return>  for immediate help.
 ...                                              
                                                  
l.3 ...Î½Î¿Ï… ÎµÎºÏ„Î­Î»ÎµÏƒÎ·Ï‚ ÎµÎ½ÏŒÏ‚ Ï€ÏÎ¿Î³
                                                  ÏÎ¬Î¼Î¼Î±Ï„Î¿Ï‚,
You may provide a definition with
\DeclareUnicodeCharacter 


! Package inputenc Error: Unicode character Ï (U+03C1)
(inputenc)                not set up for use with LaTeX.

See the inputenc package documentation for explanation.
Type  H <return>  for immediate help.
 ...                                              
                                                  
l.3 ...Î¿Ï… ÎµÎºÏ„Î­Î»ÎµÏƒÎ·Ï‚ ÎµÎ½ÏŒÏ‚ Ï€ÏÎ¿Î³Ï
                                                  Î¬Î¼Î¼Î±Ï„Î¿Ï‚,
You may provide a definition with
\DeclareUnicodeCharacter 


! Package inputenc Error: Unicode character Î¬ (U+03AC)
(inputenc)                not set up for use with LaTeX.

See the inputenc package documentation for explanation.
Type  H <return>  for immediate help.
 ...                                              
                                                  
l.3 ...Ï… ÎµÎºÏ„Î­Î»ÎµÏƒÎ·Ï‚ ÎµÎ½ÏŒÏ‚ Ï€ÏÎ¿Î³ÏÎ¬
                                                  Î¼Î¼Î±Ï„Î¿Ï‚,
You may provide a definition with
\DeclareUnicodeCharacter 


! Package inputenc Error: Unicode character Î¼ (U+03BC)
(inputenc)                not set up for use with LaTeX.

See the inputenc package documentation for explanation.
Type  H <return>  for immediate help.
 ...                                              
                                                  
l.3 ... ÎµÎºÏ„Î­Î»ÎµÏƒÎ·Ï‚ ÎµÎ½ÏŒÏ‚ Ï€ÏÎ¿Î³ÏÎ¬Î¼
                                                  Î¼Î±Ï„Î¿Ï‚,
You may provide a definition with
\DeclareUnicodeCharacter 


! Package inputenc Error: Unicode character Î¼ (U+03BC)
(inputenc)                not set up for use with LaTeX.

See the inputenc package documentation for explanation.
Type  H <return>  for immediate help.
 ...                                              
                                                  
l.3 ...µÎºÏ„Î­Î»ÎµÏƒÎ·Ï‚ ÎµÎ½ÏŒÏ‚ Ï€ÏÎ¿Î³ÏÎ¬Î¼Î¼
                                                  Î±Ï„Î¿Ï‚,
You may provide a definition with
\DeclareUnicodeCharacter 


! Package inputenc Error: Unicode character Î± (U+03B1)
(inputenc)                not set up for use with LaTeX.

See the inputenc package documentation for explanation.
Type  H <return>  for immediate help.
 ...                                              
                                                  
l.3 ...ºÏ„Î­Î»ÎµÏƒÎ·Ï‚ ÎµÎ½ÏŒÏ‚ Ï€ÏÎ¿Î³ÏÎ¬Î¼Î¼Î±
                                                  Ï„Î¿Ï‚,
You may provide a definition with
\DeclareUnicodeCharacter 


! Package inputenc Error: Unicode character Ï„ (U+03C4)
(inputenc)                not set up for use with LaTeX.

See the inputenc package documentation for explanation.
Type  H <return>  for immediate help.
 ...                                              
                                                  
l.3 ...„Î­Î»ÎµÏƒÎ·Ï‚ ÎµÎ½ÏŒÏ‚ Ï€ÏÎ¿Î³ÏÎ¬Î¼Î¼Î±Ï„
                                                  Î¿Ï‚,
You may provide a definition with
\DeclareUnicodeCharacter 


! Package inputenc Error: Unicode character Î¿ (U+03BF)
(inputenc)                not set up for use with LaTeX.

See the inputenc package documentation for explanation.
Type  H <return>  for immediate help.
 ...                                              
                                                  
l.3 ...­Î»ÎµÏƒÎ·Ï‚ ÎµÎ½ÏŒÏ‚ Ï€ÏÎ¿Î³ÏÎ¬Î¼Î¼Î±Ï„Î¿
                                                  Ï‚,
You may provide a definition with
\DeclareUnicodeCharacter 


! Package inputenc Error: Unicode character Ï‚ (U+03C2)
(inputenc)                not set up for use with LaTeX.

See the inputenc package documentation for explanation.
Type  H <return>  for immediate help.
 ...                                              
                                                  
l.3 ...»ÎµÏƒÎ·Ï‚ ÎµÎ½ÏŒÏ‚ Ï€ÏÎ¿Î³ÏÎ¬Î¼Î¼Î±Ï„Î¿Ï‚
                                                  ,
You may provide a definition with
\DeclareUnicodeCharacter 

Missing character: There is no , in font nullfont!

! Package inputenc Error: Unicode character Î¼ (U+03BC)
(inputenc)                not set up for use with LaTeX.

See the inputenc package documentation for explanation.
Type  H <return>  for immediate help.
 ...                                              
                                                  
l.4 Î¼
      Î­ÏƒÏ‰ Î²ÎµÎ»Ï„Î¹ÏƒÏ„Î¿Ï€Î¿Î¹Î®ÏƒÎµÏ‰Î½ ÏƒÏ„Î¿ ÎµÏÏÎ¿Ï‚ Î¶ÏÎ½Î·Ï‚ Î...

You may provide a definition with
\DeclareUnicodeCharacter 


! Package inputenc Error: Unicode character Î­ (U+03AD)
(inputenc)                not set up for use with LaTeX.

See the inputenc package documentation for explanation.
Type  H <return>  for immediate help.
 ...                                              
                                                  
l.4 Î¼Î­
        ÏƒÏ‰ Î²ÎµÎ»Ï„Î¹ÏƒÏ„Î¿Ï€Î¿Î¹Î®ÏƒÎµÏ‰Î½ ÏƒÏ„Î¿ ÎµÏÏÎ¿Ï‚ Î¶ÏÎ½Î·Ï‚ Î...

You may provide a definition with
\DeclareUnicodeCharacter 


! Package inputenc Error: Unicode character Ïƒ (U+03C3)
(inputenc)                not set up for use with LaTeX.

See the inputenc package documentation for explanation.
Type  H <return>  for immediate help.
 ...                                              
                                                  
l.4 Î¼Î­Ïƒ
          Ï‰ Î²ÎµÎ»Ï„Î¹ÏƒÏ„Î¿Ï€Î¿Î¹Î®ÏƒÎµÏ‰Î½ ÏƒÏ„Î¿ ÎµÏÏÎ¿Ï‚ Î¶ÏÎ½Î·Ï‚ Î...

You may provide a definition with
\DeclareUnicodeCharacter 


! Package inputenc Error: Unicode character Ï‰ (U+03C9)
(inputenc)                not set up for use with LaTeX.

See the inputenc package documentation for explanation.
Type  H <return>  for immediate help.
 ...                                              
                                                  
l.4 Î¼Î­ÏƒÏ‰
             Î²ÎµÎ»Ï„Î¹ÏƒÏ„Î¿Ï€Î¿Î¹Î®ÏƒÎµÏ‰Î½ ÏƒÏ„Î¿ ÎµÏÏÎ¿Ï‚ Î¶ÏÎ½Î·Ï‚ Î...

You may provide a definition with
\DeclareUnicodeCharacter 


! Package inputenc Error: Unicode character Î² (U+03B2)
(inputenc)                not set up for use with LaTeX.

See the inputenc package documentation for explanation.
Type  H <return>  for immediate help.
 ...                                              
                                                  
l.4 Î¼Î­ÏƒÏ‰ Î²
               ÎµÎ»Ï„Î¹ÏƒÏ„Î¿Ï€Î¿Î¹Î®ÏƒÎµÏ‰Î½ ÏƒÏ„Î¿ ÎµÏÏÎ¿Ï‚ Î¶ÏÎ½Î·Ï‚ Î...

You may provide a definition with
\DeclareUnicodeCharacter 


! Package inputenc Error: Unicode character Îµ (U+03B5)
(inputenc)                not set up for use with LaTeX.

See the inputenc package documentation for explanation.
Type  H <return>  for immediate help.
 ...                                              
                                                  
l.4 Î¼Î­ÏƒÏ‰ Î²Îµ
                 Î»Ï„Î¹ÏƒÏ„Î¿Ï€Î¿Î¹Î®ÏƒÎµÏ‰Î½ ÏƒÏ„Î¿ ÎµÏÏÎ¿Ï‚ Î¶ÏÎ½Î·Ï‚ Î...

You may provide a definition with
\DeclareUnicodeCharacter 


! Package inputenc Error: Unicode character Î» (U+03BB)
(inputenc)                not set up for use with LaTeX.

See the inputenc package documentation for explanation.
Type  H <return>  for immediate help.
 ...                                              
                                                  
l.4 Î¼Î­ÏƒÏ‰ Î²ÎµÎ»
                   Ï„Î¹ÏƒÏ„Î¿Ï€Î¿Î¹Î®ÏƒÎµÏ‰Î½ ÏƒÏ„Î¿ ÎµÏÏÎ¿Ï‚ Î¶ÏÎ½Î·Ï‚ Î...

You may provide a definition with
\DeclareUnicodeCharacter 


! Package inputenc Error: Unicode character Ï„ (U+03C4)
(inputenc)                not set up for use with LaTeX.

See the inputenc package documentation for explanation.
Type  H <return>  for immediate help.
 ...                                              
                                                  
l.4 Î¼Î­ÏƒÏ‰ Î²ÎµÎ»Ï„
                     Î¹ÏƒÏ„Î¿Ï€Î¿Î¹Î®ÏƒÎµÏ‰Î½ ÏƒÏ„Î¿ ÎµÏÏÎ¿Ï‚ Î¶ÏÎ½Î·Ï‚ Î...

You may provide a definition with
\DeclareUnicodeCharacter 


! Package inputenc Error: Unicode character Î¹ (U+03B9)
(inputenc)                not set up for use with LaTeX.

See the inputenc package documentation for explanation.
Type  H <return>  for immediate help.
 ...                                              
                                                  
l.4 Î¼Î­ÏƒÏ‰ Î²ÎµÎ»Ï„Î¹
                       ÏƒÏ„Î¿Ï€Î¿Î¹Î®ÏƒÎµÏ‰Î½ ÏƒÏ„Î¿ ÎµÏÏÎ¿Ï‚ Î¶ÏÎ½Î·Ï‚ Î...

You may provide a definition with
\DeclareUnicodeCharacter 


! Package inputenc Error: Unicode character Ïƒ (U+03C3)
(inputenc)                not set up for use with LaTeX.

See the inputenc package documentation for explanation.
Type  H <return>  for immediate help.
 ...                                              
                                                  
l.4 Î¼Î­ÏƒÏ‰ Î²ÎµÎ»Ï„Î¹Ïƒ
                         Ï„Î¿Ï€Î¿Î¹Î®ÏƒÎµÏ‰Î½ ÏƒÏ„Î¿ ÎµÏÏÎ¿Ï‚ Î¶ÏÎ½Î·Ï‚ Î...

You may provide a definition with
\DeclareUnicodeCharacter 


! Package inputenc Error: Unicode character Ï„ (U+03C4)
(inputenc)                not set up for use with LaTeX.

See the inputenc package documentation for explanation.
Type  H <return>  for immediate help.
 ...                                              
                                                  
l.4 Î¼Î­ÏƒÏ‰ Î²ÎµÎ»Ï„Î¹ÏƒÏ„
                           Î¿Ï€Î¿Î¹Î®ÏƒÎµÏ‰Î½ ÏƒÏ„Î¿ ÎµÏÏÎ¿Ï‚ Î¶ÏÎ½Î·Ï‚ Î...

You may provide a definition with
\DeclareUnicodeCharacter 


! Package inputenc Error: Unicode character Î¿ (U+03BF)
(inputenc)                not set up for use with LaTeX.

See the inputenc package documentation for explanation.
Type  H <return>  for immediate help.
 ...                                              
                                                  
l.4 Î¼Î­ÏƒÏ‰ Î²ÎµÎ»Ï„Î¹ÏƒÏ„Î¿
                             Ï€Î¿Î¹Î®ÏƒÎµÏ‰Î½ ÏƒÏ„Î¿ ÎµÏÏÎ¿Ï‚ Î¶ÏÎ½Î·Ï‚ Î...

You may provide a definition with
\DeclareUnicodeCharacter 


! Package inputenc Error: Unicode character Ï€ (U+03C0)
(inputenc)                not set up for use with LaTeX.

See the inputenc package documentation for explanation.
Type  H <return>  for immediate help.
 ...                                              
                                                  
l.4 Î¼Î­ÏƒÏ‰ Î²ÎµÎ»Ï„Î¹ÏƒÏ„Î¿Ï€
                               Î¿Î¹Î®ÏƒÎµÏ‰Î½ ÏƒÏ„Î¿ ÎµÏÏÎ¿Ï‚ Î¶ÏÎ½Î·Ï‚ Î...

You may provide a definition with
\DeclareUnicodeCharacter 


! Package inputenc Error: Unicode character Î¿ (U+03BF)
(inputenc)                not set up for use with LaTeX.

See the inputenc package documentation for explanation.
Type  H <return>  for immediate help.
 ...                                              
                                                  
l.4 Î¼Î­ÏƒÏ‰ Î²ÎµÎ»Ï„Î¹ÏƒÏ„Î¿Ï€Î¿
                                 Î¹Î®ÏƒÎµÏ‰Î½ ÏƒÏ„Î¿ ÎµÏÏÎ¿Ï‚ Î¶ÏÎ½Î·Ï‚ Î...

You may provide a definition with
\DeclareUnicodeCharacter 


! Package inputenc Error: Unicode character Î¹ (U+03B9)
(inputenc)                not set up for use with LaTeX.

See the inputenc package documentation for explanation.
Type  H <return>  for immediate help.
 ...                                              
                                                  
l.4 Î¼Î­ÏƒÏ‰ Î²ÎµÎ»Ï„Î¹ÏƒÏ„Î¿Ï€Î¿Î¹
                                   Î®ÏƒÎµÏ‰Î½ ÏƒÏ„Î¿ ÎµÏÏÎ¿Ï‚ Î¶ÏÎ½Î·Ï‚ Î...

You may provide a definition with
\DeclareUnicodeCharacter 


! Package inputenc Error: Unicode character Î® (U+03AE)
(inputenc)                not set up for use with LaTeX.

See the inputenc package documentation for explanation.
Type  H <return>  for immediate help.
 ...                                              
                                                  
l.4 Î¼Î­ÏƒÏ‰ Î²ÎµÎ»Ï„Î¹ÏƒÏ„Î¿Ï€Î¿Î¹Î®
                                     ÏƒÎµÏ‰Î½ ÏƒÏ„Î¿ ÎµÏÏÎ¿Ï‚ Î¶ÏÎ½Î·Ï‚ Î...

You may provide a definition with
\DeclareUnicodeCharacter 


! Package inputenc Error: Unicode character Ïƒ (U+03C3)
(inputenc)                not set up for use with LaTeX.

See the inputenc package documentation for explanation.
Type  H <return>  for immediate help.
 ...                                              
                                                  
l.4 Î¼Î­ÏƒÏ‰ Î²ÎµÎ»Ï„Î¹ÏƒÏ„Î¿Ï€Î¿Î¹Î®Ïƒ
                                       ÎµÏ‰Î½ ÏƒÏ„Î¿ ÎµÏÏÎ¿Ï‚ Î¶ÏÎ½Î·Ï‚ Î...

You may provide a definition with
\DeclareUnicodeCharacter 


! Package inputenc Error: Unicode character Îµ (U+03B5)
(inputenc)                not set up for use with LaTeX.

See the inputenc package documentation for explanation.
Type  H <return>  for immediate help.
 ...                                              
                                                  
l.4 Î¼Î­ÏƒÏ‰ Î²ÎµÎ»Ï„Î¹ÏƒÏ„Î¿Ï€Î¿Î¹Î®ÏƒÎµ
                                         Ï‰Î½ ÏƒÏ„Î¿ ÎµÏÏÎ¿Ï‚ Î¶ÏÎ½Î·Ï‚ Î...
(That makes 100 errors; please try again.) 
Here is how much of TeX's memory you used:
 45 strings out of 479304
 732 string characters out of 5871219
 271116 words of memory out of 5000000
 17335 multiletter control sequences out of 15000+600000
 403776 words of font info for 28 fonts, out of 8000000 for 9000
 1141 hyphenation exceptions out of 8191
 14i,1n,15p,232b,55s stack positions out of 5000i,500n,10000p,200000b,80000s

!  ==> Fatal error occurred, no output PDF file produced!
