This is pdfTeX, Version 3.14159265-2.6-1.40.21 (TeX Live 2020/W32TeX) (preloaded format=pdflatex 2021.1.19)  19 APR 2021 00:22
entering extended mode
 restricted \write18 enabled.
 %&-line parsing enabled.
**ch4_2.tex
(./ch4_2.tex
LaTeX2e <2020-10-01> patch level 4
L3 programming layer <2021-01-09> xparse <2020-03-03>
! Undefined control sequence.
l.1 \subsection
               {Î ÏÏŒÏƒÎ¸ÎµÏƒÎ· Ï€Î¹Î½Î¬ÎºÏ‰Î½ Î±ÏÎ¹Î¸Î¼ÏÎ½ Î¼Î¹ÎºÏÎ®Ï‚ ...
The control sequence at the end of the top line
of your error message was never \def'ed. If you have
misspelled it (e.g., `\hobx'), type `I' and the correct
spelling (e.g., `I\hbox'). Otherwise just continue,
and I'll forget about whatever was undefined.


! Package inputenc Error: Unicode character Î  (U+03A0)
(inputenc)                not set up for use with LaTeX.

See the inputenc package documentation for explanation.
Type  H <return>  for immediate help.
 ...                                              
                                                  
l.1 \subsection{Î 
                  ÏÏŒÏƒÎ¸ÎµÏƒÎ· Ï€Î¹Î½Î¬ÎºÏ‰Î½ Î±ÏÎ¹Î¸Î¼ÏÎ½ Î¼Î¹ÎºÏÎ®Ï‚ ...

You may provide a definition with
\DeclareUnicodeCharacter 


! Package inputenc Error: Unicode character Ï (U+03C1)
(inputenc)                not set up for use with LaTeX.

See the inputenc package documentation for explanation.
Type  H <return>  for immediate help.
 ...                                              
                                                  
l.1 \subsection{Î Ï
                    ÏŒÏƒÎ¸ÎµÏƒÎ· Ï€Î¹Î½Î¬ÎºÏ‰Î½ Î±ÏÎ¹Î¸Î¼ÏÎ½ Î¼Î¹ÎºÏÎ®Ï‚ ...

You may provide a definition with
\DeclareUnicodeCharacter 


! Package inputenc Error: Unicode character ÏŒ (U+03CC)
(inputenc)                not set up for use with LaTeX.

See the inputenc package documentation for explanation.
Type  H <return>  for immediate help.
 ...                                              
                                                  
l.1 \subsection{Î ÏÏŒ
                      ÏƒÎ¸ÎµÏƒÎ· Ï€Î¹Î½Î¬ÎºÏ‰Î½ Î±ÏÎ¹Î¸Î¼ÏÎ½ Î¼Î¹ÎºÏÎ®Ï‚ ...

You may provide a definition with
\DeclareUnicodeCharacter 


! Package inputenc Error: Unicode character Ïƒ (U+03C3)
(inputenc)                not set up for use with LaTeX.

See the inputenc package documentation for explanation.
Type  H <return>  for immediate help.
 ...                                              
                                                  
l.1 \subsection{Î ÏÏŒÏƒ
                        Î¸ÎµÏƒÎ· Ï€Î¹Î½Î¬ÎºÏ‰Î½ Î±ÏÎ¹Î¸Î¼ÏÎ½ Î¼Î¹ÎºÏÎ®Ï‚ ...

You may provide a definition with
\DeclareUnicodeCharacter 


! Package inputenc Error: Unicode character Î¸ (U+03B8)
(inputenc)                not set up for use with LaTeX.

See the inputenc package documentation for explanation.
Type  H <return>  for immediate help.
 ...                                              
                                                  
l.1 \subsection{Î ÏÏŒÏƒÎ¸
                          ÎµÏƒÎ· Ï€Î¹Î½Î¬ÎºÏ‰Î½ Î±ÏÎ¹Î¸Î¼ÏÎ½ Î¼Î¹ÎºÏÎ®Ï‚ ...

You may provide a definition with
\DeclareUnicodeCharacter 


! Package inputenc Error: Unicode character Îµ (U+03B5)
(inputenc)                not set up for use with LaTeX.

See the inputenc package documentation for explanation.
Type  H <return>  for immediate help.
 ...                                              
                                                  
l.1 \subsection{Î ÏÏŒÏƒÎ¸Îµ
                            ÏƒÎ· Ï€Î¹Î½Î¬ÎºÏ‰Î½ Î±ÏÎ¹Î¸Î¼ÏÎ½ Î¼Î¹ÎºÏÎ®Ï‚ ...

You may provide a definition with
\DeclareUnicodeCharacter 


! Package inputenc Error: Unicode character Ïƒ (U+03C3)
(inputenc)                not set up for use with LaTeX.

See the inputenc package documentation for explanation.
Type  H <return>  for immediate help.
 ...                                              
                                                  
l.1 \subsection{Î ÏÏŒÏƒÎ¸ÎµÏƒ
                              Î· Ï€Î¹Î½Î¬ÎºÏ‰Î½ Î±ÏÎ¹Î¸Î¼ÏÎ½ Î¼Î¹ÎºÏÎ®Ï‚ ...

You may provide a definition with
\DeclareUnicodeCharacter 


! Package inputenc Error: Unicode character Î· (U+03B7)
(inputenc)                not set up for use with LaTeX.

See the inputenc package documentation for explanation.
Type  H <return>  for immediate help.
 ...                                              
                                                  
l.1 \subsection{Î ÏÏŒÏƒÎ¸ÎµÏƒÎ·
                                 Ï€Î¹Î½Î¬ÎºÏ‰Î½ Î±ÏÎ¹Î¸Î¼ÏÎ½ Î¼Î¹ÎºÏÎ®Ï‚ ...

You may provide a definition with
\DeclareUnicodeCharacter 


! Package inputenc Error: Unicode character Ï€ (U+03C0)
(inputenc)                not set up for use with LaTeX.

See the inputenc package documentation for explanation.
Type  H <return>  for immediate help.
 ...                                              
                                                  
l.1 \subsection{Î ÏÏŒÏƒÎ¸ÎµÏƒÎ· Ï€
                                   Î¹Î½Î¬ÎºÏ‰Î½ Î±ÏÎ¹Î¸Î¼ÏÎ½ Î¼Î¹ÎºÏÎ®Ï‚ ...

You may provide a definition with
\DeclareUnicodeCharacter 


! Package inputenc Error: Unicode character Î¹ (U+03B9)
(inputenc)                not set up for use with LaTeX.

See the inputenc package documentation for explanation.
Type  H <return>  for immediate help.
 ...                                              
                                                  
l.1 \subsection{Î ÏÏŒÏƒÎ¸ÎµÏƒÎ· Ï€Î¹
                                     Î½Î¬ÎºÏ‰Î½ Î±ÏÎ¹Î¸Î¼ÏÎ½ Î¼Î¹ÎºÏÎ®Ï‚ ...

You may provide a definition with
\DeclareUnicodeCharacter 


! Package inputenc Error: Unicode character Î½ (U+03BD)
(inputenc)                not set up for use with LaTeX.

See the inputenc package documentation for explanation.
Type  H <return>  for immediate help.
 ...                                              
                                                  
l.1 \subsection{Î ÏÏŒÏƒÎ¸ÎµÏƒÎ· Ï€Î¹Î½
                                       Î¬ÎºÏ‰Î½ Î±ÏÎ¹Î¸Î¼ÏÎ½ Î¼Î¹ÎºÏÎ®Ï‚ ...

You may provide a definition with
\DeclareUnicodeCharacter 


! Package inputenc Error: Unicode character Î¬ (U+03AC)
(inputenc)                not set up for use with LaTeX.

See the inputenc package documentation for explanation.
Type  H <return>  for immediate help.
 ...                                              
                                                  
l.1 \subsection{Î ÏÏŒÏƒÎ¸ÎµÏƒÎ· Ï€Î¹Î½Î¬
                                         ÎºÏ‰Î½ Î±ÏÎ¹Î¸Î¼ÏÎ½ Î¼Î¹ÎºÏÎ®Ï‚ ...

You may provide a definition with
\DeclareUnicodeCharacter 


! Package inputenc Error: Unicode character Îº (U+03BA)
(inputenc)                not set up for use with LaTeX.

See the inputenc package documentation for explanation.
Type  H <return>  for immediate help.
 ...                                              
                                                  
l.1 \subsection{Î ÏÏŒÏƒÎ¸ÎµÏƒÎ· Ï€Î¹Î½Î¬Îº
                                           Ï‰Î½ Î±ÏÎ¹Î¸Î¼ÏÎ½ Î¼Î¹ÎºÏÎ®Ï‚ ...

You may provide a definition with
\DeclareUnicodeCharacter 


! Package inputenc Error: Unicode character Ï‰ (U+03C9)
(inputenc)                not set up for use with LaTeX.

See the inputenc package documentation for explanation.
Type  H <return>  for immediate help.
 ...                                              
                                                  
l.1 \subsection{Î ÏÏŒÏƒÎ¸ÎµÏƒÎ· Ï€Î¹Î½Î¬ÎºÏ‰
                                             Î½ Î±ÏÎ¹Î¸Î¼ÏÎ½ Î¼Î¹ÎºÏÎ®Ï‚ ...

You may provide a definition with
\DeclareUnicodeCharacter 


! Package inputenc Error: Unicode character Î½ (U+03BD)
(inputenc)                not set up for use with LaTeX.

See the inputenc package documentation for explanation.
Type  H <return>  for immediate help.
 ...                                              
                                                  
l.1 \subsection{Î ÏÏŒÏƒÎ¸ÎµÏƒÎ· Ï€Î¹Î½Î¬ÎºÏ‰Î½
                                                Î±ÏÎ¹Î¸Î¼ÏÎ½ Î¼Î¹ÎºÏÎ®Ï‚ ...

You may provide a definition with
\DeclareUnicodeCharacter 


! Package inputenc Error: Unicode character Î± (U+03B1)
(inputenc)                not set up for use with LaTeX.

See the inputenc package documentation for explanation.
Type  H <return>  for immediate help.
 ...                                              
                                                  
l.1 \subsection{Î ÏÏŒÏƒÎ¸ÎµÏƒÎ· Ï€Î¹Î½Î¬ÎºÏ‰Î½ Î±
                                                  ÏÎ¹Î¸Î¼ÏÎ½ Î¼Î¹ÎºÏÎ®Ï‚ ...

You may provide a definition with
\DeclareUnicodeCharacter 


! Package inputenc Error: Unicode character Ï (U+03C1)
(inputenc)                not set up for use with LaTeX.

See the inputenc package documentation for explanation.
Type  H <return>  for immediate help.
 ...                                              
                                                  
l.1 ...ection{Î ÏÏŒÏƒÎ¸ÎµÏƒÎ· Ï€Î¹Î½Î¬ÎºÏ‰Î½ Î±Ï
                                                  Î¹Î¸Î¼ÏÎ½ Î¼Î¹ÎºÏÎ®Ï‚ Î±...

You may provide a definition with
\DeclareUnicodeCharacter 


! Package inputenc Error: Unicode character Î¹ (U+03B9)
(inputenc)                not set up for use with LaTeX.

See the inputenc package documentation for explanation.
Type  H <return>  for immediate help.
 ...                                              
                                                  
l.1 ...tion{Î ÏÏŒÏƒÎ¸ÎµÏƒÎ· Ï€Î¹Î½Î¬ÎºÏ‰Î½ Î±ÏÎ¹
                                                  Î¸Î¼ÏÎ½ Î¼Î¹ÎºÏÎ®Ï‚ Î±Îº...

You may provide a definition with
\DeclareUnicodeCharacter 


! Package inputenc Error: Unicode character Î¸ (U+03B8)
(inputenc)                not set up for use with LaTeX.

See the inputenc package documentation for explanation.
Type  H <return>  for immediate help.
 ...                                              
                                                  
l.1 ...on{Î ÏÏŒÏƒÎ¸ÎµÏƒÎ· Ï€Î¹Î½Î¬ÎºÏ‰Î½ Î±ÏÎ¹Î¸
                                                  Î¼ÏÎ½ Î¼Î¹ÎºÏÎ®Ï‚ Î±ÎºÏ...

You may provide a definition with
\DeclareUnicodeCharacter 


! Package inputenc Error: Unicode character Î¼ (U+03BC)
(inputenc)                not set up for use with LaTeX.

See the inputenc package documentation for explanation.
Type  H <return>  for immediate help.
 ...                                              
                                                  
l.1 ...{Î ÏÏŒÏƒÎ¸ÎµÏƒÎ· Ï€Î¹Î½Î¬ÎºÏ‰Î½ Î±ÏÎ¹Î¸Î¼
                                                  ÏÎ½ Î¼Î¹ÎºÏÎ®Ï‚ Î±ÎºÏÎ¯...

You may provide a definition with
\DeclareUnicodeCharacter 


! Package inputenc Error: Unicode character Ï (U+03CE)
(inputenc)                not set up for use with LaTeX.

See the inputenc package documentation for explanation.
Type  H <return>  for immediate help.
 ...                                              
                                                  
l.1 ... ÏÏŒÏƒÎ¸ÎµÏƒÎ· Ï€Î¹Î½Î¬ÎºÏ‰Î½ Î±ÏÎ¹Î¸Î¼Ï
                                                  Î½ Î¼Î¹ÎºÏÎ®Ï‚ Î±ÎºÏÎ¯Î²...

You may provide a definition with
\DeclareUnicodeCharacter 


! Package inputenc Error: Unicode character Î½ (U+03BD)
(inputenc)                not set up for use with LaTeX.

See the inputenc package documentation for explanation.
Type  H <return>  for immediate help.
 ...                                              
                                                  
l.1 ...ÏŒÏƒÎ¸ÎµÏƒÎ· Ï€Î¹Î½Î¬ÎºÏ‰Î½ Î±ÏÎ¹Î¸Î¼ÏÎ½
                                                   Î¼Î¹ÎºÏÎ®Ï‚ Î±ÎºÏÎ¯Î²Îµ...

You may provide a definition with
\DeclareUnicodeCharacter 


! Package inputenc Error: Unicode character Î¼ (U+03BC)
(inputenc)                not set up for use with LaTeX.

See the inputenc package documentation for explanation.
Type  H <return>  for immediate help.
 ...                                              
                                                  
l.1 ...ÏƒÎ¸ÎµÏƒÎ· Ï€Î¹Î½Î¬ÎºÏ‰Î½ Î±ÏÎ¹Î¸Î¼ÏÎ½ Î¼
                                                  Î¹ÎºÏÎ®Ï‚ Î±ÎºÏÎ¯Î²ÎµÎ¹Î...

You may provide a definition with
\DeclareUnicodeCharacter 


! Package inputenc Error: Unicode character Î¹ (U+03B9)
(inputenc)                not set up for use with LaTeX.

See the inputenc package documentation for explanation.
Type  H <return>  for immediate help.
 ...                                              
                                                  
l.1 ...Î¸ÎµÏƒÎ· Ï€Î¹Î½Î¬ÎºÏ‰Î½ Î±ÏÎ¹Î¸Î¼ÏÎ½ Î¼Î¹
                                                  ÎºÏÎ®Ï‚ Î±ÎºÏÎ¯Î²ÎµÎ¹Î±Ï...

You may provide a definition with
\DeclareUnicodeCharacter 


! Package inputenc Error: Unicode character Îº (U+03BA)
(inputenc)                not set up for use with LaTeX.

See the inputenc package documentation for explanation.
Type  H <return>  for immediate help.
 ...                                              
                                                  
l.1 ...ÎµÏƒÎ· Ï€Î¹Î½Î¬ÎºÏ‰Î½ Î±ÏÎ¹Î¸Î¼ÏÎ½ Î¼Î¹Îº
                                                  ÏÎ®Ï‚ Î±ÎºÏÎ¯Î²ÎµÎ¹Î±Ï‚ ...

You may provide a definition with
\DeclareUnicodeCharacter 


! Package inputenc Error: Unicode character Ï (U+03C1)
(inputenc)                not set up for use with LaTeX.

See the inputenc package documentation for explanation.
Type  H <return>  for immediate help.
 ...                                              
                                                  
l.1 ...ÏƒÎ· Ï€Î¹Î½Î¬ÎºÏ‰Î½ Î±ÏÎ¹Î¸Î¼ÏÎ½ Î¼Î¹ÎºÏ
                                                  Î®Ï‚ Î±ÎºÏÎ¯Î²ÎµÎ¹Î±Ï‚ - ...

You may provide a definition with
\DeclareUnicodeCharacter 


! Package inputenc Error: Unicode character Î® (U+03AE)
(inputenc)                not set up for use with LaTeX.

See the inputenc package documentation for explanation.
Type  H <return>  for immediate help.
 ...                                              
                                                  
l.1 ...Î· Ï€Î¹Î½Î¬ÎºÏ‰Î½ Î±ÏÎ¹Î¸Î¼ÏÎ½ Î¼Î¹ÎºÏÎ®
                                                  Ï‚ Î±ÎºÏÎ¯Î²ÎµÎ¹Î±Ï‚ - \e...

You may provide a definition with
\DeclareUnicodeCharacter 


! Package inputenc Error: Unicode character Ï‚ (U+03C2)
(inputenc)                not set up for use with LaTeX.

See the inputenc package documentation for explanation.
Type  H <return>  for immediate help.
 ...                                              
                                                  
l.1 ... Ï€Î¹Î½Î¬ÎºÏ‰Î½ Î±ÏÎ¹Î¸Î¼ÏÎ½ Î¼Î¹ÎºÏÎ®Ï‚
                                                   Î±ÎºÏÎ¯Î²ÎµÎ¹Î±Ï‚ - \emp...

You may provide a definition with
\DeclareUnicodeCharacter 


! Package inputenc Error: Unicode character Î± (U+03B1)
(inputenc)                not set up for use with LaTeX.

See the inputenc package documentation for explanation.
Type  H <return>  for immediate help.
 ...                                              
                                                  
l.1 ...Î¹Î½Î¬ÎºÏ‰Î½ Î±ÏÎ¹Î¸Î¼ÏÎ½ Î¼Î¹ÎºÏÎ®Ï‚ Î±
                                                  ÎºÏÎ¯Î²ÎµÎ¹Î±Ï‚ - \emph{\...

You may provide a definition with
\DeclareUnicodeCharacter 


! Package inputenc Error: Unicode character Îº (U+03BA)
(inputenc)                not set up for use with LaTeX.

See the inputenc package documentation for explanation.
Type  H <return>  for immediate help.
 ...                                              
                                                  
l.1 ...Î½Î¬ÎºÏ‰Î½ Î±ÏÎ¹Î¸Î¼ÏÎ½ Î¼Î¹ÎºÏÎ®Ï‚ Î±Îº
                                                  ÏÎ¯Î²ÎµÎ¹Î±Ï‚ - \emph{\en...

You may provide a definition with
\DeclareUnicodeCharacter 


! Package inputenc Error: Unicode character Ï (U+03C1)
(inputenc)                not set up for use with LaTeX.

See the inputenc package documentation for explanation.
Type  H <return>  for immediate help.
 ...                                              
                                                  
l.1 ...Î¬ÎºÏ‰Î½ Î±ÏÎ¹Î¸Î¼ÏÎ½ Î¼Î¹ÎºÏÎ®Ï‚ Î±ÎºÏ
                                                  Î¯Î²ÎµÎ¹Î±Ï‚ - \emph{\en{S...

You may provide a definition with
\DeclareUnicodeCharacter 


! Package inputenc Error: Unicode character Î¯ (U+03AF)
(inputenc)                not set up for use with LaTeX.

See the inputenc package documentation for explanation.
Type  H <return>  for immediate help.
 ...                                              
                                                  
l.1 ...ÎºÏ‰Î½ Î±ÏÎ¹Î¸Î¼ÏÎ½ Î¼Î¹ÎºÏÎ®Ï‚ Î±ÎºÏÎ¯
                                                  Î²ÎµÎ¹Î±Ï‚ - \emph{\en{SAX...

You may provide a definition with
\DeclareUnicodeCharacter 


! Package inputenc Error: Unicode character Î² (U+03B2)
(inputenc)                not set up for use with LaTeX.

See the inputenc package documentation for explanation.
Type  H <return>  for immediate help.
 ...                                              
                                                  
l.1 ...Ï‰Î½ Î±ÏÎ¹Î¸Î¼ÏÎ½ Î¼Î¹ÎºÏÎ®Ï‚ Î±ÎºÏÎ¯Î²
                                                  ÎµÎ¹Î±Ï‚ - \emph{\en{SAXPY}}}

You may provide a definition with
\DeclareUnicodeCharacter 


! Package inputenc Error: Unicode character Îµ (U+03B5)
(inputenc)                not set up for use with LaTeX.

See the inputenc package documentation for explanation.
Type  H <return>  for immediate help.
 ...                                              
                                                  
l.1 ...Î½ Î±ÏÎ¹Î¸Î¼ÏÎ½ Î¼Î¹ÎºÏÎ®Ï‚ Î±ÎºÏÎ¯Î²Îµ
                                                  Î¹Î±Ï‚ - \emph{\en{SAXPY}}}
You may provide a definition with
\DeclareUnicodeCharacter 


! Package inputenc Error: Unicode character Î¹ (U+03B9)
(inputenc)                not set up for use with LaTeX.

See the inputenc package documentation for explanation.
Type  H <return>  for immediate help.
 ...                                              
                                                  
l.1 ... Î±ÏÎ¹Î¸Î¼ÏÎ½ Î¼Î¹ÎºÏÎ®Ï‚ Î±ÎºÏÎ¯Î²ÎµÎ¹
                                                  Î±Ï‚ - \emph{\en{SAXPY}}}
You may provide a definition with
\DeclareUnicodeCharacter 


! Package inputenc Error: Unicode character Î± (U+03B1)
(inputenc)                not set up for use with LaTeX.

See the inputenc package documentation for explanation.
Type  H <return>  for immediate help.
 ...                                              
                                                  
l.1 ...±ÏÎ¹Î¸Î¼ÏÎ½ Î¼Î¹ÎºÏÎ®Ï‚ Î±ÎºÏÎ¯Î²ÎµÎ¹Î±
                                                  Ï‚ - \emph{\en{SAXPY}}}
You may provide a definition with
\DeclareUnicodeCharacter 


! Package inputenc Error: Unicode character Ï‚ (U+03C2)
(inputenc)                not set up for use with LaTeX.

See the inputenc package documentation for explanation.
Type  H <return>  for immediate help.
 ...                                              
                                                  
l.1 ...Î¹Î¸Î¼ÏÎ½ Î¼Î¹ÎºÏÎ®Ï‚ Î±ÎºÏÎ¯Î²ÎµÎ¹Î±Ï‚
                                                   - \emph{\en{SAXPY}}}
You may provide a definition with
\DeclareUnicodeCharacter 


! LaTeX Error: Missing \begin{document}.

See the LaTeX manual or LaTeX Companion for explanation.
Type  H <return>  for immediate help.
 ...                                              
                                                  
l.1 ...¹Î¸Î¼ÏÎ½ Î¼Î¹ÎºÏÎ®Ï‚ Î±ÎºÏÎ¯Î²ÎµÎ¹Î±Ï‚ -
                                                   \emph{\en{SAXPY}}}
You're in trouble here.  Try typing  <return>  to proceed.
If that doesn't work, type  X <return>  to quit.

Missing character: There is no - in font nullfont!
! Undefined control sequence.
<recently read> \en 
                    
l.1 ...Î®Ï‚ Î±ÎºÏÎ¯Î²ÎµÎ¹Î±Ï‚ - \emph{\en{SAXPY}}
                                                  }
The control sequence at the end of the top line
of your error message was never \def'ed. If you have
misspelled it (e.g., `\hobx'), type `I' and the correct
spelling (e.g., `I\hbox'). Otherwise just continue,
and I'll forget about whatever was undefined.


! Package inputenc Error: Unicode character Îœ (U+039C)
(inputenc)                not set up for use with LaTeX.

See the inputenc package documentation for explanation.
Type  H <return>  for immediate help.
 ...                                              
                                                  
l.2 Îœ
      Î¹Î± Î±Ï€ÏŒ Ï„Î¹Ï‚ Î»ÎµÎ¹Ï„Î¿Ï…ÏÎ³Î¯ÎµÏ‚ Ï€Î¿Ï… ÎºÎ±Ï„Î­Ï‡ÎµÎ¹ Î¸ÎµÎ¼...

You may provide a definition with
\DeclareUnicodeCharacter 


! Package inputenc Error: Unicode character Î¹ (U+03B9)
(inputenc)                not set up for use with LaTeX.

See the inputenc package documentation for explanation.
Type  H <return>  for immediate help.
 ...                                              
                                                  
l.2 ÎœÎ¹
        Î± Î±Ï€ÏŒ Ï„Î¹Ï‚ Î»ÎµÎ¹Ï„Î¿Ï…ÏÎ³Î¯ÎµÏ‚ Ï€Î¿Ï… ÎºÎ±Ï„Î­Ï‡ÎµÎ¹ Î¸ÎµÎ¼...

You may provide a definition with
\DeclareUnicodeCharacter 


! Package inputenc Error: Unicode character Î± (U+03B1)
(inputenc)                not set up for use with LaTeX.

See the inputenc package documentation for explanation.
Type  H <return>  for immediate help.
 ...                                              
                                                  
l.2 ÎœÎ¹Î±
           Î±Ï€ÏŒ Ï„Î¹Ï‚ Î»ÎµÎ¹Ï„Î¿Ï…ÏÎ³Î¯ÎµÏ‚ Ï€Î¿Ï… ÎºÎ±Ï„Î­Ï‡ÎµÎ¹ Î¸ÎµÎ¼...

You may provide a definition with
\DeclareUnicodeCharacter 


! Package inputenc Error: Unicode character Î± (U+03B1)
(inputenc)                not set up for use with LaTeX.

See the inputenc package documentation for explanation.
Type  H <return>  for immediate help.
 ...                                              
                                                  
l.2 ÎœÎ¹Î± Î±
             Ï€ÏŒ Ï„Î¹Ï‚ Î»ÎµÎ¹Ï„Î¿Ï…ÏÎ³Î¯ÎµÏ‚ Ï€Î¿Ï… ÎºÎ±Ï„Î­Ï‡ÎµÎ¹ Î¸ÎµÎ¼...

You may provide a definition with
\DeclareUnicodeCharacter 


! Package inputenc Error: Unicode character Ï€ (U+03C0)
(inputenc)                not set up for use with LaTeX.

See the inputenc package documentation for explanation.
Type  H <return>  for immediate help.
 ...                                              
                                                  
l.2 ÎœÎ¹Î± Î±Ï€
               ÏŒ Ï„Î¹Ï‚ Î»ÎµÎ¹Ï„Î¿Ï…ÏÎ³Î¯ÎµÏ‚ Ï€Î¿Ï… ÎºÎ±Ï„Î­Ï‡ÎµÎ¹ Î¸ÎµÎ¼...

You may provide a definition with
\DeclareUnicodeCharacter 


! Package inputenc Error: Unicode character ÏŒ (U+03CC)
(inputenc)                not set up for use with LaTeX.

See the inputenc package documentation for explanation.
Type  H <return>  for immediate help.
 ...                                              
                                                  
l.2 ÎœÎ¹Î± Î±Ï€ÏŒ
                  Ï„Î¹Ï‚ Î»ÎµÎ¹Ï„Î¿Ï…ÏÎ³Î¯ÎµÏ‚ Ï€Î¿Ï… ÎºÎ±Ï„Î­Ï‡ÎµÎ¹ Î¸ÎµÎ¼...

You may provide a definition with
\DeclareUnicodeCharacter 


! Package inputenc Error: Unicode character Ï„ (U+03C4)
(inputenc)                not set up for use with LaTeX.

See the inputenc package documentation for explanation.
Type  H <return>  for immediate help.
 ...                                              
                                                  
l.2 ÎœÎ¹Î± Î±Ï€ÏŒ Ï„
                    Î¹Ï‚ Î»ÎµÎ¹Ï„Î¿Ï…ÏÎ³Î¯ÎµÏ‚ Ï€Î¿Ï… ÎºÎ±Ï„Î­Ï‡ÎµÎ¹ Î¸ÎµÎ¼...

You may provide a definition with
\DeclareUnicodeCharacter 


! Package inputenc Error: Unicode character Î¹ (U+03B9)
(inputenc)                not set up for use with LaTeX.

See the inputenc package documentation for explanation.
Type  H <return>  for immediate help.
 ...                                              
                                                  
l.2 ÎœÎ¹Î± Î±Ï€ÏŒ Ï„Î¹
                      Ï‚ Î»ÎµÎ¹Ï„Î¿Ï…ÏÎ³Î¯ÎµÏ‚ Ï€Î¿Ï… ÎºÎ±Ï„Î­Ï‡ÎµÎ¹ Î¸ÎµÎ¼...

You may provide a definition with
\DeclareUnicodeCharacter 


! Package inputenc Error: Unicode character Ï‚ (U+03C2)
(inputenc)                not set up for use with LaTeX.

See the inputenc package documentation for explanation.
Type  H <return>  for immediate help.
 ...                                              
                                                  
l.2 ÎœÎ¹Î± Î±Ï€ÏŒ Ï„Î¹Ï‚
                         Î»ÎµÎ¹Ï„Î¿Ï…ÏÎ³Î¯ÎµÏ‚ Ï€Î¿Ï… ÎºÎ±Ï„Î­Ï‡ÎµÎ¹ Î¸ÎµÎ¼...

You may provide a definition with
\DeclareUnicodeCharacter 


! Package inputenc Error: Unicode character Î» (U+03BB)
(inputenc)                not set up for use with LaTeX.

See the inputenc package documentation for explanation.
Type  H <return>  for immediate help.
 ...                                              
                                                  
l.2 ÎœÎ¹Î± Î±Ï€ÏŒ Ï„Î¹Ï‚ Î»
                           ÎµÎ¹Ï„Î¿Ï…ÏÎ³Î¯ÎµÏ‚ Ï€Î¿Ï… ÎºÎ±Ï„Î­Ï‡ÎµÎ¹ Î¸ÎµÎ¼...

You may provide a definition with
\DeclareUnicodeCharacter 


! Package inputenc Error: Unicode character Îµ (U+03B5)
(inputenc)                not set up for use with LaTeX.

See the inputenc package documentation for explanation.
Type  H <return>  for immediate help.
 ...                                              
                                                  
l.2 ÎœÎ¹Î± Î±Ï€ÏŒ Ï„Î¹Ï‚ Î»Îµ
                             Î¹Ï„Î¿Ï…ÏÎ³Î¯ÎµÏ‚ Ï€Î¿Ï… ÎºÎ±Ï„Î­Ï‡ÎµÎ¹ Î¸ÎµÎ¼...

You may provide a definition with
\DeclareUnicodeCharacter 


! Package inputenc Error: Unicode character Î¹ (U+03B9)
(inputenc)                not set up for use with LaTeX.

See the inputenc package documentation for explanation.
Type  H <return>  for immediate help.
 ...                                              
                                                  
l.2 ÎœÎ¹Î± Î±Ï€ÏŒ Ï„Î¹Ï‚ Î»ÎµÎ¹
                               Ï„Î¿Ï…ÏÎ³Î¯ÎµÏ‚ Ï€Î¿Ï… ÎºÎ±Ï„Î­Ï‡ÎµÎ¹ Î¸ÎµÎ¼...

You may provide a definition with
\DeclareUnicodeCharacter 


! Package inputenc Error: Unicode character Ï„ (U+03C4)
(inputenc)                not set up for use with LaTeX.

See the inputenc package documentation for explanation.
Type  H <return>  for immediate help.
 ...                                              
                                                  
l.2 ÎœÎ¹Î± Î±Ï€ÏŒ Ï„Î¹Ï‚ Î»ÎµÎ¹Ï„
                                 Î¿Ï…ÏÎ³Î¯ÎµÏ‚ Ï€Î¿Ï… ÎºÎ±Ï„Î­Ï‡ÎµÎ¹ Î¸ÎµÎ¼...

You may provide a definition with
\DeclareUnicodeCharacter 


! Package inputenc Error: Unicode character Î¿ (U+03BF)
(inputenc)                not set up for use with LaTeX.

See the inputenc package documentation for explanation.
Type  H <return>  for immediate help.
 ...                                              
                                                  
l.2 ÎœÎ¹Î± Î±Ï€ÏŒ Ï„Î¹Ï‚ Î»ÎµÎ¹Ï„Î¿
                                   Ï…ÏÎ³Î¯ÎµÏ‚ Ï€Î¿Ï… ÎºÎ±Ï„Î­Ï‡ÎµÎ¹ Î¸ÎµÎ¼...

You may provide a definition with
\DeclareUnicodeCharacter 


! Package inputenc Error: Unicode character Ï… (U+03C5)
(inputenc)                not set up for use with LaTeX.

See the inputenc package documentation for explanation.
Type  H <return>  for immediate help.
 ...                                              
                                                  
l.2 ÎœÎ¹Î± Î±Ï€ÏŒ Ï„Î¹Ï‚ Î»ÎµÎ¹Ï„Î¿Ï…
                                     ÏÎ³Î¯ÎµÏ‚ Ï€Î¿Ï… ÎºÎ±Ï„Î­Ï‡ÎµÎ¹ Î¸ÎµÎ¼...

You may provide a definition with
\DeclareUnicodeCharacter 


! Package inputenc Error: Unicode character Ï (U+03C1)
(inputenc)                not set up for use with LaTeX.

See the inputenc package documentation for explanation.
Type  H <return>  for immediate help.
 ...                                              
                                                  
l.2 ÎœÎ¹Î± Î±Ï€ÏŒ Ï„Î¹Ï‚ Î»ÎµÎ¹Ï„Î¿Ï…Ï
                                       Î³Î¯ÎµÏ‚ Ï€Î¿Ï… ÎºÎ±Ï„Î­Ï‡ÎµÎ¹ Î¸ÎµÎ¼...

You may provide a definition with
\DeclareUnicodeCharacter 


! Package inputenc Error: Unicode character Î³ (U+03B3)
(inputenc)                not set up for use with LaTeX.

See the inputenc package documentation for explanation.
Type  H <return>  for immediate help.
 ...                                              
                                                  
l.2 ÎœÎ¹Î± Î±Ï€ÏŒ Ï„Î¹Ï‚ Î»ÎµÎ¹Ï„Î¿Ï…ÏÎ³
                                         Î¯ÎµÏ‚ Ï€Î¿Ï… ÎºÎ±Ï„Î­Ï‡ÎµÎ¹ Î¸ÎµÎ¼...

You may provide a definition with
\DeclareUnicodeCharacter 


! Package inputenc Error: Unicode character Î¯ (U+03AF)
(inputenc)                not set up for use with LaTeX.

See the inputenc package documentation for explanation.
Type  H <return>  for immediate help.
 ...                                              
                                                  
l.2 ÎœÎ¹Î± Î±Ï€ÏŒ Ï„Î¹Ï‚ Î»ÎµÎ¹Ï„Î¿Ï…ÏÎ³Î¯
                                           ÎµÏ‚ Ï€Î¿Ï… ÎºÎ±Ï„Î­Ï‡ÎµÎ¹ Î¸ÎµÎ¼...

You may provide a definition with
\DeclareUnicodeCharacter 


! Package inputenc Error: Unicode character Îµ (U+03B5)
(inputenc)                not set up for use with LaTeX.

See the inputenc package documentation for explanation.
Type  H <return>  for immediate help.
 ...                                              
                                                  
l.2 ÎœÎ¹Î± Î±Ï€ÏŒ Ï„Î¹Ï‚ Î»ÎµÎ¹Ï„Î¿Ï…ÏÎ³Î¯Îµ
                                             Ï‚ Ï€Î¿Ï… ÎºÎ±Ï„Î­Ï‡ÎµÎ¹ Î¸ÎµÎ¼...

You may provide a definition with
\DeclareUnicodeCharacter 


! Package inputenc Error: Unicode character Ï‚ (U+03C2)
(inputenc)                not set up for use with LaTeX.

See the inputenc package documentation for explanation.
Type  H <return>  for immediate help.
 ...                                              
                                                  
l.2 ÎœÎ¹Î± Î±Ï€ÏŒ Ï„Î¹Ï‚ Î»ÎµÎ¹Ï„Î¿Ï…ÏÎ³Î¯ÎµÏ‚
                                                Ï€Î¿Ï… ÎºÎ±Ï„Î­Ï‡ÎµÎ¹ Î¸ÎµÎ¼...

You may provide a definition with
\DeclareUnicodeCharacter 


! Package inputenc Error: Unicode character Ï€ (U+03C0)
(inputenc)                not set up for use with LaTeX.

See the inputenc package documentation for explanation.
Type  H <return>  for immediate help.
 ...                                              
                                                  
l.2 ÎœÎ¹Î± Î±Ï€ÏŒ Ï„Î¹Ï‚ Î»ÎµÎ¹Ï„Î¿Ï…ÏÎ³Î¯ÎµÏ‚ Ï€
                                                  Î¿Ï… ÎºÎ±Ï„Î­Ï‡ÎµÎ¹ Î¸ÎµÎ¼...

You may provide a definition with
\DeclareUnicodeCharacter 


! Package inputenc Error: Unicode character Î¿ (U+03BF)
(inputenc)                not set up for use with LaTeX.

See the inputenc package documentation for explanation.
Type  H <return>  for immediate help.
 ...                                              
                                                  
l.2 ...± Î±Ï€ÏŒ Ï„Î¹Ï‚ Î»ÎµÎ¹Ï„Î¿Ï…ÏÎ³Î¯ÎµÏ‚ Ï€Î¿
                                                  Ï… ÎºÎ±Ï„Î­Ï‡ÎµÎ¹ Î¸ÎµÎ¼Îµ...

You may provide a definition with
\DeclareUnicodeCharacter 


! Package inputenc Error: Unicode character Ï… (U+03C5)
(inputenc)                not set up for use with LaTeX.

See the inputenc package documentation for explanation.
Type  H <return>  for immediate help.
 ...                                              
                                                  
l.2 ...Î±Ï€ÏŒ Ï„Î¹Ï‚ Î»ÎµÎ¹Ï„Î¿Ï…ÏÎ³Î¯ÎµÏ‚ Ï€Î¿Ï…
                                                   ÎºÎ±Ï„Î­Ï‡ÎµÎ¹ Î¸ÎµÎ¼ÎµÎ»...

You may provide a definition with
\DeclareUnicodeCharacter 


! Package inputenc Error: Unicode character Îº (U+03BA)
(inputenc)                not set up for use with LaTeX.

See the inputenc package documentation for explanation.
Type  H <return>  for immediate help.
 ...                                              
                                                  
l.2 ...€ÏŒ Ï„Î¹Ï‚ Î»ÎµÎ¹Ï„Î¿Ï…ÏÎ³Î¯ÎµÏ‚ Ï€Î¿Ï… Îº
                                                  Î±Ï„Î­Ï‡ÎµÎ¹ Î¸ÎµÎ¼ÎµÎ»Î¹Ï...

You may provide a definition with
\DeclareUnicodeCharacter 


! Package inputenc Error: Unicode character Î± (U+03B1)
(inputenc)                not set up for use with LaTeX.

See the inputenc package documentation for explanation.
Type  H <return>  for immediate help.
 ...                                              
                                                  
l.2 ...Œ Ï„Î¹Ï‚ Î»ÎµÎ¹Ï„Î¿Ï…ÏÎ³Î¯ÎµÏ‚ Ï€Î¿Ï… ÎºÎ±
                                                  Ï„Î­Ï‡ÎµÎ¹ Î¸ÎµÎ¼ÎµÎ»Î¹ÏÎ...

You may provide a definition with
\DeclareUnicodeCharacter 


! Package inputenc Error: Unicode character Ï„ (U+03C4)
(inputenc)                not set up for use with LaTeX.

See the inputenc package documentation for explanation.
Type  H <return>  for immediate help.
 ...                                              
                                                  
l.2 ...Ï„Î¹Ï‚ Î»ÎµÎ¹Ï„Î¿Ï…ÏÎ³Î¯ÎµÏ‚ Ï€Î¿Ï… ÎºÎ±Ï„
                                                  Î­Ï‡ÎµÎ¹ Î¸ÎµÎ¼ÎµÎ»Î¹ÏÎ´Î...

You may provide a definition with
\DeclareUnicodeCharacter 


! Package inputenc Error: Unicode character Î­ (U+03AD)
(inputenc)                not set up for use with LaTeX.

See the inputenc package documentation for explanation.
Type  H <return>  for immediate help.
 ...                                              
                                                  
l.2 ...Î¹Ï‚ Î»ÎµÎ¹Ï„Î¿Ï…ÏÎ³Î¯ÎµÏ‚ Ï€Î¿Ï… ÎºÎ±Ï„Î­
                                                  Ï‡ÎµÎ¹ Î¸ÎµÎ¼ÎµÎ»Î¹ÏÎ´Î· ...

You may provide a definition with
\DeclareUnicodeCharacter 


! Package inputenc Error: Unicode character Ï‡ (U+03C7)
(inputenc)                not set up for use with LaTeX.

See the inputenc package documentation for explanation.
Type  H <return>  for immediate help.
 ...                                              
                                                  
l.2 ...Ï‚ Î»ÎµÎ¹Ï„Î¿Ï…ÏÎ³Î¯ÎµÏ‚ Ï€Î¿Ï… ÎºÎ±Ï„Î­Ï‡
                                                  ÎµÎ¹ Î¸ÎµÎ¼ÎµÎ»Î¹ÏÎ´Î· Î¸...

You may provide a definition with
\DeclareUnicodeCharacter 


! Package inputenc Error: Unicode character Îµ (U+03B5)
(inputenc)                not set up for use with LaTeX.

See the inputenc package documentation for explanation.
Type  H <return>  for immediate help.
 ...                                              
                                                  
l.2 ... Î»ÎµÎ¹Ï„Î¿Ï…ÏÎ³Î¯ÎµÏ‚ Ï€Î¿Ï… ÎºÎ±Ï„Î­Ï‡Îµ
                                                  Î¹ Î¸ÎµÎ¼ÎµÎ»Î¹ÏÎ´Î· Î¸Î­...

You may provide a definition with
\DeclareUnicodeCharacter 


! Package inputenc Error: Unicode character Î¹ (U+03B9)
(inputenc)                not set up for use with LaTeX.

See the inputenc package documentation for explanation.
Type  H <return>  for immediate help.
 ...                                              
                                                  
l.2 ...»ÎµÎ¹Ï„Î¿Ï…ÏÎ³Î¯ÎµÏ‚ Ï€Î¿Ï… ÎºÎ±Ï„Î­Ï‡ÎµÎ¹
                                                   Î¸ÎµÎ¼ÎµÎ»Î¹ÏÎ´Î· Î¸Î­Ïƒ...

You may provide a definition with
\DeclareUnicodeCharacter 


! Package inputenc Error: Unicode character Î¸ (U+03B8)
(inputenc)                not set up for use with LaTeX.

See the inputenc package documentation for explanation.
Type  H <return>  for immediate help.
 ...                                              
                                                  
l.2 ...Î¹Ï„Î¿Ï…ÏÎ³Î¯ÎµÏ‚ Ï€Î¿Ï… ÎºÎ±Ï„Î­Ï‡ÎµÎ¹ Î¸
                                                  ÎµÎ¼ÎµÎ»Î¹ÏÎ´Î· Î¸Î­ÏƒÎ· ...

You may provide a definition with
\DeclareUnicodeCharacter 


! Package inputenc Error: Unicode character Îµ (U+03B5)
(inputenc)                not set up for use with LaTeX.

See the inputenc package documentation for explanation.
Type  H <return>  for immediate help.
 ...                                              
                                                  
l.2 ...Ï„Î¿Ï…ÏÎ³Î¯ÎµÏ‚ Ï€Î¿Ï… ÎºÎ±Ï„Î­Ï‡ÎµÎ¹ Î¸Îµ
                                                  Î¼ÎµÎ»Î¹ÏÎ´Î· Î¸Î­ÏƒÎ· Ïƒ...

You may provide a definition with
\DeclareUnicodeCharacter 


! Package inputenc Error: Unicode character Î¼ (U+03BC)
(inputenc)                not set up for use with LaTeX.

See the inputenc package documentation for explanation.
Type  H <return>  for immediate help.
 ...                                              
                                                  
l.2 ...Î¿Ï…ÏÎ³Î¯ÎµÏ‚ Ï€Î¿Ï… ÎºÎ±Ï„Î­Ï‡ÎµÎ¹ Î¸ÎµÎ¼
                                                  ÎµÎ»Î¹ÏÎ´Î· Î¸Î­ÏƒÎ· ÏƒÎµ...

You may provide a definition with
\DeclareUnicodeCharacter 


! Package inputenc Error: Unicode character Îµ (U+03B5)
(inputenc)                not set up for use with LaTeX.

See the inputenc package documentation for explanation.
Type  H <return>  for immediate help.
 ...                                              
                                                  
l.2 ...Ï…ÏÎ³Î¯ÎµÏ‚ Ï€Î¿Ï… ÎºÎ±Ï„Î­Ï‡ÎµÎ¹ Î¸ÎµÎ¼Îµ
                                                  Î»Î¹ÏÎ´Î· Î¸Î­ÏƒÎ· ÏƒÎµ Î...

You may provide a definition with
\DeclareUnicodeCharacter 


! Package inputenc Error: Unicode character Î» (U+03BB)
(inputenc)                not set up for use with LaTeX.

See the inputenc package documentation for explanation.
Type  H <return>  for immediate help.
 ...                                              
                                                  
l.2 ...ÏÎ³Î¯ÎµÏ‚ Ï€Î¿Ï… ÎºÎ±Ï„Î­Ï‡ÎµÎ¹ Î¸ÎµÎ¼ÎµÎ»
                                                  Î¹ÏÎ´Î· Î¸Î­ÏƒÎ· ÏƒÎµ ÎµÏ...

You may provide a definition with
\DeclareUnicodeCharacter 


! Package inputenc Error: Unicode character Î¹ (U+03B9)
(inputenc)                not set up for use with LaTeX.

See the inputenc package documentation for explanation.
Type  H <return>  for immediate help.
 ...                                              
                                                  
l.2 ...Î³Î¯ÎµÏ‚ Ï€Î¿Ï… ÎºÎ±Ï„Î­Ï‡ÎµÎ¹ Î¸ÎµÎ¼ÎµÎ»Î¹
                                                  ÏÎ´Î· Î¸Î­ÏƒÎ· ÏƒÎµ ÎµÏ†Î...

You may provide a definition with
\DeclareUnicodeCharacter 


! Package inputenc Error: Unicode character Ï (U+03CE)
(inputenc)                not set up for use with LaTeX.

See the inputenc package documentation for explanation.
Type  H <return>  for immediate help.
 ...                                              
                                                  
l.2 ...Î¯ÎµÏ‚ Ï€Î¿Ï… ÎºÎ±Ï„Î­Ï‡ÎµÎ¹ Î¸ÎµÎ¼ÎµÎ»Î¹Ï
                                                  Î´Î· Î¸Î­ÏƒÎ· ÏƒÎµ ÎµÏ†Î±Ï...

You may provide a definition with
\DeclareUnicodeCharacter 


! Package inputenc Error: Unicode character Î´ (U+03B4)
(inputenc)                not set up for use with LaTeX.

See the inputenc package documentation for explanation.
Type  H <return>  for immediate help.
 ...                                              
                                                  
l.2 ...ÎµÏ‚ Ï€Î¿Ï… ÎºÎ±Ï„Î­Ï‡ÎµÎ¹ Î¸ÎµÎ¼ÎµÎ»Î¹ÏÎ´
                                                  Î· Î¸Î­ÏƒÎ· ÏƒÎµ ÎµÏ†Î±ÏÎ...

You may provide a definition with
\DeclareUnicodeCharacter 


! Package inputenc Error: Unicode character Î· (U+03B7)
(inputenc)                not set up for use with LaTeX.

See the inputenc package documentation for explanation.
Type  H <return>  for immediate help.
 ...                                              
                                                  
l.2 ...Ï‚ Ï€Î¿Ï… ÎºÎ±Ï„Î­Ï‡ÎµÎ¹ Î¸ÎµÎ¼ÎµÎ»Î¹ÏÎ´Î·
                                                   Î¸Î­ÏƒÎ· ÏƒÎµ ÎµÏ†Î±ÏÎ¼Î...

You may provide a definition with
\DeclareUnicodeCharacter 


! Package inputenc Error: Unicode character Î¸ (U+03B8)
(inputenc)                not set up for use with LaTeX.

See the inputenc package documentation for explanation.
Type  H <return>  for immediate help.
 ...                                              
                                                  
l.2 ...Ï€Î¿Ï… ÎºÎ±Ï„Î­Ï‡ÎµÎ¹ Î¸ÎµÎ¼ÎµÎ»Î¹ÏÎ´Î· Î¸
                                                  Î­ÏƒÎ· ÏƒÎµ ÎµÏ†Î±ÏÎ¼Î¿Î³...

You may provide a definition with
\DeclareUnicodeCharacter 


! Package inputenc Error: Unicode character Î­ (U+03AD)
(inputenc)                not set up for use with LaTeX.

See the inputenc package documentation for explanation.
Type  H <return>  for immediate help.
 ...                                              
                                                  
l.2 ...Î¿Ï… ÎºÎ±Ï„Î­Ï‡ÎµÎ¹ Î¸ÎµÎ¼ÎµÎ»Î¹ÏÎ´Î· Î¸Î­
                                                  ÏƒÎ· ÏƒÎµ ÎµÏ†Î±ÏÎ¼Î¿Î³Î­...

You may provide a definition with
\DeclareUnicodeCharacter 


! Package inputenc Error: Unicode character Ïƒ (U+03C3)
(inputenc)                not set up for use with LaTeX.

See the inputenc package documentation for explanation.
Type  H <return>  for immediate help.
 ...                                              
                                                  
l.2 ...Ï… ÎºÎ±Ï„Î­Ï‡ÎµÎ¹ Î¸ÎµÎ¼ÎµÎ»Î¹ÏÎ´Î· Î¸Î­Ïƒ
                                                  Î· ÏƒÎµ ÎµÏ†Î±ÏÎ¼Î¿Î³Î­Ï‚...

You may provide a definition with
\DeclareUnicodeCharacter 


! Package inputenc Error: Unicode character Î· (U+03B7)
(inputenc)                not set up for use with LaTeX.

See the inputenc package documentation for explanation.
Type  H <return>  for immediate help.
 ...                                              
                                                  
l.2 ... ÎºÎ±Ï„Î­Ï‡ÎµÎ¹ Î¸ÎµÎ¼ÎµÎ»Î¹ÏÎ´Î· Î¸Î­ÏƒÎ·
                                                   ÏƒÎµ ÎµÏ†Î±ÏÎ¼Î¿Î³Î­Ï‚ Ï...

You may provide a definition with
\DeclareUnicodeCharacter 


! Package inputenc Error: Unicode character Ïƒ (U+03C3)
(inputenc)                not set up for use with LaTeX.

See the inputenc package documentation for explanation.
Type  H <return>  for immediate help.
 ...                                              
                                                  
l.2 ...Î±Ï„Î­Ï‡ÎµÎ¹ Î¸ÎµÎ¼ÎµÎ»Î¹ÏÎ´Î· Î¸Î­ÏƒÎ· Ïƒ
                                                  Îµ ÎµÏ†Î±ÏÎ¼Î¿Î³Î­Ï‚ Ï„Î·...

You may provide a definition with
\DeclareUnicodeCharacter 


! Package inputenc Error: Unicode character Îµ (U+03B5)
(inputenc)                not set up for use with LaTeX.

See the inputenc package documentation for explanation.
Type  H <return>  for immediate help.
 ...                                              
                                                  
l.2 ...Ï„Î­Ï‡ÎµÎ¹ Î¸ÎµÎ¼ÎµÎ»Î¹ÏÎ´Î· Î¸Î­ÏƒÎ· ÏƒÎµ
                                                   ÎµÏ†Î±ÏÎ¼Î¿Î³Î­Ï‚ Ï„Î·Ï‚...

You may provide a definition with
\DeclareUnicodeCharacter 


! Package inputenc Error: Unicode character Îµ (U+03B5)
(inputenc)                not set up for use with LaTeX.

See the inputenc package documentation for explanation.
Type  H <return>  for immediate help.
 ...                                              
                                                  
l.2 ...­Ï‡ÎµÎ¹ Î¸ÎµÎ¼ÎµÎ»Î¹ÏÎ´Î· Î¸Î­ÏƒÎ· ÏƒÎµ Îµ
                                                  Ï†Î±ÏÎ¼Î¿Î³Î­Ï‚ Ï„Î·Ï‚ Î³...

You may provide a definition with
\DeclareUnicodeCharacter 


! Package inputenc Error: Unicode character Ï† (U+03C6)
(inputenc)                not set up for use with LaTeX.

See the inputenc package documentation for explanation.
Type  H <return>  for immediate help.
 ...                                              
                                                  
l.2 ...‡ÎµÎ¹ Î¸ÎµÎ¼ÎµÎ»Î¹ÏÎ´Î· Î¸Î­ÏƒÎ· ÏƒÎµ ÎµÏ†
                                                  Î±ÏÎ¼Î¿Î³Î­Ï‚ Ï„Î·Ï‚ Î³Ï...

You may provide a definition with
\DeclareUnicodeCharacter 


! Package inputenc Error: Unicode character Î± (U+03B1)
(inputenc)                not set up for use with LaTeX.

See the inputenc package documentation for explanation.
Type  H <return>  for immediate help.
 ...                                              
                                                  
l.2 ...µÎ¹ Î¸ÎµÎ¼ÎµÎ»Î¹ÏÎ´Î· Î¸Î­ÏƒÎ· ÏƒÎµ ÎµÏ†Î±
                                                  ÏÎ¼Î¿Î³Î­Ï‚ Ï„Î·Ï‚ Î³ÏÎ±...

You may provide a definition with
\DeclareUnicodeCharacter 


! Package inputenc Error: Unicode character Ï (U+03C1)
(inputenc)                not set up for use with LaTeX.

See the inputenc package documentation for explanation.
Type  H <return>  for immediate help.
 ...                                              
                                                  
l.2 ...¹ Î¸ÎµÎ¼ÎµÎ»Î¹ÏÎ´Î· Î¸Î­ÏƒÎ· ÏƒÎµ ÎµÏ†Î±Ï
                                                  Î¼Î¿Î³Î­Ï‚ Ï„Î·Ï‚ Î³ÏÎ±Î¼...

You may provide a definition with
\DeclareUnicodeCharacter 


! Package inputenc Error: Unicode character Î¼ (U+03BC)
(inputenc)                not set up for use with LaTeX.

See the inputenc package documentation for explanation.
Type  H <return>  for immediate help.
 ...                                              
                                                  
l.2 ...Î¸ÎµÎ¼ÎµÎ»Î¹ÏÎ´Î· Î¸Î­ÏƒÎ· ÏƒÎµ ÎµÏ†Î±ÏÎ¼
                                                  Î¿Î³Î­Ï‚ Ï„Î·Ï‚ Î³ÏÎ±Î¼Î¼...

You may provide a definition with
\DeclareUnicodeCharacter 


! Package inputenc Error: Unicode character Î¿ (U+03BF)
(inputenc)                not set up for use with LaTeX.

See the inputenc package documentation for explanation.
Type  H <return>  for immediate help.
 ...                                              
                                                  
l.2 ...ÎµÎ¼ÎµÎ»Î¹ÏÎ´Î· Î¸Î­ÏƒÎ· ÏƒÎµ ÎµÏ†Î±ÏÎ¼Î¿
                                                  Î³Î­Ï‚ Ï„Î·Ï‚ Î³ÏÎ±Î¼Î¼Î¹...

You may provide a definition with
\DeclareUnicodeCharacter 


! Package inputenc Error: Unicode character Î³ (U+03B3)
(inputenc)                not set up for use with LaTeX.

See the inputenc package documentation for explanation.
Type  H <return>  for immediate help.
 ...                                              
                                                  
l.2 ...Î¼ÎµÎ»Î¹ÏÎ´Î· Î¸Î­ÏƒÎ· ÏƒÎµ ÎµÏ†Î±ÏÎ¼Î¿Î³
                                                  Î­Ï‚ Ï„Î·Ï‚ Î³ÏÎ±Î¼Î¼Î¹Îº...

You may provide a definition with
\DeclareUnicodeCharacter 


! Package inputenc Error: Unicode character Î­ (U+03AD)
(inputenc)                not set up for use with LaTeX.

See the inputenc package documentation for explanation.
Type  H <return>  for immediate help.
 ...                                              
                                                  
l.2 ...ÎµÎ»Î¹ÏÎ´Î· Î¸Î­ÏƒÎ· ÏƒÎµ ÎµÏ†Î±ÏÎ¼Î¿Î³Î­
                                                  Ï‚ Ï„Î·Ï‚ Î³ÏÎ±Î¼Î¼Î¹ÎºÎ®...

You may provide a definition with
\DeclareUnicodeCharacter 


! Package inputenc Error: Unicode character Ï‚ (U+03C2)
(inputenc)                not set up for use with LaTeX.

See the inputenc package documentation for explanation.
Type  H <return>  for immediate help.
 ...                                              
                                                  
l.2 ...Î»Î¹ÏÎ´Î· Î¸Î­ÏƒÎ· ÏƒÎµ ÎµÏ†Î±ÏÎ¼Î¿Î³Î­Ï‚
                                                   Ï„Î·Ï‚ Î³ÏÎ±Î¼Î¼Î¹ÎºÎ®Ï‚...

You may provide a definition with
\DeclareUnicodeCharacter 


! Package inputenc Error: Unicode character Ï„ (U+03C4)
(inputenc)                not set up for use with LaTeX.

See the inputenc package documentation for explanation.
Type  H <return>  for immediate help.
 ...                                              
                                                  
l.2 ...¹ÏÎ´Î· Î¸Î­ÏƒÎ· ÏƒÎµ ÎµÏ†Î±ÏÎ¼Î¿Î³Î­Ï‚ Ï„
                                                  Î·Ï‚ Î³ÏÎ±Î¼Î¼Î¹ÎºÎ®Ï‚ Î¬...

You may provide a definition with
\DeclareUnicodeCharacter 


! Package inputenc Error: Unicode character Î· (U+03B7)
(inputenc)                not set up for use with LaTeX.

See the inputenc package documentation for explanation.
Type  H <return>  for immediate help.
 ...                                              
                                                  
l.2 ...Î´Î· Î¸Î­ÏƒÎ· ÏƒÎµ ÎµÏ†Î±ÏÎ¼Î¿Î³Î­Ï‚ Ï„Î·
                                                  Ï‚ Î³ÏÎ±Î¼Î¼Î¹ÎºÎ®Ï‚ Î¬Î»...

You may provide a definition with
\DeclareUnicodeCharacter 


! Package inputenc Error: Unicode character Ï‚ (U+03C2)
(inputenc)                not set up for use with LaTeX.

See the inputenc package documentation for explanation.
Type  H <return>  for immediate help.
 ...                                              
                                                  
l.2 ...´Î· Î¸Î­ÏƒÎ· ÏƒÎµ ÎµÏ†Î±ÏÎ¼Î¿Î³Î­Ï‚ Ï„Î·Ï‚
                                                   Î³ÏÎ±Î¼Î¼Î¹ÎºÎ®Ï‚ Î¬Î»Î³...

You may provide a definition with
\DeclareUnicodeCharacter 


! Package inputenc Error: Unicode character Î³ (U+03B3)
(inputenc)                not set up for use with LaTeX.

See the inputenc package documentation for explanation.
Type  H <return>  for immediate help.
 ...                                              
                                                  
l.2 ... Î¸Î­ÏƒÎ· ÏƒÎµ ÎµÏ†Î±ÏÎ¼Î¿Î³Î­Ï‚ Ï„Î·Ï‚ Î³
                                                  ÏÎ±Î¼Î¼Î¹ÎºÎ®Ï‚ Î¬Î»Î³ÎµÎ...

You may provide a definition with
\DeclareUnicodeCharacter 


! Package inputenc Error: Unicode character Ï (U+03C1)
(inputenc)                not set up for use with LaTeX.

See the inputenc package documentation for explanation.
Type  H <return>  for immediate help.
 ...                                              
                                                  
l.2 ...¸Î­ÏƒÎ· ÏƒÎµ ÎµÏ†Î±ÏÎ¼Î¿Î³Î­Ï‚ Ï„Î·Ï‚ Î³Ï
                                                  Î±Î¼Î¼Î¹ÎºÎ®Ï‚ Î¬Î»Î³ÎµÎ²Ï...

You may provide a definition with
\DeclareUnicodeCharacter 


! Package inputenc Error: Unicode character Î± (U+03B1)
(inputenc)                not set up for use with LaTeX.

See the inputenc package documentation for explanation.
Type  H <return>  for immediate help.
 ...                                              
                                                  
l.2 ...­ÏƒÎ· ÏƒÎµ ÎµÏ†Î±ÏÎ¼Î¿Î³Î­Ï‚ Ï„Î·Ï‚ Î³ÏÎ±
                                                  Î¼Î¼Î¹ÎºÎ®Ï‚ Î¬Î»Î³ÎµÎ²ÏÎ...
(That makes 100 errors; please try again.) 
Here is how much of TeX's memory you used:
 51 strings out of 479304
 762 string characters out of 5871219
 271116 words of memory out of 5000000
 17341 multiletter control sequences out of 15000+600000
 403776 words of font info for 28 fonts, out of 8000000 for 9000
 1141 hyphenation exceptions out of 8191
 14i,1n,15p,231b,77s stack positions out of 5000i,500n,10000p,200000b,80000s

!  ==> Fatal error occurred, no output PDF file produced!
