This is pdfTeX, Version 3.14159265-2.6-1.40.21 (TeX Live 2020/W32TeX) (preloaded format=pdflatex 2021.1.19)  1 MAY 2021 01:18
entering extended mode
 restricted \write18 enabled.
 %&-line parsing enabled.
**dft.tex
(./dft.tex
LaTeX2e <2020-10-01> patch level 4
L3 programming layer <2021-01-09> xparse <2020-03-03>
! Undefined control sequence.
l.2 \subsection
               {Î Î±ÏÎ¬Î´ÎµÎ¹Î³Î¼Î± Î¼ÎµÏ„Î±ÏƒÏ‡Î·Î¼Î±Ï„Î¹ÏƒÎ¼Î¿Ï \en{Four...
The control sequence at the end of the top line
of your error message was never \def'ed. If you have
misspelled it (e.g., `\hobx'), type `I' and the correct
spelling (e.g., `I\hbox'). Otherwise just continue,
and I'll forget about whatever was undefined.


! Package inputenc Error: Unicode character Î  (U+03A0)
(inputenc)                not set up for use with LaTeX.

See the inputenc package documentation for explanation.
Type  H <return>  for immediate help.
 ...                                              
                                                  
l.2 \subsection{Î 
                  Î±ÏÎ¬Î´ÎµÎ¹Î³Î¼Î± Î¼ÎµÏ„Î±ÏƒÏ‡Î·Î¼Î±Ï„Î¹ÏƒÎ¼Î¿Ï \en{Four...

You may provide a definition with
\DeclareUnicodeCharacter 


! Package inputenc Error: Unicode character Î± (U+03B1)
(inputenc)                not set up for use with LaTeX.

See the inputenc package documentation for explanation.
Type  H <return>  for immediate help.
 ...                                              
                                                  
l.2 \subsection{Î Î±
                    ÏÎ¬Î´ÎµÎ¹Î³Î¼Î± Î¼ÎµÏ„Î±ÏƒÏ‡Î·Î¼Î±Ï„Î¹ÏƒÎ¼Î¿Ï \en{Four...

You may provide a definition with
\DeclareUnicodeCharacter 


! Package inputenc Error: Unicode character Ï (U+03C1)
(inputenc)                not set up for use with LaTeX.

See the inputenc package documentation for explanation.
Type  H <return>  for immediate help.
 ...                                              
                                                  
l.2 \subsection{Î Î±Ï
                      Î¬Î´ÎµÎ¹Î³Î¼Î± Î¼ÎµÏ„Î±ÏƒÏ‡Î·Î¼Î±Ï„Î¹ÏƒÎ¼Î¿Ï \en{Four...

You may provide a definition with
\DeclareUnicodeCharacter 


! Package inputenc Error: Unicode character Î¬ (U+03AC)
(inputenc)                not set up for use with LaTeX.

See the inputenc package documentation for explanation.
Type  H <return>  for immediate help.
 ...                                              
                                                  
l.2 \subsection{Î Î±ÏÎ¬
                        Î´ÎµÎ¹Î³Î¼Î± Î¼ÎµÏ„Î±ÏƒÏ‡Î·Î¼Î±Ï„Î¹ÏƒÎ¼Î¿Ï \en{Four...

You may provide a definition with
\DeclareUnicodeCharacter 


! Package inputenc Error: Unicode character Î´ (U+03B4)
(inputenc)                not set up for use with LaTeX.

See the inputenc package documentation for explanation.
Type  H <return>  for immediate help.
 ...                                              
                                                  
l.2 \subsection{Î Î±ÏÎ¬Î´
                          ÎµÎ¹Î³Î¼Î± Î¼ÎµÏ„Î±ÏƒÏ‡Î·Î¼Î±Ï„Î¹ÏƒÎ¼Î¿Ï \en{Four...

You may provide a definition with
\DeclareUnicodeCharacter 


! Package inputenc Error: Unicode character Îµ (U+03B5)
(inputenc)                not set up for use with LaTeX.

See the inputenc package documentation for explanation.
Type  H <return>  for immediate help.
 ...                                              
                                                  
l.2 \subsection{Î Î±ÏÎ¬Î´Îµ
                            Î¹Î³Î¼Î± Î¼ÎµÏ„Î±ÏƒÏ‡Î·Î¼Î±Ï„Î¹ÏƒÎ¼Î¿Ï \en{Four...

You may provide a definition with
\DeclareUnicodeCharacter 


! Package inputenc Error: Unicode character Î¹ (U+03B9)
(inputenc)                not set up for use with LaTeX.

See the inputenc package documentation for explanation.
Type  H <return>  for immediate help.
 ...                                              
                                                  
l.2 \subsection{Î Î±ÏÎ¬Î´ÎµÎ¹
                              Î³Î¼Î± Î¼ÎµÏ„Î±ÏƒÏ‡Î·Î¼Î±Ï„Î¹ÏƒÎ¼Î¿Ï \en{Four...

You may provide a definition with
\DeclareUnicodeCharacter 


! Package inputenc Error: Unicode character Î³ (U+03B3)
(inputenc)                not set up for use with LaTeX.

See the inputenc package documentation for explanation.
Type  H <return>  for immediate help.
 ...                                              
                                                  
l.2 \subsection{Î Î±ÏÎ¬Î´ÎµÎ¹Î³
                                Î¼Î± Î¼ÎµÏ„Î±ÏƒÏ‡Î·Î¼Î±Ï„Î¹ÏƒÎ¼Î¿Ï \en{Four...

You may provide a definition with
\DeclareUnicodeCharacter 


! Package inputenc Error: Unicode character Î¼ (U+03BC)
(inputenc)                not set up for use with LaTeX.

See the inputenc package documentation for explanation.
Type  H <return>  for immediate help.
 ...                                              
                                                  
l.2 \subsection{Î Î±ÏÎ¬Î´ÎµÎ¹Î³Î¼
                                  Î± Î¼ÎµÏ„Î±ÏƒÏ‡Î·Î¼Î±Ï„Î¹ÏƒÎ¼Î¿Ï \en{Four...

You may provide a definition with
\DeclareUnicodeCharacter 


! Package inputenc Error: Unicode character Î± (U+03B1)
(inputenc)                not set up for use with LaTeX.

See the inputenc package documentation for explanation.
Type  H <return>  for immediate help.
 ...                                              
                                                  
l.2 \subsection{Î Î±ÏÎ¬Î´ÎµÎ¹Î³Î¼Î±
                                     Î¼ÎµÏ„Î±ÏƒÏ‡Î·Î¼Î±Ï„Î¹ÏƒÎ¼Î¿Ï \en{Four...

You may provide a definition with
\DeclareUnicodeCharacter 


! Package inputenc Error: Unicode character Î¼ (U+03BC)
(inputenc)                not set up for use with LaTeX.

See the inputenc package documentation for explanation.
Type  H <return>  for immediate help.
 ...                                              
                                                  
l.2 \subsection{Î Î±ÏÎ¬Î´ÎµÎ¹Î³Î¼Î± Î¼
                                       ÎµÏ„Î±ÏƒÏ‡Î·Î¼Î±Ï„Î¹ÏƒÎ¼Î¿Ï \en{Four...

You may provide a definition with
\DeclareUnicodeCharacter 


! Package inputenc Error: Unicode character Îµ (U+03B5)
(inputenc)                not set up for use with LaTeX.

See the inputenc package documentation for explanation.
Type  H <return>  for immediate help.
 ...                                              
                                                  
l.2 \subsection{Î Î±ÏÎ¬Î´ÎµÎ¹Î³Î¼Î± Î¼Îµ
                                         Ï„Î±ÏƒÏ‡Î·Î¼Î±Ï„Î¹ÏƒÎ¼Î¿Ï \en{Four...

You may provide a definition with
\DeclareUnicodeCharacter 


! Package inputenc Error: Unicode character Ï„ (U+03C4)
(inputenc)                not set up for use with LaTeX.

See the inputenc package documentation for explanation.
Type  H <return>  for immediate help.
 ...                                              
                                                  
l.2 \subsection{Î Î±ÏÎ¬Î´ÎµÎ¹Î³Î¼Î± Î¼ÎµÏ„
                                           Î±ÏƒÏ‡Î·Î¼Î±Ï„Î¹ÏƒÎ¼Î¿Ï \en{Four...

You may provide a definition with
\DeclareUnicodeCharacter 


! Package inputenc Error: Unicode character Î± (U+03B1)
(inputenc)                not set up for use with LaTeX.

See the inputenc package documentation for explanation.
Type  H <return>  for immediate help.
 ...                                              
                                                  
l.2 \subsection{Î Î±ÏÎ¬Î´ÎµÎ¹Î³Î¼Î± Î¼ÎµÏ„Î±
                                             ÏƒÏ‡Î·Î¼Î±Ï„Î¹ÏƒÎ¼Î¿Ï \en{Four...

You may provide a definition with
\DeclareUnicodeCharacter 


! Package inputenc Error: Unicode character Ïƒ (U+03C3)
(inputenc)                not set up for use with LaTeX.

See the inputenc package documentation for explanation.
Type  H <return>  for immediate help.
 ...                                              
                                                  
l.2 \subsection{Î Î±ÏÎ¬Î´ÎµÎ¹Î³Î¼Î± Î¼ÎµÏ„Î±Ïƒ
                                               Ï‡Î·Î¼Î±Ï„Î¹ÏƒÎ¼Î¿Ï \en{Four...

You may provide a definition with
\DeclareUnicodeCharacter 


! Package inputenc Error: Unicode character Ï‡ (U+03C7)
(inputenc)                not set up for use with LaTeX.

See the inputenc package documentation for explanation.
Type  H <return>  for immediate help.
 ...                                              
                                                  
l.2 \subsection{Î Î±ÏÎ¬Î´ÎµÎ¹Î³Î¼Î± Î¼ÎµÏ„Î±ÏƒÏ‡
                                                 Î·Î¼Î±Ï„Î¹ÏƒÎ¼Î¿Ï \en{Four...

You may provide a definition with
\DeclareUnicodeCharacter 


! Package inputenc Error: Unicode character Î· (U+03B7)
(inputenc)                not set up for use with LaTeX.

See the inputenc package documentation for explanation.
Type  H <return>  for immediate help.
 ...                                              
                                                  
l.2 ...section{Î Î±ÏÎ¬Î´ÎµÎ¹Î³Î¼Î± Î¼ÎµÏ„Î±ÏƒÏ‡Î·
                                                  Î¼Î±Ï„Î¹ÏƒÎ¼Î¿Ï \en{Fouri...

You may provide a definition with
\DeclareUnicodeCharacter 


! Package inputenc Error: Unicode character Î¼ (U+03BC)
(inputenc)                not set up for use with LaTeX.

See the inputenc package documentation for explanation.
Type  H <return>  for immediate help.
 ...                                              
                                                  
l.2 ...ction{Î Î±ÏÎ¬Î´ÎµÎ¹Î³Î¼Î± Î¼ÎµÏ„Î±ÏƒÏ‡Î·Î¼
                                                  Î±Ï„Î¹ÏƒÎ¼Î¿Ï \en{Fourier}}
You may provide a definition with
\DeclareUnicodeCharacter 


! Package inputenc Error: Unicode character Î± (U+03B1)
(inputenc)                not set up for use with LaTeX.

See the inputenc package documentation for explanation.
Type  H <return>  for immediate help.
 ...                                              
                                                  
l.2 ...ion{Î Î±ÏÎ¬Î´ÎµÎ¹Î³Î¼Î± Î¼ÎµÏ„Î±ÏƒÏ‡Î·Î¼Î±
                                                  Ï„Î¹ÏƒÎ¼Î¿Ï \en{Fourier}}
You may provide a definition with
\DeclareUnicodeCharacter 


! Package inputenc Error: Unicode character Ï„ (U+03C4)
(inputenc)                not set up for use with LaTeX.

See the inputenc package documentation for explanation.
Type  H <return>  for immediate help.
 ...                                              
                                                  
l.2 ...n{Î Î±ÏÎ¬Î´ÎµÎ¹Î³Î¼Î± Î¼ÎµÏ„Î±ÏƒÏ‡Î·Î¼Î±Ï„
                                                  Î¹ÏƒÎ¼Î¿Ï \en{Fourier}}
You may provide a definition with
\DeclareUnicodeCharacter 


! Package inputenc Error: Unicode character Î¹ (U+03B9)
(inputenc)                not set up for use with LaTeX.

See the inputenc package documentation for explanation.
Type  H <return>  for immediate help.
 ...                                              
                                                  
l.2 ...Î Î±ÏÎ¬Î´ÎµÎ¹Î³Î¼Î± Î¼ÎµÏ„Î±ÏƒÏ‡Î·Î¼Î±Ï„Î¹
                                                  ÏƒÎ¼Î¿Ï \en{Fourier}}
You may provide a definition with
\DeclareUnicodeCharacter 


! Package inputenc Error: Unicode character Ïƒ (U+03C3)
(inputenc)                not set up for use with LaTeX.

See the inputenc package documentation for explanation.
Type  H <return>  for immediate help.
 ...                                              
                                                  
l.2 ...Î±ÏÎ¬Î´ÎµÎ¹Î³Î¼Î± Î¼ÎµÏ„Î±ÏƒÏ‡Î·Î¼Î±Ï„Î¹Ïƒ
                                                  Î¼Î¿Ï \en{Fourier}}
You may provide a definition with
\DeclareUnicodeCharacter 


! Package inputenc Error: Unicode character Î¼ (U+03BC)
(inputenc)                not set up for use with LaTeX.

See the inputenc package documentation for explanation.
Type  H <return>  for immediate help.
 ...                                              
                                                  
l.2 ...ÏÎ¬Î´ÎµÎ¹Î³Î¼Î± Î¼ÎµÏ„Î±ÏƒÏ‡Î·Î¼Î±Ï„Î¹ÏƒÎ¼
                                                  Î¿Ï \en{Fourier}}
You may provide a definition with
\DeclareUnicodeCharacter 


! Package inputenc Error: Unicode character Î¿ (U+03BF)
(inputenc)                not set up for use with LaTeX.

See the inputenc package documentation for explanation.
Type  H <return>  for immediate help.
 ...                                              
                                                  
l.2 ...Î¬Î´ÎµÎ¹Î³Î¼Î± Î¼ÎµÏ„Î±ÏƒÏ‡Î·Î¼Î±Ï„Î¹ÏƒÎ¼Î¿
                                                  Ï \en{Fourier}}
You may provide a definition with
\DeclareUnicodeCharacter 


! Package inputenc Error: Unicode character Ï (U+03CD)
(inputenc)                not set up for use with LaTeX.

See the inputenc package documentation for explanation.
Type  H <return>  for immediate help.
 ...                                              
                                                  
l.2 ...Î´ÎµÎ¹Î³Î¼Î± Î¼ÎµÏ„Î±ÏƒÏ‡Î·Î¼Î±Ï„Î¹ÏƒÎ¼Î¿Ï
                                                   \en{Fourier}}
You may provide a definition with
\DeclareUnicodeCharacter 

! Undefined control sequence.
l.2 ...Î¹Î³Î¼Î± Î¼ÎµÏ„Î±ÏƒÏ‡Î·Î¼Î±Ï„Î¹ÏƒÎ¼Î¿Ï \en
                                                  {Fourier}}
The control sequence at the end of the top line
of your error message was never \def'ed. If you have
misspelled it (e.g., `\hobx'), type `I' and the correct
spelling (e.g., `I\hbox'). Otherwise just continue,
and I'll forget about whatever was undefined.


! LaTeX Error: Missing \begin{document}.

See the LaTeX manual or LaTeX Companion for explanation.
Type  H <return>  for immediate help.
 ...                                              
                                                  
l.2 ...Î³Î¼Î± Î¼ÎµÏ„Î±ÏƒÏ‡Î·Î¼Î±Ï„Î¹ÏƒÎ¼Î¿Ï \en{F
                                                  ourier}}
You're in trouble here.  Try typing  <return>  to proceed.
If that doesn't work, type  X <return>  to quit.

Missing character: There is no F in font nullfont!
Missing character: There is no o in font nullfont!
Missing character: There is no u in font nullfont!
Missing character: There is no r in font nullfont!
Missing character: There is no i in font nullfont!
Missing character: There is no e in font nullfont!
Missing character: There is no r in font nullfont!

! Package inputenc Error: Unicode character ÎŸ (U+039F)
(inputenc)                not set up for use with LaTeX.

See the inputenc package documentation for explanation.
Type  H <return>  for immediate help.
 ...                                              
                                                  
l.3 ÎŸ
       Î¼ÎµÏ„Î±ÏƒÏ‡Î·Î¼Î±Ï„Î¹ÏƒÎ¼ÏŒÏ‚ \en{fourie} Î­Ï‡ÎµÎ¹ Ï€Î¿Î»Î»Î­Ï‚ ÎµÏ†...

You may provide a definition with
\DeclareUnicodeCharacter 


! Package inputenc Error: Unicode character Î¼ (U+03BC)
(inputenc)                not set up for use with LaTeX.

See the inputenc package documentation for explanation.
Type  H <return>  for immediate help.
 ...                                              
                                                  
l.3 ÎŸ Î¼
         ÎµÏ„Î±ÏƒÏ‡Î·Î¼Î±Ï„Î¹ÏƒÎ¼ÏŒÏ‚ \en{fourie} Î­Ï‡ÎµÎ¹ Ï€Î¿Î»Î»Î­Ï‚ ÎµÏ†...

You may provide a definition with
\DeclareUnicodeCharacter 


! Package inputenc Error: Unicode character Îµ (U+03B5)
(inputenc)                not set up for use with LaTeX.

See the inputenc package documentation for explanation.
Type  H <return>  for immediate help.
 ...                                              
                                                  
l.3 ÎŸ Î¼Îµ
           Ï„Î±ÏƒÏ‡Î·Î¼Î±Ï„Î¹ÏƒÎ¼ÏŒÏ‚ \en{fourie} Î­Ï‡ÎµÎ¹ Ï€Î¿Î»Î»Î­Ï‚ ÎµÏ†...

You may provide a definition with
\DeclareUnicodeCharacter 


! Package inputenc Error: Unicode character Ï„ (U+03C4)
(inputenc)                not set up for use with LaTeX.

See the inputenc package documentation for explanation.
Type  H <return>  for immediate help.
 ...                                              
                                                  
l.3 ÎŸ Î¼ÎµÏ„
             Î±ÏƒÏ‡Î·Î¼Î±Ï„Î¹ÏƒÎ¼ÏŒÏ‚ \en{fourie} Î­Ï‡ÎµÎ¹ Ï€Î¿Î»Î»Î­Ï‚ ÎµÏ†...

You may provide a definition with
\DeclareUnicodeCharacter 


! Package inputenc Error: Unicode character Î± (U+03B1)
(inputenc)                not set up for use with LaTeX.

See the inputenc package documentation for explanation.
Type  H <return>  for immediate help.
 ...                                              
                                                  
l.3 ÎŸ Î¼ÎµÏ„Î±
               ÏƒÏ‡Î·Î¼Î±Ï„Î¹ÏƒÎ¼ÏŒÏ‚ \en{fourie} Î­Ï‡ÎµÎ¹ Ï€Î¿Î»Î»Î­Ï‚ ÎµÏ†...

You may provide a definition with
\DeclareUnicodeCharacter 


! Package inputenc Error: Unicode character Ïƒ (U+03C3)
(inputenc)                not set up for use with LaTeX.

See the inputenc package documentation for explanation.
Type  H <return>  for immediate help.
 ...                                              
                                                  
l.3 ÎŸ Î¼ÎµÏ„Î±Ïƒ
                 Ï‡Î·Î¼Î±Ï„Î¹ÏƒÎ¼ÏŒÏ‚ \en{fourie} Î­Ï‡ÎµÎ¹ Ï€Î¿Î»Î»Î­Ï‚ ÎµÏ†...

You may provide a definition with
\DeclareUnicodeCharacter 


! Package inputenc Error: Unicode character Ï‡ (U+03C7)
(inputenc)                not set up for use with LaTeX.

See the inputenc package documentation for explanation.
Type  H <return>  for immediate help.
 ...                                              
                                                  
l.3 ÎŸ Î¼ÎµÏ„Î±ÏƒÏ‡
                   Î·Î¼Î±Ï„Î¹ÏƒÎ¼ÏŒÏ‚ \en{fourie} Î­Ï‡ÎµÎ¹ Ï€Î¿Î»Î»Î­Ï‚ ÎµÏ†...

You may provide a definition with
\DeclareUnicodeCharacter 


! Package inputenc Error: Unicode character Î· (U+03B7)
(inputenc)                not set up for use with LaTeX.

See the inputenc package documentation for explanation.
Type  H <return>  for immediate help.
 ...                                              
                                                  
l.3 ÎŸ Î¼ÎµÏ„Î±ÏƒÏ‡Î·
                     Î¼Î±Ï„Î¹ÏƒÎ¼ÏŒÏ‚ \en{fourie} Î­Ï‡ÎµÎ¹ Ï€Î¿Î»Î»Î­Ï‚ ÎµÏ†...

You may provide a definition with
\DeclareUnicodeCharacter 


! Package inputenc Error: Unicode character Î¼ (U+03BC)
(inputenc)                not set up for use with LaTeX.

See the inputenc package documentation for explanation.
Type  H <return>  for immediate help.
 ...                                              
                                                  
l.3 ÎŸ Î¼ÎµÏ„Î±ÏƒÏ‡Î·Î¼
                       Î±Ï„Î¹ÏƒÎ¼ÏŒÏ‚ \en{fourie} Î­Ï‡ÎµÎ¹ Ï€Î¿Î»Î»Î­Ï‚ ÎµÏ†...

You may provide a definition with
\DeclareUnicodeCharacter 


! Package inputenc Error: Unicode character Î± (U+03B1)
(inputenc)                not set up for use with LaTeX.

See the inputenc package documentation for explanation.
Type  H <return>  for immediate help.
 ...                                              
                                                  
l.3 ÎŸ Î¼ÎµÏ„Î±ÏƒÏ‡Î·Î¼Î±
                         Ï„Î¹ÏƒÎ¼ÏŒÏ‚ \en{fourie} Î­Ï‡ÎµÎ¹ Ï€Î¿Î»Î»Î­Ï‚ ÎµÏ†...

You may provide a definition with
\DeclareUnicodeCharacter 


! Package inputenc Error: Unicode character Ï„ (U+03C4)
(inputenc)                not set up for use with LaTeX.

See the inputenc package documentation for explanation.
Type  H <return>  for immediate help.
 ...                                              
                                                  
l.3 ÎŸ Î¼ÎµÏ„Î±ÏƒÏ‡Î·Î¼Î±Ï„
                           Î¹ÏƒÎ¼ÏŒÏ‚ \en{fourie} Î­Ï‡ÎµÎ¹ Ï€Î¿Î»Î»Î­Ï‚ ÎµÏ†...

You may provide a definition with
\DeclareUnicodeCharacter 


! Package inputenc Error: Unicode character Î¹ (U+03B9)
(inputenc)                not set up for use with LaTeX.

See the inputenc package documentation for explanation.
Type  H <return>  for immediate help.
 ...                                              
                                                  
l.3 ÎŸ Î¼ÎµÏ„Î±ÏƒÏ‡Î·Î¼Î±Ï„Î¹
                             ÏƒÎ¼ÏŒÏ‚ \en{fourie} Î­Ï‡ÎµÎ¹ Ï€Î¿Î»Î»Î­Ï‚ ÎµÏ†...

You may provide a definition with
\DeclareUnicodeCharacter 


! Package inputenc Error: Unicode character Ïƒ (U+03C3)
(inputenc)                not set up for use with LaTeX.

See the inputenc package documentation for explanation.
Type  H <return>  for immediate help.
 ...                                              
                                                  
l.3 ÎŸ Î¼ÎµÏ„Î±ÏƒÏ‡Î·Î¼Î±Ï„Î¹Ïƒ
                               Î¼ÏŒÏ‚ \en{fourie} Î­Ï‡ÎµÎ¹ Ï€Î¿Î»Î»Î­Ï‚ ÎµÏ†...

You may provide a definition with
\DeclareUnicodeCharacter 


! Package inputenc Error: Unicode character Î¼ (U+03BC)
(inputenc)                not set up for use with LaTeX.

See the inputenc package documentation for explanation.
Type  H <return>  for immediate help.
 ...                                              
                                                  
l.3 ÎŸ Î¼ÎµÏ„Î±ÏƒÏ‡Î·Î¼Î±Ï„Î¹ÏƒÎ¼
                                 ÏŒÏ‚ \en{fourie} Î­Ï‡ÎµÎ¹ Ï€Î¿Î»Î»Î­Ï‚ ÎµÏ†...

You may provide a definition with
\DeclareUnicodeCharacter 


! Package inputenc Error: Unicode character ÏŒ (U+03CC)
(inputenc)                not set up for use with LaTeX.

See the inputenc package documentation for explanation.
Type  H <return>  for immediate help.
 ...                                              
                                                  
l.3 ÎŸ Î¼ÎµÏ„Î±ÏƒÏ‡Î·Î¼Î±Ï„Î¹ÏƒÎ¼ÏŒ
                                   Ï‚ \en{fourie} Î­Ï‡ÎµÎ¹ Ï€Î¿Î»Î»Î­Ï‚ ÎµÏ†...

You may provide a definition with
\DeclareUnicodeCharacter 


! Package inputenc Error: Unicode character Ï‚ (U+03C2)
(inputenc)                not set up for use with LaTeX.

See the inputenc package documentation for explanation.
Type  H <return>  for immediate help.
 ...                                              
                                                  
l.3 ÎŸ Î¼ÎµÏ„Î±ÏƒÏ‡Î·Î¼Î±Ï„Î¹ÏƒÎ¼ÏŒÏ‚
                                      \en{fourie} Î­Ï‡ÎµÎ¹ Ï€Î¿Î»Î»Î­Ï‚ ÎµÏ†...

You may provide a definition with
\DeclareUnicodeCharacter 

! Undefined control sequence.
l.3 ÎŸ Î¼ÎµÏ„Î±ÏƒÏ‡Î·Î¼Î±Ï„Î¹ÏƒÎ¼ÏŒÏ‚ \en
                                         {fourie} Î­Ï‡ÎµÎ¹ Ï€Î¿Î»Î»Î­Ï‚ ÎµÏ†...
The control sequence at the end of the top line
of your error message was never \def'ed. If you have
misspelled it (e.g., `\hobx'), type `I' and the correct
spelling (e.g., `I\hbox'). Otherwise just continue,
and I'll forget about whatever was undefined.

Missing character: There is no f in font nullfont!
Missing character: There is no o in font nullfont!
Missing character: There is no u in font nullfont!
Missing character: There is no r in font nullfont!
Missing character: There is no i in font nullfont!
Missing character: There is no e in font nullfont!

! Package inputenc Error: Unicode character Î­ (U+03AD)
(inputenc)                not set up for use with LaTeX.

See the inputenc package documentation for explanation.
Type  H <return>  for immediate help.
 ...                                              
                                                  
l.3 ...ÎµÏ„Î±ÏƒÏ‡Î·Î¼Î±Ï„Î¹ÏƒÎ¼ÏŒÏ‚ \en{fourie} Î­
                                                  Ï‡ÎµÎ¹ Ï€Î¿Î»Î»Î­Ï‚ ÎµÏ†Î±...

You may provide a definition with
\DeclareUnicodeCharacter 


! Package inputenc Error: Unicode character Ï‡ (U+03C7)
(inputenc)                not set up for use with LaTeX.

See the inputenc package documentation for explanation.
Type  H <return>  for immediate help.
 ...                                              
                                                  
l.3 ...Ï„Î±ÏƒÏ‡Î·Î¼Î±Ï„Î¹ÏƒÎ¼ÏŒÏ‚ \en{fourie} Î­Ï‡
                                                  ÎµÎ¹ Ï€Î¿Î»Î»Î­Ï‚ ÎµÏ†Î±Ï...

You may provide a definition with
\DeclareUnicodeCharacter 


! Package inputenc Error: Unicode character Îµ (U+03B5)
(inputenc)                not set up for use with LaTeX.

See the inputenc package documentation for explanation.
Type  H <return>  for immediate help.
 ...                                              
                                                  
l.3 ...Î±ÏƒÏ‡Î·Î¼Î±Ï„Î¹ÏƒÎ¼ÏŒÏ‚ \en{fourie} Î­Ï‡Îµ
                                                  Î¹ Ï€Î¿Î»Î»Î­Ï‚ ÎµÏ†Î±ÏÎ¼...

You may provide a definition with
\DeclareUnicodeCharacter 


! Package inputenc Error: Unicode character Î¹ (U+03B9)
(inputenc)                not set up for use with LaTeX.

See the inputenc package documentation for explanation.
Type  H <return>  for immediate help.
 ...                                              
                                                  
l.3 ...ÏƒÏ‡Î·Î¼Î±Ï„Î¹ÏƒÎ¼ÏŒÏ‚ \en{fourie} Î­Ï‡ÎµÎ¹
                                                   Ï€Î¿Î»Î»Î­Ï‚ ÎµÏ†Î±ÏÎ¼Î¿...

You may provide a definition with
\DeclareUnicodeCharacter 


! Package inputenc Error: Unicode character Ï€ (U+03C0)
(inputenc)                not set up for use with LaTeX.

See the inputenc package documentation for explanation.
Type  H <return>  for immediate help.
 ...                                              
                                                  
l.3 ...‡Î·Î¼Î±Ï„Î¹ÏƒÎ¼ÏŒÏ‚ \en{fourie} Î­Ï‡ÎµÎ¹ Ï€
                                                  Î¿Î»Î»Î­Ï‚ ÎµÏ†Î±ÏÎ¼Î¿Î³Î...

You may provide a definition with
\DeclareUnicodeCharacter 


! Package inputenc Error: Unicode character Î¿ (U+03BF)
(inputenc)                not set up for use with LaTeX.

See the inputenc package documentation for explanation.
Type  H <return>  for immediate help.
 ...                                              
                                                  
l.3 ...·Î¼Î±Ï„Î¹ÏƒÎ¼ÏŒÏ‚ \en{fourie} Î­Ï‡ÎµÎ¹ Ï€Î¿
                                                  Î»Î»Î­Ï‚ ÎµÏ†Î±ÏÎ¼Î¿Î³Î­Ï...

You may provide a definition with
\DeclareUnicodeCharacter 


! Package inputenc Error: Unicode character Î» (U+03BB)
(inputenc)                not set up for use with LaTeX.

See the inputenc package documentation for explanation.
Type  H <return>  for immediate help.
 ...                                              
                                                  
l.3 ...¼Î±Ï„Î¹ÏƒÎ¼ÏŒÏ‚ \en{fourie} Î­Ï‡ÎµÎ¹ Ï€Î¿Î»
                                                  Î»Î­Ï‚ ÎµÏ†Î±ÏÎ¼Î¿Î³Î­Ï‚ ...

You may provide a definition with
\DeclareUnicodeCharacter 


! Package inputenc Error: Unicode character Î» (U+03BB)
(inputenc)                not set up for use with LaTeX.

See the inputenc package documentation for explanation.
Type  H <return>  for immediate help.
 ...                                              
                                                  
l.3 ...±Ï„Î¹ÏƒÎ¼ÏŒÏ‚ \en{fourie} Î­Ï‡ÎµÎ¹ Ï€Î¿Î»Î»
                                                  Î­Ï‚ ÎµÏ†Î±ÏÎ¼Î¿Î³Î­Ï‚ Ïƒ...

You may provide a definition with
\DeclareUnicodeCharacter 


! Package inputenc Error: Unicode character Î­ (U+03AD)
(inputenc)                not set up for use with LaTeX.

See the inputenc package documentation for explanation.
Type  H <return>  for immediate help.
 ...                                              
                                                  
l.3 ...„Î¹ÏƒÎ¼ÏŒÏ‚ \en{fourie} Î­Ï‡ÎµÎ¹ Ï€Î¿Î»Î»Î­
                                                  Ï‚ ÎµÏ†Î±ÏÎ¼Î¿Î³Î­Ï‚ ÏƒÏ„...

You may provide a definition with
\DeclareUnicodeCharacter 


! Package inputenc Error: Unicode character Ï‚ (U+03C2)
(inputenc)                not set up for use with LaTeX.

See the inputenc package documentation for explanation.
Type  H <return>  for immediate help.
 ...                                              
                                                  
l.3 ...¹ÏƒÎ¼ÏŒÏ‚ \en{fourie} Î­Ï‡ÎµÎ¹ Ï€Î¿Î»Î»Î­Ï‚
                                                   ÎµÏ†Î±ÏÎ¼Î¿Î³Î­Ï‚ ÏƒÏ„Î·...

You may provide a definition with
\DeclareUnicodeCharacter 


! Package inputenc Error: Unicode character Îµ (U+03B5)
(inputenc)                not set up for use with LaTeX.

See the inputenc package documentation for explanation.
Type  H <return>  for immediate help.
 ...                                              
                                                  
l.3 ...Î¼ÏŒÏ‚ \en{fourie} Î­Ï‡ÎµÎ¹ Ï€Î¿Î»Î»Î­Ï‚ Îµ
                                                  Ï†Î±ÏÎ¼Î¿Î³Î­Ï‚ ÏƒÏ„Î· Ï†...

You may provide a definition with
\DeclareUnicodeCharacter 


! Package inputenc Error: Unicode character Ï† (U+03C6)
(inputenc)                not set up for use with LaTeX.

See the inputenc package documentation for explanation.
Type  H <return>  for immediate help.
 ...                                              
                                                  
l.3 ...ÏŒÏ‚ \en{fourie} Î­Ï‡ÎµÎ¹ Ï€Î¿Î»Î»Î­Ï‚ ÎµÏ†
                                                  Î±ÏÎ¼Î¿Î³Î­Ï‚ ÏƒÏ„Î· Ï†Ï…...

You may provide a definition with
\DeclareUnicodeCharacter 


! Package inputenc Error: Unicode character Î± (U+03B1)
(inputenc)                not set up for use with LaTeX.

See the inputenc package documentation for explanation.
Type  H <return>  for immediate help.
 ...                                              
                                                  
l.3 ...Ï‚ \en{fourie} Î­Ï‡ÎµÎ¹ Ï€Î¿Î»Î»Î­Ï‚ ÎµÏ†Î±
                                                  ÏÎ¼Î¿Î³Î­Ï‚ ÏƒÏ„Î· Ï†Ï…Ïƒ...

You may provide a definition with
\DeclareUnicodeCharacter 


! Package inputenc Error: Unicode character Ï (U+03C1)
(inputenc)                not set up for use with LaTeX.

See the inputenc package documentation for explanation.
Type  H <return>  for immediate help.
 ...                                              
                                                  
l.3 ... \en{fourie} Î­Ï‡ÎµÎ¹ Ï€Î¿Î»Î»Î­Ï‚ ÎµÏ†Î±Ï
                                                  Î¼Î¿Î³Î­Ï‚ ÏƒÏ„Î· Ï†Ï…ÏƒÎ¹...

You may provide a definition with
\DeclareUnicodeCharacter 


! Package inputenc Error: Unicode character Î¼ (U+03BC)
(inputenc)                not set up for use with LaTeX.

See the inputenc package documentation for explanation.
Type  H <return>  for immediate help.
 ...                                              
                                                  
l.3 ...en{fourie} Î­Ï‡ÎµÎ¹ Ï€Î¿Î»Î»Î­Ï‚ ÎµÏ†Î±ÏÎ¼
                                                  Î¿Î³Î­Ï‚ ÏƒÏ„Î· Ï†Ï…ÏƒÎ¹Îº...

You may provide a definition with
\DeclareUnicodeCharacter 


! Package inputenc Error: Unicode character Î¿ (U+03BF)
(inputenc)                not set up for use with LaTeX.

See the inputenc package documentation for explanation.
Type  H <return>  for immediate help.
 ...                                              
                                                  
l.3 ...{fourie} Î­Ï‡ÎµÎ¹ Ï€Î¿Î»Î»Î­Ï‚ ÎµÏ†Î±ÏÎ¼Î¿
                                                  Î³Î­Ï‚ ÏƒÏ„Î· Ï†Ï…ÏƒÎ¹ÎºÎ®...

You may provide a definition with
\DeclareUnicodeCharacter 


! Package inputenc Error: Unicode character Î³ (U+03B3)
(inputenc)                not set up for use with LaTeX.

See the inputenc package documentation for explanation.
Type  H <return>  for immediate help.
 ...                                              
                                                  
l.3 ...ourie} Î­Ï‡ÎµÎ¹ Ï€Î¿Î»Î»Î­Ï‚ ÎµÏ†Î±ÏÎ¼Î¿Î³
                                                  Î­Ï‚ ÏƒÏ„Î· Ï†Ï…ÏƒÎ¹ÎºÎ® Î...

You may provide a definition with
\DeclareUnicodeCharacter 


! Package inputenc Error: Unicode character Î­ (U+03AD)
(inputenc)                not set up for use with LaTeX.

See the inputenc package documentation for explanation.
Type  H <return>  for immediate help.
 ...                                              
                                                  
l.3 ...rie} Î­Ï‡ÎµÎ¹ Ï€Î¿Î»Î»Î­Ï‚ ÎµÏ†Î±ÏÎ¼Î¿Î³Î­
                                                  Ï‚ ÏƒÏ„Î· Ï†Ï…ÏƒÎ¹ÎºÎ® ÎºÎ...

You may provide a definition with
\DeclareUnicodeCharacter 


! Package inputenc Error: Unicode character Ï‚ (U+03C2)
(inputenc)                not set up for use with LaTeX.

See the inputenc package documentation for explanation.
Type  H <return>  for immediate help.
 ...                                              
                                                  
l.3 ...e} Î­Ï‡ÎµÎ¹ Ï€Î¿Î»Î»Î­Ï‚ ÎµÏ†Î±ÏÎ¼Î¿Î³Î­Ï‚
                                                   ÏƒÏ„Î· Ï†Ï…ÏƒÎ¹ÎºÎ® ÎºÎ±Î...

You may provide a definition with
\DeclareUnicodeCharacter 


! Package inputenc Error: Unicode character Ïƒ (U+03C3)
(inputenc)                not set up for use with LaTeX.

See the inputenc package documentation for explanation.
Type  H <return>  for immediate help.
 ...                                              
                                                  
l.3 ...Î­Ï‡ÎµÎ¹ Ï€Î¿Î»Î»Î­Ï‚ ÎµÏ†Î±ÏÎ¼Î¿Î³Î­Ï‚ Ïƒ
                                                  Ï„Î· Ï†Ï…ÏƒÎ¹ÎºÎ® ÎºÎ±Î¹ Ï...

You may provide a definition with
\DeclareUnicodeCharacter 


! Package inputenc Error: Unicode character Ï„ (U+03C4)
(inputenc)                not set up for use with LaTeX.

See the inputenc package documentation for explanation.
Type  H <return>  for immediate help.
 ...                                              
                                                  
l.3 ...Ï‡ÎµÎ¹ Ï€Î¿Î»Î»Î­Ï‚ ÎµÏ†Î±ÏÎ¼Î¿Î³Î­Ï‚ ÏƒÏ„
                                                  Î· Ï†Ï…ÏƒÎ¹ÎºÎ® ÎºÎ±Î¹ ÏƒÏ...

You may provide a definition with
\DeclareUnicodeCharacter 


! Package inputenc Error: Unicode character Î· (U+03B7)
(inputenc)                not set up for use with LaTeX.

See the inputenc package documentation for explanation.
Type  H <return>  for immediate help.
 ...                                              
                                                  
l.3 ...ÎµÎ¹ Ï€Î¿Î»Î»Î­Ï‚ ÎµÏ†Î±ÏÎ¼Î¿Î³Î­Ï‚ ÏƒÏ„Î·
                                                   Ï†Ï…ÏƒÎ¹ÎºÎ® ÎºÎ±Î¹ ÏƒÏ„Î...

You may provide a definition with
\DeclareUnicodeCharacter 


! Package inputenc Error: Unicode character Ï† (U+03C6)
(inputenc)                not set up for use with LaTeX.

See the inputenc package documentation for explanation.
Type  H <return>  for immediate help.
 ...                                              
                                                  
l.3 ...¹ Ï€Î¿Î»Î»Î­Ï‚ ÎµÏ†Î±ÏÎ¼Î¿Î³Î­Ï‚ ÏƒÏ„Î· Ï†
                                                  Ï…ÏƒÎ¹ÎºÎ® ÎºÎ±Î¹ ÏƒÏ„Î· Î...

You may provide a definition with
\DeclareUnicodeCharacter 


! Package inputenc Error: Unicode character Ï… (U+03C5)
(inputenc)                not set up for use with LaTeX.

See the inputenc package documentation for explanation.
Type  H <return>  for immediate help.
 ...                                              
                                                  
l.3 ...Ï€Î¿Î»Î»Î­Ï‚ ÎµÏ†Î±ÏÎ¼Î¿Î³Î­Ï‚ ÏƒÏ„Î· Ï†Ï…
                                                  ÏƒÎ¹ÎºÎ® ÎºÎ±Î¹ ÏƒÏ„Î· Î¼Î...

You may provide a definition with
\DeclareUnicodeCharacter 


! Package inputenc Error: Unicode character Ïƒ (U+03C3)
(inputenc)                not set up for use with LaTeX.

See the inputenc package documentation for explanation.
Type  H <return>  for immediate help.
 ...                                              
                                                  
l.3 ...Î¿Î»Î»Î­Ï‚ ÎµÏ†Î±ÏÎ¼Î¿Î³Î­Ï‚ ÏƒÏ„Î· Ï†Ï…Ïƒ
                                                  Î¹ÎºÎ® ÎºÎ±Î¹ ÏƒÏ„Î· Î¼Î·Ï...

You may provide a definition with
\DeclareUnicodeCharacter 


! Package inputenc Error: Unicode character Î¹ (U+03B9)
(inputenc)                not set up for use with LaTeX.

See the inputenc package documentation for explanation.
Type  H <return>  for immediate help.
 ...                                              
                                                  
l.3 ...Î»Î»Î­Ï‚ ÎµÏ†Î±ÏÎ¼Î¿Î³Î­Ï‚ ÏƒÏ„Î· Ï†Ï…ÏƒÎ¹
                                                  ÎºÎ® ÎºÎ±Î¹ ÏƒÏ„Î· Î¼Î·Ï‡Î...

You may provide a definition with
\DeclareUnicodeCharacter 


! Package inputenc Error: Unicode character Îº (U+03BA)
(inputenc)                not set up for use with LaTeX.

See the inputenc package documentation for explanation.
Type  H <return>  for immediate help.
 ...                                              
                                                  
l.3 ...Î»Î­Ï‚ ÎµÏ†Î±ÏÎ¼Î¿Î³Î­Ï‚ ÏƒÏ„Î· Ï†Ï…ÏƒÎ¹Îº
                                                  Î® ÎºÎ±Î¹ ÏƒÏ„Î· Î¼Î·Ï‡Î±Î...

You may provide a definition with
\DeclareUnicodeCharacter 


! Package inputenc Error: Unicode character Î® (U+03AE)
(inputenc)                not set up for use with LaTeX.

See the inputenc package documentation for explanation.
Type  H <return>  for immediate help.
 ...                                              
                                                  
l.3 ...Î­Ï‚ ÎµÏ†Î±ÏÎ¼Î¿Î³Î­Ï‚ ÏƒÏ„Î· Ï†Ï…ÏƒÎ¹ÎºÎ®
                                                   ÎºÎ±Î¹ ÏƒÏ„Î· Î¼Î·Ï‡Î±Î½Î...

You may provide a definition with
\DeclareUnicodeCharacter 


! Package inputenc Error: Unicode character Îº (U+03BA)
(inputenc)                not set up for use with LaTeX.

See the inputenc package documentation for explanation.
Type  H <return>  for immediate help.
 ...                                              
                                                  
l.3 ...‚ ÎµÏ†Î±ÏÎ¼Î¿Î³Î­Ï‚ ÏƒÏ„Î· Ï†Ï…ÏƒÎ¹ÎºÎ® Îº
                                                  Î±Î¹ ÏƒÏ„Î· Î¼Î·Ï‡Î±Î½Î¹Îº...

You may provide a definition with
\DeclareUnicodeCharacter 


! Package inputenc Error: Unicode character Î± (U+03B1)
(inputenc)                not set up for use with LaTeX.

See the inputenc package documentation for explanation.
Type  H <return>  for immediate help.
 ...                                              
                                                  
l.3 ...ÎµÏ†Î±ÏÎ¼Î¿Î³Î­Ï‚ ÏƒÏ„Î· Ï†Ï…ÏƒÎ¹ÎºÎ® ÎºÎ±
                                                  Î¹ ÏƒÏ„Î· Î¼Î·Ï‡Î±Î½Î¹ÎºÎ®...

You may provide a definition with
\DeclareUnicodeCharacter 


! Package inputenc Error: Unicode character Î¹ (U+03B9)
(inputenc)                not set up for use with LaTeX.

See the inputenc package documentation for explanation.
Type  H <return>  for immediate help.
 ...                                              
                                                  
l.3 ...Ï†Î±ÏÎ¼Î¿Î³Î­Ï‚ ÏƒÏ„Î· Ï†Ï…ÏƒÎ¹ÎºÎ® ÎºÎ±Î¹
                                                   ÏƒÏ„Î· Î¼Î·Ï‡Î±Î½Î¹ÎºÎ®. ...

You may provide a definition with
\DeclareUnicodeCharacter 


! Package inputenc Error: Unicode character Ïƒ (U+03C3)
(inputenc)                not set up for use with LaTeX.

See the inputenc package documentation for explanation.
Type  H <return>  for immediate help.
 ...                                              
                                                  
l.3 ...±ÏÎ¼Î¿Î³Î­Ï‚ ÏƒÏ„Î· Ï†Ï…ÏƒÎ¹ÎºÎ® ÎºÎ±Î¹ Ïƒ
                                                  Ï„Î· Î¼Î·Ï‡Î±Î½Î¹ÎºÎ®. ÎœÎ...

You may provide a definition with
\DeclareUnicodeCharacter 


! Package inputenc Error: Unicode character Ï„ (U+03C4)
(inputenc)                not set up for use with LaTeX.

See the inputenc package documentation for explanation.
Type  H <return>  for immediate help.
 ...                                              
                                                  
l.3 ...Î¼Î¿Î³Î­Ï‚ ÏƒÏ„Î· Ï†Ï…ÏƒÎ¹ÎºÎ® ÎºÎ±Î¹ ÏƒÏ„
                                                  Î· Î¼Î·Ï‡Î±Î½Î¹ÎºÎ®. ÎœÎµÏ...

You may provide a definition with
\DeclareUnicodeCharacter 


! Package inputenc Error: Unicode character Î· (U+03B7)
(inputenc)                not set up for use with LaTeX.

See the inputenc package documentation for explanation.
Type  H <return>  for immediate help.
 ...                                              
                                                  
l.3 ...¼Î¿Î³Î­Ï‚ ÏƒÏ„Î· Ï†Ï…ÏƒÎ¹ÎºÎ® ÎºÎ±Î¹ ÏƒÏ„Î·
                                                   Î¼Î·Ï‡Î±Î½Î¹ÎºÎ®. ÎœÎµÏ„Î...

You may provide a definition with
\DeclareUnicodeCharacter 


! Package inputenc Error: Unicode character Î¼ (U+03BC)
(inputenc)                not set up for use with LaTeX.

See the inputenc package documentation for explanation.
Type  H <return>  for immediate help.
 ...                                              
                                                  
l.3 ...Î³Î­Ï‚ ÏƒÏ„Î· Ï†Ï…ÏƒÎ¹ÎºÎ® ÎºÎ±Î¹ ÏƒÏ„Î· Î¼
                                                  Î·Ï‡Î±Î½Î¹ÎºÎ®. ÎœÎµÏ„Î±Ï„...

You may provide a definition with
\DeclareUnicodeCharacter 


! Package inputenc Error: Unicode character Î· (U+03B7)
(inputenc)                not set up for use with LaTeX.

See the inputenc package documentation for explanation.
Type  H <return>  for immediate help.
 ...                                              
                                                  
l.3 ...Î­Ï‚ ÏƒÏ„Î· Ï†Ï…ÏƒÎ¹ÎºÎ® ÎºÎ±Î¹ ÏƒÏ„Î· Î¼Î·
                                                  Ï‡Î±Î½Î¹ÎºÎ®. ÎœÎµÏ„Î±Ï„Ï...

You may provide a definition with
\DeclareUnicodeCharacter 


! Package inputenc Error: Unicode character Ï‡ (U+03C7)
(inputenc)                not set up for use with LaTeX.

See the inputenc package documentation for explanation.
Type  H <return>  for immediate help.
 ...                                              
                                                  
l.3 ...Ï‚ ÏƒÏ„Î· Ï†Ï…ÏƒÎ¹ÎºÎ® ÎºÎ±Î¹ ÏƒÏ„Î· Î¼Î·Ï‡
                                                  Î±Î½Î¹ÎºÎ®. ÎœÎµÏ„Î±Ï„ÏÎ­...

You may provide a definition with
\DeclareUnicodeCharacter 


! Package inputenc Error: Unicode character Î± (U+03B1)
(inputenc)                not set up for use with LaTeX.

See the inputenc package documentation for explanation.
Type  H <return>  for immediate help.
 ...                                              
                                                  
l.3 ... ÏƒÏ„Î· Ï†Ï…ÏƒÎ¹ÎºÎ® ÎºÎ±Î¹ ÏƒÏ„Î· Î¼Î·Ï‡Î±
                                                  Î½Î¹ÎºÎ®. ÎœÎµÏ„Î±Ï„ÏÎ­Ï€...

You may provide a definition with
\DeclareUnicodeCharacter 


! Package inputenc Error: Unicode character Î½ (U+03BD)
(inputenc)                not set up for use with LaTeX.

See the inputenc package documentation for explanation.
Type  H <return>  for immediate help.
 ...                                              
                                                  
l.3 ...ƒÏ„Î· Ï†Ï…ÏƒÎ¹ÎºÎ® ÎºÎ±Î¹ ÏƒÏ„Î· Î¼Î·Ï‡Î±Î½
                                                  Î¹ÎºÎ®. ÎœÎµÏ„Î±Ï„ÏÎ­Ï€Îµ...

You may provide a definition with
\DeclareUnicodeCharacter 


! Package inputenc Error: Unicode character Î¹ (U+03B9)
(inputenc)                not set up for use with LaTeX.

See the inputenc package documentation for explanation.
Type  H <return>  for immediate help.
 ...                                              
                                                  
l.3 ...„Î· Ï†Ï…ÏƒÎ¹ÎºÎ® ÎºÎ±Î¹ ÏƒÏ„Î· Î¼Î·Ï‡Î±Î½Î¹
                                                  ÎºÎ®. ÎœÎµÏ„Î±Ï„ÏÎ­Ï€ÎµÎ¹...

You may provide a definition with
\DeclareUnicodeCharacter 


! Package inputenc Error: Unicode character Îº (U+03BA)
(inputenc)                not set up for use with LaTeX.

See the inputenc package documentation for explanation.
Type  H <return>  for immediate help.
 ...                                              
                                                  
l.3 ...· Ï†Ï…ÏƒÎ¹ÎºÎ® ÎºÎ±Î¹ ÏƒÏ„Î· Î¼Î·Ï‡Î±Î½Î¹Îº
                                                  Î®. ÎœÎµÏ„Î±Ï„ÏÎ­Ï€ÎµÎ¹ Î...

You may provide a definition with
\DeclareUnicodeCharacter 


! Package inputenc Error: Unicode character Î® (U+03AE)
(inputenc)                not set up for use with LaTeX.

See the inputenc package documentation for explanation.
Type  H <return>  for immediate help.
 ...                                              
                                                  
l.3 ...Ï†Ï…ÏƒÎ¹ÎºÎ® ÎºÎ±Î¹ ÏƒÏ„Î· Î¼Î·Ï‡Î±Î½Î¹ÎºÎ®
                                                  . ÎœÎµÏ„Î±Ï„ÏÎ­Ï€ÎµÎ¹ Î¼Î...

You may provide a definition with
\DeclareUnicodeCharacter 

Missing character: There is no . in font nullfont!

! Package inputenc Error: Unicode character Îœ (U+039C)
(inputenc)                not set up for use with LaTeX.

See the inputenc package documentation for explanation.
Type  H <return>  for immediate help.
 ...                                              
                                                  
l.3 ...ÏƒÎ¹ÎºÎ® ÎºÎ±Î¹ ÏƒÏ„Î· Î¼Î·Ï‡Î±Î½Î¹ÎºÎ®. Îœ
                                                  ÎµÏ„Î±Ï„ÏÎ­Ï€ÎµÎ¹ Î¼Î¹Î± ...

You may provide a definition with
\DeclareUnicodeCharacter 


! Package inputenc Error: Unicode character Îµ (U+03B5)
(inputenc)                not set up for use with LaTeX.

See the inputenc package documentation for explanation.
Type  H <return>  for immediate help.
 ...                                              
                                                  
l.3 ...Î¹ÎºÎ® ÎºÎ±Î¹ ÏƒÏ„Î· Î¼Î·Ï‡Î±Î½Î¹ÎºÎ®. ÎœÎµ
                                                  Ï„Î±Ï„ÏÎ­Ï€ÎµÎ¹ Î¼Î¹Î± Î¼...

You may provide a definition with
\DeclareUnicodeCharacter 


! Package inputenc Error: Unicode character Ï„ (U+03C4)
(inputenc)                not set up for use with LaTeX.

See the inputenc package documentation for explanation.
Type  H <return>  for immediate help.
 ...                                              
                                                  
l.3 ...ÎºÎ® ÎºÎ±Î¹ ÏƒÏ„Î· Î¼Î·Ï‡Î±Î½Î¹ÎºÎ®. ÎœÎµÏ„
                                                  Î±Ï„ÏÎ­Ï€ÎµÎ¹ Î¼Î¹Î± Î¼Î±...

You may provide a definition with
\DeclareUnicodeCharacter 


! Package inputenc Error: Unicode character Î± (U+03B1)
(inputenc)                not set up for use with LaTeX.

See the inputenc package documentation for explanation.
Type  H <return>  for immediate help.
 ...                                              
                                                  
l.3 ...Î® ÎºÎ±Î¹ ÏƒÏ„Î· Î¼Î·Ï‡Î±Î½Î¹ÎºÎ®. ÎœÎµÏ„Î±
                                                  Ï„ÏÎ­Ï€ÎµÎ¹ Î¼Î¹Î± Î¼Î±Î¸...

You may provide a definition with
\DeclareUnicodeCharacter 


! Package inputenc Error: Unicode character Ï„ (U+03C4)
(inputenc)                not set up for use with LaTeX.

See the inputenc package documentation for explanation.
Type  H <return>  for immediate help.
 ...                                              
                                                  
l.3 ... ÎºÎ±Î¹ ÏƒÏ„Î· Î¼Î·Ï‡Î±Î½Î¹ÎºÎ®. ÎœÎµÏ„Î±Ï„
                                                  ÏÎ­Ï€ÎµÎ¹ Î¼Î¹Î± Î¼Î±Î¸Î·...

You may provide a definition with
\DeclareUnicodeCharacter 


! Package inputenc Error: Unicode character Ï (U+03C1)
(inputenc)                not set up for use with LaTeX.

See the inputenc package documentation for explanation.
Type  H <return>  for immediate help.
 ...                                              
                                                  
l.3 ...ºÎ±Î¹ ÏƒÏ„Î· Î¼Î·Ï‡Î±Î½Î¹ÎºÎ®. ÎœÎµÏ„Î±Ï„Ï
                                                  Î­Ï€ÎµÎ¹ Î¼Î¹Î± Î¼Î±Î¸Î·Î¼...

You may provide a definition with
\DeclareUnicodeCharacter 


! Package inputenc Error: Unicode character Î­ (U+03AD)
(inputenc)                not set up for use with LaTeX.

See the inputenc package documentation for explanation.
Type  H <return>  for immediate help.
 ...                                              
                                                  
l.3 ...±Î¹ ÏƒÏ„Î· Î¼Î·Ï‡Î±Î½Î¹ÎºÎ®. ÎœÎµÏ„Î±Ï„ÏÎ­
                                                  Ï€ÎµÎ¹ Î¼Î¹Î± Î¼Î±Î¸Î·Î¼Î±...

You may provide a definition with
\DeclareUnicodeCharacter 


! Package inputenc Error: Unicode character Ï€ (U+03C0)
(inputenc)                not set up for use with LaTeX.

See the inputenc package documentation for explanation.
Type  H <return>  for immediate help.
 ...                                              
                                                  
l.3 ...¹ ÏƒÏ„Î· Î¼Î·Ï‡Î±Î½Î¹ÎºÎ®. ÎœÎµÏ„Î±Ï„ÏÎ­Ï€
                                                  ÎµÎ¹ Î¼Î¹Î± Î¼Î±Î¸Î·Î¼Î±Ï„...

You may provide a definition with
\DeclareUnicodeCharacter 


! Package inputenc Error: Unicode character Îµ (U+03B5)
(inputenc)                not set up for use with LaTeX.

See the inputenc package documentation for explanation.
Type  H <return>  for immediate help.
 ...                                              
                                                  
l.3 ...ÏƒÏ„Î· Î¼Î·Ï‡Î±Î½Î¹ÎºÎ®. ÎœÎµÏ„Î±Ï„ÏÎ­Ï€Îµ
                                                  Î¹ Î¼Î¹Î± Î¼Î±Î¸Î·Î¼Î±Ï„Î¹...

You may provide a definition with
\DeclareUnicodeCharacter 


! Package inputenc Error: Unicode character Î¹ (U+03B9)
(inputenc)                not set up for use with LaTeX.

See the inputenc package documentation for explanation.
Type  H <return>  for immediate help.
 ...                                              
                                                  
l.3 ...Ï„Î· Î¼Î·Ï‡Î±Î½Î¹ÎºÎ®. ÎœÎµÏ„Î±Ï„ÏÎ­Ï€ÎµÎ¹
                                                   Î¼Î¹Î± Î¼Î±Î¸Î·Î¼Î±Ï„Î¹Îº...

You may provide a definition with
\DeclareUnicodeCharacter 


! Package inputenc Error: Unicode character Î¼ (U+03BC)
(inputenc)                not set up for use with LaTeX.

See the inputenc package documentation for explanation.
Type  H <return>  for immediate help.
 ...                                              
                                                  
l.3 ...· Î¼Î·Ï‡Î±Î½Î¹ÎºÎ®. ÎœÎµÏ„Î±Ï„ÏÎ­Ï€ÎµÎ¹ Î¼
                                                  Î¹Î± Î¼Î±Î¸Î·Î¼Î±Ï„Î¹ÎºÎ® ...

You may provide a definition with
\DeclareUnicodeCharacter 


! Package inputenc Error: Unicode character Î¹ (U+03B9)
(inputenc)                not set up for use with LaTeX.

See the inputenc package documentation for explanation.
Type  H <return>  for immediate help.
 ...                                              
                                                  
l.3 ...Î¼Î·Ï‡Î±Î½Î¹ÎºÎ®. ÎœÎµÏ„Î±Ï„ÏÎ­Ï€ÎµÎ¹ Î¼Î¹
                                                  Î± Î¼Î±Î¸Î·Î¼Î±Ï„Î¹ÎºÎ® Ïƒ...

You may provide a definition with
\DeclareUnicodeCharacter 


! Package inputenc Error: Unicode character Î± (U+03B1)
(inputenc)                not set up for use with LaTeX.

See the inputenc package documentation for explanation.
Type  H <return>  for immediate help.
 ...                                              
                                                  
l.3 ...Î·Ï‡Î±Î½Î¹ÎºÎ®. ÎœÎµÏ„Î±Ï„ÏÎ­Ï€ÎµÎ¹ Î¼Î¹Î±
                                                   Î¼Î±Î¸Î·Î¼Î±Ï„Î¹ÎºÎ® ÏƒÏ…...
(That makes 100 errors; please try again.) 
Here is how much of TeX's memory you used:
 44 strings out of 479304
 712 string characters out of 5871219
 271116 words of memory out of 5000000
 17335 multiletter control sequences out of 15000+600000
 403430 words of font info for 27 fonts, out of 8000000 for 9000
 1141 hyphenation exceptions out of 8191
 13i,0n,15p,601b,33s stack positions out of 5000i,500n,10000p,200000b,80000s

!  ==> Fatal error occurred, no output PDF file produced!
