This is pdfTeX, Version 3.14159265-2.6-1.40.21 (TeX Live 2020/W32TeX) (preloaded format=pdflatex 2021.1.19)  30 APR 2021 14:34
entering extended mode
 restricted \write18 enabled.
 %&-line parsing enabled.
**dprod.tex
(./dprod.tex
LaTeX2e <2020-10-01> patch level 4
L3 programming layer <2021-01-09> xparse <2020-03-03>
! Undefined control sequence.
l.2 \subsection
               {Î¥Ï€Î¿Î»Î¿Î³Î¹ÏƒÎ¼ÏŒÏ‚ Î•ÏƒÏ‰Ï„ÎµÏÎ¹ÎºÎ¿Ï Î“Î¹Î½Î¿Î¼Î­Î½Î¿...
The control sequence at the end of the top line
of your error message was never \def'ed. If you have
misspelled it (e.g., `\hobx'), type `I' and the correct
spelling (e.g., `I\hbox'). Otherwise just continue,
and I'll forget about whatever was undefined.


! Package inputenc Error: Unicode character Î¥ (U+03A5)
(inputenc)                not set up for use with LaTeX.

See the inputenc package documentation for explanation.
Type  H <return>  for immediate help.
 ...                                              
                                                  
l.2 \subsection{Î¥
                  Ï€Î¿Î»Î¿Î³Î¹ÏƒÎ¼ÏŒÏ‚ Î•ÏƒÏ‰Ï„ÎµÏÎ¹ÎºÎ¿Ï Î“Î¹Î½Î¿Î¼Î­Î½Î¿...

You may provide a definition with
\DeclareUnicodeCharacter 


! Package inputenc Error: Unicode character Ï€ (U+03C0)
(inputenc)                not set up for use with LaTeX.

See the inputenc package documentation for explanation.
Type  H <return>  for immediate help.
 ...                                              
                                                  
l.2 \subsection{Î¥Ï€
                    Î¿Î»Î¿Î³Î¹ÏƒÎ¼ÏŒÏ‚ Î•ÏƒÏ‰Ï„ÎµÏÎ¹ÎºÎ¿Ï Î“Î¹Î½Î¿Î¼Î­Î½Î¿...

You may provide a definition with
\DeclareUnicodeCharacter 


! Package inputenc Error: Unicode character Î¿ (U+03BF)
(inputenc)                not set up for use with LaTeX.

See the inputenc package documentation for explanation.
Type  H <return>  for immediate help.
 ...                                              
                                                  
l.2 \subsection{Î¥Ï€Î¿
                      Î»Î¿Î³Î¹ÏƒÎ¼ÏŒÏ‚ Î•ÏƒÏ‰Ï„ÎµÏÎ¹ÎºÎ¿Ï Î“Î¹Î½Î¿Î¼Î­Î½Î¿...

You may provide a definition with
\DeclareUnicodeCharacter 


! Package inputenc Error: Unicode character Î» (U+03BB)
(inputenc)                not set up for use with LaTeX.

See the inputenc package documentation for explanation.
Type  H <return>  for immediate help.
 ...                                              
                                                  
l.2 \subsection{Î¥Ï€Î¿Î»
                        Î¿Î³Î¹ÏƒÎ¼ÏŒÏ‚ Î•ÏƒÏ‰Ï„ÎµÏÎ¹ÎºÎ¿Ï Î“Î¹Î½Î¿Î¼Î­Î½Î¿...

You may provide a definition with
\DeclareUnicodeCharacter 


! Package inputenc Error: Unicode character Î¿ (U+03BF)
(inputenc)                not set up for use with LaTeX.

See the inputenc package documentation for explanation.
Type  H <return>  for immediate help.
 ...                                              
                                                  
l.2 \subsection{Î¥Ï€Î¿Î»Î¿
                          Î³Î¹ÏƒÎ¼ÏŒÏ‚ Î•ÏƒÏ‰Ï„ÎµÏÎ¹ÎºÎ¿Ï Î“Î¹Î½Î¿Î¼Î­Î½Î¿...

You may provide a definition with
\DeclareUnicodeCharacter 


! Package inputenc Error: Unicode character Î³ (U+03B3)
(inputenc)                not set up for use with LaTeX.

See the inputenc package documentation for explanation.
Type  H <return>  for immediate help.
 ...                                              
                                                  
l.2 \subsection{Î¥Ï€Î¿Î»Î¿Î³
                            Î¹ÏƒÎ¼ÏŒÏ‚ Î•ÏƒÏ‰Ï„ÎµÏÎ¹ÎºÎ¿Ï Î“Î¹Î½Î¿Î¼Î­Î½Î¿...

You may provide a definition with
\DeclareUnicodeCharacter 


! Package inputenc Error: Unicode character Î¹ (U+03B9)
(inputenc)                not set up for use with LaTeX.

See the inputenc package documentation for explanation.
Type  H <return>  for immediate help.
 ...                                              
                                                  
l.2 \subsection{Î¥Ï€Î¿Î»Î¿Î³Î¹
                              ÏƒÎ¼ÏŒÏ‚ Î•ÏƒÏ‰Ï„ÎµÏÎ¹ÎºÎ¿Ï Î“Î¹Î½Î¿Î¼Î­Î½Î¿...

You may provide a definition with
\DeclareUnicodeCharacter 


! Package inputenc Error: Unicode character Ïƒ (U+03C3)
(inputenc)                not set up for use with LaTeX.

See the inputenc package documentation for explanation.
Type  H <return>  for immediate help.
 ...                                              
                                                  
l.2 \subsection{Î¥Ï€Î¿Î»Î¿Î³Î¹Ïƒ
                                Î¼ÏŒÏ‚ Î•ÏƒÏ‰Ï„ÎµÏÎ¹ÎºÎ¿Ï Î“Î¹Î½Î¿Î¼Î­Î½Î¿...

You may provide a definition with
\DeclareUnicodeCharacter 


! Package inputenc Error: Unicode character Î¼ (U+03BC)
(inputenc)                not set up for use with LaTeX.

See the inputenc package documentation for explanation.
Type  H <return>  for immediate help.
 ...                                              
                                                  
l.2 \subsection{Î¥Ï€Î¿Î»Î¿Î³Î¹ÏƒÎ¼
                                  ÏŒÏ‚ Î•ÏƒÏ‰Ï„ÎµÏÎ¹ÎºÎ¿Ï Î“Î¹Î½Î¿Î¼Î­Î½Î¿...

You may provide a definition with
\DeclareUnicodeCharacter 


! Package inputenc Error: Unicode character ÏŒ (U+03CC)
(inputenc)                not set up for use with LaTeX.

See the inputenc package documentation for explanation.
Type  H <return>  for immediate help.
 ...                                              
                                                  
l.2 \subsection{Î¥Ï€Î¿Î»Î¿Î³Î¹ÏƒÎ¼ÏŒ
                                    Ï‚ Î•ÏƒÏ‰Ï„ÎµÏÎ¹ÎºÎ¿Ï Î“Î¹Î½Î¿Î¼Î­Î½Î¿...

You may provide a definition with
\DeclareUnicodeCharacter 


! Package inputenc Error: Unicode character Ï‚ (U+03C2)
(inputenc)                not set up for use with LaTeX.

See the inputenc package documentation for explanation.
Type  H <return>  for immediate help.
 ...                                              
                                                  
l.2 \subsection{Î¥Ï€Î¿Î»Î¿Î³Î¹ÏƒÎ¼ÏŒÏ‚
                                       Î•ÏƒÏ‰Ï„ÎµÏÎ¹ÎºÎ¿Ï Î“Î¹Î½Î¿Î¼Î­Î½Î¿...

You may provide a definition with
\DeclareUnicodeCharacter 


! Package inputenc Error: Unicode character Î• (U+0395)
(inputenc)                not set up for use with LaTeX.

See the inputenc package documentation for explanation.
Type  H <return>  for immediate help.
 ...                                              
                                                  
l.2 \subsection{Î¥Ï€Î¿Î»Î¿Î³Î¹ÏƒÎ¼ÏŒÏ‚ Î•
                                         ÏƒÏ‰Ï„ÎµÏÎ¹ÎºÎ¿Ï Î“Î¹Î½Î¿Î¼Î­Î½Î¿...

You may provide a definition with
\DeclareUnicodeCharacter 


! Package inputenc Error: Unicode character Ïƒ (U+03C3)
(inputenc)                not set up for use with LaTeX.

See the inputenc package documentation for explanation.
Type  H <return>  for immediate help.
 ...                                              
                                                  
l.2 \subsection{Î¥Ï€Î¿Î»Î¿Î³Î¹ÏƒÎ¼ÏŒÏ‚ Î•Ïƒ
                                           Ï‰Ï„ÎµÏÎ¹ÎºÎ¿Ï Î“Î¹Î½Î¿Î¼Î­Î½Î¿...

You may provide a definition with
\DeclareUnicodeCharacter 


! Package inputenc Error: Unicode character Ï‰ (U+03C9)
(inputenc)                not set up for use with LaTeX.

See the inputenc package documentation for explanation.
Type  H <return>  for immediate help.
 ...                                              
                                                  
l.2 \subsection{Î¥Ï€Î¿Î»Î¿Î³Î¹ÏƒÎ¼ÏŒÏ‚ Î•ÏƒÏ‰
                                             Ï„ÎµÏÎ¹ÎºÎ¿Ï Î“Î¹Î½Î¿Î¼Î­Î½Î¿...

You may provide a definition with
\DeclareUnicodeCharacter 


! Package inputenc Error: Unicode character Ï„ (U+03C4)
(inputenc)                not set up for use with LaTeX.

See the inputenc package documentation for explanation.
Type  H <return>  for immediate help.
 ...                                              
                                                  
l.2 \subsection{Î¥Ï€Î¿Î»Î¿Î³Î¹ÏƒÎ¼ÏŒÏ‚ Î•ÏƒÏ‰Ï„
                                               ÎµÏÎ¹ÎºÎ¿Ï Î“Î¹Î½Î¿Î¼Î­Î½Î¿...

You may provide a definition with
\DeclareUnicodeCharacter 


! Package inputenc Error: Unicode character Îµ (U+03B5)
(inputenc)                not set up for use with LaTeX.

See the inputenc package documentation for explanation.
Type  H <return>  for immediate help.
 ...                                              
                                                  
l.2 \subsection{Î¥Ï€Î¿Î»Î¿Î³Î¹ÏƒÎ¼ÏŒÏ‚ Î•ÏƒÏ‰Ï„Îµ
                                                 ÏÎ¹ÎºÎ¿Ï Î“Î¹Î½Î¿Î¼Î­Î½Î¿...

You may provide a definition with
\DeclareUnicodeCharacter 


! Package inputenc Error: Unicode character Ï (U+03C1)
(inputenc)                not set up for use with LaTeX.

See the inputenc package documentation for explanation.
Type  H <return>  for immediate help.
 ...                                              
                                                  
l.2 ...section{Î¥Ï€Î¿Î»Î¿Î³Î¹ÏƒÎ¼ÏŒÏ‚ Î•ÏƒÏ‰Ï„ÎµÏ
                                                  Î¹ÎºÎ¿Ï Î“Î¹Î½Î¿Î¼Î­Î½Î¿Ï...

You may provide a definition with
\DeclareUnicodeCharacter 


! Package inputenc Error: Unicode character Î¹ (U+03B9)
(inputenc)                not set up for use with LaTeX.

See the inputenc package documentation for explanation.
Type  H <return>  for immediate help.
 ...                                              
                                                  
l.2 ...ction{Î¥Ï€Î¿Î»Î¿Î³Î¹ÏƒÎ¼ÏŒÏ‚ Î•ÏƒÏ‰Ï„ÎµÏÎ¹
                                                  ÎºÎ¿Ï Î“Î¹Î½Î¿Î¼Î­Î½Î¿Ï… ...

You may provide a definition with
\DeclareUnicodeCharacter 


! Package inputenc Error: Unicode character Îº (U+03BA)
(inputenc)                not set up for use with LaTeX.

See the inputenc package documentation for explanation.
Type  H <return>  for immediate help.
 ...                                              
                                                  
l.2 ...ion{Î¥Ï€Î¿Î»Î¿Î³Î¹ÏƒÎ¼ÏŒÏ‚ Î•ÏƒÏ‰Ï„ÎµÏÎ¹Îº
                                                  Î¿Ï Î“Î¹Î½Î¿Î¼Î­Î½Î¿Ï… - ...

You may provide a definition with
\DeclareUnicodeCharacter 


! Package inputenc Error: Unicode character Î¿ (U+03BF)
(inputenc)                not set up for use with LaTeX.

See the inputenc package documentation for explanation.
Type  H <return>  for immediate help.
 ...                                              
                                                  
l.2 ...n{Î¥Ï€Î¿Î»Î¿Î³Î¹ÏƒÎ¼ÏŒÏ‚ Î•ÏƒÏ‰Ï„ÎµÏÎ¹ÎºÎ¿
                                                  Ï Î“Î¹Î½Î¿Î¼Î­Î½Î¿Ï… - \e...

You may provide a definition with
\DeclareUnicodeCharacter 


! Package inputenc Error: Unicode character Ï (U+03CD)
(inputenc)                not set up for use with LaTeX.

See the inputenc package documentation for explanation.
Type  H <return>  for immediate help.
 ...                                              
                                                  
l.2 ...Î¥Ï€Î¿Î»Î¿Î³Î¹ÏƒÎ¼ÏŒÏ‚ Î•ÏƒÏ‰Ï„ÎµÏÎ¹ÎºÎ¿Ï
                                                   Î“Î¹Î½Î¿Î¼Î­Î½Î¿Ï… - \emp...

You may provide a definition with
\DeclareUnicodeCharacter 


! Package inputenc Error: Unicode character Î“ (U+0393)
(inputenc)                not set up for use with LaTeX.

See the inputenc package documentation for explanation.
Type  H <return>  for immediate help.
 ...                                              
                                                  
l.2 ...€Î¿Î»Î¿Î³Î¹ÏƒÎ¼ÏŒÏ‚ Î•ÏƒÏ‰Ï„ÎµÏÎ¹ÎºÎ¿Ï Î“
                                                  Î¹Î½Î¿Î¼Î­Î½Î¿Ï… - \emph{\...

You may provide a definition with
\DeclareUnicodeCharacter 


! Package inputenc Error: Unicode character Î¹ (U+03B9)
(inputenc)                not set up for use with LaTeX.

See the inputenc package documentation for explanation.
Type  H <return>  for immediate help.
 ...                                              
                                                  
l.2 ...¿Î»Î¿Î³Î¹ÏƒÎ¼ÏŒÏ‚ Î•ÏƒÏ‰Ï„ÎµÏÎ¹ÎºÎ¿Ï Î“Î¹
                                                  Î½Î¿Î¼Î­Î½Î¿Ï… - \emph{\en...

You may provide a definition with
\DeclareUnicodeCharacter 


! Package inputenc Error: Unicode character Î½ (U+03BD)
(inputenc)                not set up for use with LaTeX.

See the inputenc package documentation for explanation.
Type  H <return>  for immediate help.
 ...                                              
                                                  
l.2 ...»Î¿Î³Î¹ÏƒÎ¼ÏŒÏ‚ Î•ÏƒÏ‰Ï„ÎµÏÎ¹ÎºÎ¿Ï Î“Î¹Î½
                                                  Î¿Î¼Î­Î½Î¿Ï… - \emph{\en{D...

You may provide a definition with
\DeclareUnicodeCharacter 


! Package inputenc Error: Unicode character Î¿ (U+03BF)
(inputenc)                not set up for use with LaTeX.

See the inputenc package documentation for explanation.
Type  H <return>  for immediate help.
 ...                                              
                                                  
l.2 ...¿Î³Î¹ÏƒÎ¼ÏŒÏ‚ Î•ÏƒÏ‰Ï„ÎµÏÎ¹ÎºÎ¿Ï Î“Î¹Î½Î¿
                                                  Î¼Î­Î½Î¿Ï… - \emph{\en{Dot...

You may provide a definition with
\DeclareUnicodeCharacter 


! Package inputenc Error: Unicode character Î¼ (U+03BC)
(inputenc)                not set up for use with LaTeX.

See the inputenc package documentation for explanation.
Type  H <return>  for immediate help.
 ...                                              
                                                  
l.2 ...³Î¹ÏƒÎ¼ÏŒÏ‚ Î•ÏƒÏ‰Ï„ÎµÏÎ¹ÎºÎ¿Ï Î“Î¹Î½Î¿Î¼
                                                  Î­Î½Î¿Ï… - \emph{\en{Dot P...

You may provide a definition with
\DeclareUnicodeCharacter 


! Package inputenc Error: Unicode character Î­ (U+03AD)
(inputenc)                not set up for use with LaTeX.

See the inputenc package documentation for explanation.
Type  H <return>  for immediate help.
 ...                                              
                                                  
l.2 ...¹ÏƒÎ¼ÏŒÏ‚ Î•ÏƒÏ‰Ï„ÎµÏÎ¹ÎºÎ¿Ï Î“Î¹Î½Î¿Î¼Î­
                                                  Î½Î¿Ï… - \emph{\en{Dot Pro...

You may provide a definition with
\DeclareUnicodeCharacter 


! Package inputenc Error: Unicode character Î½ (U+03BD)
(inputenc)                not set up for use with LaTeX.

See the inputenc package documentation for explanation.
Type  H <return>  for immediate help.
 ...                                              
                                                  
l.2 ...ƒÎ¼ÏŒÏ‚ Î•ÏƒÏ‰Ï„ÎµÏÎ¹ÎºÎ¿Ï Î“Î¹Î½Î¿Î¼Î­Î½
                                                  Î¿Ï… - \emph{\en{Dot Produ...

You may provide a definition with
\DeclareUnicodeCharacter 


! Package inputenc Error: Unicode character Î¿ (U+03BF)
(inputenc)                not set up for use with LaTeX.

See the inputenc package documentation for explanation.
Type  H <return>  for immediate help.
 ...                                              
                                                  
l.2 ...¼ÏŒÏ‚ Î•ÏƒÏ‰Ï„ÎµÏÎ¹ÎºÎ¿Ï Î“Î¹Î½Î¿Î¼Î­Î½Î¿
                                                  Ï… - \emph{\en{Dot Product}}}

You may provide a definition with
\DeclareUnicodeCharacter 


! Package inputenc Error: Unicode character Ï… (U+03C5)
(inputenc)                not set up for use with LaTeX.

See the inputenc package documentation for explanation.
Type  H <return>  for immediate help.
 ...                                              
                                                  
l.2 ...ŒÏ‚ Î•ÏƒÏ‰Ï„ÎµÏÎ¹ÎºÎ¿Ï Î“Î¹Î½Î¿Î¼Î­Î½Î¿Ï…
                                                   - \emph{\en{Dot Product}}}
You may provide a definition with
\DeclareUnicodeCharacter 


! LaTeX Error: Missing \begin{document}.

See the LaTeX manual or LaTeX Companion for explanation.
Type  H <return>  for immediate help.
 ...                                              
                                                  
l.2 ...‚ Î•ÏƒÏ‰Ï„ÎµÏÎ¹ÎºÎ¿Ï Î“Î¹Î½Î¿Î¼Î­Î½Î¿Ï… -
                                                   \emph{\en{Dot Product}}}
You're in trouble here.  Try typing  <return>  to proceed.
If that doesn't work, type  X <return>  to quit.

Missing character: There is no - in font nullfont!
! Undefined control sequence.
<recently read> \en 
                    
l.2 ...“Î¹Î½Î¿Î¼Î­Î½Î¿Ï… - \emph{\en{Dot Product}}
                                                  }
The control sequence at the end of the top line
of your error message was never \def'ed. If you have
misspelled it (e.g., `\hobx'), type `I' and the correct
spelling (e.g., `I\hbox'). Otherwise just continue,
and I'll forget about whatever was undefined.


! Package inputenc Error: Unicode character Î” (U+0394)
(inputenc)                not set up for use with LaTeX.

See the inputenc package documentation for explanation.
Type  H <return>  for immediate help.
 ...                                              
                                                  
l.3 Î”
      Î¿Î¸Î­Î½Ï„Ï‰Î½ Î´Ï…Î¿ Î¼Î¿Î½Î¿Î´Î¹Î¬ÏƒÏ„Î±Ï„Ï‰Î½ Ï€Î¹Î½Î¬ÎºÏ‰Î½ \textb...

You may provide a definition with
\DeclareUnicodeCharacter 


! Package inputenc Error: Unicode character Î¿ (U+03BF)
(inputenc)                not set up for use with LaTeX.

See the inputenc package documentation for explanation.
Type  H <return>  for immediate help.
 ...                                              
                                                  
l.3 Î”Î¿
        Î¸Î­Î½Ï„Ï‰Î½ Î´Ï…Î¿ Î¼Î¿Î½Î¿Î´Î¹Î¬ÏƒÏ„Î±Ï„Ï‰Î½ Ï€Î¹Î½Î¬ÎºÏ‰Î½ \textb...

You may provide a definition with
\DeclareUnicodeCharacter 


! Package inputenc Error: Unicode character Î¸ (U+03B8)
(inputenc)                not set up for use with LaTeX.

See the inputenc package documentation for explanation.
Type  H <return>  for immediate help.
 ...                                              
                                                  
l.3 Î”Î¿Î¸
          Î­Î½Ï„Ï‰Î½ Î´Ï…Î¿ Î¼Î¿Î½Î¿Î´Î¹Î¬ÏƒÏ„Î±Ï„Ï‰Î½ Ï€Î¹Î½Î¬ÎºÏ‰Î½ \textb...

You may provide a definition with
\DeclareUnicodeCharacter 


! Package inputenc Error: Unicode character Î­ (U+03AD)
(inputenc)                not set up for use with LaTeX.

See the inputenc package documentation for explanation.
Type  H <return>  for immediate help.
 ...                                              
                                                  
l.3 Î”Î¿Î¸Î­
            Î½Ï„Ï‰Î½ Î´Ï…Î¿ Î¼Î¿Î½Î¿Î´Î¹Î¬ÏƒÏ„Î±Ï„Ï‰Î½ Ï€Î¹Î½Î¬ÎºÏ‰Î½ \textb...

You may provide a definition with
\DeclareUnicodeCharacter 


! Package inputenc Error: Unicode character Î½ (U+03BD)
(inputenc)                not set up for use with LaTeX.

See the inputenc package documentation for explanation.
Type  H <return>  for immediate help.
 ...                                              
                                                  
l.3 Î”Î¿Î¸Î­Î½
              Ï„Ï‰Î½ Î´Ï…Î¿ Î¼Î¿Î½Î¿Î´Î¹Î¬ÏƒÏ„Î±Ï„Ï‰Î½ Ï€Î¹Î½Î¬ÎºÏ‰Î½ \textb...

You may provide a definition with
\DeclareUnicodeCharacter 


! Package inputenc Error: Unicode character Ï„ (U+03C4)
(inputenc)                not set up for use with LaTeX.

See the inputenc package documentation for explanation.
Type  H <return>  for immediate help.
 ...                                              
                                                  
l.3 Î”Î¿Î¸Î­Î½Ï„
                Ï‰Î½ Î´Ï…Î¿ Î¼Î¿Î½Î¿Î´Î¹Î¬ÏƒÏ„Î±Ï„Ï‰Î½ Ï€Î¹Î½Î¬ÎºÏ‰Î½ \textb...

You may provide a definition with
\DeclareUnicodeCharacter 


! Package inputenc Error: Unicode character Ï‰ (U+03C9)
(inputenc)                not set up for use with LaTeX.

See the inputenc package documentation for explanation.
Type  H <return>  for immediate help.
 ...                                              
                                                  
l.3 Î”Î¿Î¸Î­Î½Ï„Ï‰
                  Î½ Î´Ï…Î¿ Î¼Î¿Î½Î¿Î´Î¹Î¬ÏƒÏ„Î±Ï„Ï‰Î½ Ï€Î¹Î½Î¬ÎºÏ‰Î½ \textb...

You may provide a definition with
\DeclareUnicodeCharacter 


! Package inputenc Error: Unicode character Î½ (U+03BD)
(inputenc)                not set up for use with LaTeX.

See the inputenc package documentation for explanation.
Type  H <return>  for immediate help.
 ...                                              
                                                  
l.3 Î”Î¿Î¸Î­Î½Ï„Ï‰Î½
                     Î´Ï…Î¿ Î¼Î¿Î½Î¿Î´Î¹Î¬ÏƒÏ„Î±Ï„Ï‰Î½ Ï€Î¹Î½Î¬ÎºÏ‰Î½ \textb...

You may provide a definition with
\DeclareUnicodeCharacter 


! Package inputenc Error: Unicode character Î´ (U+03B4)
(inputenc)                not set up for use with LaTeX.

See the inputenc package documentation for explanation.
Type  H <return>  for immediate help.
 ...                                              
                                                  
l.3 Î”Î¿Î¸Î­Î½Ï„Ï‰Î½ Î´
                       Ï…Î¿ Î¼Î¿Î½Î¿Î´Î¹Î¬ÏƒÏ„Î±Ï„Ï‰Î½ Ï€Î¹Î½Î¬ÎºÏ‰Î½ \textb...

You may provide a definition with
\DeclareUnicodeCharacter 


! Package inputenc Error: Unicode character Ï… (U+03C5)
(inputenc)                not set up for use with LaTeX.

See the inputenc package documentation for explanation.
Type  H <return>  for immediate help.
 ...                                              
                                                  
l.3 Î”Î¿Î¸Î­Î½Ï„Ï‰Î½ Î´Ï…
                         Î¿ Î¼Î¿Î½Î¿Î´Î¹Î¬ÏƒÏ„Î±Ï„Ï‰Î½ Ï€Î¹Î½Î¬ÎºÏ‰Î½ \textb...

You may provide a definition with
\DeclareUnicodeCharacter 


! Package inputenc Error: Unicode character Î¿ (U+03BF)
(inputenc)                not set up for use with LaTeX.

See the inputenc package documentation for explanation.
Type  H <return>  for immediate help.
 ...                                              
                                                  
l.3 Î”Î¿Î¸Î­Î½Ï„Ï‰Î½ Î´Ï…Î¿
                            Î¼Î¿Î½Î¿Î´Î¹Î¬ÏƒÏ„Î±Ï„Ï‰Î½ Ï€Î¹Î½Î¬ÎºÏ‰Î½ \textb...

You may provide a definition with
\DeclareUnicodeCharacter 


! Package inputenc Error: Unicode character Î¼ (U+03BC)
(inputenc)                not set up for use with LaTeX.

See the inputenc package documentation for explanation.
Type  H <return>  for immediate help.
 ...                                              
                                                  
l.3 Î”Î¿Î¸Î­Î½Ï„Ï‰Î½ Î´Ï…Î¿ Î¼
                              Î¿Î½Î¿Î´Î¹Î¬ÏƒÏ„Î±Ï„Ï‰Î½ Ï€Î¹Î½Î¬ÎºÏ‰Î½ \textb...

You may provide a definition with
\DeclareUnicodeCharacter 


! Package inputenc Error: Unicode character Î¿ (U+03BF)
(inputenc)                not set up for use with LaTeX.

See the inputenc package documentation for explanation.
Type  H <return>  for immediate help.
 ...                                              
                                                  
l.3 Î”Î¿Î¸Î­Î½Ï„Ï‰Î½ Î´Ï…Î¿ Î¼Î¿
                                Î½Î¿Î´Î¹Î¬ÏƒÏ„Î±Ï„Ï‰Î½ Ï€Î¹Î½Î¬ÎºÏ‰Î½ \textb...

You may provide a definition with
\DeclareUnicodeCharacter 


! Package inputenc Error: Unicode character Î½ (U+03BD)
(inputenc)                not set up for use with LaTeX.

See the inputenc package documentation for explanation.
Type  H <return>  for immediate help.
 ...                                              
                                                  
l.3 Î”Î¿Î¸Î­Î½Ï„Ï‰Î½ Î´Ï…Î¿ Î¼Î¿Î½
                                  Î¿Î´Î¹Î¬ÏƒÏ„Î±Ï„Ï‰Î½ Ï€Î¹Î½Î¬ÎºÏ‰Î½ \textb...

You may provide a definition with
\DeclareUnicodeCharacter 


! Package inputenc Error: Unicode character Î¿ (U+03BF)
(inputenc)                not set up for use with LaTeX.

See the inputenc package documentation for explanation.
Type  H <return>  for immediate help.
 ...                                              
                                                  
l.3 Î”Î¿Î¸Î­Î½Ï„Ï‰Î½ Î´Ï…Î¿ Î¼Î¿Î½Î¿
                                    Î´Î¹Î¬ÏƒÏ„Î±Ï„Ï‰Î½ Ï€Î¹Î½Î¬ÎºÏ‰Î½ \textb...

You may provide a definition with
\DeclareUnicodeCharacter 


! Package inputenc Error: Unicode character Î´ (U+03B4)
(inputenc)                not set up for use with LaTeX.

See the inputenc package documentation for explanation.
Type  H <return>  for immediate help.
 ...                                              
                                                  
l.3 Î”Î¿Î¸Î­Î½Ï„Ï‰Î½ Î´Ï…Î¿ Î¼Î¿Î½Î¿Î´
                                      Î¹Î¬ÏƒÏ„Î±Ï„Ï‰Î½ Ï€Î¹Î½Î¬ÎºÏ‰Î½ \textb...

You may provide a definition with
\DeclareUnicodeCharacter 


! Package inputenc Error: Unicode character Î¹ (U+03B9)
(inputenc)                not set up for use with LaTeX.

See the inputenc package documentation for explanation.
Type  H <return>  for immediate help.
 ...                                              
                                                  
l.3 Î”Î¿Î¸Î­Î½Ï„Ï‰Î½ Î´Ï…Î¿ Î¼Î¿Î½Î¿Î´Î¹
                                        Î¬ÏƒÏ„Î±Ï„Ï‰Î½ Ï€Î¹Î½Î¬ÎºÏ‰Î½ \textb...

You may provide a definition with
\DeclareUnicodeCharacter 


! Package inputenc Error: Unicode character Î¬ (U+03AC)
(inputenc)                not set up for use with LaTeX.

See the inputenc package documentation for explanation.
Type  H <return>  for immediate help.
 ...                                              
                                                  
l.3 Î”Î¿Î¸Î­Î½Ï„Ï‰Î½ Î´Ï…Î¿ Î¼Î¿Î½Î¿Î´Î¹Î¬
                                          ÏƒÏ„Î±Ï„Ï‰Î½ Ï€Î¹Î½Î¬ÎºÏ‰Î½ \textb...

You may provide a definition with
\DeclareUnicodeCharacter 


! Package inputenc Error: Unicode character Ïƒ (U+03C3)
(inputenc)                not set up for use with LaTeX.

See the inputenc package documentation for explanation.
Type  H <return>  for immediate help.
 ...                                              
                                                  
l.3 Î”Î¿Î¸Î­Î½Ï„Ï‰Î½ Î´Ï…Î¿ Î¼Î¿Î½Î¿Î´Î¹Î¬Ïƒ
                                            Ï„Î±Ï„Ï‰Î½ Ï€Î¹Î½Î¬ÎºÏ‰Î½ \textb...

You may provide a definition with
\DeclareUnicodeCharacter 


! Package inputenc Error: Unicode character Ï„ (U+03C4)
(inputenc)                not set up for use with LaTeX.

See the inputenc package documentation for explanation.
Type  H <return>  for immediate help.
 ...                                              
                                                  
l.3 Î”Î¿Î¸Î­Î½Ï„Ï‰Î½ Î´Ï…Î¿ Î¼Î¿Î½Î¿Î´Î¹Î¬ÏƒÏ„
                                              Î±Ï„Ï‰Î½ Ï€Î¹Î½Î¬ÎºÏ‰Î½ \textb...

You may provide a definition with
\DeclareUnicodeCharacter 


! Package inputenc Error: Unicode character Î± (U+03B1)
(inputenc)                not set up for use with LaTeX.

See the inputenc package documentation for explanation.
Type  H <return>  for immediate help.
 ...                                              
                                                  
l.3 Î”Î¿Î¸Î­Î½Ï„Ï‰Î½ Î´Ï…Î¿ Î¼Î¿Î½Î¿Î´Î¹Î¬ÏƒÏ„Î±
                                                Ï„Ï‰Î½ Ï€Î¹Î½Î¬ÎºÏ‰Î½ \textb...

You may provide a definition with
\DeclareUnicodeCharacter 


! Package inputenc Error: Unicode character Ï„ (U+03C4)
(inputenc)                not set up for use with LaTeX.

See the inputenc package documentation for explanation.
Type  H <return>  for immediate help.
 ...                                              
                                                  
l.3 Î”Î¿Î¸Î­Î½Ï„Ï‰Î½ Î´Ï…Î¿ Î¼Î¿Î½Î¿Î´Î¹Î¬ÏƒÏ„Î±Ï„
                                                  Ï‰Î½ Ï€Î¹Î½Î¬ÎºÏ‰Î½ \textb...

You may provide a definition with
\DeclareUnicodeCharacter 


! Package inputenc Error: Unicode character Ï‰ (U+03C9)
(inputenc)                not set up for use with LaTeX.

See the inputenc package documentation for explanation.
Type  H <return>  for immediate help.
 ...                                              
                                                  
l.3 ...¸Î­Î½Ï„Ï‰Î½ Î´Ï…Î¿ Î¼Î¿Î½Î¿Î´Î¹Î¬ÏƒÏ„Î±Ï„Ï‰
                                                  Î½ Ï€Î¹Î½Î¬ÎºÏ‰Î½ \textbf{...

You may provide a definition with
\DeclareUnicodeCharacter 


! Package inputenc Error: Unicode character Î½ (U+03BD)
(inputenc)                not set up for use with LaTeX.

See the inputenc package documentation for explanation.
Type  H <return>  for immediate help.
 ...                                              
                                                  
l.3 ...­Î½Ï„Ï‰Î½ Î´Ï…Î¿ Î¼Î¿Î½Î¿Î´Î¹Î¬ÏƒÏ„Î±Ï„Ï‰Î½
                                                   Ï€Î¹Î½Î¬ÎºÏ‰Î½ \textbf{\e...

You may provide a definition with
\DeclareUnicodeCharacter 


! Package inputenc Error: Unicode character Ï€ (U+03C0)
(inputenc)                not set up for use with LaTeX.

See the inputenc package documentation for explanation.
Type  H <return>  for immediate help.
 ...                                              
                                                  
l.3 ...Ï„Ï‰Î½ Î´Ï…Î¿ Î¼Î¿Î½Î¿Î´Î¹Î¬ÏƒÏ„Î±Ï„Ï‰Î½ Ï€
                                                  Î¹Î½Î¬ÎºÏ‰Î½ \textbf{\en{a...

You may provide a definition with
\DeclareUnicodeCharacter 


! Package inputenc Error: Unicode character Î¹ (U+03B9)
(inputenc)                not set up for use with LaTeX.

See the inputenc package documentation for explanation.
Type  H <return>  for immediate help.
 ...                                              
                                                  
l.3 ...Ï‰Î½ Î´Ï…Î¿ Î¼Î¿Î½Î¿Î´Î¹Î¬ÏƒÏ„Î±Ï„Ï‰Î½ Ï€Î¹
                                                  Î½Î¬ÎºÏ‰Î½ \textbf{\en{a}}...

You may provide a definition with
\DeclareUnicodeCharacter 


! Package inputenc Error: Unicode character Î½ (U+03BD)
(inputenc)                not set up for use with LaTeX.

See the inputenc package documentation for explanation.
Type  H <return>  for immediate help.
 ...                                              
                                                  
l.3 ...Î½ Î´Ï…Î¿ Î¼Î¿Î½Î¿Î´Î¹Î¬ÏƒÏ„Î±Ï„Ï‰Î½ Ï€Î¹Î½
                                                  Î¬ÎºÏ‰Î½ \textbf{\en{a}} Î...

You may provide a definition with
\DeclareUnicodeCharacter 


! Package inputenc Error: Unicode character Î¬ (U+03AC)
(inputenc)                not set up for use with LaTeX.

See the inputenc package documentation for explanation.
Type  H <return>  for immediate help.
 ...                                              
                                                  
l.3 ... Î´Ï…Î¿ Î¼Î¿Î½Î¿Î´Î¹Î¬ÏƒÏ„Î±Ï„Ï‰Î½ Ï€Î¹Î½Î¬
                                                  ÎºÏ‰Î½ \textbf{\en{a}} ÎºÎ...

You may provide a definition with
\DeclareUnicodeCharacter 


! Package inputenc Error: Unicode character Îº (U+03BA)
(inputenc)                not set up for use with LaTeX.

See the inputenc package documentation for explanation.
Type  H <return>  for immediate help.
 ...                                              
                                                  
l.3 ...´Ï…Î¿ Î¼Î¿Î½Î¿Î´Î¹Î¬ÏƒÏ„Î±Ï„Ï‰Î½ Ï€Î¹Î½Î¬Îº
                                                  Ï‰Î½ \textbf{\en{a}} ÎºÎ±Î...

You may provide a definition with
\DeclareUnicodeCharacter 


! Package inputenc Error: Unicode character Ï‰ (U+03C9)
(inputenc)                not set up for use with LaTeX.

See the inputenc package documentation for explanation.
Type  H <return>  for immediate help.
 ...                                              
                                                  
l.3 ...…Î¿ Î¼Î¿Î½Î¿Î´Î¹Î¬ÏƒÏ„Î±Ï„Ï‰Î½ Ï€Î¹Î½Î¬ÎºÏ‰
                                                  Î½ \textbf{\en{a}} ÎºÎ±Î¹ ...

You may provide a definition with
\DeclareUnicodeCharacter 


! Package inputenc Error: Unicode character Î½ (U+03BD)
(inputenc)                not set up for use with LaTeX.

See the inputenc package documentation for explanation.
Type  H <return>  for immediate help.
 ...                                              
                                                  
l.3 ...¿ Î¼Î¿Î½Î¿Î´Î¹Î¬ÏƒÏ„Î±Ï„Ï‰Î½ Ï€Î¹Î½Î¬ÎºÏ‰Î½
                                                   \textbf{\en{a}} ÎºÎ±Î¹ \t...

You may provide a definition with
\DeclareUnicodeCharacter 

! Undefined control sequence.
<recently read> \en 
                    
l.3 ...ÏƒÏ„Î±Ï„Ï‰Î½ Ï€Î¹Î½Î¬ÎºÏ‰Î½ \textbf{\en{a}}
                                                   ÎºÎ±Î¹ \textbf{\en{b}}, Ï...
The control sequence at the end of the top line
of your error message was never \def'ed. If you have
misspelled it (e.g., `\hobx'), type `I' and the correct
spelling (e.g., `I\hbox'). Otherwise just continue,
and I'll forget about whatever was undefined.


! Package inputenc Error: Unicode character Îº (U+03BA)
(inputenc)                not set up for use with LaTeX.

See the inputenc package documentation for explanation.
Type  H <return>  for immediate help.
 ...                                              
                                                  
l.3 ...„Î±Ï„Ï‰Î½ Ï€Î¹Î½Î¬ÎºÏ‰Î½ \textbf{\en{a}} Îº
                                                  Î±Î¹ \textbf{\en{b}}, ÏŒÏ€...

You may provide a definition with
\DeclareUnicodeCharacter 


! Package inputenc Error: Unicode character Î± (U+03B1)
(inputenc)                not set up for use with LaTeX.

See the inputenc package documentation for explanation.
Type  H <return>  for immediate help.
 ...                                              
                                                  
l.3 ...±Ï„Ï‰Î½ Ï€Î¹Î½Î¬ÎºÏ‰Î½ \textbf{\en{a}} ÎºÎ±
                                                  Î¹ \textbf{\en{b}}, ÏŒÏ€Î¿...

You may provide a definition with
\DeclareUnicodeCharacter 


! Package inputenc Error: Unicode character Î¹ (U+03B9)
(inputenc)                not set up for use with LaTeX.

See the inputenc package documentation for explanation.
Type  H <return>  for immediate help.
 ...                                              
                                                  
l.3 ...„Ï‰Î½ Ï€Î¹Î½Î¬ÎºÏ‰Î½ \textbf{\en{a}} ÎºÎ±Î¹
                                                   \textbf{\en{b}}, ÏŒÏ€Î¿Ï…...

You may provide a definition with
\DeclareUnicodeCharacter 

! Undefined control sequence.
<recently read> \en 
                    
l.3 ...Ï‰Î½ \textbf{\en{a}} ÎºÎ±Î¹ \textbf{\en{b}}
                                                  , ÏŒÏ€Î¿Ï… Ï„Î¿ ÎºÎ±Î¸Î­Î½...
The control sequence at the end of the top line
of your error message was never \def'ed. If you have
misspelled it (e.g., `\hobx'), type `I' and the correct
spelling (e.g., `I\hbox'). Otherwise just continue,
and I'll forget about whatever was undefined.

Missing character: There is no , in font nullfont!

! Package inputenc Error: Unicode character ÏŒ (U+03CC)
(inputenc)                not set up for use with LaTeX.

See the inputenc package documentation for explanation.
Type  H <return>  for immediate help.
 ...                                              
                                                  
l.3 ... \textbf{\en{a}} ÎºÎ±Î¹ \textbf{\en{b}}, ÏŒ
                                                  Ï€Î¿Ï… Ï„Î¿ ÎºÎ±Î¸Î­Î½Î± Î...

You may provide a definition with
\DeclareUnicodeCharacter 


! Package inputenc Error: Unicode character Ï€ (U+03C0)
(inputenc)                not set up for use with LaTeX.

See the inputenc package documentation for explanation.
Type  H <return>  for immediate help.
 ...                                              
                                                  
l.3 ...textbf{\en{a}} ÎºÎ±Î¹ \textbf{\en{b}}, ÏŒÏ€
                                                  Î¿Ï… Ï„Î¿ ÎºÎ±Î¸Î­Î½Î± Î±Ï...

You may provide a definition with
\DeclareUnicodeCharacter 


! Package inputenc Error: Unicode character Î¿ (U+03BF)
(inputenc)                not set up for use with LaTeX.

See the inputenc package documentation for explanation.
Type  H <return>  for immediate help.
 ...                                              
                                                  
l.3 ...xtbf{\en{a}} ÎºÎ±Î¹ \textbf{\en{b}}, ÏŒÏ€Î¿
                                                  Ï… Ï„Î¿ ÎºÎ±Î¸Î­Î½Î± Î±Ï€Î...

You may provide a definition with
\DeclareUnicodeCharacter 


! Package inputenc Error: Unicode character Ï… (U+03C5)
(inputenc)                not set up for use with LaTeX.

See the inputenc package documentation for explanation.
Type  H <return>  for immediate help.
 ...                                              
                                                  
l.3 ...bf{\en{a}} ÎºÎ±Î¹ \textbf{\en{b}}, ÏŒÏ€Î¿Ï…
                                                   Ï„Î¿ ÎºÎ±Î¸Î­Î½Î± Î±Ï€Î¿Ï...

You may provide a definition with
\DeclareUnicodeCharacter 


! Package inputenc Error: Unicode character Ï„ (U+03C4)
(inputenc)                not set up for use with LaTeX.

See the inputenc package documentation for explanation.
Type  H <return>  for immediate help.
 ...                                              
                                                  
l.3 ...\en{a}} ÎºÎ±Î¹ \textbf{\en{b}}, ÏŒÏ€Î¿Ï… Ï„
                                                  Î¿ ÎºÎ±Î¸Î­Î½Î± Î±Ï€Î¿Ï„Îµ...

You may provide a definition with
\DeclareUnicodeCharacter 


! Package inputenc Error: Unicode character Î¿ (U+03BF)
(inputenc)                not set up for use with LaTeX.

See the inputenc package documentation for explanation.
Type  H <return>  for immediate help.
 ...                                              
                                                  
l.3 ...n{a}} ÎºÎ±Î¹ \textbf{\en{b}}, ÏŒÏ€Î¿Ï… Ï„Î¿
                                                   ÎºÎ±Î¸Î­Î½Î± Î±Ï€Î¿Ï„ÎµÎ»...

You may provide a definition with
\DeclareUnicodeCharacter 


! Package inputenc Error: Unicode character Îº (U+03BA)
(inputenc)                not set up for use with LaTeX.

See the inputenc package documentation for explanation.
Type  H <return>  for immediate help.
 ...                                              
                                                  
l.3 ...}} ÎºÎ±Î¹ \textbf{\en{b}}, ÏŒÏ€Î¿Ï… Ï„Î¿ Îº
                                                  Î±Î¸Î­Î½Î± Î±Ï€Î¿Ï„ÎµÎ»ÎµÎ...

You may provide a definition with
\DeclareUnicodeCharacter 


! Package inputenc Error: Unicode character Î± (U+03B1)
(inputenc)                not set up for use with LaTeX.

See the inputenc package documentation for explanation.
Type  H <return>  for immediate help.
 ...                                              
                                                  
l.3 ... ÎºÎ±Î¹ \textbf{\en{b}}, ÏŒÏ€Î¿Ï… Ï„Î¿ ÎºÎ±
                                                  Î¸Î­Î½Î± Î±Ï€Î¿Ï„ÎµÎ»ÎµÎ¯Ï...

You may provide a definition with
\DeclareUnicodeCharacter 


! Package inputenc Error: Unicode character Î¸ (U+03B8)
(inputenc)                not set up for use with LaTeX.

See the inputenc package documentation for explanation.
Type  H <return>  for immediate help.
 ...                                              
                                                  
l.3 ...ºÎ±Î¹ \textbf{\en{b}}, ÏŒÏ€Î¿Ï… Ï„Î¿ ÎºÎ±Î¸
                                                  Î­Î½Î± Î±Ï€Î¿Ï„ÎµÎ»ÎµÎ¯Ï„Î...

You may provide a definition with
\DeclareUnicodeCharacter 


! Package inputenc Error: Unicode character Î­ (U+03AD)
(inputenc)                not set up for use with LaTeX.

See the inputenc package documentation for explanation.
Type  H <return>  for immediate help.
 ...                                              
                                                  
l.3 ...±Î¹ \textbf{\en{b}}, ÏŒÏ€Î¿Ï… Ï„Î¿ ÎºÎ±Î¸Î­
                                                  Î½Î± Î±Ï€Î¿Ï„ÎµÎ»ÎµÎ¯Ï„Î±Î...

You may provide a definition with
\DeclareUnicodeCharacter 


! Package inputenc Error: Unicode character Î½ (U+03BD)
(inputenc)                not set up for use with LaTeX.

See the inputenc package documentation for explanation.
Type  H <return>  for immediate help.
 ...                                              
                                                  
l.3 ...¹ \textbf{\en{b}}, ÏŒÏ€Î¿Ï… Ï„Î¿ ÎºÎ±Î¸Î­Î½
                                                  Î± Î±Ï€Î¿Ï„ÎµÎ»ÎµÎ¯Ï„Î±Î¹ ...

You may provide a definition with
\DeclareUnicodeCharacter 


! Package inputenc Error: Unicode character Î± (U+03B1)
(inputenc)                not set up for use with LaTeX.

See the inputenc package documentation for explanation.
Type  H <return>  for immediate help.
 ...                                              
                                                  
l.3 ...\textbf{\en{b}}, ÏŒÏ€Î¿Ï… Ï„Î¿ ÎºÎ±Î¸Î­Î½Î±
                                                   Î±Ï€Î¿Ï„ÎµÎ»ÎµÎ¯Ï„Î±Î¹ Î±...

You may provide a definition with
\DeclareUnicodeCharacter 


! Package inputenc Error: Unicode character Î± (U+03B1)
(inputenc)                not set up for use with LaTeX.

See the inputenc package documentation for explanation.
Type  H <return>  for immediate help.
 ...                                              
                                                  
l.3 ...xtbf{\en{b}}, ÏŒÏ€Î¿Ï… Ï„Î¿ ÎºÎ±Î¸Î­Î½Î± Î±
                                                  Ï€Î¿Ï„ÎµÎ»ÎµÎ¯Ï„Î±Î¹ Î±Ï€Ï...

You may provide a definition with
\DeclareUnicodeCharacter 


! Package inputenc Error: Unicode character Ï€ (U+03C0)
(inputenc)                not set up for use with LaTeX.

See the inputenc package documentation for explanation.
Type  H <return>  for immediate help.
 ...                                              
                                                  
l.3 ...bf{\en{b}}, ÏŒÏ€Î¿Ï… Ï„Î¿ ÎºÎ±Î¸Î­Î½Î± Î±Ï€
                                                  Î¿Ï„ÎµÎ»ÎµÎ¯Ï„Î±Î¹ Î±Ï€ÏŒ ...

You may provide a definition with
\DeclareUnicodeCharacter 


! Package inputenc Error: Unicode character Î¿ (U+03BF)
(inputenc)                not set up for use with LaTeX.

See the inputenc package documentation for explanation.
Type  H <return>  for immediate help.
 ...                                              
                                                  
l.3 ...{\en{b}}, ÏŒÏ€Î¿Ï… Ï„Î¿ ÎºÎ±Î¸Î­Î½Î± Î±Ï€Î¿
                                                  Ï„ÎµÎ»ÎµÎ¯Ï„Î±Î¹ Î±Ï€ÏŒ \t...

You may provide a definition with
\DeclareUnicodeCharacter 


! Package inputenc Error: Unicode character Ï„ (U+03C4)
(inputenc)                not set up for use with LaTeX.

See the inputenc package documentation for explanation.
Type  H <return>  for immediate help.
 ...                                              
                                                  
l.3 ...en{b}}, ÏŒÏ€Î¿Ï… Ï„Î¿ ÎºÎ±Î¸Î­Î½Î± Î±Ï€Î¿Ï„
                                                  ÎµÎ»ÎµÎ¯Ï„Î±Î¹ Î±Ï€ÏŒ \tex...

You may provide a definition with
\DeclareUnicodeCharacter 


! Package inputenc Error: Unicode character Îµ (U+03B5)
(inputenc)                not set up for use with LaTeX.

See the inputenc package documentation for explanation.
Type  H <return>  for immediate help.
 ...                                              
                                                  
l.3 ...{b}}, ÏŒÏ€Î¿Ï… Ï„Î¿ ÎºÎ±Î¸Î­Î½Î± Î±Ï€Î¿Ï„Îµ
                                                  Î»ÎµÎ¯Ï„Î±Î¹ Î±Ï€ÏŒ \textb...

You may provide a definition with
\DeclareUnicodeCharacter 


! Package inputenc Error: Unicode character Î» (U+03BB)
(inputenc)                not set up for use with LaTeX.

See the inputenc package documentation for explanation.
Type  H <return>  for immediate help.
 ...                                              
                                                  
l.3 ...}}, ÏŒÏ€Î¿Ï… Ï„Î¿ ÎºÎ±Î¸Î­Î½Î± Î±Ï€Î¿Ï„ÎµÎ»
                                                  ÎµÎ¯Ï„Î±Î¹ Î±Ï€ÏŒ \textbf{...

You may provide a definition with
\DeclareUnicodeCharacter 


! Package inputenc Error: Unicode character Îµ (U+03B5)
(inputenc)                not set up for use with LaTeX.

See the inputenc package documentation for explanation.
Type  H <return>  for immediate help.
 ...                                              
                                                  
l.3 ..., ÏŒÏ€Î¿Ï… Ï„Î¿ ÎºÎ±Î¸Î­Î½Î± Î±Ï€Î¿Ï„ÎµÎ»Îµ
                                                  Î¯Ï„Î±Î¹ Î±Ï€ÏŒ \textbf{\e...

You may provide a definition with
\DeclareUnicodeCharacter 


! Package inputenc Error: Unicode character Î¯ (U+03AF)
(inputenc)                not set up for use with LaTeX.

See the inputenc package documentation for explanation.
Type  H <return>  for immediate help.
 ...                                              
                                                  
l.3 ...ÏŒÏ€Î¿Ï… Ï„Î¿ ÎºÎ±Î¸Î­Î½Î± Î±Ï€Î¿Ï„ÎµÎ»ÎµÎ¯
                                                  Ï„Î±Î¹ Î±Ï€ÏŒ \textbf{\en{...

You may provide a definition with
\DeclareUnicodeCharacter 


! Package inputenc Error: Unicode character Ï„ (U+03C4)
(inputenc)                not set up for use with LaTeX.

See the inputenc package documentation for explanation.
Type  H <return>  for immediate help.
 ...                                              
                                                  
l.3 ...Ï€Î¿Ï… Ï„Î¿ ÎºÎ±Î¸Î­Î½Î± Î±Ï€Î¿Ï„ÎµÎ»ÎµÎ¯Ï„
                                                  Î±Î¹ Î±Ï€ÏŒ \textbf{\en{n}...

You may provide a definition with
\DeclareUnicodeCharacter 


! Package inputenc Error: Unicode character Î± (U+03B1)
(inputenc)                not set up for use with LaTeX.

See the inputenc package documentation for explanation.
Type  H <return>  for immediate help.
 ...                                              
                                                  
l.3 ...Î¿Ï… Ï„Î¿ ÎºÎ±Î¸Î­Î½Î± Î±Ï€Î¿Ï„ÎµÎ»ÎµÎ¯Ï„Î±
                                                  Î¹ Î±Ï€ÏŒ \textbf{\en{n}} ...

You may provide a definition with
\DeclareUnicodeCharacter 


! Package inputenc Error: Unicode character Î¹ (U+03B9)
(inputenc)                not set up for use with LaTeX.

See the inputenc package documentation for explanation.
Type  H <return>  for immediate help.
 ...                                              
                                                  
l.3 ...Ï… Ï„Î¿ ÎºÎ±Î¸Î­Î½Î± Î±Ï€Î¿Ï„ÎµÎ»ÎµÎ¯Ï„Î±Î¹
                                                   Î±Ï€ÏŒ \textbf{\en{n}} Ïƒ...

You may provide a definition with
\DeclareUnicodeCharacter 


! Package inputenc Error: Unicode character Î± (U+03B1)
(inputenc)                not set up for use with LaTeX.

See the inputenc package documentation for explanation.
Type  H <return>  for immediate help.
 ...                                              
                                                  
l.3 ...Ï„Î¿ ÎºÎ±Î¸Î­Î½Î± Î±Ï€Î¿Ï„ÎµÎ»ÎµÎ¯Ï„Î±Î¹ Î±
                                                  Ï€ÏŒ \textbf{\en{n}} ÏƒÏ„Î...

You may provide a definition with
\DeclareUnicodeCharacter 


! Package inputenc Error: Unicode character Ï€ (U+03C0)
(inputenc)                not set up for use with LaTeX.

See the inputenc package documentation for explanation.
Type  H <return>  for immediate help.
 ...                                              
                                                  
l.3 ...Î¿ ÎºÎ±Î¸Î­Î½Î± Î±Ï€Î¿Ï„ÎµÎ»ÎµÎ¯Ï„Î±Î¹ Î±Ï€
                                                  ÏŒ \textbf{\en{n}} ÏƒÏ„Î¿Î...

You may provide a definition with
\DeclareUnicodeCharacter 


! Package inputenc Error: Unicode character ÏŒ (U+03CC)
(inputenc)                not set up for use with LaTeX.

See the inputenc package documentation for explanation.
Type  H <return>  for immediate help.
 ...                                              
                                                  
l.3 ... ÎºÎ±Î¸Î­Î½Î± Î±Ï€Î¿Ï„ÎµÎ»ÎµÎ¯Ï„Î±Î¹ Î±Ï€ÏŒ
                                                   \textbf{\en{n}} ÏƒÏ„Î¿Î¹Ï...

You may provide a definition with
\DeclareUnicodeCharacter 

! Undefined control sequence.
<recently read> \en 
                    
l.3 ...Ï€Î¿Ï„ÎµÎ»ÎµÎ¯Ï„Î±Î¹ Î±Ï€ÏŒ \textbf{\en{n}}
                                                   ÏƒÏ„Î¿Î¹Ï‡ÎµÎ¯Î±, Ï„Î¿ Îµ...
The control sequence at the end of the top line
of your error message was never \def'ed. If you have
misspelled it (e.g., `\hobx'), type `I' and the correct
spelling (e.g., `I\hbox'). Otherwise just continue,
and I'll forget about whatever was undefined.


! Package inputenc Error: Unicode character Ïƒ (U+03C3)
(inputenc)                not set up for use with LaTeX.

See the inputenc package documentation for explanation.
Type  H <return>  for immediate help.
 ...                                              
                                                  
l.3 ...¿Ï„ÎµÎ»ÎµÎ¯Ï„Î±Î¹ Î±Ï€ÏŒ \textbf{\en{n}} Ïƒ
                                                  Ï„Î¿Î¹Ï‡ÎµÎ¯Î±, Ï„Î¿ ÎµÏƒÏ...

You may provide a definition with
\DeclareUnicodeCharacter 


! Package inputenc Error: Unicode character Ï„ (U+03C4)
(inputenc)                not set up for use with LaTeX.

See the inputenc package documentation for explanation.
Type  H <return>  for immediate help.
 ...                                              
                                                  
l.3 ...„ÎµÎ»ÎµÎ¯Ï„Î±Î¹ Î±Ï€ÏŒ \textbf{\en{n}} ÏƒÏ„
                                                  Î¿Î¹Ï‡ÎµÎ¯Î±, Ï„Î¿ ÎµÏƒÏ‰Ï...

You may provide a definition with
\DeclareUnicodeCharacter 


! Package inputenc Error: Unicode character Î¿ (U+03BF)
(inputenc)                not set up for use with LaTeX.

See the inputenc package documentation for explanation.
Type  H <return>  for immediate help.
 ...                                              
                                                  
l.3 ...µÎ»ÎµÎ¯Ï„Î±Î¹ Î±Ï€ÏŒ \textbf{\en{n}} ÏƒÏ„Î¿
                                                  Î¹Ï‡ÎµÎ¯Î±, Ï„Î¿ ÎµÏƒÏ‰Ï„Î...

You may provide a definition with
\DeclareUnicodeCharacter 


! Package inputenc Error: Unicode character Î¹ (U+03B9)
(inputenc)                not set up for use with LaTeX.

See the inputenc package documentation for explanation.
Type  H <return>  for immediate help.
 ...                                              
                                                  
l.3 ...»ÎµÎ¯Ï„Î±Î¹ Î±Ï€ÏŒ \textbf{\en{n}} ÏƒÏ„Î¿Î¹
                                                  Ï‡ÎµÎ¯Î±, Ï„Î¿ ÎµÏƒÏ‰Ï„ÎµÏ...
(That makes 100 errors; please try again.) 
Here is how much of TeX's memory you used:
 50 strings out of 479304
 768 string characters out of 5871219
 271116 words of memory out of 5000000
 17339 multiletter control sequences out of 15000+600000
 404084 words of font info for 29 fonts, out of 8000000 for 9000
 1141 hyphenation exceptions out of 8191
 14i,1n,15p,395b,78s stack positions out of 5000i,500n,10000p,200000b,80000s

!  ==> Fatal error occurred, no output PDF file produced!
