This is pdfTeX, Version 3.14159265-2.6-1.40.21 (TeX Live 2020/W32TeX) (preloaded format=pdflatex 2021.1.19)  13 MAY 2021 00:28
entering extended mode
 restricted \write18 enabled.
 %&-line parsing enabled.
**linked_list_traversal.tex
(./linked_list_traversal.tex
LaTeX2e <2020-10-01> patch level 4
L3 programming layer <2021-01-09> xparse <2020-03-03>
! Undefined control sequence.
l.1 \setstretch
               {1.5}
The control sequence at the end of the top line
of your error message was never \def'ed. If you have
misspelled it (e.g., `\hobx'), type `I' and the correct
spelling (e.g., `I\hbox'). Otherwise just continue,
and I'll forget about whatever was undefined.


! LaTeX Error: Missing \begin{document}.

See the LaTeX manual or LaTeX Companion for explanation.
Type  H <return>  for immediate help.
 ...                                              
                                                  
l.1 \setstretch{1
                 .5}
You're in trouble here.  Try typing  <return>  to proceed.
If that doesn't work, type  X <return>  to quit.

Missing character: There is no 1 in font nullfont!
Missing character: There is no . in font nullfont!
Missing character: There is no 5 in font nullfont!

Overfull \hbox (20.0pt too wide) in paragraph at lines 1--2
[] 
 []


! LaTeX Error: The font size command \normalsize is not defined:
               there is probably something wrong with the class file.

See the LaTeX manual or LaTeX Companion for explanation.
Type  H <return>  for immediate help.
 ...                                              
                                                  
l.2 \clearpage
              
Your command was ignored.
Type  I <command> <return>  to replace it with another command,
or  <return>  to continue without it.

[1]
! Undefined control sequence.
l.3 \subsection
               {Î”Î¹Î¬ÏƒÏ‡Î¹ÏƒÎ· ÏƒÏ…Î½Î´ÎµÎ´ÎµÎ¼Î­Î½Î·Ï‚ Î»Î¯ÏƒÏ„Î±Ï‚}
The control sequence at the end of the top line
of your error message was never \def'ed. If you have
misspelled it (e.g., `\hobx'), type `I' and the correct
spelling (e.g., `I\hbox'). Otherwise just continue,
and I'll forget about whatever was undefined.


! Package inputenc Error: Unicode character Î” (U+0394)
(inputenc)                not set up for use with LaTeX.

See the inputenc package documentation for explanation.
Type  H <return>  for immediate help.
 ...                                              
                                                  
l.3 \subsection{Î”
                  Î¹Î¬ÏƒÏ‡Î¹ÏƒÎ· ÏƒÏ…Î½Î´ÎµÎ´ÎµÎ¼Î­Î½Î·Ï‚ Î»Î¯ÏƒÏ„Î±Ï‚}
You may provide a definition with
\DeclareUnicodeCharacter 


! Package inputenc Error: Unicode character Î¹ (U+03B9)
(inputenc)                not set up for use with LaTeX.

See the inputenc package documentation for explanation.
Type  H <return>  for immediate help.
 ...                                              
                                                  
l.3 \subsection{Î”Î¹
                    Î¬ÏƒÏ‡Î¹ÏƒÎ· ÏƒÏ…Î½Î´ÎµÎ´ÎµÎ¼Î­Î½Î·Ï‚ Î»Î¯ÏƒÏ„Î±Ï‚}
You may provide a definition with
\DeclareUnicodeCharacter 


! Package inputenc Error: Unicode character Î¬ (U+03AC)
(inputenc)                not set up for use with LaTeX.

See the inputenc package documentation for explanation.
Type  H <return>  for immediate help.
 ...                                              
                                                  
l.3 \subsection{Î”Î¹Î¬
                      ÏƒÏ‡Î¹ÏƒÎ· ÏƒÏ…Î½Î´ÎµÎ´ÎµÎ¼Î­Î½Î·Ï‚ Î»Î¯ÏƒÏ„Î±Ï‚}
You may provide a definition with
\DeclareUnicodeCharacter 


! Package inputenc Error: Unicode character Ïƒ (U+03C3)
(inputenc)                not set up for use with LaTeX.

See the inputenc package documentation for explanation.
Type  H <return>  for immediate help.
 ...                                              
                                                  
l.3 \subsection{Î”Î¹Î¬Ïƒ
                        Ï‡Î¹ÏƒÎ· ÏƒÏ…Î½Î´ÎµÎ´ÎµÎ¼Î­Î½Î·Ï‚ Î»Î¯ÏƒÏ„Î±Ï‚}
You may provide a definition with
\DeclareUnicodeCharacter 


! Package inputenc Error: Unicode character Ï‡ (U+03C7)
(inputenc)                not set up for use with LaTeX.

See the inputenc package documentation for explanation.
Type  H <return>  for immediate help.
 ...                                              
                                                  
l.3 \subsection{Î”Î¹Î¬ÏƒÏ‡
                          Î¹ÏƒÎ· ÏƒÏ…Î½Î´ÎµÎ´ÎµÎ¼Î­Î½Î·Ï‚ Î»Î¯ÏƒÏ„Î±Ï‚}
You may provide a definition with
\DeclareUnicodeCharacter 


! Package inputenc Error: Unicode character Î¹ (U+03B9)
(inputenc)                not set up for use with LaTeX.

See the inputenc package documentation for explanation.
Type  H <return>  for immediate help.
 ...                                              
                                                  
l.3 \subsection{Î”Î¹Î¬ÏƒÏ‡Î¹
                            ÏƒÎ· ÏƒÏ…Î½Î´ÎµÎ´ÎµÎ¼Î­Î½Î·Ï‚ Î»Î¯ÏƒÏ„Î±Ï‚}
You may provide a definition with
\DeclareUnicodeCharacter 


! Package inputenc Error: Unicode character Ïƒ (U+03C3)
(inputenc)                not set up for use with LaTeX.

See the inputenc package documentation for explanation.
Type  H <return>  for immediate help.
 ...                                              
                                                  
l.3 \subsection{Î”Î¹Î¬ÏƒÏ‡Î¹Ïƒ
                              Î· ÏƒÏ…Î½Î´ÎµÎ´ÎµÎ¼Î­Î½Î·Ï‚ Î»Î¯ÏƒÏ„Î±Ï‚}
You may provide a definition with
\DeclareUnicodeCharacter 


! Package inputenc Error: Unicode character Î· (U+03B7)
(inputenc)                not set up for use with LaTeX.

See the inputenc package documentation for explanation.
Type  H <return>  for immediate help.
 ...                                              
                                                  
l.3 \subsection{Î”Î¹Î¬ÏƒÏ‡Î¹ÏƒÎ·
                                 ÏƒÏ…Î½Î´ÎµÎ´ÎµÎ¼Î­Î½Î·Ï‚ Î»Î¯ÏƒÏ„Î±Ï‚}
You may provide a definition with
\DeclareUnicodeCharacter 


! Package inputenc Error: Unicode character Ïƒ (U+03C3)
(inputenc)                not set up for use with LaTeX.

See the inputenc package documentation for explanation.
Type  H <return>  for immediate help.
 ...                                              
                                                  
l.3 \subsection{Î”Î¹Î¬ÏƒÏ‡Î¹ÏƒÎ· Ïƒ
                                   Ï…Î½Î´ÎµÎ´ÎµÎ¼Î­Î½Î·Ï‚ Î»Î¯ÏƒÏ„Î±Ï‚}
You may provide a definition with
\DeclareUnicodeCharacter 


! Package inputenc Error: Unicode character Ï… (U+03C5)
(inputenc)                not set up for use with LaTeX.

See the inputenc package documentation for explanation.
Type  H <return>  for immediate help.
 ...                                              
                                                  
l.3 \subsection{Î”Î¹Î¬ÏƒÏ‡Î¹ÏƒÎ· ÏƒÏ…
                                     Î½Î´ÎµÎ´ÎµÎ¼Î­Î½Î·Ï‚ Î»Î¯ÏƒÏ„Î±Ï‚}
You may provide a definition with
\DeclareUnicodeCharacter 


! Package inputenc Error: Unicode character Î½ (U+03BD)
(inputenc)                not set up for use with LaTeX.

See the inputenc package documentation for explanation.
Type  H <return>  for immediate help.
 ...                                              
                                                  
l.3 \subsection{Î”Î¹Î¬ÏƒÏ‡Î¹ÏƒÎ· ÏƒÏ…Î½
                                       Î´ÎµÎ´ÎµÎ¼Î­Î½Î·Ï‚ Î»Î¯ÏƒÏ„Î±Ï‚}
You may provide a definition with
\DeclareUnicodeCharacter 


! Package inputenc Error: Unicode character Î´ (U+03B4)
(inputenc)                not set up for use with LaTeX.

See the inputenc package documentation for explanation.
Type  H <return>  for immediate help.
 ...                                              
                                                  
l.3 \subsection{Î”Î¹Î¬ÏƒÏ‡Î¹ÏƒÎ· ÏƒÏ…Î½Î´
                                         ÎµÎ´ÎµÎ¼Î­Î½Î·Ï‚ Î»Î¯ÏƒÏ„Î±Ï‚}
You may provide a definition with
\DeclareUnicodeCharacter 


! Package inputenc Error: Unicode character Îµ (U+03B5)
(inputenc)                not set up for use with LaTeX.

See the inputenc package documentation for explanation.
Type  H <return>  for immediate help.
 ...                                              
                                                  
l.3 \subsection{Î”Î¹Î¬ÏƒÏ‡Î¹ÏƒÎ· ÏƒÏ…Î½Î´Îµ
                                           Î´ÎµÎ¼Î­Î½Î·Ï‚ Î»Î¯ÏƒÏ„Î±Ï‚}
You may provide a definition with
\DeclareUnicodeCharacter 


! Package inputenc Error: Unicode character Î´ (U+03B4)
(inputenc)                not set up for use with LaTeX.

See the inputenc package documentation for explanation.
Type  H <return>  for immediate help.
 ...                                              
                                                  
l.3 \subsection{Î”Î¹Î¬ÏƒÏ‡Î¹ÏƒÎ· ÏƒÏ…Î½Î´ÎµÎ´
                                             ÎµÎ¼Î­Î½Î·Ï‚ Î»Î¯ÏƒÏ„Î±Ï‚}
You may provide a definition with
\DeclareUnicodeCharacter 


! Package inputenc Error: Unicode character Îµ (U+03B5)
(inputenc)                not set up for use with LaTeX.

See the inputenc package documentation for explanation.
Type  H <return>  for immediate help.
 ...                                              
                                                  
l.3 \subsection{Î”Î¹Î¬ÏƒÏ‡Î¹ÏƒÎ· ÏƒÏ…Î½Î´ÎµÎ´Îµ
                                               Î¼Î­Î½Î·Ï‚ Î»Î¯ÏƒÏ„Î±Ï‚}
You may provide a definition with
\DeclareUnicodeCharacter 


! Package inputenc Error: Unicode character Î¼ (U+03BC)
(inputenc)                not set up for use with LaTeX.

See the inputenc package documentation for explanation.
Type  H <return>  for immediate help.
 ...                                              
                                                  
l.3 \subsection{Î”Î¹Î¬ÏƒÏ‡Î¹ÏƒÎ· ÏƒÏ…Î½Î´ÎµÎ´ÎµÎ¼
                                                 Î­Î½Î·Ï‚ Î»Î¯ÏƒÏ„Î±Ï‚}
You may provide a definition with
\DeclareUnicodeCharacter 


! Package inputenc Error: Unicode character Î­ (U+03AD)
(inputenc)                not set up for use with LaTeX.

See the inputenc package documentation for explanation.
Type  H <return>  for immediate help.
 ...                                              
                                                  
l.3 ...section{Î”Î¹Î¬ÏƒÏ‡Î¹ÏƒÎ· ÏƒÏ…Î½Î´ÎµÎ´ÎµÎ¼Î­
                                                  Î½Î·Ï‚ Î»Î¯ÏƒÏ„Î±Ï‚}
You may provide a definition with
\DeclareUnicodeCharacter 


! Package inputenc Error: Unicode character Î½ (U+03BD)
(inputenc)                not set up for use with LaTeX.

See the inputenc package documentation for explanation.
Type  H <return>  for immediate help.
 ...                                              
                                                  
l.3 ...ction{Î”Î¹Î¬ÏƒÏ‡Î¹ÏƒÎ· ÏƒÏ…Î½Î´ÎµÎ´ÎµÎ¼Î­Î½
                                                  Î·Ï‚ Î»Î¯ÏƒÏ„Î±Ï‚}
You may provide a definition with
\DeclareUnicodeCharacter 


! Package inputenc Error: Unicode character Î· (U+03B7)
(inputenc)                not set up for use with LaTeX.

See the inputenc package documentation for explanation.
Type  H <return>  for immediate help.
 ...                                              
                                                  
l.3 ...ion{Î”Î¹Î¬ÏƒÏ‡Î¹ÏƒÎ· ÏƒÏ…Î½Î´ÎµÎ´ÎµÎ¼Î­Î½Î·
                                                  Ï‚ Î»Î¯ÏƒÏ„Î±Ï‚}
You may provide a definition with
\DeclareUnicodeCharacter 


! Package inputenc Error: Unicode character Ï‚ (U+03C2)
(inputenc)                not set up for use with LaTeX.

See the inputenc package documentation for explanation.
Type  H <return>  for immediate help.
 ...                                              
                                                  
l.3 ...n{Î”Î¹Î¬ÏƒÏ‡Î¹ÏƒÎ· ÏƒÏ…Î½Î´ÎµÎ´ÎµÎ¼Î­Î½Î·Ï‚
                                                   Î»Î¯ÏƒÏ„Î±Ï‚}
You may provide a definition with
\DeclareUnicodeCharacter 


! Package inputenc Error: Unicode character Î» (U+03BB)
(inputenc)                not set up for use with LaTeX.

See the inputenc package documentation for explanation.
Type  H <return>  for immediate help.
 ...                                              
                                                  
l.3 ...”Î¹Î¬ÏƒÏ‡Î¹ÏƒÎ· ÏƒÏ…Î½Î´ÎµÎ´ÎµÎ¼Î­Î½Î·Ï‚ Î»
                                                  Î¯ÏƒÏ„Î±Ï‚}
You may provide a definition with
\DeclareUnicodeCharacter 


! Package inputenc Error: Unicode character Î¯ (U+03AF)
(inputenc)                not set up for use with LaTeX.

See the inputenc package documentation for explanation.
Type  H <return>  for immediate help.
 ...                                              
                                                  
l.3 ...¹Î¬ÏƒÏ‡Î¹ÏƒÎ· ÏƒÏ…Î½Î´ÎµÎ´ÎµÎ¼Î­Î½Î·Ï‚ Î»Î¯
                                                  ÏƒÏ„Î±Ï‚}
You may provide a definition with
\DeclareUnicodeCharacter 


! Package inputenc Error: Unicode character Ïƒ (U+03C3)
(inputenc)                not set up for use with LaTeX.

See the inputenc package documentation for explanation.
Type  H <return>  for immediate help.
 ...                                              
                                                  
l.3 ...¬ÏƒÏ‡Î¹ÏƒÎ· ÏƒÏ…Î½Î´ÎµÎ´ÎµÎ¼Î­Î½Î·Ï‚ Î»Î¯Ïƒ
                                                  Ï„Î±Ï‚}
You may provide a definition with
\DeclareUnicodeCharacter 


! Package inputenc Error: Unicode character Ï„ (U+03C4)
(inputenc)                not set up for use with LaTeX.

See the inputenc package documentation for explanation.
Type  H <return>  for immediate help.
 ...                                              
                                                  
l.3 ...ƒÏ‡Î¹ÏƒÎ· ÏƒÏ…Î½Î´ÎµÎ´ÎµÎ¼Î­Î½Î·Ï‚ Î»Î¯ÏƒÏ„
                                                  Î±Ï‚}
You may provide a definition with
\DeclareUnicodeCharacter 


! Package inputenc Error: Unicode character Î± (U+03B1)
(inputenc)                not set up for use with LaTeX.

See the inputenc package documentation for explanation.
Type  H <return>  for immediate help.
 ...                                              
                                                  
l.3 ...‡Î¹ÏƒÎ· ÏƒÏ…Î½Î´ÎµÎ´ÎµÎ¼Î­Î½Î·Ï‚ Î»Î¯ÏƒÏ„Î±
                                                  Ï‚}
You may provide a definition with
\DeclareUnicodeCharacter 


! Package inputenc Error: Unicode character Ï‚ (U+03C2)
(inputenc)                not set up for use with LaTeX.

See the inputenc package documentation for explanation.
Type  H <return>  for immediate help.
 ...                                              
                                                  
l.3 ...¹ÏƒÎ· ÏƒÏ…Î½Î´ÎµÎ´ÎµÎ¼Î­Î½Î·Ï‚ Î»Î¯ÏƒÏ„Î±Ï‚
                                                  }
You may provide a definition with
\DeclareUnicodeCharacter 


! Package inputenc Error: Unicode character Î— (U+0397)
(inputenc)                not set up for use with LaTeX.

See the inputenc package documentation for explanation.
Type  H <return>  for immediate help.
 ...                                              
                                                  
l.4 Î—
       Î´Î¹Î¬ÏƒÏ‡Î¹ÏƒÎ· ÏƒÏ…Î½Î´ÎµÎ´ÎµÎ¼Î­Î½Î·Ï‚ Î»Î¯ÏƒÏ„Î±Ï‚ Î±Ï€Î¿Ï„ÎµÎ»Îµ...

You may provide a definition with
\DeclareUnicodeCharacter 


! Package inputenc Error: Unicode character Î´ (U+03B4)
(inputenc)                not set up for use with LaTeX.

See the inputenc package documentation for explanation.
Type  H <return>  for immediate help.
 ...                                              
                                                  
l.4 Î— Î´
         Î¹Î¬ÏƒÏ‡Î¹ÏƒÎ· ÏƒÏ…Î½Î´ÎµÎ´ÎµÎ¼Î­Î½Î·Ï‚ Î»Î¯ÏƒÏ„Î±Ï‚ Î±Ï€Î¿Ï„ÎµÎ»Îµ...

You may provide a definition with
\DeclareUnicodeCharacter 


! Package inputenc Error: Unicode character Î¹ (U+03B9)
(inputenc)                not set up for use with LaTeX.

See the inputenc package documentation for explanation.
Type  H <return>  for immediate help.
 ...                                              
                                                  
l.4 Î— Î´Î¹
           Î¬ÏƒÏ‡Î¹ÏƒÎ· ÏƒÏ…Î½Î´ÎµÎ´ÎµÎ¼Î­Î½Î·Ï‚ Î»Î¯ÏƒÏ„Î±Ï‚ Î±Ï€Î¿Ï„ÎµÎ»Îµ...

You may provide a definition with
\DeclareUnicodeCharacter 


! Package inputenc Error: Unicode character Î¬ (U+03AC)
(inputenc)                not set up for use with LaTeX.

See the inputenc package documentation for explanation.
Type  H <return>  for immediate help.
 ...                                              
                                                  
l.4 Î— Î´Î¹Î¬
             ÏƒÏ‡Î¹ÏƒÎ· ÏƒÏ…Î½Î´ÎµÎ´ÎµÎ¼Î­Î½Î·Ï‚ Î»Î¯ÏƒÏ„Î±Ï‚ Î±Ï€Î¿Ï„ÎµÎ»Îµ...

You may provide a definition with
\DeclareUnicodeCharacter 


! Package inputenc Error: Unicode character Ïƒ (U+03C3)
(inputenc)                not set up for use with LaTeX.

See the inputenc package documentation for explanation.
Type  H <return>  for immediate help.
 ...                                              
                                                  
l.4 Î— Î´Î¹Î¬Ïƒ
               Ï‡Î¹ÏƒÎ· ÏƒÏ…Î½Î´ÎµÎ´ÎµÎ¼Î­Î½Î·Ï‚ Î»Î¯ÏƒÏ„Î±Ï‚ Î±Ï€Î¿Ï„ÎµÎ»Îµ...

You may provide a definition with
\DeclareUnicodeCharacter 


! Package inputenc Error: Unicode character Ï‡ (U+03C7)
(inputenc)                not set up for use with LaTeX.

See the inputenc package documentation for explanation.
Type  H <return>  for immediate help.
 ...                                              
                                                  
l.4 Î— Î´Î¹Î¬ÏƒÏ‡
                 Î¹ÏƒÎ· ÏƒÏ…Î½Î´ÎµÎ´ÎµÎ¼Î­Î½Î·Ï‚ Î»Î¯ÏƒÏ„Î±Ï‚ Î±Ï€Î¿Ï„ÎµÎ»Îµ...

You may provide a definition with
\DeclareUnicodeCharacter 


! Package inputenc Error: Unicode character Î¹ (U+03B9)
(inputenc)                not set up for use with LaTeX.

See the inputenc package documentation for explanation.
Type  H <return>  for immediate help.
 ...                                              
                                                  
l.4 Î— Î´Î¹Î¬ÏƒÏ‡Î¹
                   ÏƒÎ· ÏƒÏ…Î½Î´ÎµÎ´ÎµÎ¼Î­Î½Î·Ï‚ Î»Î¯ÏƒÏ„Î±Ï‚ Î±Ï€Î¿Ï„ÎµÎ»Îµ...

You may provide a definition with
\DeclareUnicodeCharacter 


! Package inputenc Error: Unicode character Ïƒ (U+03C3)
(inputenc)                not set up for use with LaTeX.

See the inputenc package documentation for explanation.
Type  H <return>  for immediate help.
 ...                                              
                                                  
l.4 Î— Î´Î¹Î¬ÏƒÏ‡Î¹Ïƒ
                     Î· ÏƒÏ…Î½Î´ÎµÎ´ÎµÎ¼Î­Î½Î·Ï‚ Î»Î¯ÏƒÏ„Î±Ï‚ Î±Ï€Î¿Ï„ÎµÎ»Îµ...

You may provide a definition with
\DeclareUnicodeCharacter 


! Package inputenc Error: Unicode character Î· (U+03B7)
(inputenc)                not set up for use with LaTeX.

See the inputenc package documentation for explanation.
Type  H <return>  for immediate help.
 ...                                              
                                                  
l.4 Î— Î´Î¹Î¬ÏƒÏ‡Î¹ÏƒÎ·
                        ÏƒÏ…Î½Î´ÎµÎ´ÎµÎ¼Î­Î½Î·Ï‚ Î»Î¯ÏƒÏ„Î±Ï‚ Î±Ï€Î¿Ï„ÎµÎ»Îµ...

You may provide a definition with
\DeclareUnicodeCharacter 


! Package inputenc Error: Unicode character Ïƒ (U+03C3)
(inputenc)                not set up for use with LaTeX.

See the inputenc package documentation for explanation.
Type  H <return>  for immediate help.
 ...                                              
                                                  
l.4 Î— Î´Î¹Î¬ÏƒÏ‡Î¹ÏƒÎ· Ïƒ
                          Ï…Î½Î´ÎµÎ´ÎµÎ¼Î­Î½Î·Ï‚ Î»Î¯ÏƒÏ„Î±Ï‚ Î±Ï€Î¿Ï„ÎµÎ»Îµ...

You may provide a definition with
\DeclareUnicodeCharacter 


! Package inputenc Error: Unicode character Ï… (U+03C5)
(inputenc)                not set up for use with LaTeX.

See the inputenc package documentation for explanation.
Type  H <return>  for immediate help.
 ...                                              
                                                  
l.4 Î— Î´Î¹Î¬ÏƒÏ‡Î¹ÏƒÎ· ÏƒÏ…
                            Î½Î´ÎµÎ´ÎµÎ¼Î­Î½Î·Ï‚ Î»Î¯ÏƒÏ„Î±Ï‚ Î±Ï€Î¿Ï„ÎµÎ»Îµ...

You may provide a definition with
\DeclareUnicodeCharacter 


! Package inputenc Error: Unicode character Î½ (U+03BD)
(inputenc)                not set up for use with LaTeX.

See the inputenc package documentation for explanation.
Type  H <return>  for immediate help.
 ...                                              
                                                  
l.4 Î— Î´Î¹Î¬ÏƒÏ‡Î¹ÏƒÎ· ÏƒÏ…Î½
                              Î´ÎµÎ´ÎµÎ¼Î­Î½Î·Ï‚ Î»Î¯ÏƒÏ„Î±Ï‚ Î±Ï€Î¿Ï„ÎµÎ»Îµ...

You may provide a definition with
\DeclareUnicodeCharacter 


! Package inputenc Error: Unicode character Î´ (U+03B4)
(inputenc)                not set up for use with LaTeX.

See the inputenc package documentation for explanation.
Type  H <return>  for immediate help.
 ...                                              
                                                  
l.4 Î— Î´Î¹Î¬ÏƒÏ‡Î¹ÏƒÎ· ÏƒÏ…Î½Î´
                                ÎµÎ´ÎµÎ¼Î­Î½Î·Ï‚ Î»Î¯ÏƒÏ„Î±Ï‚ Î±Ï€Î¿Ï„ÎµÎ»Îµ...

You may provide a definition with
\DeclareUnicodeCharacter 


! Package inputenc Error: Unicode character Îµ (U+03B5)
(inputenc)                not set up for use with LaTeX.

See the inputenc package documentation for explanation.
Type  H <return>  for immediate help.
 ...                                              
                                                  
l.4 Î— Î´Î¹Î¬ÏƒÏ‡Î¹ÏƒÎ· ÏƒÏ…Î½Î´Îµ
                                  Î´ÎµÎ¼Î­Î½Î·Ï‚ Î»Î¯ÏƒÏ„Î±Ï‚ Î±Ï€Î¿Ï„ÎµÎ»Îµ...

You may provide a definition with
\DeclareUnicodeCharacter 


! Package inputenc Error: Unicode character Î´ (U+03B4)
(inputenc)                not set up for use with LaTeX.

See the inputenc package documentation for explanation.
Type  H <return>  for immediate help.
 ...                                              
                                                  
l.4 Î— Î´Î¹Î¬ÏƒÏ‡Î¹ÏƒÎ· ÏƒÏ…Î½Î´ÎµÎ´
                                    ÎµÎ¼Î­Î½Î·Ï‚ Î»Î¯ÏƒÏ„Î±Ï‚ Î±Ï€Î¿Ï„ÎµÎ»Îµ...

You may provide a definition with
\DeclareUnicodeCharacter 


! Package inputenc Error: Unicode character Îµ (U+03B5)
(inputenc)                not set up for use with LaTeX.

See the inputenc package documentation for explanation.
Type  H <return>  for immediate help.
 ...                                              
                                                  
l.4 Î— Î´Î¹Î¬ÏƒÏ‡Î¹ÏƒÎ· ÏƒÏ…Î½Î´ÎµÎ´Îµ
                                      Î¼Î­Î½Î·Ï‚ Î»Î¯ÏƒÏ„Î±Ï‚ Î±Ï€Î¿Ï„ÎµÎ»Îµ...

You may provide a definition with
\DeclareUnicodeCharacter 


! Package inputenc Error: Unicode character Î¼ (U+03BC)
(inputenc)                not set up for use with LaTeX.

See the inputenc package documentation for explanation.
Type  H <return>  for immediate help.
 ...                                              
                                                  
l.4 Î— Î´Î¹Î¬ÏƒÏ‡Î¹ÏƒÎ· ÏƒÏ…Î½Î´ÎµÎ´ÎµÎ¼
                                        Î­Î½Î·Ï‚ Î»Î¯ÏƒÏ„Î±Ï‚ Î±Ï€Î¿Ï„ÎµÎ»Îµ...

You may provide a definition with
\DeclareUnicodeCharacter 


! Package inputenc Error: Unicode character Î­ (U+03AD)
(inputenc)                not set up for use with LaTeX.

See the inputenc package documentation for explanation.
Type  H <return>  for immediate help.
 ...                                              
                                                  
l.4 Î— Î´Î¹Î¬ÏƒÏ‡Î¹ÏƒÎ· ÏƒÏ…Î½Î´ÎµÎ´ÎµÎ¼Î­
                                          Î½Î·Ï‚ Î»Î¯ÏƒÏ„Î±Ï‚ Î±Ï€Î¿Ï„ÎµÎ»Îµ...

You may provide a definition with
\DeclareUnicodeCharacter 


! Package inputenc Error: Unicode character Î½ (U+03BD)
(inputenc)                not set up for use with LaTeX.

See the inputenc package documentation for explanation.
Type  H <return>  for immediate help.
 ...                                              
                                                  
l.4 Î— Î´Î¹Î¬ÏƒÏ‡Î¹ÏƒÎ· ÏƒÏ…Î½Î´ÎµÎ´ÎµÎ¼Î­Î½
                                            Î·Ï‚ Î»Î¯ÏƒÏ„Î±Ï‚ Î±Ï€Î¿Ï„ÎµÎ»Îµ...

You may provide a definition with
\DeclareUnicodeCharacter 


! Package inputenc Error: Unicode character Î· (U+03B7)
(inputenc)                not set up for use with LaTeX.

See the inputenc package documentation for explanation.
Type  H <return>  for immediate help.
 ...                                              
                                                  
l.4 Î— Î´Î¹Î¬ÏƒÏ‡Î¹ÏƒÎ· ÏƒÏ…Î½Î´ÎµÎ´ÎµÎ¼Î­Î½Î·
                                              Ï‚ Î»Î¯ÏƒÏ„Î±Ï‚ Î±Ï€Î¿Ï„ÎµÎ»Îµ...

You may provide a definition with
\DeclareUnicodeCharacter 


! Package inputenc Error: Unicode character Ï‚ (U+03C2)
(inputenc)                not set up for use with LaTeX.

See the inputenc package documentation for explanation.
Type  H <return>  for immediate help.
 ...                                              
                                                  
l.4 Î— Î´Î¹Î¬ÏƒÏ‡Î¹ÏƒÎ· ÏƒÏ…Î½Î´ÎµÎ´ÎµÎ¼Î­Î½Î·Ï‚
                                                 Î»Î¯ÏƒÏ„Î±Ï‚ Î±Ï€Î¿Ï„ÎµÎ»Îµ...

You may provide a definition with
\DeclareUnicodeCharacter 


! Package inputenc Error: Unicode character Î» (U+03BB)
(inputenc)                not set up for use with LaTeX.

See the inputenc package documentation for explanation.
Type  H <return>  for immediate help.
 ...                                              
                                                  
l.4 ...´Î¹Î¬ÏƒÏ‡Î¹ÏƒÎ· ÏƒÏ…Î½Î´ÎµÎ´ÎµÎ¼Î­Î½Î·Ï‚ Î»
                                                  Î¯ÏƒÏ„Î±Ï‚ Î±Ï€Î¿Ï„ÎµÎ»ÎµÎ...

You may provide a definition with
\DeclareUnicodeCharacter 


! Package inputenc Error: Unicode character Î¯ (U+03AF)
(inputenc)                not set up for use with LaTeX.

See the inputenc package documentation for explanation.
Type  H <return>  for immediate help.
 ...                                              
                                                  
l.4 ...¹Î¬ÏƒÏ‡Î¹ÏƒÎ· ÏƒÏ…Î½Î´ÎµÎ´ÎµÎ¼Î­Î½Î·Ï‚ Î»Î¯
                                                  ÏƒÏ„Î±Ï‚ Î±Ï€Î¿Ï„ÎµÎ»ÎµÎ¯ ...

You may provide a definition with
\DeclareUnicodeCharacter 


! Package inputenc Error: Unicode character Ïƒ (U+03C3)
(inputenc)                not set up for use with LaTeX.

See the inputenc package documentation for explanation.
Type  H <return>  for immediate help.
 ...                                              
                                                  
l.4 ...¬ÏƒÏ‡Î¹ÏƒÎ· ÏƒÏ…Î½Î´ÎµÎ´ÎµÎ¼Î­Î½Î·Ï‚ Î»Î¯Ïƒ
                                                  Ï„Î±Ï‚ Î±Ï€Î¿Ï„ÎµÎ»ÎµÎ¯ Î¼...

You may provide a definition with
\DeclareUnicodeCharacter 


! Package inputenc Error: Unicode character Ï„ (U+03C4)
(inputenc)                not set up for use with LaTeX.

See the inputenc package documentation for explanation.
Type  H <return>  for immediate help.
 ...                                              
                                                  
l.4 ...ƒÏ‡Î¹ÏƒÎ· ÏƒÏ…Î½Î´ÎµÎ´ÎµÎ¼Î­Î½Î·Ï‚ Î»Î¯ÏƒÏ„
                                                  Î±Ï‚ Î±Ï€Î¿Ï„ÎµÎ»ÎµÎ¯ Î¼Î¹...

You may provide a definition with
\DeclareUnicodeCharacter 


! Package inputenc Error: Unicode character Î± (U+03B1)
(inputenc)                not set up for use with LaTeX.

See the inputenc package documentation for explanation.
Type  H <return>  for immediate help.
 ...                                              
                                                  
l.4 ...‡Î¹ÏƒÎ· ÏƒÏ…Î½Î´ÎµÎ´ÎµÎ¼Î­Î½Î·Ï‚ Î»Î¯ÏƒÏ„Î±
                                                  Ï‚ Î±Ï€Î¿Ï„ÎµÎ»ÎµÎ¯ Î¼Î¹Î±...

You may provide a definition with
\DeclareUnicodeCharacter 


! Package inputenc Error: Unicode character Ï‚ (U+03C2)
(inputenc)                not set up for use with LaTeX.

See the inputenc package documentation for explanation.
Type  H <return>  for immediate help.
 ...                                              
                                                  
l.4 ...¹ÏƒÎ· ÏƒÏ…Î½Î´ÎµÎ´ÎµÎ¼Î­Î½Î·Ï‚ Î»Î¯ÏƒÏ„Î±Ï‚
                                                   Î±Ï€Î¿Ï„ÎµÎ»ÎµÎ¯ Î¼Î¹Î± Î...

You may provide a definition with
\DeclareUnicodeCharacter 


! Package inputenc Error: Unicode character Î± (U+03B1)
(inputenc)                not set up for use with LaTeX.

See the inputenc package documentation for explanation.
Type  H <return>  for immediate help.
 ...                                              
                                                  
l.4 ...Î· ÏƒÏ…Î½Î´ÎµÎ´ÎµÎ¼Î­Î½Î·Ï‚ Î»Î¯ÏƒÏ„Î±Ï‚ Î±
                                                  Ï€Î¿Ï„ÎµÎ»ÎµÎ¯ Î¼Î¹Î± Î±Ï€...

You may provide a definition with
\DeclareUnicodeCharacter 


! Package inputenc Error: Unicode character Ï€ (U+03C0)
(inputenc)                not set up for use with LaTeX.

See the inputenc package documentation for explanation.
Type  H <return>  for immediate help.
 ...                                              
                                                  
l.4 ... ÏƒÏ…Î½Î´ÎµÎ´ÎµÎ¼Î­Î½Î·Ï‚ Î»Î¯ÏƒÏ„Î±Ï‚ Î±Ï€
                                                  Î¿Ï„ÎµÎ»ÎµÎ¯ Î¼Î¹Î± Î±Ï€ÏŒ...

You may provide a definition with
\DeclareUnicodeCharacter 


! Package inputenc Error: Unicode character Î¿ (U+03BF)
(inputenc)                not set up for use with LaTeX.

See the inputenc package documentation for explanation.
Type  H <return>  for immediate help.
 ...                                              
                                                  
l.4 ...ƒÏ…Î½Î´ÎµÎ´ÎµÎ¼Î­Î½Î·Ï‚ Î»Î¯ÏƒÏ„Î±Ï‚ Î±Ï€Î¿
                                                  Ï„ÎµÎ»ÎµÎ¯ Î¼Î¹Î± Î±Ï€ÏŒ Ï...

You may provide a definition with
\DeclareUnicodeCharacter 


! Package inputenc Error: Unicode character Ï„ (U+03C4)
(inputenc)                not set up for use with LaTeX.

See the inputenc package documentation for explanation.
Type  H <return>  for immediate help.
 ...                                              
                                                  
l.4 ...…Î½Î´ÎµÎ´ÎµÎ¼Î­Î½Î·Ï‚ Î»Î¯ÏƒÏ„Î±Ï‚ Î±Ï€Î¿Ï„
                                                  ÎµÎ»ÎµÎ¯ Î¼Î¹Î± Î±Ï€ÏŒ Ï„Î...

You may provide a definition with
\DeclareUnicodeCharacter 


! Package inputenc Error: Unicode character Îµ (U+03B5)
(inputenc)                not set up for use with LaTeX.

See the inputenc package documentation for explanation.
Type  H <return>  for immediate help.
 ...                                              
                                                  
l.4 ...½Î´ÎµÎ´ÎµÎ¼Î­Î½Î·Ï‚ Î»Î¯ÏƒÏ„Î±Ï‚ Î±Ï€Î¿Ï„Îµ
                                                  Î»ÎµÎ¯ Î¼Î¹Î± Î±Ï€ÏŒ Ï„Î¹Ï...

You may provide a definition with
\DeclareUnicodeCharacter 


! Package inputenc Error: Unicode character Î» (U+03BB)
(inputenc)                not set up for use with LaTeX.

See the inputenc package documentation for explanation.
Type  H <return>  for immediate help.
 ...                                              
                                                  
l.4 ...´ÎµÎ´ÎµÎ¼Î­Î½Î·Ï‚ Î»Î¯ÏƒÏ„Î±Ï‚ Î±Ï€Î¿Ï„ÎµÎ»
                                                  ÎµÎ¯ Î¼Î¹Î± Î±Ï€ÏŒ Ï„Î¹Ï‚ ...

You may provide a definition with
\DeclareUnicodeCharacter 


! Package inputenc Error: Unicode character Îµ (U+03B5)
(inputenc)                not set up for use with LaTeX.

See the inputenc package documentation for explanation.
Type  H <return>  for immediate help.
 ...                                              
                                                  
l.4 ...µÎ´ÎµÎ¼Î­Î½Î·Ï‚ Î»Î¯ÏƒÏ„Î±Ï‚ Î±Ï€Î¿Ï„ÎµÎ»Îµ
                                                  Î¯ Î¼Î¹Î± Î±Ï€ÏŒ Ï„Î¹Ï‚ Ï€...

You may provide a definition with
\DeclareUnicodeCharacter 


! Package inputenc Error: Unicode character Î¯ (U+03AF)
(inputenc)                not set up for use with LaTeX.

See the inputenc package documentation for explanation.
Type  H <return>  for immediate help.
 ...                                              
                                                  
l.4 ...´ÎµÎ¼Î­Î½Î·Ï‚ Î»Î¯ÏƒÏ„Î±Ï‚ Î±Ï€Î¿Ï„ÎµÎ»ÎµÎ¯
                                                   Î¼Î¹Î± Î±Ï€ÏŒ Ï„Î¹Ï‚ Ï€Î¹...

You may provide a definition with
\DeclareUnicodeCharacter 


! Package inputenc Error: Unicode character Î¼ (U+03BC)
(inputenc)                not set up for use with LaTeX.

See the inputenc package documentation for explanation.
Type  H <return>  for immediate help.
 ...                                              
                                                  
l.4 ...Î¼Î­Î½Î·Ï‚ Î»Î¯ÏƒÏ„Î±Ï‚ Î±Ï€Î¿Ï„ÎµÎ»ÎµÎ¯ Î¼
                                                  Î¹Î± Î±Ï€ÏŒ Ï„Î¹Ï‚ Ï€Î¹Î¿ ...

You may provide a definition with
\DeclareUnicodeCharacter 


! Package inputenc Error: Unicode character Î¹ (U+03B9)
(inputenc)                not set up for use with LaTeX.

See the inputenc package documentation for explanation.
Type  H <return>  for immediate help.
 ...                                              
                                                  
l.4 ...Î­Î½Î·Ï‚ Î»Î¯ÏƒÏ„Î±Ï‚ Î±Ï€Î¿Ï„ÎµÎ»ÎµÎ¯ Î¼Î¹
                                                  Î± Î±Ï€ÏŒ Ï„Î¹Ï‚ Ï€Î¹Î¿ Î²...

You may provide a definition with
\DeclareUnicodeCharacter 


! Package inputenc Error: Unicode character Î± (U+03B1)
(inputenc)                not set up for use with LaTeX.

See the inputenc package documentation for explanation.
Type  H <return>  for immediate help.
 ...                                              
                                                  
l.4 ...Î½Î·Ï‚ Î»Î¯ÏƒÏ„Î±Ï‚ Î±Ï€Î¿Ï„ÎµÎ»ÎµÎ¯ Î¼Î¹Î±
                                                   Î±Ï€ÏŒ Ï„Î¹Ï‚ Ï€Î¹Î¿ Î²Î±...

You may provide a definition with
\DeclareUnicodeCharacter 


! Package inputenc Error: Unicode character Î± (U+03B1)
(inputenc)                not set up for use with LaTeX.

See the inputenc package documentation for explanation.
Type  H <return>  for immediate help.
 ...                                              
                                                  
l.4 ...·Ï‚ Î»Î¯ÏƒÏ„Î±Ï‚ Î±Ï€Î¿Ï„ÎµÎ»ÎµÎ¯ Î¼Î¹Î± Î±
                                                  Ï€ÏŒ Ï„Î¹Ï‚ Ï€Î¹Î¿ Î²Î±ÏƒÎ...

You may provide a definition with
\DeclareUnicodeCharacter 


! Package inputenc Error: Unicode character Ï€ (U+03C0)
(inputenc)                not set up for use with LaTeX.

See the inputenc package documentation for explanation.
Type  H <return>  for immediate help.
 ...                                              
                                                  
l.4 ...‚ Î»Î¯ÏƒÏ„Î±Ï‚ Î±Ï€Î¿Ï„ÎµÎ»ÎµÎ¯ Î¼Î¹Î± Î±Ï€
                                                  ÏŒ Ï„Î¹Ï‚ Ï€Î¹Î¿ Î²Î±ÏƒÎ¹Î...

You may provide a definition with
\DeclareUnicodeCharacter 


! Package inputenc Error: Unicode character ÏŒ (U+03CC)
(inputenc)                not set up for use with LaTeX.

See the inputenc package documentation for explanation.
Type  H <return>  for immediate help.
 ...                                              
                                                  
l.4 ...Î»Î¯ÏƒÏ„Î±Ï‚ Î±Ï€Î¿Ï„ÎµÎ»ÎµÎ¯ Î¼Î¹Î± Î±Ï€ÏŒ
                                                   Ï„Î¹Ï‚ Ï€Î¹Î¿ Î²Î±ÏƒÎ¹ÎºÎ...

You may provide a definition with
\DeclareUnicodeCharacter 


! Package inputenc Error: Unicode character Ï„ (U+03C4)
(inputenc)                not set up for use with LaTeX.

See the inputenc package documentation for explanation.
Type  H <return>  for immediate help.
 ...                                              
                                                  
l.4 ...¯ÏƒÏ„Î±Ï‚ Î±Ï€Î¿Ï„ÎµÎ»ÎµÎ¯ Î¼Î¹Î± Î±Ï€ÏŒ Ï„
                                                  Î¹Ï‚ Ï€Î¹Î¿ Î²Î±ÏƒÎ¹ÎºÎ­Ï‚...

You may provide a definition with
\DeclareUnicodeCharacter 


! Package inputenc Error: Unicode character Î¹ (U+03B9)
(inputenc)                not set up for use with LaTeX.

See the inputenc package documentation for explanation.
Type  H <return>  for immediate help.
 ...                                              
                                                  
l.4 ...ƒÏ„Î±Ï‚ Î±Ï€Î¿Ï„ÎµÎ»ÎµÎ¯ Î¼Î¹Î± Î±Ï€ÏŒ Ï„Î¹
                                                  Ï‚ Ï€Î¹Î¿ Î²Î±ÏƒÎ¹ÎºÎ­Ï‚ Î...

You may provide a definition with
\DeclareUnicodeCharacter 


! Package inputenc Error: Unicode character Ï‚ (U+03C2)
(inputenc)                not set up for use with LaTeX.

See the inputenc package documentation for explanation.
Type  H <return>  for immediate help.
 ...                                              
                                                  
l.4 ...„Î±Ï‚ Î±Ï€Î¿Ï„ÎµÎ»ÎµÎ¯ Î¼Î¹Î± Î±Ï€ÏŒ Ï„Î¹Ï‚
                                                   Ï€Î¹Î¿ Î²Î±ÏƒÎ¹ÎºÎ­Ï‚ ÎµÏ...

You may provide a definition with
\DeclareUnicodeCharacter 


! Package inputenc Error: Unicode character Ï€ (U+03C0)
(inputenc)                not set up for use with LaTeX.

See the inputenc package documentation for explanation.
Type  H <return>  for immediate help.
 ...                                              
                                                  
l.4 ...Ï‚ Î±Ï€Î¿Ï„ÎµÎ»ÎµÎ¯ Î¼Î¹Î± Î±Ï€ÏŒ Ï„Î¹Ï‚ Ï€
                                                  Î¹Î¿ Î²Î±ÏƒÎ¹ÎºÎ­Ï‚ ÎµÏÎ³...

You may provide a definition with
\DeclareUnicodeCharacter 


! Package inputenc Error: Unicode character Î¹ (U+03B9)
(inputenc)                not set up for use with LaTeX.

See the inputenc package documentation for explanation.
Type  H <return>  for immediate help.
 ...                                              
                                                  
l.4 ... Î±Ï€Î¿Ï„ÎµÎ»ÎµÎ¯ Î¼Î¹Î± Î±Ï€ÏŒ Ï„Î¹Ï‚ Ï€Î¹
                                                  Î¿ Î²Î±ÏƒÎ¹ÎºÎ­Ï‚ ÎµÏÎ³Î±...

You may provide a definition with
\DeclareUnicodeCharacter 


! Package inputenc Error: Unicode character Î¿ (U+03BF)
(inputenc)                not set up for use with LaTeX.

See the inputenc package documentation for explanation.
Type  H <return>  for immediate help.
 ...                                              
                                                  
l.4 ...±Ï€Î¿Ï„ÎµÎ»ÎµÎ¯ Î¼Î¹Î± Î±Ï€ÏŒ Ï„Î¹Ï‚ Ï€Î¹Î¿
                                                   Î²Î±ÏƒÎ¹ÎºÎ­Ï‚ ÎµÏÎ³Î±Ïƒ...

You may provide a definition with
\DeclareUnicodeCharacter 


! Package inputenc Error: Unicode character Î² (U+03B2)
(inputenc)                not set up for use with LaTeX.

See the inputenc package documentation for explanation.
Type  H <return>  for immediate help.
 ...                                              
                                                  
l.4 ...Î¿Ï„ÎµÎ»ÎµÎ¯ Î¼Î¹Î± Î±Ï€ÏŒ Ï„Î¹Ï‚ Ï€Î¹Î¿ Î²
                                                  Î±ÏƒÎ¹ÎºÎ­Ï‚ ÎµÏÎ³Î±ÏƒÎ¯Î...

You may provide a definition with
\DeclareUnicodeCharacter 


! Package inputenc Error: Unicode character Î± (U+03B1)
(inputenc)                not set up for use with LaTeX.

See the inputenc package documentation for explanation.
Type  H <return>  for immediate help.
 ...                                              
                                                  
l.4 ...Ï„ÎµÎ»ÎµÎ¯ Î¼Î¹Î± Î±Ï€ÏŒ Ï„Î¹Ï‚ Ï€Î¹Î¿ Î²Î±
                                                  ÏƒÎ¹ÎºÎ­Ï‚ ÎµÏÎ³Î±ÏƒÎ¯ÎµÏ...

You may provide a definition with
\DeclareUnicodeCharacter 


! Package inputenc Error: Unicode character Ïƒ (U+03C3)
(inputenc)                not set up for use with LaTeX.

See the inputenc package documentation for explanation.
Type  H <return>  for immediate help.
 ...                                              
                                                  
l.4 ...ÎµÎ»ÎµÎ¯ Î¼Î¹Î± Î±Ï€ÏŒ Ï„Î¹Ï‚ Ï€Î¹Î¿ Î²Î±Ïƒ
                                                  Î¹ÎºÎ­Ï‚ ÎµÏÎ³Î±ÏƒÎ¯ÎµÏ‚ ...

You may provide a definition with
\DeclareUnicodeCharacter 


! Package inputenc Error: Unicode character Î¹ (U+03B9)
(inputenc)                not set up for use with LaTeX.

See the inputenc package documentation for explanation.
Type  H <return>  for immediate help.
 ...                                              
                                                  
l.4 ...Î»ÎµÎ¯ Î¼Î¹Î± Î±Ï€ÏŒ Ï„Î¹Ï‚ Ï€Î¹Î¿ Î²Î±ÏƒÎ¹
                                                  ÎºÎ­Ï‚ ÎµÏÎ³Î±ÏƒÎ¯ÎµÏ‚ Ïƒ...

You may provide a definition with
\DeclareUnicodeCharacter 


! Package inputenc Error: Unicode character Îº (U+03BA)
(inputenc)                not set up for use with LaTeX.

See the inputenc package documentation for explanation.
Type  H <return>  for immediate help.
 ...                                              
                                                  
l.4 ...ÎµÎ¯ Î¼Î¹Î± Î±Ï€ÏŒ Ï„Î¹Ï‚ Ï€Î¹Î¿ Î²Î±ÏƒÎ¹Îº
                                                  Î­Ï‚ ÎµÏÎ³Î±ÏƒÎ¯ÎµÏ‚ ÏƒÎµ...

You may provide a definition with
\DeclareUnicodeCharacter 


! Package inputenc Error: Unicode character Î­ (U+03AD)
(inputenc)                not set up for use with LaTeX.

See the inputenc package documentation for explanation.
Type  H <return>  for immediate help.
 ...                                              
                                                  
l.4 ...Î¯ Î¼Î¹Î± Î±Ï€ÏŒ Ï„Î¹Ï‚ Ï€Î¹Î¿ Î²Î±ÏƒÎ¹ÎºÎ­
                                                  Ï‚ ÎµÏÎ³Î±ÏƒÎ¯ÎµÏ‚ ÏƒÎµ Î...

You may provide a definition with
\DeclareUnicodeCharacter 


! Package inputenc Error: Unicode character Ï‚ (U+03C2)
(inputenc)                not set up for use with LaTeX.

See the inputenc package documentation for explanation.
Type  H <return>  for immediate help.
 ...                                              
                                                  
l.4 ... Î¼Î¹Î± Î±Ï€ÏŒ Ï„Î¹Ï‚ Ï€Î¹Î¿ Î²Î±ÏƒÎ¹ÎºÎ­Ï‚
                                                   ÎµÏÎ³Î±ÏƒÎ¯ÎµÏ‚ ÏƒÎµ ÎºÎ...

You may provide a definition with
\DeclareUnicodeCharacter 


! Package inputenc Error: Unicode character Îµ (U+03B5)
(inputenc)                not set up for use with LaTeX.

See the inputenc package documentation for explanation.
Type  H <return>  for immediate help.
 ...                                              
                                                  
l.4 ...Î¹Î± Î±Ï€ÏŒ Ï„Î¹Ï‚ Ï€Î¹Î¿ Î²Î±ÏƒÎ¹ÎºÎ­Ï‚ Îµ
                                                  ÏÎ³Î±ÏƒÎ¯ÎµÏ‚ ÏƒÎµ ÎºÎ¬Î¸...

You may provide a definition with
\DeclareUnicodeCharacter 


! Package inputenc Error: Unicode character Ï (U+03C1)
(inputenc)                not set up for use with LaTeX.

See the inputenc package documentation for explanation.
Type  H <return>  for immediate help.
 ...                                              
                                                  
l.4 ...Î± Î±Ï€ÏŒ Ï„Î¹Ï‚ Ï€Î¹Î¿ Î²Î±ÏƒÎ¹ÎºÎ­Ï‚ ÎµÏ
                                                  Î³Î±ÏƒÎ¯ÎµÏ‚ ÏƒÎµ ÎºÎ¬Î¸Îµ...

You may provide a definition with
\DeclareUnicodeCharacter 


! Package inputenc Error: Unicode character Î³ (U+03B3)
(inputenc)                not set up for use with LaTeX.

See the inputenc package documentation for explanation.
Type  H <return>  for immediate help.
 ...                                              
                                                  
l.4 ... Î±Ï€ÏŒ Ï„Î¹Ï‚ Ï€Î¹Î¿ Î²Î±ÏƒÎ¹ÎºÎ­Ï‚ ÎµÏÎ³
                                                  Î±ÏƒÎ¯ÎµÏ‚ ÏƒÎµ ÎºÎ¬Î¸Îµ Ï...

You may provide a definition with
\DeclareUnicodeCharacter 


! Package inputenc Error: Unicode character Î± (U+03B1)
(inputenc)                not set up for use with LaTeX.

See the inputenc package documentation for explanation.
Type  H <return>  for immediate help.
 ...                                              
                                                  
l.4 ...±Ï€ÏŒ Ï„Î¹Ï‚ Ï€Î¹Î¿ Î²Î±ÏƒÎ¹ÎºÎ­Ï‚ ÎµÏÎ³Î±
                                                  ÏƒÎ¯ÎµÏ‚ ÏƒÎµ ÎºÎ¬Î¸Îµ ÏƒÎ...

You may provide a definition with
\DeclareUnicodeCharacter 


! Package inputenc Error: Unicode character Ïƒ (U+03C3)
(inputenc)                not set up for use with LaTeX.

See the inputenc package documentation for explanation.
Type  H <return>  for immediate help.
 ...                                              
                                                  
l.4 ...€ÏŒ Ï„Î¹Ï‚ Ï€Î¹Î¿ Î²Î±ÏƒÎ¹ÎºÎ­Ï‚ ÎµÏÎ³Î±Ïƒ
                                                  Î¯ÎµÏ‚ ÏƒÎµ ÎºÎ¬Î¸Îµ ÏƒÎµÎ...

You may provide a definition with
\DeclareUnicodeCharacter 


! Package inputenc Error: Unicode character Î¯ (U+03AF)
(inputenc)                not set up for use with LaTeX.

See the inputenc package documentation for explanation.
Type  H <return>  for immediate help.
 ...                                              
                                                  
l.4 ...Œ Ï„Î¹Ï‚ Ï€Î¹Î¿ Î²Î±ÏƒÎ¹ÎºÎ­Ï‚ ÎµÏÎ³Î±ÏƒÎ¯
                                                  ÎµÏ‚ ÏƒÎµ ÎºÎ¬Î¸Îµ ÏƒÎµÎ½Î...

You may provide a definition with
\DeclareUnicodeCharacter 


! Package inputenc Error: Unicode character Îµ (U+03B5)
(inputenc)                not set up for use with LaTeX.

See the inputenc package documentation for explanation.
Type  H <return>  for immediate help.
 ...                                              
                                                  
l.4 ...Ï„Î¹Ï‚ Ï€Î¹Î¿ Î²Î±ÏƒÎ¹ÎºÎ­Ï‚ ÎµÏÎ³Î±ÏƒÎ¯Îµ
                                                  Ï‚ ÏƒÎµ ÎºÎ¬Î¸Îµ ÏƒÎµÎ½Î¬Ï...

You may provide a definition with
\DeclareUnicodeCharacter 


! Package inputenc Error: Unicode character Ï‚ (U+03C2)
(inputenc)                not set up for use with LaTeX.

See the inputenc package documentation for explanation.
Type  H <return>  for immediate help.
 ...                                              
                                                  
l.4 ...Î¹Ï‚ Ï€Î¹Î¿ Î²Î±ÏƒÎ¹ÎºÎ­Ï‚ ÎµÏÎ³Î±ÏƒÎ¯ÎµÏ‚
                                                   ÏƒÎµ ÎºÎ¬Î¸Îµ ÏƒÎµÎ½Î¬ÏÎ...

You may provide a definition with
\DeclareUnicodeCharacter 


! Package inputenc Error: Unicode character Ïƒ (U+03C3)
(inputenc)                not set up for use with LaTeX.

See the inputenc package documentation for explanation.
Type  H <return>  for immediate help.
 ...                                              
                                                  
l.4 ...‚ Ï€Î¹Î¿ Î²Î±ÏƒÎ¹ÎºÎ­Ï‚ ÎµÏÎ³Î±ÏƒÎ¯ÎµÏ‚ Ïƒ
                                                  Îµ ÎºÎ¬Î¸Îµ ÏƒÎµÎ½Î¬ÏÎ¹Î¿...

You may provide a definition with
\DeclareUnicodeCharacter 


! Package inputenc Error: Unicode character Îµ (U+03B5)
(inputenc)                not set up for use with LaTeX.

See the inputenc package documentation for explanation.
Type  H <return>  for immediate help.
 ...                                              
                                                  
l.4 ...Ï€Î¹Î¿ Î²Î±ÏƒÎ¹ÎºÎ­Ï‚ ÎµÏÎ³Î±ÏƒÎ¯ÎµÏ‚ ÏƒÎµ
                                                   ÎºÎ¬Î¸Îµ ÏƒÎµÎ½Î¬ÏÎ¹Î¿ Ï...

You may provide a definition with
\DeclareUnicodeCharacter 


! Package inputenc Error: Unicode character Îº (U+03BA)
(inputenc)                not set up for use with LaTeX.

See the inputenc package documentation for explanation.
Type  H <return>  for immediate help.
 ...                                              
                                                  
l.4 ...¹Î¿ Î²Î±ÏƒÎ¹ÎºÎ­Ï‚ ÎµÏÎ³Î±ÏƒÎ¯ÎµÏ‚ ÏƒÎµ Îº
                                                  Î¬Î¸Îµ ÏƒÎµÎ½Î¬ÏÎ¹Î¿ Ï€Ï...

You may provide a definition with
\DeclareUnicodeCharacter 


! Package inputenc Error: Unicode character Î¬ (U+03AC)
(inputenc)                not set up for use with LaTeX.

See the inputenc package documentation for explanation.
Type  H <return>  for immediate help.
 ...                                              
                                                  
l.4 ...¿ Î²Î±ÏƒÎ¹ÎºÎ­Ï‚ ÎµÏÎ³Î±ÏƒÎ¯ÎµÏ‚ ÏƒÎµ ÎºÎ¬
                                                  Î¸Îµ ÏƒÎµÎ½Î¬ÏÎ¹Î¿ Ï€ÏÎ¿...

You may provide a definition with
\DeclareUnicodeCharacter 


! Package inputenc Error: Unicode character Î¸ (U+03B8)
(inputenc)                not set up for use with LaTeX.

See the inputenc package documentation for explanation.
Type  H <return>  for immediate help.
 ...                                              
                                                  
l.4 ...Î²Î±ÏƒÎ¹ÎºÎ­Ï‚ ÎµÏÎ³Î±ÏƒÎ¯ÎµÏ‚ ÏƒÎµ ÎºÎ¬Î¸
                                                  Îµ ÏƒÎµÎ½Î¬ÏÎ¹Î¿ Ï€ÏÎ¿Î²...

You may provide a definition with
\DeclareUnicodeCharacter 


! Package inputenc Error: Unicode character Îµ (U+03B5)
(inputenc)                not set up for use with LaTeX.

See the inputenc package documentation for explanation.
Type  H <return>  for immediate help.
 ...                                              
                                                  
l.4 ...Î±ÏƒÎ¹ÎºÎ­Ï‚ ÎµÏÎ³Î±ÏƒÎ¯ÎµÏ‚ ÏƒÎµ ÎºÎ¬Î¸Îµ
                                                   ÏƒÎµÎ½Î¬ÏÎ¹Î¿ Ï€ÏÎ¿Î²Î»...

You may provide a definition with
\DeclareUnicodeCharacter 


! Package inputenc Error: Unicode character Ïƒ (U+03C3)
(inputenc)                not set up for use with LaTeX.

See the inputenc package documentation for explanation.
Type  H <return>  for immediate help.
 ...                                              
                                                  
l.4 ...ƒÎ¹ÎºÎ­Ï‚ ÎµÏÎ³Î±ÏƒÎ¯ÎµÏ‚ ÏƒÎµ ÎºÎ¬Î¸Îµ Ïƒ
                                                  ÎµÎ½Î¬ÏÎ¹Î¿ Ï€ÏÎ¿Î²Î»Î®Î...

You may provide a definition with
\DeclareUnicodeCharacter 


! Package inputenc Error: Unicode character Îµ (U+03B5)
(inputenc)                not set up for use with LaTeX.

See the inputenc package documentation for explanation.
Type  H <return>  for immediate help.
 ...                                              
                                                  
l.4 ...¹ÎºÎ­Ï‚ ÎµÏÎ³Î±ÏƒÎ¯ÎµÏ‚ ÏƒÎµ ÎºÎ¬Î¸Îµ ÏƒÎµ
                                                  Î½Î¬ÏÎ¹Î¿ Ï€ÏÎ¿Î²Î»Î®Î¼Î...

You may provide a definition with
\DeclareUnicodeCharacter 


! Package inputenc Error: Unicode character Î½ (U+03BD)
(inputenc)                not set up for use with LaTeX.

See the inputenc package documentation for explanation.
Type  H <return>  for immediate help.
 ...                                              
                                                  
l.4 ...ºÎ­Ï‚ ÎµÏÎ³Î±ÏƒÎ¯ÎµÏ‚ ÏƒÎµ ÎºÎ¬Î¸Îµ ÏƒÎµÎ½
                                                  Î¬ÏÎ¹Î¿ Ï€ÏÎ¿Î²Î»Î®Î¼Î±Ï...

You may provide a definition with
\DeclareUnicodeCharacter 


! Package inputenc Error: Unicode character Î¬ (U+03AC)
(inputenc)                not set up for use with LaTeX.

See the inputenc package documentation for explanation.
Type  H <return>  for immediate help.
 ...                                              
                                                  
l.4 ...­Ï‚ ÎµÏÎ³Î±ÏƒÎ¯ÎµÏ‚ ÏƒÎµ ÎºÎ¬Î¸Îµ ÏƒÎµÎ½Î¬
                                                  ÏÎ¹Î¿ Ï€ÏÎ¿Î²Î»Î®Î¼Î±Ï„Î...
(That makes 100 errors; please try again.) 
Here is how much of TeX's memory you used:
 45 strings out of 479304
 808 string characters out of 5871219
 271116 words of memory out of 5000000
 17335 multiletter control sequences out of 15000+600000
 403430 words of font info for 27 fonts, out of 8000000 for 9000
 1141 hyphenation exceptions out of 8191
 22i,4n,18p,704b,98s stack positions out of 5000i,500n,10000p,200000b,80000s

!  ==> Fatal error occurred, no output PDF file produced!
