This is pdfTeX, Version 3.14159265-2.6-1.40.21 (TeX Live 2020/W32TeX) (preloaded format=pdflatex 2021.1.19)  13 MAY 2021 23:55
entering extended mode
 restricted \write18 enabled.
 %&-line parsing enabled.
**outro.tex
(./outro.tex
LaTeX2e <2020-10-01> patch level 4
L3 programming layer <2021-01-09> xparse <2020-03-03>
! Undefined control sequence.
l.1 \setstretch
               {1.5}
The control sequence at the end of the top line
of your error message was never \def'ed. If you have
misspelled it (e.g., `\hobx'), type `I' and the correct
spelling (e.g., `I\hbox'). Otherwise just continue,
and I'll forget about whatever was undefined.


! LaTeX Error: Missing \begin{document}.

See the LaTeX manual or LaTeX Companion for explanation.
Type  H <return>  for immediate help.
 ...                                              
                                                  
l.1 \setstretch{1
                 .5}
You're in trouble here.  Try typing  <return>  to proceed.
If that doesn't work, type  X <return>  to quit.

Missing character: There is no 1 in font nullfont!
Missing character: There is no . in font nullfont!
Missing character: There is no 5 in font nullfont!
! Undefined control sequence.
l.2 \section
            {Î•Ï€Î¯Î»Î¿Î³Î¿Ï‚}
The control sequence at the end of the top line
of your error message was never \def'ed. If you have
misspelled it (e.g., `\hobx'), type `I' and the correct
spelling (e.g., `I\hbox'). Otherwise just continue,
and I'll forget about whatever was undefined.


! Package inputenc Error: Unicode character Î• (U+0395)
(inputenc)                not set up for use with LaTeX.

See the inputenc package documentation for explanation.
Type  H <return>  for immediate help.
 ...                                              
                                                  
l.2 \section{Î•
               Ï€Î¯Î»Î¿Î³Î¿Ï‚}
You may provide a definition with
\DeclareUnicodeCharacter 


! Package inputenc Error: Unicode character Ï€ (U+03C0)
(inputenc)                not set up for use with LaTeX.

See the inputenc package documentation for explanation.
Type  H <return>  for immediate help.
 ...                                              
                                                  
l.2 \section{Î•Ï€
                 Î¯Î»Î¿Î³Î¿Ï‚}
You may provide a definition with
\DeclareUnicodeCharacter 


! Package inputenc Error: Unicode character Î¯ (U+03AF)
(inputenc)                not set up for use with LaTeX.

See the inputenc package documentation for explanation.
Type  H <return>  for immediate help.
 ...                                              
                                                  
l.2 \section{Î•Ï€Î¯
                   Î»Î¿Î³Î¿Ï‚}
You may provide a definition with
\DeclareUnicodeCharacter 


! Package inputenc Error: Unicode character Î» (U+03BB)
(inputenc)                not set up for use with LaTeX.

See the inputenc package documentation for explanation.
Type  H <return>  for immediate help.
 ...                                              
                                                  
l.2 \section{Î•Ï€Î¯Î»
                     Î¿Î³Î¿Ï‚}
You may provide a definition with
\DeclareUnicodeCharacter 


! Package inputenc Error: Unicode character Î¿ (U+03BF)
(inputenc)                not set up for use with LaTeX.

See the inputenc package documentation for explanation.
Type  H <return>  for immediate help.
 ...                                              
                                                  
l.2 \section{Î•Ï€Î¯Î»Î¿
                       Î³Î¿Ï‚}
You may provide a definition with
\DeclareUnicodeCharacter 


! Package inputenc Error: Unicode character Î³ (U+03B3)
(inputenc)                not set up for use with LaTeX.

See the inputenc package documentation for explanation.
Type  H <return>  for immediate help.
 ...                                              
                                                  
l.2 \section{Î•Ï€Î¯Î»Î¿Î³
                         Î¿Ï‚}
You may provide a definition with
\DeclareUnicodeCharacter 


! Package inputenc Error: Unicode character Î¿ (U+03BF)
(inputenc)                not set up for use with LaTeX.

See the inputenc package documentation for explanation.
Type  H <return>  for immediate help.
 ...                                              
                                                  
l.2 \section{Î•Ï€Î¯Î»Î¿Î³Î¿
                           Ï‚}
You may provide a definition with
\DeclareUnicodeCharacter 


! Package inputenc Error: Unicode character Ï‚ (U+03C2)
(inputenc)                not set up for use with LaTeX.

See the inputenc package documentation for explanation.
Type  H <return>  for immediate help.
 ...                                              
                                                  
l.2 \section{Î•Ï€Î¯Î»Î¿Î³Î¿Ï‚
                             }
You may provide a definition with
\DeclareUnicodeCharacter 

! Undefined control sequence.
l.3 \subsection
               {Î£ÏÎ½Î¿ÏˆÎ· ÎºÎ±Î¹ ÏƒÏ…Î¼Ï€ÎµÏÎ¬ÏƒÎ¼Î±Ï„Î±}
The control sequence at the end of the top line
of your error message was never \def'ed. If you have
misspelled it (e.g., `\hobx'), type `I' and the correct
spelling (e.g., `I\hbox'). Otherwise just continue,
and I'll forget about whatever was undefined.


! Package inputenc Error: Unicode character Î£ (U+03A3)
(inputenc)                not set up for use with LaTeX.

See the inputenc package documentation for explanation.
Type  H <return>  for immediate help.
 ...                                              
                                                  
l.3 \subsection{Î£
                  ÏÎ½Î¿ÏˆÎ· ÎºÎ±Î¹ ÏƒÏ…Î¼Ï€ÎµÏÎ¬ÏƒÎ¼Î±Ï„Î±}
You may provide a definition with
\DeclareUnicodeCharacter 


! Package inputenc Error: Unicode character Ï (U+03CD)
(inputenc)                not set up for use with LaTeX.

See the inputenc package documentation for explanation.
Type  H <return>  for immediate help.
 ...                                              
                                                  
l.3 \subsection{Î£Ï
                    Î½Î¿ÏˆÎ· ÎºÎ±Î¹ ÏƒÏ…Î¼Ï€ÎµÏÎ¬ÏƒÎ¼Î±Ï„Î±}
You may provide a definition with
\DeclareUnicodeCharacter 


! Package inputenc Error: Unicode character Î½ (U+03BD)
(inputenc)                not set up for use with LaTeX.

See the inputenc package documentation for explanation.
Type  H <return>  for immediate help.
 ...                                              
                                                  
l.3 \subsection{Î£ÏÎ½
                      Î¿ÏˆÎ· ÎºÎ±Î¹ ÏƒÏ…Î¼Ï€ÎµÏÎ¬ÏƒÎ¼Î±Ï„Î±}
You may provide a definition with
\DeclareUnicodeCharacter 


! Package inputenc Error: Unicode character Î¿ (U+03BF)
(inputenc)                not set up for use with LaTeX.

See the inputenc package documentation for explanation.
Type  H <return>  for immediate help.
 ...                                              
                                                  
l.3 \subsection{Î£ÏÎ½Î¿
                        ÏˆÎ· ÎºÎ±Î¹ ÏƒÏ…Î¼Ï€ÎµÏÎ¬ÏƒÎ¼Î±Ï„Î±}
You may provide a definition with
\DeclareUnicodeCharacter 


! Package inputenc Error: Unicode character Ïˆ (U+03C8)
(inputenc)                not set up for use with LaTeX.

See the inputenc package documentation for explanation.
Type  H <return>  for immediate help.
 ...                                              
                                                  
l.3 \subsection{Î£ÏÎ½Î¿Ïˆ
                          Î· ÎºÎ±Î¹ ÏƒÏ…Î¼Ï€ÎµÏÎ¬ÏƒÎ¼Î±Ï„Î±}
You may provide a definition with
\DeclareUnicodeCharacter 


! Package inputenc Error: Unicode character Î· (U+03B7)
(inputenc)                not set up for use with LaTeX.

See the inputenc package documentation for explanation.
Type  H <return>  for immediate help.
 ...                                              
                                                  
l.3 \subsection{Î£ÏÎ½Î¿ÏˆÎ·
                             ÎºÎ±Î¹ ÏƒÏ…Î¼Ï€ÎµÏÎ¬ÏƒÎ¼Î±Ï„Î±}
You may provide a definition with
\DeclareUnicodeCharacter 


! Package inputenc Error: Unicode character Îº (U+03BA)
(inputenc)                not set up for use with LaTeX.

See the inputenc package documentation for explanation.
Type  H <return>  for immediate help.
 ...                                              
                                                  
l.3 \subsection{Î£ÏÎ½Î¿ÏˆÎ· Îº
                               Î±Î¹ ÏƒÏ…Î¼Ï€ÎµÏÎ¬ÏƒÎ¼Î±Ï„Î±}
You may provide a definition with
\DeclareUnicodeCharacter 


! Package inputenc Error: Unicode character Î± (U+03B1)
(inputenc)                not set up for use with LaTeX.

See the inputenc package documentation for explanation.
Type  H <return>  for immediate help.
 ...                                              
                                                  
l.3 \subsection{Î£ÏÎ½Î¿ÏˆÎ· ÎºÎ±
                                 Î¹ ÏƒÏ…Î¼Ï€ÎµÏÎ¬ÏƒÎ¼Î±Ï„Î±}
You may provide a definition with
\DeclareUnicodeCharacter 


! Package inputenc Error: Unicode character Î¹ (U+03B9)
(inputenc)                not set up for use with LaTeX.

See the inputenc package documentation for explanation.
Type  H <return>  for immediate help.
 ...                                              
                                                  
l.3 \subsection{Î£ÏÎ½Î¿ÏˆÎ· ÎºÎ±Î¹
                                    ÏƒÏ…Î¼Ï€ÎµÏÎ¬ÏƒÎ¼Î±Ï„Î±}
You may provide a definition with
\DeclareUnicodeCharacter 


! Package inputenc Error: Unicode character Ïƒ (U+03C3)
(inputenc)                not set up for use with LaTeX.

See the inputenc package documentation for explanation.
Type  H <return>  for immediate help.
 ...                                              
                                                  
l.3 \subsection{Î£ÏÎ½Î¿ÏˆÎ· ÎºÎ±Î¹ Ïƒ
                                      Ï…Î¼Ï€ÎµÏÎ¬ÏƒÎ¼Î±Ï„Î±}
You may provide a definition with
\DeclareUnicodeCharacter 


! Package inputenc Error: Unicode character Ï… (U+03C5)
(inputenc)                not set up for use with LaTeX.

See the inputenc package documentation for explanation.
Type  H <return>  for immediate help.
 ...                                              
                                                  
l.3 \subsection{Î£ÏÎ½Î¿ÏˆÎ· ÎºÎ±Î¹ ÏƒÏ…
                                        Î¼Ï€ÎµÏÎ¬ÏƒÎ¼Î±Ï„Î±}
You may provide a definition with
\DeclareUnicodeCharacter 


! Package inputenc Error: Unicode character Î¼ (U+03BC)
(inputenc)                not set up for use with LaTeX.

See the inputenc package documentation for explanation.
Type  H <return>  for immediate help.
 ...                                              
                                                  
l.3 \subsection{Î£ÏÎ½Î¿ÏˆÎ· ÎºÎ±Î¹ ÏƒÏ…Î¼
                                          Ï€ÎµÏÎ¬ÏƒÎ¼Î±Ï„Î±}
You may provide a definition with
\DeclareUnicodeCharacter 


! Package inputenc Error: Unicode character Ï€ (U+03C0)
(inputenc)                not set up for use with LaTeX.

See the inputenc package documentation for explanation.
Type  H <return>  for immediate help.
 ...                                              
                                                  
l.3 \subsection{Î£ÏÎ½Î¿ÏˆÎ· ÎºÎ±Î¹ ÏƒÏ…Î¼Ï€
                                            ÎµÏÎ¬ÏƒÎ¼Î±Ï„Î±}
You may provide a definition with
\DeclareUnicodeCharacter 


! Package inputenc Error: Unicode character Îµ (U+03B5)
(inputenc)                not set up for use with LaTeX.

See the inputenc package documentation for explanation.
Type  H <return>  for immediate help.
 ...                                              
                                                  
l.3 \subsection{Î£ÏÎ½Î¿ÏˆÎ· ÎºÎ±Î¹ ÏƒÏ…Î¼Ï€Îµ
                                              ÏÎ¬ÏƒÎ¼Î±Ï„Î±}
You may provide a definition with
\DeclareUnicodeCharacter 


! Package inputenc Error: Unicode character Ï (U+03C1)
(inputenc)                not set up for use with LaTeX.

See the inputenc package documentation for explanation.
Type  H <return>  for immediate help.
 ...                                              
                                                  
l.3 \subsection{Î£ÏÎ½Î¿ÏˆÎ· ÎºÎ±Î¹ ÏƒÏ…Î¼Ï€ÎµÏ
                                                Î¬ÏƒÎ¼Î±Ï„Î±}
You may provide a definition with
\DeclareUnicodeCharacter 


! Package inputenc Error: Unicode character Î¬ (U+03AC)
(inputenc)                not set up for use with LaTeX.

See the inputenc package documentation for explanation.
Type  H <return>  for immediate help.
 ...                                              
                                                  
l.3 \subsection{Î£ÏÎ½Î¿ÏˆÎ· ÎºÎ±Î¹ ÏƒÏ…Î¼Ï€ÎµÏÎ¬
                                                  ÏƒÎ¼Î±Ï„Î±}
You may provide a definition with
\DeclareUnicodeCharacter 


! Package inputenc Error: Unicode character Ïƒ (U+03C3)
(inputenc)                not set up for use with LaTeX.

See the inputenc package documentation for explanation.
Type  H <return>  for immediate help.
 ...                                              
                                                  
l.3 ...ection{Î£ÏÎ½Î¿ÏˆÎ· ÎºÎ±Î¹ ÏƒÏ…Î¼Ï€ÎµÏÎ¬Ïƒ
                                                  Î¼Î±Ï„Î±}
You may provide a definition with
\DeclareUnicodeCharacter 


! Package inputenc Error: Unicode character Î¼ (U+03BC)
(inputenc)                not set up for use with LaTeX.

See the inputenc package documentation for explanation.
Type  H <return>  for immediate help.
 ...                                              
                                                  
l.3 ...tion{Î£ÏÎ½Î¿ÏˆÎ· ÎºÎ±Î¹ ÏƒÏ…Î¼Ï€ÎµÏÎ¬ÏƒÎ¼
                                                  Î±Ï„Î±}
You may provide a definition with
\DeclareUnicodeCharacter 


! Package inputenc Error: Unicode character Î± (U+03B1)
(inputenc)                not set up for use with LaTeX.

See the inputenc package documentation for explanation.
Type  H <return>  for immediate help.
 ...                                              
                                                  
l.3 ...on{Î£ÏÎ½Î¿ÏˆÎ· ÎºÎ±Î¹ ÏƒÏ…Î¼Ï€ÎµÏÎ¬ÏƒÎ¼Î±
                                                  Ï„Î±}
You may provide a definition with
\DeclareUnicodeCharacter 


! Package inputenc Error: Unicode character Ï„ (U+03C4)
(inputenc)                not set up for use with LaTeX.

See the inputenc package documentation for explanation.
Type  H <return>  for immediate help.
 ...                                              
                                                  
l.3 ...{Î£ÏÎ½Î¿ÏˆÎ· ÎºÎ±Î¹ ÏƒÏ…Î¼Ï€ÎµÏÎ¬ÏƒÎ¼Î±Ï„
                                                  Î±}
You may provide a definition with
\DeclareUnicodeCharacter 


! Package inputenc Error: Unicode character Î± (U+03B1)
(inputenc)                not set up for use with LaTeX.

See the inputenc package documentation for explanation.
Type  H <return>  for immediate help.
 ...                                              
                                                  
l.3 ...£ÏÎ½Î¿ÏˆÎ· ÎºÎ±Î¹ ÏƒÏ…Î¼Ï€ÎµÏÎ¬ÏƒÎ¼Î±Ï„Î±
                                                  }
You may provide a definition with
\DeclareUnicodeCharacter 


! Package inputenc Error: Unicode character Î£ (U+03A3)
(inputenc)                not set up for use with LaTeX.

See the inputenc package documentation for explanation.
Type  H <return>  for immediate help.
 ...                                              
                                                  
l.4 Î£
      Îµ Î±Ï…Ï„Î® Ï„Î·Î½ ÎµÏÎ³Î±ÏƒÎ¯Î± Î¿Î»Î¿ÎºÎ»Î·ÏÏÎ¸Î·ÎºÎµ Î· Î¼ÎµÎ»Î­...

You may provide a definition with
\DeclareUnicodeCharacter 


! Package inputenc Error: Unicode character Îµ (U+03B5)
(inputenc)                not set up for use with LaTeX.

See the inputenc package documentation for explanation.
Type  H <return>  for immediate help.
 ...                                              
                                                  
l.4 Î£Îµ
         Î±Ï…Ï„Î® Ï„Î·Î½ ÎµÏÎ³Î±ÏƒÎ¯Î± Î¿Î»Î¿ÎºÎ»Î·ÏÏÎ¸Î·ÎºÎµ Î· Î¼ÎµÎ»Î­...

You may provide a definition with
\DeclareUnicodeCharacter 


! Package inputenc Error: Unicode character Î± (U+03B1)
(inputenc)                not set up for use with LaTeX.

See the inputenc package documentation for explanation.
Type  H <return>  for immediate help.
 ...                                              
                                                  
l.4 Î£Îµ Î±
           Ï…Ï„Î® Ï„Î·Î½ ÎµÏÎ³Î±ÏƒÎ¯Î± Î¿Î»Î¿ÎºÎ»Î·ÏÏÎ¸Î·ÎºÎµ Î· Î¼ÎµÎ»Î­...

You may provide a definition with
\DeclareUnicodeCharacter 


! Package inputenc Error: Unicode character Ï… (U+03C5)
(inputenc)                not set up for use with LaTeX.

See the inputenc package documentation for explanation.
Type  H <return>  for immediate help.
 ...                                              
                                                  
l.4 Î£Îµ Î±Ï…
             Ï„Î® Ï„Î·Î½ ÎµÏÎ³Î±ÏƒÎ¯Î± Î¿Î»Î¿ÎºÎ»Î·ÏÏÎ¸Î·ÎºÎµ Î· Î¼ÎµÎ»Î­...

You may provide a definition with
\DeclareUnicodeCharacter 


! Package inputenc Error: Unicode character Ï„ (U+03C4)
(inputenc)                not set up for use with LaTeX.

See the inputenc package documentation for explanation.
Type  H <return>  for immediate help.
 ...                                              
                                                  
l.4 Î£Îµ Î±Ï…Ï„
               Î® Ï„Î·Î½ ÎµÏÎ³Î±ÏƒÎ¯Î± Î¿Î»Î¿ÎºÎ»Î·ÏÏÎ¸Î·ÎºÎµ Î· Î¼ÎµÎ»Î­...

You may provide a definition with
\DeclareUnicodeCharacter 


! Package inputenc Error: Unicode character Î® (U+03AE)
(inputenc)                not set up for use with LaTeX.

See the inputenc package documentation for explanation.
Type  H <return>  for immediate help.
 ...                                              
                                                  
l.4 Î£Îµ Î±Ï…Ï„Î®
                  Ï„Î·Î½ ÎµÏÎ³Î±ÏƒÎ¯Î± Î¿Î»Î¿ÎºÎ»Î·ÏÏÎ¸Î·ÎºÎµ Î· Î¼ÎµÎ»Î­...

You may provide a definition with
\DeclareUnicodeCharacter 


! Package inputenc Error: Unicode character Ï„ (U+03C4)
(inputenc)                not set up for use with LaTeX.

See the inputenc package documentation for explanation.
Type  H <return>  for immediate help.
 ...                                              
                                                  
l.4 Î£Îµ Î±Ï…Ï„Î® Ï„
                    Î·Î½ ÎµÏÎ³Î±ÏƒÎ¯Î± Î¿Î»Î¿ÎºÎ»Î·ÏÏÎ¸Î·ÎºÎµ Î· Î¼ÎµÎ»Î­...

You may provide a definition with
\DeclareUnicodeCharacter 


! Package inputenc Error: Unicode character Î· (U+03B7)
(inputenc)                not set up for use with LaTeX.

See the inputenc package documentation for explanation.
Type  H <return>  for immediate help.
 ...                                              
                                                  
l.4 Î£Îµ Î±Ï…Ï„Î® Ï„Î·
                      Î½ ÎµÏÎ³Î±ÏƒÎ¯Î± Î¿Î»Î¿ÎºÎ»Î·ÏÏÎ¸Î·ÎºÎµ Î· Î¼ÎµÎ»Î­...

You may provide a definition with
\DeclareUnicodeCharacter 


! Package inputenc Error: Unicode character Î½ (U+03BD)
(inputenc)                not set up for use with LaTeX.

See the inputenc package documentation for explanation.
Type  H <return>  for immediate help.
 ...                                              
                                                  
l.4 Î£Îµ Î±Ï…Ï„Î® Ï„Î·Î½
                         ÎµÏÎ³Î±ÏƒÎ¯Î± Î¿Î»Î¿ÎºÎ»Î·ÏÏÎ¸Î·ÎºÎµ Î· Î¼ÎµÎ»Î­...

You may provide a definition with
\DeclareUnicodeCharacter 


! Package inputenc Error: Unicode character Îµ (U+03B5)
(inputenc)                not set up for use with LaTeX.

See the inputenc package documentation for explanation.
Type  H <return>  for immediate help.
 ...                                              
                                                  
l.4 Î£Îµ Î±Ï…Ï„Î® Ï„Î·Î½ Îµ
                           ÏÎ³Î±ÏƒÎ¯Î± Î¿Î»Î¿ÎºÎ»Î·ÏÏÎ¸Î·ÎºÎµ Î· Î¼ÎµÎ»Î­...

You may provide a definition with
\DeclareUnicodeCharacter 


! Package inputenc Error: Unicode character Ï (U+03C1)
(inputenc)                not set up for use with LaTeX.

See the inputenc package documentation for explanation.
Type  H <return>  for immediate help.
 ...                                              
                                                  
l.4 Î£Îµ Î±Ï…Ï„Î® Ï„Î·Î½ ÎµÏ
                             Î³Î±ÏƒÎ¯Î± Î¿Î»Î¿ÎºÎ»Î·ÏÏÎ¸Î·ÎºÎµ Î· Î¼ÎµÎ»Î­...

You may provide a definition with
\DeclareUnicodeCharacter 


! Package inputenc Error: Unicode character Î³ (U+03B3)
(inputenc)                not set up for use with LaTeX.

See the inputenc package documentation for explanation.
Type  H <return>  for immediate help.
 ...                                              
                                                  
l.4 Î£Îµ Î±Ï…Ï„Î® Ï„Î·Î½ ÎµÏÎ³
                               Î±ÏƒÎ¯Î± Î¿Î»Î¿ÎºÎ»Î·ÏÏÎ¸Î·ÎºÎµ Î· Î¼ÎµÎ»Î­...

You may provide a definition with
\DeclareUnicodeCharacter 


! Package inputenc Error: Unicode character Î± (U+03B1)
(inputenc)                not set up for use with LaTeX.

See the inputenc package documentation for explanation.
Type  H <return>  for immediate help.
 ...                                              
                                                  
l.4 Î£Îµ Î±Ï…Ï„Î® Ï„Î·Î½ ÎµÏÎ³Î±
                                 ÏƒÎ¯Î± Î¿Î»Î¿ÎºÎ»Î·ÏÏÎ¸Î·ÎºÎµ Î· Î¼ÎµÎ»Î­...

You may provide a definition with
\DeclareUnicodeCharacter 


! Package inputenc Error: Unicode character Ïƒ (U+03C3)
(inputenc)                not set up for use with LaTeX.

See the inputenc package documentation for explanation.
Type  H <return>  for immediate help.
 ...                                              
                                                  
l.4 Î£Îµ Î±Ï…Ï„Î® Ï„Î·Î½ ÎµÏÎ³Î±Ïƒ
                                   Î¯Î± Î¿Î»Î¿ÎºÎ»Î·ÏÏÎ¸Î·ÎºÎµ Î· Î¼ÎµÎ»Î­...

You may provide a definition with
\DeclareUnicodeCharacter 


! Package inputenc Error: Unicode character Î¯ (U+03AF)
(inputenc)                not set up for use with LaTeX.

See the inputenc package documentation for explanation.
Type  H <return>  for immediate help.
 ...                                              
                                                  
l.4 Î£Îµ Î±Ï…Ï„Î® Ï„Î·Î½ ÎµÏÎ³Î±ÏƒÎ¯
                                     Î± Î¿Î»Î¿ÎºÎ»Î·ÏÏÎ¸Î·ÎºÎµ Î· Î¼ÎµÎ»Î­...

You may provide a definition with
\DeclareUnicodeCharacter 


! Package inputenc Error: Unicode character Î± (U+03B1)
(inputenc)                not set up for use with LaTeX.

See the inputenc package documentation for explanation.
Type  H <return>  for immediate help.
 ...                                              
                                                  
l.4 Î£Îµ Î±Ï…Ï„Î® Ï„Î·Î½ ÎµÏÎ³Î±ÏƒÎ¯Î±
                                        Î¿Î»Î¿ÎºÎ»Î·ÏÏÎ¸Î·ÎºÎµ Î· Î¼ÎµÎ»Î­...

You may provide a definition with
\DeclareUnicodeCharacter 


! Package inputenc Error: Unicode character Î¿ (U+03BF)
(inputenc)                not set up for use with LaTeX.

See the inputenc package documentation for explanation.
Type  H <return>  for immediate help.
 ...                                              
                                                  
l.4 Î£Îµ Î±Ï…Ï„Î® Ï„Î·Î½ ÎµÏÎ³Î±ÏƒÎ¯Î± Î¿
                                          Î»Î¿ÎºÎ»Î·ÏÏÎ¸Î·ÎºÎµ Î· Î¼ÎµÎ»Î­...

You may provide a definition with
\DeclareUnicodeCharacter 


! Package inputenc Error: Unicode character Î» (U+03BB)
(inputenc)                not set up for use with LaTeX.

See the inputenc package documentation for explanation.
Type  H <return>  for immediate help.
 ...                                              
                                                  
l.4 Î£Îµ Î±Ï…Ï„Î® Ï„Î·Î½ ÎµÏÎ³Î±ÏƒÎ¯Î± Î¿Î»
                                            Î¿ÎºÎ»Î·ÏÏÎ¸Î·ÎºÎµ Î· Î¼ÎµÎ»Î­...

You may provide a definition with
\DeclareUnicodeCharacter 


! Package inputenc Error: Unicode character Î¿ (U+03BF)
(inputenc)                not set up for use with LaTeX.

See the inputenc package documentation for explanation.
Type  H <return>  for immediate help.
 ...                                              
                                                  
l.4 Î£Îµ Î±Ï…Ï„Î® Ï„Î·Î½ ÎµÏÎ³Î±ÏƒÎ¯Î± Î¿Î»Î¿
                                              ÎºÎ»Î·ÏÏÎ¸Î·ÎºÎµ Î· Î¼ÎµÎ»Î­...

You may provide a definition with
\DeclareUnicodeCharacter 


! Package inputenc Error: Unicode character Îº (U+03BA)
(inputenc)                not set up for use with LaTeX.

See the inputenc package documentation for explanation.
Type  H <return>  for immediate help.
 ...                                              
                                                  
l.4 Î£Îµ Î±Ï…Ï„Î® Ï„Î·Î½ ÎµÏÎ³Î±ÏƒÎ¯Î± Î¿Î»Î¿Îº
                                                Î»Î·ÏÏÎ¸Î·ÎºÎµ Î· Î¼ÎµÎ»Î­...

You may provide a definition with
\DeclareUnicodeCharacter 


! Package inputenc Error: Unicode character Î» (U+03BB)
(inputenc)                not set up for use with LaTeX.

See the inputenc package documentation for explanation.
Type  H <return>  for immediate help.
 ...                                              
                                                  
l.4 Î£Îµ Î±Ï…Ï„Î® Ï„Î·Î½ ÎµÏÎ³Î±ÏƒÎ¯Î± Î¿Î»Î¿ÎºÎ»
                                                  Î·ÏÏÎ¸Î·ÎºÎµ Î· Î¼ÎµÎ»Î­...

You may provide a definition with
\DeclareUnicodeCharacter 


! Package inputenc Error: Unicode character Î· (U+03B7)
(inputenc)                not set up for use with LaTeX.

See the inputenc package documentation for explanation.
Type  H <return>  for immediate help.
 ...                                              
                                                  
l.4 ...Î±Ï…Ï„Î® Ï„Î·Î½ ÎµÏÎ³Î±ÏƒÎ¯Î± Î¿Î»Î¿ÎºÎ»Î·
                                                  ÏÏÎ¸Î·ÎºÎµ Î· Î¼ÎµÎ»Î­Ï„...

You may provide a definition with
\DeclareUnicodeCharacter 


! Package inputenc Error: Unicode character Ï (U+03C1)
(inputenc)                not set up for use with LaTeX.

See the inputenc package documentation for explanation.
Type  H <return>  for immediate help.
 ...                                              
                                                  
l.4 ...Ï…Ï„Î® Ï„Î·Î½ ÎµÏÎ³Î±ÏƒÎ¯Î± Î¿Î»Î¿ÎºÎ»Î·Ï
                                                  ÏÎ¸Î·ÎºÎµ Î· Î¼ÎµÎ»Î­Ï„Î·...

You may provide a definition with
\DeclareUnicodeCharacter 


! Package inputenc Error: Unicode character Ï (U+03CE)
(inputenc)                not set up for use with LaTeX.

See the inputenc package documentation for explanation.
Type  H <return>  for immediate help.
 ...                                              
                                                  
l.4 ...Ï„Î® Ï„Î·Î½ ÎµÏÎ³Î±ÏƒÎ¯Î± Î¿Î»Î¿ÎºÎ»Î·ÏÏ
                                                  Î¸Î·ÎºÎµ Î· Î¼ÎµÎ»Î­Ï„Î· Ï...

You may provide a definition with
\DeclareUnicodeCharacter 


! Package inputenc Error: Unicode character Î¸ (U+03B8)
(inputenc)                not set up for use with LaTeX.

See the inputenc package documentation for explanation.
Type  H <return>  for immediate help.
 ...                                              
                                                  
l.4 ...Î® Ï„Î·Î½ ÎµÏÎ³Î±ÏƒÎ¯Î± Î¿Î»Î¿ÎºÎ»Î·ÏÏÎ¸
                                                  Î·ÎºÎµ Î· Î¼ÎµÎ»Î­Ï„Î· Ï„Î...

You may provide a definition with
\DeclareUnicodeCharacter 


! Package inputenc Error: Unicode character Î· (U+03B7)
(inputenc)                not set up for use with LaTeX.

See the inputenc package documentation for explanation.
Type  H <return>  for immediate help.
 ...                                              
                                                  
l.4 ... Ï„Î·Î½ ÎµÏÎ³Î±ÏƒÎ¯Î± Î¿Î»Î¿ÎºÎ»Î·ÏÏÎ¸Î·
                                                  ÎºÎµ Î· Î¼ÎµÎ»Î­Ï„Î· Ï„Î¿Ï...

You may provide a definition with
\DeclareUnicodeCharacter 


! Package inputenc Error: Unicode character Îº (U+03BA)
(inputenc)                not set up for use with LaTeX.

See the inputenc package documentation for explanation.
Type  H <return>  for immediate help.
 ...                                              
                                                  
l.4 ...„Î·Î½ ÎµÏÎ³Î±ÏƒÎ¯Î± Î¿Î»Î¿ÎºÎ»Î·ÏÏÎ¸Î·Îº
                                                  Îµ Î· Î¼ÎµÎ»Î­Ï„Î· Ï„Î¿Ï… ...

You may provide a definition with
\DeclareUnicodeCharacter 


! Package inputenc Error: Unicode character Îµ (U+03B5)
(inputenc)                not set up for use with LaTeX.

See the inputenc package documentation for explanation.
Type  H <return>  for immediate help.
 ...                                              
                                                  
l.4 ...·Î½ ÎµÏÎ³Î±ÏƒÎ¯Î± Î¿Î»Î¿ÎºÎ»Î·ÏÏÎ¸Î·ÎºÎµ
                                                   Î· Î¼ÎµÎ»Î­Ï„Î· Ï„Î¿Ï… \e...

You may provide a definition with
\DeclareUnicodeCharacter 


! Package inputenc Error: Unicode character Î· (U+03B7)
(inputenc)                not set up for use with LaTeX.

See the inputenc package documentation for explanation.
Type  H <return>  for immediate help.
 ...                                              
                                                  
l.4 ... ÎµÏÎ³Î±ÏƒÎ¯Î± Î¿Î»Î¿ÎºÎ»Î·ÏÏÎ¸Î·ÎºÎµ Î·
                                                   Î¼ÎµÎ»Î­Ï„Î· Ï„Î¿Ï… \en{O...

You may provide a definition with
\DeclareUnicodeCharacter 


! Package inputenc Error: Unicode character Î¼ (U+03BC)
(inputenc)                not set up for use with LaTeX.

See the inputenc package documentation for explanation.
Type  H <return>  for immediate help.
 ...                                              
                                                  
l.4 ...ÏÎ³Î±ÏƒÎ¯Î± Î¿Î»Î¿ÎºÎ»Î·ÏÏÎ¸Î·ÎºÎµ Î· Î¼
                                                  ÎµÎ»Î­Ï„Î· Ï„Î¿Ï… \en{Open...

You may provide a definition with
\DeclareUnicodeCharacter 


! Package inputenc Error: Unicode character Îµ (U+03B5)
(inputenc)                not set up for use with LaTeX.

See the inputenc package documentation for explanation.
Type  H <return>  for immediate help.
 ...                                              
                                                  
l.4 ...Î³Î±ÏƒÎ¯Î± Î¿Î»Î¿ÎºÎ»Î·ÏÏÎ¸Î·ÎºÎµ Î· Î¼Îµ
                                                  Î»Î­Ï„Î· Ï„Î¿Ï… \en{OpenMP...

You may provide a definition with
\DeclareUnicodeCharacter 


! Package inputenc Error: Unicode character Î» (U+03BB)
(inputenc)                not set up for use with LaTeX.

See the inputenc package documentation for explanation.
Type  H <return>  for immediate help.
 ...                                              
                                                  
l.4 ...Î±ÏƒÎ¯Î± Î¿Î»Î¿ÎºÎ»Î·ÏÏÎ¸Î·ÎºÎµ Î· Î¼ÎµÎ»
                                                  Î­Ï„Î· Ï„Î¿Ï… \en{OpenMP},...

You may provide a definition with
\DeclareUnicodeCharacter 


! Package inputenc Error: Unicode character Î­ (U+03AD)
(inputenc)                not set up for use with LaTeX.

See the inputenc package documentation for explanation.
Type  H <return>  for immediate help.
 ...                                              
                                                  
l.4 ...ÏƒÎ¯Î± Î¿Î»Î¿ÎºÎ»Î·ÏÏÎ¸Î·ÎºÎµ Î· Î¼ÎµÎ»Î­
                                                  Ï„Î· Ï„Î¿Ï… \en{OpenMP}, Î...

You may provide a definition with
\DeclareUnicodeCharacter 


! Package inputenc Error: Unicode character Ï„ (U+03C4)
(inputenc)                not set up for use with LaTeX.

See the inputenc package documentation for explanation.
Type  H <return>  for immediate help.
 ...                                              
                                                  
l.4 ...Î¯Î± Î¿Î»Î¿ÎºÎ»Î·ÏÏÎ¸Î·ÎºÎµ Î· Î¼ÎµÎ»Î­Ï„
                                                  Î· Ï„Î¿Ï… \en{OpenMP}, Î¼Î...

You may provide a definition with
\DeclareUnicodeCharacter 


! Package inputenc Error: Unicode character Î· (U+03B7)
(inputenc)                not set up for use with LaTeX.

See the inputenc package documentation for explanation.
Type  H <return>  for immediate help.
 ...                                              
                                                  
l.4 ...Î± Î¿Î»Î¿ÎºÎ»Î·ÏÏÎ¸Î·ÎºÎµ Î· Î¼ÎµÎ»Î­Ï„Î·
                                                   Ï„Î¿Ï… \en{OpenMP}, Î¼Îµ ...

You may provide a definition with
\DeclareUnicodeCharacter 


! Package inputenc Error: Unicode character Ï„ (U+03C4)
(inputenc)                not set up for use with LaTeX.

See the inputenc package documentation for explanation.
Type  H <return>  for immediate help.
 ...                                              
                                                  
l.4 ...Î¿Î»Î¿ÎºÎ»Î·ÏÏÎ¸Î·ÎºÎµ Î· Î¼ÎµÎ»Î­Ï„Î· Ï„
                                                  Î¿Ï… \en{OpenMP}, Î¼Îµ Ï„Î...

You may provide a definition with
\DeclareUnicodeCharacter 


! Package inputenc Error: Unicode character Î¿ (U+03BF)
(inputenc)                not set up for use with LaTeX.

See the inputenc package documentation for explanation.
Type  H <return>  for immediate help.
 ...                                              
                                                  
l.4 ...Î»Î¿ÎºÎ»Î·ÏÏÎ¸Î·ÎºÎµ Î· Î¼ÎµÎ»Î­Ï„Î· Ï„Î¿
                                                  Ï… \en{OpenMP}, Î¼Îµ Ï„Î· ...

You may provide a definition with
\DeclareUnicodeCharacter 


! Package inputenc Error: Unicode character Ï… (U+03C5)
(inputenc)                not set up for use with LaTeX.

See the inputenc package documentation for explanation.
Type  H <return>  for immediate help.
 ...                                              
                                                  
l.4 ...Î¿ÎºÎ»Î·ÏÏÎ¸Î·ÎºÎµ Î· Î¼ÎµÎ»Î­Ï„Î· Ï„Î¿Ï…
                                                   \en{OpenMP}, Î¼Îµ Ï„Î· Ïƒ...

You may provide a definition with
\DeclareUnicodeCharacter 

! Undefined control sequence.
l.4 ...Î»Î·ÏÏÎ¸Î·ÎºÎµ Î· Î¼ÎµÎ»Î­Ï„Î· Ï„Î¿Ï… \en
                                                  {OpenMP}, Î¼Îµ Ï„Î· ÏƒÏ…Î³...
The control sequence at the end of the top line
of your error message was never \def'ed. If you have
misspelled it (e.g., `\hobx'), type `I' and the correct
spelling (e.g., `I\hbox'). Otherwise just continue,
and I'll forget about whatever was undefined.

Missing character: There is no O in font nullfont!
Missing character: There is no p in font nullfont!
Missing character: There is no e in font nullfont!
Missing character: There is no n in font nullfont!
Missing character: There is no M in font nullfont!
Missing character: There is no P in font nullfont!
Missing character: There is no , in font nullfont!

! Package inputenc Error: Unicode character Î¼ (U+03BC)
(inputenc)                not set up for use with LaTeX.

See the inputenc package documentation for explanation.
Type  H <return>  for immediate help.
 ...                                              
                                                  
l.4 ...ÎºÎµ Î· Î¼ÎµÎ»Î­Ï„Î· Ï„Î¿Ï… \en{OpenMP}, Î¼
                                                  Îµ Ï„Î· ÏƒÏ…Î³ÎºÎ­Î½Ï„ÏÏ‰...

You may provide a definition with
\DeclareUnicodeCharacter 


! Package inputenc Error: Unicode character Îµ (U+03B5)
(inputenc)                not set up for use with LaTeX.

See the inputenc package documentation for explanation.
Type  H <return>  for immediate help.
 ...                                              
                                                  
l.4 ...Îµ Î· Î¼ÎµÎ»Î­Ï„Î· Ï„Î¿Ï… \en{OpenMP}, Î¼Îµ
                                                   Ï„Î· ÏƒÏ…Î³ÎºÎ­Î½Ï„ÏÏ‰Ïƒ...

You may provide a definition with
\DeclareUnicodeCharacter 


! Package inputenc Error: Unicode character Ï„ (U+03C4)
(inputenc)                not set up for use with LaTeX.

See the inputenc package documentation for explanation.
Type  H <return>  for immediate help.
 ...                                              
                                                  
l.4 ...Î· Î¼ÎµÎ»Î­Ï„Î· Ï„Î¿Ï… \en{OpenMP}, Î¼Îµ Ï„
                                                  Î· ÏƒÏ…Î³ÎºÎ­Î½Ï„ÏÏ‰ÏƒÎ·,...

You may provide a definition with
\DeclareUnicodeCharacter 


! Package inputenc Error: Unicode character Î· (U+03B7)
(inputenc)                not set up for use with LaTeX.

See the inputenc package documentation for explanation.
Type  H <return>  for immediate help.
 ...                                              
                                                  
l.4 ... Î¼ÎµÎ»Î­Ï„Î· Ï„Î¿Ï… \en{OpenMP}, Î¼Îµ Ï„Î·
                                                   ÏƒÏ…Î³ÎºÎ­Î½Ï„ÏÏ‰ÏƒÎ·, Ï...

You may provide a definition with
\DeclareUnicodeCharacter 


! Package inputenc Error: Unicode character Ïƒ (U+03C3)
(inputenc)                not set up for use with LaTeX.

See the inputenc package documentation for explanation.
Type  H <return>  for immediate help.
 ...                                              
                                                  
l.4 ...ÎµÎ»Î­Ï„Î· Ï„Î¿Ï… \en{OpenMP}, Î¼Îµ Ï„Î· Ïƒ
                                                  Ï…Î³ÎºÎ­Î½Ï„ÏÏ‰ÏƒÎ·, Ï„Î·...

You may provide a definition with
\DeclareUnicodeCharacter 


! Package inputenc Error: Unicode character Ï… (U+03C5)
(inputenc)                not set up for use with LaTeX.

See the inputenc package documentation for explanation.
Type  H <return>  for immediate help.
 ...                                              
                                                  
l.4 ...Î»Î­Ï„Î· Ï„Î¿Ï… \en{OpenMP}, Î¼Îµ Ï„Î· ÏƒÏ…
                                                  Î³ÎºÎ­Î½Ï„ÏÏ‰ÏƒÎ·, Ï„Î·Î½...

You may provide a definition with
\DeclareUnicodeCharacter 


! Package inputenc Error: Unicode character Î³ (U+03B3)
(inputenc)                not set up for use with LaTeX.

See the inputenc package documentation for explanation.
Type  H <return>  for immediate help.
 ...                                              
                                                  
l.4 ...Î­Ï„Î· Ï„Î¿Ï… \en{OpenMP}, Î¼Îµ Ï„Î· ÏƒÏ…Î³
                                                  ÎºÎ­Î½Ï„ÏÏ‰ÏƒÎ·, Ï„Î·Î½ Ï...

You may provide a definition with
\DeclareUnicodeCharacter 


! Package inputenc Error: Unicode character Îº (U+03BA)
(inputenc)                not set up for use with LaTeX.

See the inputenc package documentation for explanation.
Type  H <return>  for immediate help.
 ...                                              
                                                  
l.4 ...Ï„Î· Ï„Î¿Ï… \en{OpenMP}, Î¼Îµ Ï„Î· ÏƒÏ…Î³Îº
                                                  Î­Î½Ï„ÏÏ‰ÏƒÎ·, Ï„Î·Î½ Ï…Î...

You may provide a definition with
\DeclareUnicodeCharacter 


! Package inputenc Error: Unicode character Î­ (U+03AD)
(inputenc)                not set up for use with LaTeX.

See the inputenc package documentation for explanation.
Type  H <return>  for immediate help.
 ...                                              
                                                  
l.4 ...Î· Ï„Î¿Ï… \en{OpenMP}, Î¼Îµ Ï„Î· ÏƒÏ…Î³ÎºÎ­
                                                  Î½Ï„ÏÏ‰ÏƒÎ·, Ï„Î·Î½ Ï…Î»Î...

You may provide a definition with
\DeclareUnicodeCharacter 


! Package inputenc Error: Unicode character Î½ (U+03BD)
(inputenc)                not set up for use with LaTeX.

See the inputenc package documentation for explanation.
Type  H <return>  for immediate help.
 ...                                              
                                                  
l.4 ... Ï„Î¿Ï… \en{OpenMP}, Î¼Îµ Ï„Î· ÏƒÏ…Î³ÎºÎ­Î½
                                                  Ï„ÏÏ‰ÏƒÎ·, Ï„Î·Î½ Ï…Î»Î¿Ï...

You may provide a definition with
\DeclareUnicodeCharacter 


! Package inputenc Error: Unicode character Ï„ (U+03C4)
(inputenc)                not set up for use with LaTeX.

See the inputenc package documentation for explanation.
Type  H <return>  for immediate help.
 ...                                              
                                                  
l.4 ...„Î¿Ï… \en{OpenMP}, Î¼Îµ Ï„Î· ÏƒÏ…Î³ÎºÎ­Î½Ï„
                                                  ÏÏ‰ÏƒÎ·, Ï„Î·Î½ Ï…Î»Î¿Ï€Î...

You may provide a definition with
\DeclareUnicodeCharacter 


! Package inputenc Error: Unicode character Ï (U+03C1)
(inputenc)                not set up for use with LaTeX.

See the inputenc package documentation for explanation.
Type  H <return>  for immediate help.
 ...                                              
                                                  
l.4 ...¿Ï… \en{OpenMP}, Î¼Îµ Ï„Î· ÏƒÏ…Î³ÎºÎ­Î½Ï„Ï
                                                  Ï‰ÏƒÎ·, Ï„Î·Î½ Ï…Î»Î¿Ï€Î¿Î...

You may provide a definition with
\DeclareUnicodeCharacter 


! Package inputenc Error: Unicode character Ï‰ (U+03C9)
(inputenc)                not set up for use with LaTeX.

See the inputenc package documentation for explanation.
Type  H <return>  for immediate help.
 ...                                              
                                                  
l.4 ...… \en{OpenMP}, Î¼Îµ Ï„Î· ÏƒÏ…Î³ÎºÎ­Î½Ï„ÏÏ‰
                                                  ÏƒÎ·, Ï„Î·Î½ Ï…Î»Î¿Ï€Î¿Î¯Î...

You may provide a definition with
\DeclareUnicodeCharacter 


! Package inputenc Error: Unicode character Ïƒ (U+03C3)
(inputenc)                not set up for use with LaTeX.

See the inputenc package documentation for explanation.
Type  H <return>  for immediate help.
 ...                                              
                                                  
l.4 ...\en{OpenMP}, Î¼Îµ Ï„Î· ÏƒÏ…Î³ÎºÎ­Î½Ï„ÏÏ‰Ïƒ
                                                  Î·, Ï„Î·Î½ Ï…Î»Î¿Ï€Î¿Î¯Î·Ï...

You may provide a definition with
\DeclareUnicodeCharacter 


! Package inputenc Error: Unicode character Î· (U+03B7)
(inputenc)                not set up for use with LaTeX.

See the inputenc package documentation for explanation.
Type  H <return>  for immediate help.
 ...                                              
                                                  
l.4 ...n{OpenMP}, Î¼Îµ Ï„Î· ÏƒÏ…Î³ÎºÎ­Î½Ï„ÏÏ‰ÏƒÎ·
                                                  , Ï„Î·Î½ Ï…Î»Î¿Ï€Î¿Î¯Î·ÏƒÎ...

You may provide a definition with
\DeclareUnicodeCharacter 

Missing character: There is no , in font nullfont!

! Package inputenc Error: Unicode character Ï„ (U+03C4)
(inputenc)                not set up for use with LaTeX.

See the inputenc package documentation for explanation.
Type  H <return>  for immediate help.
 ...                                              
                                                  
l.4 ...enMP}, Î¼Îµ Ï„Î· ÏƒÏ…Î³ÎºÎ­Î½Ï„ÏÏ‰ÏƒÎ·, Ï„
                                                  Î·Î½ Ï…Î»Î¿Ï€Î¿Î¯Î·ÏƒÎ· Îº...

You may provide a definition with
\DeclareUnicodeCharacter 


! Package inputenc Error: Unicode character Î· (U+03B7)
(inputenc)                not set up for use with LaTeX.

See the inputenc package documentation for explanation.
Type  H <return>  for immediate help.
 ...                                              
                                                  
l.4 ...MP}, Î¼Îµ Ï„Î· ÏƒÏ…Î³ÎºÎ­Î½Ï„ÏÏ‰ÏƒÎ·, Ï„Î·
                                                  Î½ Ï…Î»Î¿Ï€Î¿Î¯Î·ÏƒÎ· ÎºÎ±...

You may provide a definition with
\DeclareUnicodeCharacter 


! Package inputenc Error: Unicode character Î½ (U+03BD)
(inputenc)                not set up for use with LaTeX.

See the inputenc package documentation for explanation.
Type  H <return>  for immediate help.
 ...                                              
                                                  
l.4 ...}, Î¼Îµ Ï„Î· ÏƒÏ…Î³ÎºÎ­Î½Ï„ÏÏ‰ÏƒÎ·, Ï„Î·Î½
                                                   Ï…Î»Î¿Ï€Î¿Î¯Î·ÏƒÎ· ÎºÎ±Î¹...

You may provide a definition with
\DeclareUnicodeCharacter 


! Package inputenc Error: Unicode character Ï… (U+03C5)
(inputenc)                not set up for use with LaTeX.

See the inputenc package documentation for explanation.
Type  H <return>  for immediate help.
 ...                                              
                                                  
l.4 ...Î¼Îµ Ï„Î· ÏƒÏ…Î³ÎºÎ­Î½Ï„ÏÏ‰ÏƒÎ·, Ï„Î·Î½ Ï…
                                                  Î»Î¿Ï€Î¿Î¯Î·ÏƒÎ· ÎºÎ±Î¹ Ï„...

You may provide a definition with
\DeclareUnicodeCharacter 


! Package inputenc Error: Unicode character Î» (U+03BB)
(inputenc)                not set up for use with LaTeX.

See the inputenc package documentation for explanation.
Type  H <return>  for immediate help.
 ...                                              
                                                  
l.4 ...Îµ Ï„Î· ÏƒÏ…Î³ÎºÎ­Î½Ï„ÏÏ‰ÏƒÎ·, Ï„Î·Î½ Ï…Î»
                                                  Î¿Ï€Î¿Î¯Î·ÏƒÎ· ÎºÎ±Î¹ Ï„Î·...

You may provide a definition with
\DeclareUnicodeCharacter 


! Package inputenc Error: Unicode character Î¿ (U+03BF)
(inputenc)                not set up for use with LaTeX.

See the inputenc package documentation for explanation.
Type  H <return>  for immediate help.
 ...                                              
                                                  
l.4 ... Ï„Î· ÏƒÏ…Î³ÎºÎ­Î½Ï„ÏÏ‰ÏƒÎ·, Ï„Î·Î½ Ï…Î»Î¿
                                                  Ï€Î¿Î¯Î·ÏƒÎ· ÎºÎ±Î¹ Ï„Î·Î½...

You may provide a definition with
\DeclareUnicodeCharacter 


! Package inputenc Error: Unicode character Ï€ (U+03C0)
(inputenc)                not set up for use with LaTeX.

See the inputenc package documentation for explanation.
Type  H <return>  for immediate help.
 ...                                              
                                                  
l.4 ...„Î· ÏƒÏ…Î³ÎºÎ­Î½Ï„ÏÏ‰ÏƒÎ·, Ï„Î·Î½ Ï…Î»Î¿Ï€
                                                  Î¿Î¯Î·ÏƒÎ· ÎºÎ±Î¹ Ï„Î·Î½ Î...

You may provide a definition with
\DeclareUnicodeCharacter 


! Package inputenc Error: Unicode character Î¿ (U+03BF)
(inputenc)                not set up for use with LaTeX.

See the inputenc package documentation for explanation.
Type  H <return>  for immediate help.
 ...                                              
                                                  
l.4 ...· ÏƒÏ…Î³ÎºÎ­Î½Ï„ÏÏ‰ÏƒÎ·, Ï„Î·Î½ Ï…Î»Î¿Ï€Î¿
                                                  Î¯Î·ÏƒÎ· ÎºÎ±Î¹ Ï„Î·Î½ ÎºÎ...

You may provide a definition with
\DeclareUnicodeCharacter 


! Package inputenc Error: Unicode character Î¯ (U+03AF)
(inputenc)                not set up for use with LaTeX.

See the inputenc package documentation for explanation.
Type  H <return>  for immediate help.
 ...                                              
                                                  
l.4 ...ÏƒÏ…Î³ÎºÎ­Î½Ï„ÏÏ‰ÏƒÎ·, Ï„Î·Î½ Ï…Î»Î¿Ï€Î¿Î¯
                                                  Î·ÏƒÎ· ÎºÎ±Î¹ Ï„Î·Î½ ÎºÎ±Ï...

You may provide a definition with
\DeclareUnicodeCharacter 


! Package inputenc Error: Unicode character Î· (U+03B7)
(inputenc)                not set up for use with LaTeX.

See the inputenc package documentation for explanation.
Type  H <return>  for immediate help.
 ...                                              
                                                  
l.4 ...Ï…Î³ÎºÎ­Î½Ï„ÏÏ‰ÏƒÎ·, Ï„Î·Î½ Ï…Î»Î¿Ï€Î¿Î¯Î·
                                                  ÏƒÎ· ÎºÎ±Î¹ Ï„Î·Î½ ÎºÎ±Ï„Î...

You may provide a definition with
\DeclareUnicodeCharacter 


! Package inputenc Error: Unicode character Ïƒ (U+03C3)
(inputenc)                not set up for use with LaTeX.

See the inputenc package documentation for explanation.
Type  H <return>  for immediate help.
 ...                                              
                                                  
l.4 ...Î³ÎºÎ­Î½Ï„ÏÏ‰ÏƒÎ·, Ï„Î·Î½ Ï…Î»Î¿Ï€Î¿Î¯Î·Ïƒ
                                                  Î· ÎºÎ±Î¹ Ï„Î·Î½ ÎºÎ±Ï„Î±Î...

You may provide a definition with
\DeclareUnicodeCharacter 


! Package inputenc Error: Unicode character Î· (U+03B7)
(inputenc)                not set up for use with LaTeX.

See the inputenc package documentation for explanation.
Type  H <return>  for immediate help.
 ...                                              
                                                  
l.4 ...ÎºÎ­Î½Ï„ÏÏ‰ÏƒÎ·, Ï„Î·Î½ Ï…Î»Î¿Ï€Î¿Î¯Î·ÏƒÎ·
                                                   ÎºÎ±Î¹ Ï„Î·Î½ ÎºÎ±Ï„Î±Î³Ï...

You may provide a definition with
\DeclareUnicodeCharacter 


! Package inputenc Error: Unicode character Îº (U+03BA)
(inputenc)                not set up for use with LaTeX.

See the inputenc package documentation for explanation.
Type  H <return>  for immediate help.
 ...                                              
                                                  
l.4 ...­Î½Ï„ÏÏ‰ÏƒÎ·, Ï„Î·Î½ Ï…Î»Î¿Ï€Î¿Î¯Î·ÏƒÎ· Îº
                                                  Î±Î¹ Ï„Î·Î½ ÎºÎ±Ï„Î±Î³ÏÎ±...
(That makes 100 errors; please try again.) 
Here is how much of TeX's memory you used:
 44 strings out of 479304
 720 string characters out of 5871219
 271116 words of memory out of 5000000
 17335 multiletter control sequences out of 15000+600000
 403430 words of font info for 27 fonts, out of 8000000 for 9000
 1141 hyphenation exceptions out of 8191
 13i,0n,15p,711b,33s stack positions out of 5000i,500n,10000p,200000b,80000s

!  ==> Fatal error occurred, no output PDF file produced!
