This is pdfTeX, Version 3.14159265-2.6-1.40.21 (TeX Live 2020/W32TeX) (preloaded format=pdflatex 2021.1.19)  10 MAY 2021 00:29
entering extended mode
 restricted \write18 enabled.
 %&-line parsing enabled.
**pi.tex
(./pi.tex
LaTeX2e <2020-10-01> patch level 4
L3 programming layer <2021-01-09> xparse <2020-03-03>
! Undefined control sequence.
l.2 \setstretch
               {1.5}
The control sequence at the end of the top line
of your error message was never \def'ed. If you have
misspelled it (e.g., `\hobx'), type `I' and the correct
spelling (e.g., `I\hbox'). Otherwise just continue,
and I'll forget about whatever was undefined.


! LaTeX Error: Missing \begin{document}.

See the LaTeX manual or LaTeX Companion for explanation.
Type  H <return>  for immediate help.
 ...                                              
                                                  
l.2 \setstretch{1
                 .5}
You're in trouble here.  Try typing  <return>  to proceed.
If that doesn't work, type  X <return>  to quit.

Missing character: There is no 1 in font nullfont!
Missing character: There is no . in font nullfont!
Missing character: There is no 5 in font nullfont!

Overfull \hbox (20.0pt too wide) in paragraph at lines 2--3
[] 
 []

! Undefined control sequence.
l.4 \subsection
               {Î‘ÏÎ¹Î¸Î¼Î·Ï„Î¹ÎºÏŒÏ‚ Ï…Ï€Î¿Î»Î¿Î³Î¹ÏƒÎ¼ÏŒÏ‚ ÏƒÏ„Î±Î¸ÎµÏÎ¬...
The control sequence at the end of the top line
of your error message was never \def'ed. If you have
misspelled it (e.g., `\hobx'), type `I' and the correct
spelling (e.g., `I\hbox'). Otherwise just continue,
and I'll forget about whatever was undefined.


! Package inputenc Error: Unicode character Î‘ (U+0391)
(inputenc)                not set up for use with LaTeX.

See the inputenc package documentation for explanation.
Type  H <return>  for immediate help.
 ...                                              
                                                  
l.4 \subsection{Î‘
                  ÏÎ¹Î¸Î¼Î·Ï„Î¹ÎºÏŒÏ‚ Ï…Ï€Î¿Î»Î¿Î³Î¹ÏƒÎ¼ÏŒÏ‚ ÏƒÏ„Î±Î¸ÎµÏÎ¬...

You may provide a definition with
\DeclareUnicodeCharacter 


! Package inputenc Error: Unicode character Ï (U+03C1)
(inputenc)                not set up for use with LaTeX.

See the inputenc package documentation for explanation.
Type  H <return>  for immediate help.
 ...                                              
                                                  
l.4 \subsection{Î‘Ï
                    Î¹Î¸Î¼Î·Ï„Î¹ÎºÏŒÏ‚ Ï…Ï€Î¿Î»Î¿Î³Î¹ÏƒÎ¼ÏŒÏ‚ ÏƒÏ„Î±Î¸ÎµÏÎ¬...

You may provide a definition with
\DeclareUnicodeCharacter 


! Package inputenc Error: Unicode character Î¹ (U+03B9)
(inputenc)                not set up for use with LaTeX.

See the inputenc package documentation for explanation.
Type  H <return>  for immediate help.
 ...                                              
                                                  
l.4 \subsection{Î‘ÏÎ¹
                      Î¸Î¼Î·Ï„Î¹ÎºÏŒÏ‚ Ï…Ï€Î¿Î»Î¿Î³Î¹ÏƒÎ¼ÏŒÏ‚ ÏƒÏ„Î±Î¸ÎµÏÎ¬...

You may provide a definition with
\DeclareUnicodeCharacter 


! Package inputenc Error: Unicode character Î¸ (U+03B8)
(inputenc)                not set up for use with LaTeX.

See the inputenc package documentation for explanation.
Type  H <return>  for immediate help.
 ...                                              
                                                  
l.4 \subsection{Î‘ÏÎ¹Î¸
                        Î¼Î·Ï„Î¹ÎºÏŒÏ‚ Ï…Ï€Î¿Î»Î¿Î³Î¹ÏƒÎ¼ÏŒÏ‚ ÏƒÏ„Î±Î¸ÎµÏÎ¬...

You may provide a definition with
\DeclareUnicodeCharacter 


! Package inputenc Error: Unicode character Î¼ (U+03BC)
(inputenc)                not set up for use with LaTeX.

See the inputenc package documentation for explanation.
Type  H <return>  for immediate help.
 ...                                              
                                                  
l.4 \subsection{Î‘ÏÎ¹Î¸Î¼
                          Î·Ï„Î¹ÎºÏŒÏ‚ Ï…Ï€Î¿Î»Î¿Î³Î¹ÏƒÎ¼ÏŒÏ‚ ÏƒÏ„Î±Î¸ÎµÏÎ¬...

You may provide a definition with
\DeclareUnicodeCharacter 


! Package inputenc Error: Unicode character Î· (U+03B7)
(inputenc)                not set up for use with LaTeX.

See the inputenc package documentation for explanation.
Type  H <return>  for immediate help.
 ...                                              
                                                  
l.4 \subsection{Î‘ÏÎ¹Î¸Î¼Î·
                            Ï„Î¹ÎºÏŒÏ‚ Ï…Ï€Î¿Î»Î¿Î³Î¹ÏƒÎ¼ÏŒÏ‚ ÏƒÏ„Î±Î¸ÎµÏÎ¬...

You may provide a definition with
\DeclareUnicodeCharacter 


! Package inputenc Error: Unicode character Ï„ (U+03C4)
(inputenc)                not set up for use with LaTeX.

See the inputenc package documentation for explanation.
Type  H <return>  for immediate help.
 ...                                              
                                                  
l.4 \subsection{Î‘ÏÎ¹Î¸Î¼Î·Ï„
                              Î¹ÎºÏŒÏ‚ Ï…Ï€Î¿Î»Î¿Î³Î¹ÏƒÎ¼ÏŒÏ‚ ÏƒÏ„Î±Î¸ÎµÏÎ¬...

You may provide a definition with
\DeclareUnicodeCharacter 


! Package inputenc Error: Unicode character Î¹ (U+03B9)
(inputenc)                not set up for use with LaTeX.

See the inputenc package documentation for explanation.
Type  H <return>  for immediate help.
 ...                                              
                                                  
l.4 \subsection{Î‘ÏÎ¹Î¸Î¼Î·Ï„Î¹
                                ÎºÏŒÏ‚ Ï…Ï€Î¿Î»Î¿Î³Î¹ÏƒÎ¼ÏŒÏ‚ ÏƒÏ„Î±Î¸ÎµÏÎ¬...

You may provide a definition with
\DeclareUnicodeCharacter 


! Package inputenc Error: Unicode character Îº (U+03BA)
(inputenc)                not set up for use with LaTeX.

See the inputenc package documentation for explanation.
Type  H <return>  for immediate help.
 ...                                              
                                                  
l.4 \subsection{Î‘ÏÎ¹Î¸Î¼Î·Ï„Î¹Îº
                                  ÏŒÏ‚ Ï…Ï€Î¿Î»Î¿Î³Î¹ÏƒÎ¼ÏŒÏ‚ ÏƒÏ„Î±Î¸ÎµÏÎ¬...

You may provide a definition with
\DeclareUnicodeCharacter 


! Package inputenc Error: Unicode character ÏŒ (U+03CC)
(inputenc)                not set up for use with LaTeX.

See the inputenc package documentation for explanation.
Type  H <return>  for immediate help.
 ...                                              
                                                  
l.4 \subsection{Î‘ÏÎ¹Î¸Î¼Î·Ï„Î¹ÎºÏŒ
                                    Ï‚ Ï…Ï€Î¿Î»Î¿Î³Î¹ÏƒÎ¼ÏŒÏ‚ ÏƒÏ„Î±Î¸ÎµÏÎ¬...

You may provide a definition with
\DeclareUnicodeCharacter 


! Package inputenc Error: Unicode character Ï‚ (U+03C2)
(inputenc)                not set up for use with LaTeX.

See the inputenc package documentation for explanation.
Type  H <return>  for immediate help.
 ...                                              
                                                  
l.4 \subsection{Î‘ÏÎ¹Î¸Î¼Î·Ï„Î¹ÎºÏŒÏ‚
                                       Ï…Ï€Î¿Î»Î¿Î³Î¹ÏƒÎ¼ÏŒÏ‚ ÏƒÏ„Î±Î¸ÎµÏÎ¬...

You may provide a definition with
\DeclareUnicodeCharacter 


! Package inputenc Error: Unicode character Ï… (U+03C5)
(inputenc)                not set up for use with LaTeX.

See the inputenc package documentation for explanation.
Type  H <return>  for immediate help.
 ...                                              
                                                  
l.4 \subsection{Î‘ÏÎ¹Î¸Î¼Î·Ï„Î¹ÎºÏŒÏ‚ Ï…
                                         Ï€Î¿Î»Î¿Î³Î¹ÏƒÎ¼ÏŒÏ‚ ÏƒÏ„Î±Î¸ÎµÏÎ¬...

You may provide a definition with
\DeclareUnicodeCharacter 


! Package inputenc Error: Unicode character Ï€ (U+03C0)
(inputenc)                not set up for use with LaTeX.

See the inputenc package documentation for explanation.
Type  H <return>  for immediate help.
 ...                                              
                                                  
l.4 \subsection{Î‘ÏÎ¹Î¸Î¼Î·Ï„Î¹ÎºÏŒÏ‚ Ï…Ï€
                                           Î¿Î»Î¿Î³Î¹ÏƒÎ¼ÏŒÏ‚ ÏƒÏ„Î±Î¸ÎµÏÎ¬...

You may provide a definition with
\DeclareUnicodeCharacter 


! Package inputenc Error: Unicode character Î¿ (U+03BF)
(inputenc)                not set up for use with LaTeX.

See the inputenc package documentation for explanation.
Type  H <return>  for immediate help.
 ...                                              
                                                  
l.4 \subsection{Î‘ÏÎ¹Î¸Î¼Î·Ï„Î¹ÎºÏŒÏ‚ Ï…Ï€Î¿
                                             Î»Î¿Î³Î¹ÏƒÎ¼ÏŒÏ‚ ÏƒÏ„Î±Î¸ÎµÏÎ¬...

You may provide a definition with
\DeclareUnicodeCharacter 


! Package inputenc Error: Unicode character Î» (U+03BB)
(inputenc)                not set up for use with LaTeX.

See the inputenc package documentation for explanation.
Type  H <return>  for immediate help.
 ...                                              
                                                  
l.4 \subsection{Î‘ÏÎ¹Î¸Î¼Î·Ï„Î¹ÎºÏŒÏ‚ Ï…Ï€Î¿Î»
                                               Î¿Î³Î¹ÏƒÎ¼ÏŒÏ‚ ÏƒÏ„Î±Î¸ÎµÏÎ¬...

You may provide a definition with
\DeclareUnicodeCharacter 


! Package inputenc Error: Unicode character Î¿ (U+03BF)
(inputenc)                not set up for use with LaTeX.

See the inputenc package documentation for explanation.
Type  H <return>  for immediate help.
 ...                                              
                                                  
l.4 \subsection{Î‘ÏÎ¹Î¸Î¼Î·Ï„Î¹ÎºÏŒÏ‚ Ï…Ï€Î¿Î»Î¿
                                                 Î³Î¹ÏƒÎ¼ÏŒÏ‚ ÏƒÏ„Î±Î¸ÎµÏÎ¬...

You may provide a definition with
\DeclareUnicodeCharacter 


! Package inputenc Error: Unicode character Î³ (U+03B3)
(inputenc)                not set up for use with LaTeX.

See the inputenc package documentation for explanation.
Type  H <return>  for immediate help.
 ...                                              
                                                  
l.4 ...section{Î‘ÏÎ¹Î¸Î¼Î·Ï„Î¹ÎºÏŒÏ‚ Ï…Ï€Î¿Î»Î¿Î³
                                                  Î¹ÏƒÎ¼ÏŒÏ‚ ÏƒÏ„Î±Î¸ÎµÏÎ¬Ï...

You may provide a definition with
\DeclareUnicodeCharacter 


! Package inputenc Error: Unicode character Î¹ (U+03B9)
(inputenc)                not set up for use with LaTeX.

See the inputenc package documentation for explanation.
Type  H <return>  for immediate help.
 ...                                              
                                                  
l.4 ...ction{Î‘ÏÎ¹Î¸Î¼Î·Ï„Î¹ÎºÏŒÏ‚ Ï…Ï€Î¿Î»Î¿Î³Î¹
                                                  ÏƒÎ¼ÏŒÏ‚ ÏƒÏ„Î±Î¸ÎµÏÎ¬Ï‚ ...

You may provide a definition with
\DeclareUnicodeCharacter 


! Package inputenc Error: Unicode character Ïƒ (U+03C3)
(inputenc)                not set up for use with LaTeX.

See the inputenc package documentation for explanation.
Type  H <return>  for immediate help.
 ...                                              
                                                  
l.4 ...ion{Î‘ÏÎ¹Î¸Î¼Î·Ï„Î¹ÎºÏŒÏ‚ Ï…Ï€Î¿Î»Î¿Î³Î¹Ïƒ
                                                  Î¼ÏŒÏ‚ ÏƒÏ„Î±Î¸ÎµÏÎ¬Ï‚ \e...

You may provide a definition with
\DeclareUnicodeCharacter 


! Package inputenc Error: Unicode character Î¼ (U+03BC)
(inputenc)                not set up for use with LaTeX.

See the inputenc package documentation for explanation.
Type  H <return>  for immediate help.
 ...                                              
                                                  
l.4 ...n{Î‘ÏÎ¹Î¸Î¼Î·Ï„Î¹ÎºÏŒÏ‚ Ï…Ï€Î¿Î»Î¿Î³Î¹ÏƒÎ¼
                                                  ÏŒÏ‚ ÏƒÏ„Î±Î¸ÎµÏÎ¬Ï‚ \en{...

You may provide a definition with
\DeclareUnicodeCharacter 


! Package inputenc Error: Unicode character ÏŒ (U+03CC)
(inputenc)                not set up for use with LaTeX.

See the inputenc package documentation for explanation.
Type  H <return>  for immediate help.
 ...                                              
                                                  
l.4 ...Î‘ÏÎ¹Î¸Î¼Î·Ï„Î¹ÎºÏŒÏ‚ Ï…Ï€Î¿Î»Î¿Î³Î¹ÏƒÎ¼ÏŒ
                                                  Ï‚ ÏƒÏ„Î±Î¸ÎµÏÎ¬Ï‚ \en{$\...

You may provide a definition with
\DeclareUnicodeCharacter 


! Package inputenc Error: Unicode character Ï‚ (U+03C2)
(inputenc)                not set up for use with LaTeX.

See the inputenc package documentation for explanation.
Type  H <return>  for immediate help.
 ...                                              
                                                  
l.4 ...ÏÎ¹Î¸Î¼Î·Ï„Î¹ÎºÏŒÏ‚ Ï…Ï€Î¿Î»Î¿Î³Î¹ÏƒÎ¼ÏŒÏ‚
                                                   ÏƒÏ„Î±Î¸ÎµÏÎ¬Ï‚ \en{$\pi$}}

You may provide a definition with
\DeclareUnicodeCharacter 


! Package inputenc Error: Unicode character Ïƒ (U+03C3)
(inputenc)                not set up for use with LaTeX.

See the inputenc package documentation for explanation.
Type  H <return>  for immediate help.
 ...                                              
                                                  
l.4 ...¹Î¸Î¼Î·Ï„Î¹ÎºÏŒÏ‚ Ï…Ï€Î¿Î»Î¿Î³Î¹ÏƒÎ¼ÏŒÏ‚ Ïƒ
                                                  Ï„Î±Î¸ÎµÏÎ¬Ï‚ \en{$\pi$}}
You may provide a definition with
\DeclareUnicodeCharacter 


! Package inputenc Error: Unicode character Ï„ (U+03C4)
(inputenc)                not set up for use with LaTeX.

See the inputenc package documentation for explanation.
Type  H <return>  for immediate help.
 ...                                              
                                                  
l.4 ...¸Î¼Î·Ï„Î¹ÎºÏŒÏ‚ Ï…Ï€Î¿Î»Î¿Î³Î¹ÏƒÎ¼ÏŒÏ‚ ÏƒÏ„
                                                  Î±Î¸ÎµÏÎ¬Ï‚ \en{$\pi$}}
You may provide a definition with
\DeclareUnicodeCharacter 


! Package inputenc Error: Unicode character Î± (U+03B1)
(inputenc)                not set up for use with LaTeX.

See the inputenc package documentation for explanation.
Type  H <return>  for immediate help.
 ...                                              
                                                  
l.4 ...¼Î·Ï„Î¹ÎºÏŒÏ‚ Ï…Ï€Î¿Î»Î¿Î³Î¹ÏƒÎ¼ÏŒÏ‚ ÏƒÏ„Î±
                                                  Î¸ÎµÏÎ¬Ï‚ \en{$\pi$}}
You may provide a definition with
\DeclareUnicodeCharacter 


! Package inputenc Error: Unicode character Î¸ (U+03B8)
(inputenc)                not set up for use with LaTeX.

See the inputenc package documentation for explanation.
Type  H <return>  for immediate help.
 ...                                              
                                                  
l.4 ...·Ï„Î¹ÎºÏŒÏ‚ Ï…Ï€Î¿Î»Î¿Î³Î¹ÏƒÎ¼ÏŒÏ‚ ÏƒÏ„Î±Î¸
                                                  ÎµÏÎ¬Ï‚ \en{$\pi$}}
You may provide a definition with
\DeclareUnicodeCharacter 


! Package inputenc Error: Unicode character Îµ (U+03B5)
(inputenc)                not set up for use with LaTeX.

See the inputenc package documentation for explanation.
Type  H <return>  for immediate help.
 ...                                              
                                                  
l.4 ...„Î¹ÎºÏŒÏ‚ Ï…Ï€Î¿Î»Î¿Î³Î¹ÏƒÎ¼ÏŒÏ‚ ÏƒÏ„Î±Î¸Îµ
                                                  ÏÎ¬Ï‚ \en{$\pi$}}
You may provide a definition with
\DeclareUnicodeCharacter 


! Package inputenc Error: Unicode character Ï (U+03C1)
(inputenc)                not set up for use with LaTeX.

See the inputenc package documentation for explanation.
Type  H <return>  for immediate help.
 ...                                              
                                                  
l.4 ...¹ÎºÏŒÏ‚ Ï…Ï€Î¿Î»Î¿Î³Î¹ÏƒÎ¼ÏŒÏ‚ ÏƒÏ„Î±Î¸ÎµÏ
                                                  Î¬Ï‚ \en{$\pi$}}
You may provide a definition with
\DeclareUnicodeCharacter 


! Package inputenc Error: Unicode character Î¬ (U+03AC)
(inputenc)                not set up for use with LaTeX.

See the inputenc package documentation for explanation.
Type  H <return>  for immediate help.
 ...                                              
                                                  
l.4 ...ºÏŒÏ‚ Ï…Ï€Î¿Î»Î¿Î³Î¹ÏƒÎ¼ÏŒÏ‚ ÏƒÏ„Î±Î¸ÎµÏÎ¬
                                                  Ï‚ \en{$\pi$}}
You may provide a definition with
\DeclareUnicodeCharacter 


! Package inputenc Error: Unicode character Ï‚ (U+03C2)
(inputenc)                not set up for use with LaTeX.

See the inputenc package documentation for explanation.
Type  H <return>  for immediate help.
 ...                                              
                                                  
l.4 ...ŒÏ‚ Ï…Ï€Î¿Î»Î¿Î³Î¹ÏƒÎ¼ÏŒÏ‚ ÏƒÏ„Î±Î¸ÎµÏÎ¬Ï‚
                                                   \en{$\pi$}}
You may provide a definition with
\DeclareUnicodeCharacter 

! Undefined control sequence.
l.4 ...Ï…Ï€Î¿Î»Î¿Î³Î¹ÏƒÎ¼ÏŒÏ‚ ÏƒÏ„Î±Î¸ÎµÏÎ¬Ï‚ \en
                                                  {$\pi$}}
The control sequence at the end of the top line
of your error message was never \def'ed. If you have
misspelled it (e.g., `\hobx'), type `I' and the correct
spelling (e.g., `I\hbox'). Otherwise just continue,
and I'll forget about whatever was undefined.


! LaTeX Error: Missing \begin{document}.

See the LaTeX manual or LaTeX Companion for explanation.
Type  H <return>  for immediate help.
 ...                                              
                                                  
l.4 ...Ï€Î¿Î»Î¿Î³Î¹ÏƒÎ¼ÏŒÏ‚ ÏƒÏ„Î±Î¸ÎµÏÎ¬Ï‚ \en{$
                                                  \pi$}}
You're in trouble here.  Try typing  <return>  to proceed.
If that doesn't work, type  X <return>  to quit.

LaTeX Font Info:    External font `cmex10' loaded for size
(Font)              <7> on input line 4.
LaTeX Font Info:    External font `cmex10' loaded for size
(Font)              <5> on input line 4.

! Package inputenc Error: Unicode character Î£ (U+03A3)
(inputenc)                not set up for use with LaTeX.

See the inputenc package documentation for explanation.
Type  H <return>  for immediate help.
 ...                                              
                                                  
l.5 Î£
      Ï„Î¿ Ï€Î±ÏÎ¬Î´ÎµÎ¹Î³Î¼Î± Ï€Î¿Ï… Î±ÎºÎ¿Î»Î¿Ï…Î¸ÎµÎ¯ ÎµÏ†Î±ÏÎ¼ÏŒÎ¶ÎµÏ„...

You may provide a definition with
\DeclareUnicodeCharacter 


! Package inputenc Error: Unicode character Ï„ (U+03C4)
(inputenc)                not set up for use with LaTeX.

See the inputenc package documentation for explanation.
Type  H <return>  for immediate help.
 ...                                              
                                                  
l.5 Î£Ï„
        Î¿ Ï€Î±ÏÎ¬Î´ÎµÎ¹Î³Î¼Î± Ï€Î¿Ï… Î±ÎºÎ¿Î»Î¿Ï…Î¸ÎµÎ¯ ÎµÏ†Î±ÏÎ¼ÏŒÎ¶ÎµÏ„...

You may provide a definition with
\DeclareUnicodeCharacter 


! Package inputenc Error: Unicode character Î¿ (U+03BF)
(inputenc)                not set up for use with LaTeX.

See the inputenc package documentation for explanation.
Type  H <return>  for immediate help.
 ...                                              
                                                  
l.5 Î£Ï„Î¿
           Ï€Î±ÏÎ¬Î´ÎµÎ¹Î³Î¼Î± Ï€Î¿Ï… Î±ÎºÎ¿Î»Î¿Ï…Î¸ÎµÎ¯ ÎµÏ†Î±ÏÎ¼ÏŒÎ¶ÎµÏ„...

You may provide a definition with
\DeclareUnicodeCharacter 


! Package inputenc Error: Unicode character Ï€ (U+03C0)
(inputenc)                not set up for use with LaTeX.

See the inputenc package documentation for explanation.
Type  H <return>  for immediate help.
 ...                                              
                                                  
l.5 Î£Ï„Î¿ Ï€
             Î±ÏÎ¬Î´ÎµÎ¹Î³Î¼Î± Ï€Î¿Ï… Î±ÎºÎ¿Î»Î¿Ï…Î¸ÎµÎ¯ ÎµÏ†Î±ÏÎ¼ÏŒÎ¶ÎµÏ„...

You may provide a definition with
\DeclareUnicodeCharacter 


! Package inputenc Error: Unicode character Î± (U+03B1)
(inputenc)                not set up for use with LaTeX.

See the inputenc package documentation for explanation.
Type  H <return>  for immediate help.
 ...                                              
                                                  
l.5 Î£Ï„Î¿ Ï€Î±
               ÏÎ¬Î´ÎµÎ¹Î³Î¼Î± Ï€Î¿Ï… Î±ÎºÎ¿Î»Î¿Ï…Î¸ÎµÎ¯ ÎµÏ†Î±ÏÎ¼ÏŒÎ¶ÎµÏ„...

You may provide a definition with
\DeclareUnicodeCharacter 


! Package inputenc Error: Unicode character Ï (U+03C1)
(inputenc)                not set up for use with LaTeX.

See the inputenc package documentation for explanation.
Type  H <return>  for immediate help.
 ...                                              
                                                  
l.5 Î£Ï„Î¿ Ï€Î±Ï
                 Î¬Î´ÎµÎ¹Î³Î¼Î± Ï€Î¿Ï… Î±ÎºÎ¿Î»Î¿Ï…Î¸ÎµÎ¯ ÎµÏ†Î±ÏÎ¼ÏŒÎ¶ÎµÏ„...

You may provide a definition with
\DeclareUnicodeCharacter 


! Package inputenc Error: Unicode character Î¬ (U+03AC)
(inputenc)                not set up for use with LaTeX.

See the inputenc package documentation for explanation.
Type  H <return>  for immediate help.
 ...                                              
                                                  
l.5 Î£Ï„Î¿ Ï€Î±ÏÎ¬
                   Î´ÎµÎ¹Î³Î¼Î± Ï€Î¿Ï… Î±ÎºÎ¿Î»Î¿Ï…Î¸ÎµÎ¯ ÎµÏ†Î±ÏÎ¼ÏŒÎ¶ÎµÏ„...

You may provide a definition with
\DeclareUnicodeCharacter 


! Package inputenc Error: Unicode character Î´ (U+03B4)
(inputenc)                not set up for use with LaTeX.

See the inputenc package documentation for explanation.
Type  H <return>  for immediate help.
 ...                                              
                                                  
l.5 Î£Ï„Î¿ Ï€Î±ÏÎ¬Î´
                     ÎµÎ¹Î³Î¼Î± Ï€Î¿Ï… Î±ÎºÎ¿Î»Î¿Ï…Î¸ÎµÎ¯ ÎµÏ†Î±ÏÎ¼ÏŒÎ¶ÎµÏ„...

You may provide a definition with
\DeclareUnicodeCharacter 


! Package inputenc Error: Unicode character Îµ (U+03B5)
(inputenc)                not set up for use with LaTeX.

See the inputenc package documentation for explanation.
Type  H <return>  for immediate help.
 ...                                              
                                                  
l.5 Î£Ï„Î¿ Ï€Î±ÏÎ¬Î´Îµ
                       Î¹Î³Î¼Î± Ï€Î¿Ï… Î±ÎºÎ¿Î»Î¿Ï…Î¸ÎµÎ¯ ÎµÏ†Î±ÏÎ¼ÏŒÎ¶ÎµÏ„...

You may provide a definition with
\DeclareUnicodeCharacter 


! Package inputenc Error: Unicode character Î¹ (U+03B9)
(inputenc)                not set up for use with LaTeX.

See the inputenc package documentation for explanation.
Type  H <return>  for immediate help.
 ...                                              
                                                  
l.5 Î£Ï„Î¿ Ï€Î±ÏÎ¬Î´ÎµÎ¹
                         Î³Î¼Î± Ï€Î¿Ï… Î±ÎºÎ¿Î»Î¿Ï…Î¸ÎµÎ¯ ÎµÏ†Î±ÏÎ¼ÏŒÎ¶ÎµÏ„...

You may provide a definition with
\DeclareUnicodeCharacter 


! Package inputenc Error: Unicode character Î³ (U+03B3)
(inputenc)                not set up for use with LaTeX.

See the inputenc package documentation for explanation.
Type  H <return>  for immediate help.
 ...                                              
                                                  
l.5 Î£Ï„Î¿ Ï€Î±ÏÎ¬Î´ÎµÎ¹Î³
                           Î¼Î± Ï€Î¿Ï… Î±ÎºÎ¿Î»Î¿Ï…Î¸ÎµÎ¯ ÎµÏ†Î±ÏÎ¼ÏŒÎ¶ÎµÏ„...

You may provide a definition with
\DeclareUnicodeCharacter 


! Package inputenc Error: Unicode character Î¼ (U+03BC)
(inputenc)                not set up for use with LaTeX.

See the inputenc package documentation for explanation.
Type  H <return>  for immediate help.
 ...                                              
                                                  
l.5 Î£Ï„Î¿ Ï€Î±ÏÎ¬Î´ÎµÎ¹Î³Î¼
                             Î± Ï€Î¿Ï… Î±ÎºÎ¿Î»Î¿Ï…Î¸ÎµÎ¯ ÎµÏ†Î±ÏÎ¼ÏŒÎ¶ÎµÏ„...

You may provide a definition with
\DeclareUnicodeCharacter 


! Package inputenc Error: Unicode character Î± (U+03B1)
(inputenc)                not set up for use with LaTeX.

See the inputenc package documentation for explanation.
Type  H <return>  for immediate help.
 ...                                              
                                                  
l.5 Î£Ï„Î¿ Ï€Î±ÏÎ¬Î´ÎµÎ¹Î³Î¼Î±
                                Ï€Î¿Ï… Î±ÎºÎ¿Î»Î¿Ï…Î¸ÎµÎ¯ ÎµÏ†Î±ÏÎ¼ÏŒÎ¶ÎµÏ„...

You may provide a definition with
\DeclareUnicodeCharacter 


! Package inputenc Error: Unicode character Ï€ (U+03C0)
(inputenc)                not set up for use with LaTeX.

See the inputenc package documentation for explanation.
Type  H <return>  for immediate help.
 ...                                              
                                                  
l.5 Î£Ï„Î¿ Ï€Î±ÏÎ¬Î´ÎµÎ¹Î³Î¼Î± Ï€
                                  Î¿Ï… Î±ÎºÎ¿Î»Î¿Ï…Î¸ÎµÎ¯ ÎµÏ†Î±ÏÎ¼ÏŒÎ¶ÎµÏ„...

You may provide a definition with
\DeclareUnicodeCharacter 


! Package inputenc Error: Unicode character Î¿ (U+03BF)
(inputenc)                not set up for use with LaTeX.

See the inputenc package documentation for explanation.
Type  H <return>  for immediate help.
 ...                                              
                                                  
l.5 Î£Ï„Î¿ Ï€Î±ÏÎ¬Î´ÎµÎ¹Î³Î¼Î± Ï€Î¿
                                    Ï… Î±ÎºÎ¿Î»Î¿Ï…Î¸ÎµÎ¯ ÎµÏ†Î±ÏÎ¼ÏŒÎ¶ÎµÏ„...

You may provide a definition with
\DeclareUnicodeCharacter 


! Package inputenc Error: Unicode character Ï… (U+03C5)
(inputenc)                not set up for use with LaTeX.

See the inputenc package documentation for explanation.
Type  H <return>  for immediate help.
 ...                                              
                                                  
l.5 Î£Ï„Î¿ Ï€Î±ÏÎ¬Î´ÎµÎ¹Î³Î¼Î± Ï€Î¿Ï…
                                       Î±ÎºÎ¿Î»Î¿Ï…Î¸ÎµÎ¯ ÎµÏ†Î±ÏÎ¼ÏŒÎ¶ÎµÏ„...

You may provide a definition with
\DeclareUnicodeCharacter 


! Package inputenc Error: Unicode character Î± (U+03B1)
(inputenc)                not set up for use with LaTeX.

See the inputenc package documentation for explanation.
Type  H <return>  for immediate help.
 ...                                              
                                                  
l.5 Î£Ï„Î¿ Ï€Î±ÏÎ¬Î´ÎµÎ¹Î³Î¼Î± Ï€Î¿Ï… Î±
                                         ÎºÎ¿Î»Î¿Ï…Î¸ÎµÎ¯ ÎµÏ†Î±ÏÎ¼ÏŒÎ¶ÎµÏ„...

You may provide a definition with
\DeclareUnicodeCharacter 


! Package inputenc Error: Unicode character Îº (U+03BA)
(inputenc)                not set up for use with LaTeX.

See the inputenc package documentation for explanation.
Type  H <return>  for immediate help.
 ...                                              
                                                  
l.5 Î£Ï„Î¿ Ï€Î±ÏÎ¬Î´ÎµÎ¹Î³Î¼Î± Ï€Î¿Ï… Î±Îº
                                           Î¿Î»Î¿Ï…Î¸ÎµÎ¯ ÎµÏ†Î±ÏÎ¼ÏŒÎ¶ÎµÏ„...

You may provide a definition with
\DeclareUnicodeCharacter 


! Package inputenc Error: Unicode character Î¿ (U+03BF)
(inputenc)                not set up for use with LaTeX.

See the inputenc package documentation for explanation.
Type  H <return>  for immediate help.
 ...                                              
                                                  
l.5 Î£Ï„Î¿ Ï€Î±ÏÎ¬Î´ÎµÎ¹Î³Î¼Î± Ï€Î¿Ï… Î±ÎºÎ¿
                                             Î»Î¿Ï…Î¸ÎµÎ¯ ÎµÏ†Î±ÏÎ¼ÏŒÎ¶ÎµÏ„...

You may provide a definition with
\DeclareUnicodeCharacter 


! Package inputenc Error: Unicode character Î» (U+03BB)
(inputenc)                not set up for use with LaTeX.

See the inputenc package documentation for explanation.
Type  H <return>  for immediate help.
 ...                                              
                                                  
l.5 Î£Ï„Î¿ Ï€Î±ÏÎ¬Î´ÎµÎ¹Î³Î¼Î± Ï€Î¿Ï… Î±ÎºÎ¿Î»
                                               Î¿Ï…Î¸ÎµÎ¯ ÎµÏ†Î±ÏÎ¼ÏŒÎ¶ÎµÏ„...

You may provide a definition with
\DeclareUnicodeCharacter 


! Package inputenc Error: Unicode character Î¿ (U+03BF)
(inputenc)                not set up for use with LaTeX.

See the inputenc package documentation for explanation.
Type  H <return>  for immediate help.
 ...                                              
                                                  
l.5 Î£Ï„Î¿ Ï€Î±ÏÎ¬Î´ÎµÎ¹Î³Î¼Î± Ï€Î¿Ï… Î±ÎºÎ¿Î»Î¿
                                                 Ï…Î¸ÎµÎ¯ ÎµÏ†Î±ÏÎ¼ÏŒÎ¶ÎµÏ„...

You may provide a definition with
\DeclareUnicodeCharacter 


! Package inputenc Error: Unicode character Ï… (U+03C5)
(inputenc)                not set up for use with LaTeX.

See the inputenc package documentation for explanation.
Type  H <return>  for immediate help.
 ...                                              
                                                  
l.5 ...Î¿ Ï€Î±ÏÎ¬Î´ÎµÎ¹Î³Î¼Î± Ï€Î¿Ï… Î±ÎºÎ¿Î»Î¿Ï…
                                                  Î¸ÎµÎ¯ ÎµÏ†Î±ÏÎ¼ÏŒÎ¶ÎµÏ„Î...

You may provide a definition with
\DeclareUnicodeCharacter 


! Package inputenc Error: Unicode character Î¸ (U+03B8)
(inputenc)                not set up for use with LaTeX.

See the inputenc package documentation for explanation.
Type  H <return>  for immediate help.
 ...                                              
                                                  
l.5 ... Ï€Î±ÏÎ¬Î´ÎµÎ¹Î³Î¼Î± Ï€Î¿Ï… Î±ÎºÎ¿Î»Î¿Ï…Î¸
                                                  ÎµÎ¯ ÎµÏ†Î±ÏÎ¼ÏŒÎ¶ÎµÏ„Î±Î...

You may provide a definition with
\DeclareUnicodeCharacter 


! Package inputenc Error: Unicode character Îµ (U+03B5)
(inputenc)                not set up for use with LaTeX.

See the inputenc package documentation for explanation.
Type  H <return>  for immediate help.
 ...                                              
                                                  
l.5 ...€Î±ÏÎ¬Î´ÎµÎ¹Î³Î¼Î± Ï€Î¿Ï… Î±ÎºÎ¿Î»Î¿Ï…Î¸Îµ
                                                  Î¯ ÎµÏ†Î±ÏÎ¼ÏŒÎ¶ÎµÏ„Î±Î¹ ...

You may provide a definition with
\DeclareUnicodeCharacter 


! Package inputenc Error: Unicode character Î¯ (U+03AF)
(inputenc)                not set up for use with LaTeX.

See the inputenc package documentation for explanation.
Type  H <return>  for immediate help.
 ...                                              
                                                  
l.5 ...±ÏÎ¬Î´ÎµÎ¹Î³Î¼Î± Ï€Î¿Ï… Î±ÎºÎ¿Î»Î¿Ï…Î¸ÎµÎ¯
                                                   ÎµÏ†Î±ÏÎ¼ÏŒÎ¶ÎµÏ„Î±Î¹ 	Î...

You may provide a definition with
\DeclareUnicodeCharacter 


! Package inputenc Error: Unicode character Îµ (U+03B5)
(inputenc)                not set up for use with LaTeX.

See the inputenc package documentation for explanation.
Type  H <return>  for immediate help.
 ...                                              
                                                  
l.5 ...Î¬Î´ÎµÎ¹Î³Î¼Î± Ï€Î¿Ï… Î±ÎºÎ¿Î»Î¿Ï…Î¸ÎµÎ¯ Îµ
                                                  Ï†Î±ÏÎ¼ÏŒÎ¶ÎµÏ„Î±Î¹ 	Î· Î...

You may provide a definition with
\DeclareUnicodeCharacter 


! Package inputenc Error: Unicode character Ï† (U+03C6)
(inputenc)                not set up for use with LaTeX.

See the inputenc package documentation for explanation.
Type  H <return>  for immediate help.
 ...                                              
                                                  
l.5 ...Î´ÎµÎ¹Î³Î¼Î± Ï€Î¿Ï… Î±ÎºÎ¿Î»Î¿Ï…Î¸ÎµÎ¯ ÎµÏ†
                                                  Î±ÏÎ¼ÏŒÎ¶ÎµÏ„Î±Î¹ 	Î· Î¼Î...

You may provide a definition with
\DeclareUnicodeCharacter 


! Package inputenc Error: Unicode character Î± (U+03B1)
(inputenc)                not set up for use with LaTeX.

See the inputenc package documentation for explanation.
Type  H <return>  for immediate help.
 ...                                              
                                                  
l.5 ...ÎµÎ¹Î³Î¼Î± Ï€Î¿Ï… Î±ÎºÎ¿Î»Î¿Ï…Î¸ÎµÎ¯ ÎµÏ†Î±
                                                  ÏÎ¼ÏŒÎ¶ÎµÏ„Î±Î¹ 	Î· Î¼Î­Î...

You may provide a definition with
\DeclareUnicodeCharacter 


! Package inputenc Error: Unicode character Ï (U+03C1)
(inputenc)                not set up for use with LaTeX.

See the inputenc package documentation for explanation.
Type  H <return>  for immediate help.
 ...                                              
                                                  
l.5 ...Î¹Î³Î¼Î± Ï€Î¿Ï… Î±ÎºÎ¿Î»Î¿Ï…Î¸ÎµÎ¯ ÎµÏ†Î±Ï
                                                  Î¼ÏŒÎ¶ÎµÏ„Î±Î¹ 	Î· Î¼Î­Î¸Î...

You may provide a definition with
\DeclareUnicodeCharacter 


! Package inputenc Error: Unicode character Î¼ (U+03BC)
(inputenc)                not set up for use with LaTeX.

See the inputenc package documentation for explanation.
Type  H <return>  for immediate help.
 ...                                              
                                                  
l.5 ...Î³Î¼Î± Ï€Î¿Ï… Î±ÎºÎ¿Î»Î¿Ï…Î¸ÎµÎ¯ ÎµÏ†Î±ÏÎ¼
                                                  ÏŒÎ¶ÎµÏ„Î±Î¹ 	Î· Î¼Î­Î¸Î¿Î...

You may provide a definition with
\DeclareUnicodeCharacter 


! Package inputenc Error: Unicode character ÏŒ (U+03CC)
(inputenc)                not set up for use with LaTeX.

See the inputenc package documentation for explanation.
Type  H <return>  for immediate help.
 ...                                              
                                                  
l.5 ...Î¼Î± Ï€Î¿Ï… Î±ÎºÎ¿Î»Î¿Ï…Î¸ÎµÎ¯ ÎµÏ†Î±ÏÎ¼ÏŒ
                                                  Î¶ÎµÏ„Î±Î¹ 	Î· Î¼Î­Î¸Î¿Î´Î...

You may provide a definition with
\DeclareUnicodeCharacter 


! Package inputenc Error: Unicode character Î¶ (U+03B6)
(inputenc)                not set up for use with LaTeX.

See the inputenc package documentation for explanation.
Type  H <return>  for immediate help.
 ...                                              
                                                  
l.5 ...Î± Ï€Î¿Ï… Î±ÎºÎ¿Î»Î¿Ï…Î¸ÎµÎ¯ ÎµÏ†Î±ÏÎ¼ÏŒÎ¶
                                                  ÎµÏ„Î±Î¹ 	Î· Î¼Î­Î¸Î¿Î´Î¿Ï...

You may provide a definition with
\DeclareUnicodeCharacter 


! Package inputenc Error: Unicode character Îµ (U+03B5)
(inputenc)                not set up for use with LaTeX.

See the inputenc package documentation for explanation.
Type  H <return>  for immediate help.
 ...                                              
                                                  
l.5 ... Ï€Î¿Ï… Î±ÎºÎ¿Î»Î¿Ï…Î¸ÎµÎ¯ ÎµÏ†Î±ÏÎ¼ÏŒÎ¶Îµ
                                                  Ï„Î±Î¹ 	Î· Î¼Î­Î¸Î¿Î´Î¿Ï‚ ...

You may provide a definition with
\DeclareUnicodeCharacter 


! Package inputenc Error: Unicode character Ï„ (U+03C4)
(inputenc)                not set up for use with LaTeX.

See the inputenc package documentation for explanation.
Type  H <return>  for immediate help.
 ...                                              
                                                  
l.5 ...€Î¿Ï… Î±ÎºÎ¿Î»Î¿Ï…Î¸ÎµÎ¯ ÎµÏ†Î±ÏÎ¼ÏŒÎ¶ÎµÏ„
                                                  Î±Î¹ 	Î· Î¼Î­Î¸Î¿Î´Î¿Ï‚ Ï„...

You may provide a definition with
\DeclareUnicodeCharacter 


! Package inputenc Error: Unicode character Î± (U+03B1)
(inputenc)                not set up for use with LaTeX.

See the inputenc package documentation for explanation.
Type  H <return>  for immediate help.
 ...                                              
                                                  
l.5 ...¿Ï… Î±ÎºÎ¿Î»Î¿Ï…Î¸ÎµÎ¯ ÎµÏ†Î±ÏÎ¼ÏŒÎ¶ÎµÏ„Î±
                                                  Î¹ 	Î· Î¼Î­Î¸Î¿Î´Î¿Ï‚ Ï„Î·...

You may provide a definition with
\DeclareUnicodeCharacter 


! Package inputenc Error: Unicode character Î¹ (U+03B9)
(inputenc)                not set up for use with LaTeX.

See the inputenc package documentation for explanation.
Type  H <return>  for immediate help.
 ...                                              
                                                  
l.5 ...… Î±ÎºÎ¿Î»Î¿Ï…Î¸ÎµÎ¯ ÎµÏ†Î±ÏÎ¼ÏŒÎ¶ÎµÏ„Î±Î¹
                                                   	Î· Î¼Î­Î¸Î¿Î´Î¿Ï‚ Ï„Î·Ï‚...

You may provide a definition with
\DeclareUnicodeCharacter 


! Package inputenc Error: Unicode character Î· (U+03B7)
(inputenc)                not set up for use with LaTeX.

See the inputenc package documentation for explanation.
Type  H <return>  for immediate help.
 ...                                              
                                                  
l.5 ...ÎºÎ¿Î»Î¿Ï…Î¸ÎµÎ¯ ÎµÏ†Î±ÏÎ¼ÏŒÎ¶ÎµÏ„Î±Î¹ 	Î·
                                                   Î¼Î­Î¸Î¿Î´Î¿Ï‚ Ï„Î·Ï‚ Î±Ï...

You may provide a definition with
\DeclareUnicodeCharacter 


! Package inputenc Error: Unicode character Î¼ (U+03BC)
(inputenc)                not set up for use with LaTeX.

See the inputenc package documentation for explanation.
Type  H <return>  for immediate help.
 ...                                              
                                                  
l.5 ...¿Î»Î¿Ï…Î¸ÎµÎ¯ ÎµÏ†Î±ÏÎ¼ÏŒÎ¶ÎµÏ„Î±Î¹ 	Î· Î¼
                                                  Î­Î¸Î¿Î´Î¿Ï‚ Ï„Î·Ï‚ Î±ÏÎ¹...

You may provide a definition with
\DeclareUnicodeCharacter 


! Package inputenc Error: Unicode character Î­ (U+03AD)
(inputenc)                not set up for use with LaTeX.

See the inputenc package documentation for explanation.
Type  H <return>  for immediate help.
 ...                                              
                                                  
l.5 ...»Î¿Ï…Î¸ÎµÎ¯ ÎµÏ†Î±ÏÎ¼ÏŒÎ¶ÎµÏ„Î±Î¹ 	Î· Î¼Î­
                                                  Î¸Î¿Î´Î¿Ï‚ Ï„Î·Ï‚ Î±ÏÎ¹Î¸...

You may provide a definition with
\DeclareUnicodeCharacter 


! Package inputenc Error: Unicode character Î¸ (U+03B8)
(inputenc)                not set up for use with LaTeX.

See the inputenc package documentation for explanation.
Type  H <return>  for immediate help.
 ...                                              
                                                  
l.5 ...¿Ï…Î¸ÎµÎ¯ ÎµÏ†Î±ÏÎ¼ÏŒÎ¶ÎµÏ„Î±Î¹ 	Î· Î¼Î­Î¸
                                                  Î¿Î´Î¿Ï‚ Ï„Î·Ï‚ Î±ÏÎ¹Î¸Î¼...

You may provide a definition with
\DeclareUnicodeCharacter 


! Package inputenc Error: Unicode character Î¿ (U+03BF)
(inputenc)                not set up for use with LaTeX.

See the inputenc package documentation for explanation.
Type  H <return>  for immediate help.
 ...                                              
                                                  
l.5 ...…Î¸ÎµÎ¯ ÎµÏ†Î±ÏÎ¼ÏŒÎ¶ÎµÏ„Î±Î¹ 	Î· Î¼Î­Î¸Î¿
                                                  Î´Î¿Ï‚ Ï„Î·Ï‚ Î±ÏÎ¹Î¸Î¼Î·...

You may provide a definition with
\DeclareUnicodeCharacter 


! Package inputenc Error: Unicode character Î´ (U+03B4)
(inputenc)                not set up for use with LaTeX.

See the inputenc package documentation for explanation.
Type  H <return>  for immediate help.
 ...                                              
                                                  
l.5 ...¸ÎµÎ¯ ÎµÏ†Î±ÏÎ¼ÏŒÎ¶ÎµÏ„Î±Î¹ 	Î· Î¼Î­Î¸Î¿Î´
                                                  Î¿Ï‚ Ï„Î·Ï‚ Î±ÏÎ¹Î¸Î¼Î·Ï„...

You may provide a definition with
\DeclareUnicodeCharacter 


! Package inputenc Error: Unicode character Î¿ (U+03BF)
(inputenc)                not set up for use with LaTeX.

See the inputenc package documentation for explanation.
Type  H <return>  for immediate help.
 ...                                              
                                                  
l.5 ...µÎ¯ ÎµÏ†Î±ÏÎ¼ÏŒÎ¶ÎµÏ„Î±Î¹ 	Î· Î¼Î­Î¸Î¿Î´Î¿
                                                  Ï‚ Ï„Î·Ï‚ Î±ÏÎ¹Î¸Î¼Î·Ï„Î¹...

You may provide a definition with
\DeclareUnicodeCharacter 


! Package inputenc Error: Unicode character Ï‚ (U+03C2)
(inputenc)                not set up for use with LaTeX.

See the inputenc package documentation for explanation.
Type  H <return>  for immediate help.
 ...                                              
                                                  
l.5 ...¯ ÎµÏ†Î±ÏÎ¼ÏŒÎ¶ÎµÏ„Î±Î¹ 	Î· Î¼Î­Î¸Î¿Î´Î¿Ï‚
                                                   Ï„Î·Ï‚ Î±ÏÎ¹Î¸Î¼Î·Ï„Î¹Îº...

You may provide a definition with
\DeclareUnicodeCharacter 


! Package inputenc Error: Unicode character Ï„ (U+03C4)
(inputenc)                not set up for use with LaTeX.

See the inputenc package documentation for explanation.
Type  H <return>  for immediate help.
 ...                                              
                                                  
l.5 ...µÏ†Î±ÏÎ¼ÏŒÎ¶ÎµÏ„Î±Î¹ 	Î· Î¼Î­Î¸Î¿Î´Î¿Ï‚ Ï„
                                                  Î·Ï‚ Î±ÏÎ¹Î¸Î¼Î·Ï„Î¹ÎºÎ®Ï...

You may provide a definition with
\DeclareUnicodeCharacter 


! Package inputenc Error: Unicode character Î· (U+03B7)
(inputenc)                not set up for use with LaTeX.

See the inputenc package documentation for explanation.
Type  H <return>  for immediate help.
 ...                                              
                                                  
l.5 ...†Î±ÏÎ¼ÏŒÎ¶ÎµÏ„Î±Î¹ 	Î· Î¼Î­Î¸Î¿Î´Î¿Ï‚ Ï„Î·
                                                  Ï‚ Î±ÏÎ¹Î¸Î¼Î·Ï„Î¹ÎºÎ®Ï‚ ...

You may provide a definition with
\DeclareUnicodeCharacter 


! Package inputenc Error: Unicode character Ï‚ (U+03C2)
(inputenc)                not set up for use with LaTeX.

See the inputenc package documentation for explanation.
Type  H <return>  for immediate help.
 ...                                              
                                                  
l.5 ...±ÏÎ¼ÏŒÎ¶ÎµÏ„Î±Î¹ 	Î· Î¼Î­Î¸Î¿Î´Î¿Ï‚ Ï„Î·Ï‚
                                                   Î±ÏÎ¹Î¸Î¼Î·Ï„Î¹ÎºÎ®Ï‚ Î¿...

You may provide a definition with
\DeclareUnicodeCharacter 


! Package inputenc Error: Unicode character Î± (U+03B1)
(inputenc)                not set up for use with LaTeX.

See the inputenc package documentation for explanation.
Type  H <return>  for immediate help.
 ...                                              
                                                  
l.5 ...Î¼ÏŒÎ¶ÎµÏ„Î±Î¹ 	Î· Î¼Î­Î¸Î¿Î´Î¿Ï‚ Ï„Î·Ï‚ Î±
                                                  ÏÎ¹Î¸Î¼Î·Ï„Î¹ÎºÎ®Ï‚ Î¿Î»Î...

You may provide a definition with
\DeclareUnicodeCharacter 


! Package inputenc Error: Unicode character Ï (U+03C1)
(inputenc)                not set up for use with LaTeX.

See the inputenc package documentation for explanation.
Type  H <return>  for immediate help.
 ...                                              
                                                  
l.5 ...ÏŒÎ¶ÎµÏ„Î±Î¹ 	Î· Î¼Î­Î¸Î¿Î´Î¿Ï‚ Ï„Î·Ï‚ Î±Ï
                                                  Î¹Î¸Î¼Î·Ï„Î¹ÎºÎ®Ï‚ Î¿Î»Î¿Î...

You may provide a definition with
\DeclareUnicodeCharacter 


! Package inputenc Error: Unicode character Î¹ (U+03B9)
(inputenc)                not set up for use with LaTeX.

See the inputenc package documentation for explanation.
Type  H <return>  for immediate help.
 ...                                              
                                                  
l.5 ...Î¶ÎµÏ„Î±Î¹ 	Î· Î¼Î­Î¸Î¿Î´Î¿Ï‚ Ï„Î·Ï‚ Î±ÏÎ¹
                                                  Î¸Î¼Î·Ï„Î¹ÎºÎ®Ï‚ Î¿Î»Î¿ÎºÎ...

You may provide a definition with
\DeclareUnicodeCharacter 


! Package inputenc Error: Unicode character Î¸ (U+03B8)
(inputenc)                not set up for use with LaTeX.

See the inputenc package documentation for explanation.
Type  H <return>  for immediate help.
 ...                                              
                                                  
l.5 ...ÎµÏ„Î±Î¹ 	Î· Î¼Î­Î¸Î¿Î´Î¿Ï‚ Ï„Î·Ï‚ Î±ÏÎ¹Î¸
                                                  Î¼Î·Ï„Î¹ÎºÎ®Ï‚ Î¿Î»Î¿ÎºÎ»Î...

You may provide a definition with
\DeclareUnicodeCharacter 


! Package inputenc Error: Unicode character Î¼ (U+03BC)
(inputenc)                not set up for use with LaTeX.

See the inputenc package documentation for explanation.
Type  H <return>  for immediate help.
 ...                                              
                                                  
l.5 ...Ï„Î±Î¹ 	Î· Î¼Î­Î¸Î¿Î´Î¿Ï‚ Ï„Î·Ï‚ Î±ÏÎ¹Î¸Î¼
                                                  Î·Ï„Î¹ÎºÎ®Ï‚ Î¿Î»Î¿ÎºÎ»Î®Ï...

You may provide a definition with
\DeclareUnicodeCharacter 


! Package inputenc Error: Unicode character Î· (U+03B7)
(inputenc)                not set up for use with LaTeX.

See the inputenc package documentation for explanation.
Type  H <return>  for immediate help.
 ...                                              
                                                  
l.5 ...Î±Î¹ 	Î· Î¼Î­Î¸Î¿Î´Î¿Ï‚ Ï„Î·Ï‚ Î±ÏÎ¹Î¸Î¼Î·
                                                  Ï„Î¹ÎºÎ®Ï‚ Î¿Î»Î¿ÎºÎ»Î®ÏÏ...

You may provide a definition with
\DeclareUnicodeCharacter 


! Package inputenc Error: Unicode character Ï„ (U+03C4)
(inputenc)                not set up for use with LaTeX.

See the inputenc package documentation for explanation.
Type  H <return>  for immediate help.
 ...                                              
                                                  
l.5 ...Î¹ 	Î· Î¼Î­Î¸Î¿Î´Î¿Ï‚ Ï„Î·Ï‚ Î±ÏÎ¹Î¸Î¼Î·Ï„
                                                  Î¹ÎºÎ®Ï‚ Î¿Î»Î¿ÎºÎ»Î®ÏÏ‰Ï...

You may provide a definition with
\DeclareUnicodeCharacter 


! Package inputenc Error: Unicode character Î¹ (U+03B9)
(inputenc)                not set up for use with LaTeX.

See the inputenc package documentation for explanation.
Type  H <return>  for immediate help.
 ...                                              
                                                  
l.5 ... 	Î· Î¼Î­Î¸Î¿Î´Î¿Ï‚ Ï„Î·Ï‚ Î±ÏÎ¹Î¸Î¼Î·Ï„Î¹
                                                  ÎºÎ®Ï‚ Î¿Î»Î¿ÎºÎ»Î®ÏÏ‰ÏƒÎ...

You may provide a definition with
\DeclareUnicodeCharacter 


! Package inputenc Error: Unicode character Îº (U+03BA)
(inputenc)                not set up for use with LaTeX.

See the inputenc package documentation for explanation.
Type  H <return>  for immediate help.
 ...                                              
                                                  
l.5 ...Î· Î¼Î­Î¸Î¿Î´Î¿Ï‚ Ï„Î·Ï‚ Î±ÏÎ¹Î¸Î¼Î·Ï„Î¹Îº
                                                  Î®Ï‚ Î¿Î»Î¿ÎºÎ»Î®ÏÏ‰ÏƒÎ·Ï...

You may provide a definition with
\DeclareUnicodeCharacter 


! Package inputenc Error: Unicode character Î® (U+03AE)
(inputenc)                not set up for use with LaTeX.

See the inputenc package documentation for explanation.
Type  H <return>  for immediate help.
 ...                                              
                                                  
l.5 ... Î¼Î­Î¸Î¿Î´Î¿Ï‚ Ï„Î·Ï‚ Î±ÏÎ¹Î¸Î¼Î·Ï„Î¹ÎºÎ®
                                                  Ï‚ Î¿Î»Î¿ÎºÎ»Î®ÏÏ‰ÏƒÎ·Ï‚ ...

You may provide a definition with
\DeclareUnicodeCharacter 


! Package inputenc Error: Unicode character Ï‚ (U+03C2)
(inputenc)                not set up for use with LaTeX.

See the inputenc package documentation for explanation.
Type  H <return>  for immediate help.
 ...                                              
                                                  
l.5 ...¼Î­Î¸Î¿Î´Î¿Ï‚ Ï„Î·Ï‚ Î±ÏÎ¹Î¸Î¼Î·Ï„Î¹ÎºÎ®Ï‚
                                                   Î¿Î»Î¿ÎºÎ»Î®ÏÏ‰ÏƒÎ·Ï‚ Î³...

You may provide a definition with
\DeclareUnicodeCharacter 


! Package inputenc Error: Unicode character Î¿ (U+03BF)
(inputenc)                not set up for use with LaTeX.

See the inputenc package documentation for explanation.
Type  H <return>  for immediate help.
 ...                                              
                                                  
l.5 ...Î¸Î¿Î´Î¿Ï‚ Ï„Î·Ï‚ Î±ÏÎ¹Î¸Î¼Î·Ï„Î¹ÎºÎ®Ï‚ Î¿
                                                  Î»Î¿ÎºÎ»Î®ÏÏ‰ÏƒÎ·Ï‚ Î³Î¹Î...

You may provide a definition with
\DeclareUnicodeCharacter 


! Package inputenc Error: Unicode character Î» (U+03BB)
(inputenc)                not set up for use with LaTeX.

See the inputenc package documentation for explanation.
Type  H <return>  for immediate help.
 ...                                              
                                                  
l.5 ...Î¿Î´Î¿Ï‚ Ï„Î·Ï‚ Î±ÏÎ¹Î¸Î¼Î·Ï„Î¹ÎºÎ®Ï‚ Î¿Î»
                                                  Î¿ÎºÎ»Î®ÏÏ‰ÏƒÎ·Ï‚ Î³Î¹Î± ...

You may provide a definition with
\DeclareUnicodeCharacter 


! Package inputenc Error: Unicode character Î¿ (U+03BF)
(inputenc)                not set up for use with LaTeX.

See the inputenc package documentation for explanation.
Type  H <return>  for immediate help.
 ...                                              
                                                  
l.5 ...Î´Î¿Ï‚ Ï„Î·Ï‚ Î±ÏÎ¹Î¸Î¼Î·Ï„Î¹ÎºÎ®Ï‚ Î¿Î»Î¿
                                                  ÎºÎ»Î®ÏÏ‰ÏƒÎ·Ï‚ Î³Î¹Î± Ï„...

You may provide a definition with
\DeclareUnicodeCharacter 


! Package inputenc Error: Unicode character Îº (U+03BA)
(inputenc)                not set up for use with LaTeX.

See the inputenc package documentation for explanation.
Type  H <return>  for immediate help.
 ...                                              
                                                  
l.5 ...Î¿Ï‚ Ï„Î·Ï‚ Î±ÏÎ¹Î¸Î¼Î·Ï„Î¹ÎºÎ®Ï‚ Î¿Î»Î¿Îº
                                                  Î»Î®ÏÏ‰ÏƒÎ·Ï‚ Î³Î¹Î± Ï„Î¿...

You may provide a definition with
\DeclareUnicodeCharacter 


! Package inputenc Error: Unicode character Î» (U+03BB)
(inputenc)                not set up for use with LaTeX.

See the inputenc package documentation for explanation.
Type  H <return>  for immediate help.
 ...                                              
                                                  
l.5 ...Ï‚ Ï„Î·Ï‚ Î±ÏÎ¹Î¸Î¼Î·Ï„Î¹ÎºÎ®Ï‚ Î¿Î»Î¿ÎºÎ»
                                                  Î®ÏÏ‰ÏƒÎ·Ï‚ Î³Î¹Î± Ï„Î¿Î½...

You may provide a definition with
\DeclareUnicodeCharacter 


! Package inputenc Error: Unicode character Î® (U+03AE)
(inputenc)                not set up for use with LaTeX.

See the inputenc package documentation for explanation.
Type  H <return>  for immediate help.
 ...                                              
                                                  
l.5 ... Ï„Î·Ï‚ Î±ÏÎ¹Î¸Î¼Î·Ï„Î¹ÎºÎ®Ï‚ Î¿Î»Î¿ÎºÎ»Î®
                                                  ÏÏ‰ÏƒÎ·Ï‚ Î³Î¹Î± Ï„Î¿Î½ Ï...

You may provide a definition with
\DeclareUnicodeCharacter 


! Package inputenc Error: Unicode character Ï (U+03C1)
(inputenc)                not set up for use with LaTeX.

See the inputenc package documentation for explanation.
Type  H <return>  for immediate help.
 ...                                              
                                                  
l.5 ...„Î·Ï‚ Î±ÏÎ¹Î¸Î¼Î·Ï„Î¹ÎºÎ®Ï‚ Î¿Î»Î¿ÎºÎ»Î®Ï
                                                  Ï‰ÏƒÎ·Ï‚ Î³Î¹Î± Ï„Î¿Î½ Ï…Ï...

You may provide a definition with
\DeclareUnicodeCharacter 


! Package inputenc Error: Unicode character Ï‰ (U+03C9)
(inputenc)                not set up for use with LaTeX.

See the inputenc package documentation for explanation.
Type  H <return>  for immediate help.
 ...                                              
                                                  
l.5 ...·Ï‚ Î±ÏÎ¹Î¸Î¼Î·Ï„Î¹ÎºÎ®Ï‚ Î¿Î»Î¿ÎºÎ»Î®ÏÏ‰
                                                  ÏƒÎ·Ï‚ Î³Î¹Î± Ï„Î¿Î½ Ï…Ï€Î...

You may provide a definition with
\DeclareUnicodeCharacter 


! Package inputenc Error: Unicode character Ïƒ (U+03C3)
(inputenc)                not set up for use with LaTeX.

See the inputenc package documentation for explanation.
Type  H <return>  for immediate help.
 ...                                              
                                                  
l.5 ...‚ Î±ÏÎ¹Î¸Î¼Î·Ï„Î¹ÎºÎ®Ï‚ Î¿Î»Î¿ÎºÎ»Î®ÏÏ‰Ïƒ
                                                  Î·Ï‚ Î³Î¹Î± Ï„Î¿Î½ Ï…Ï€Î¿Î...
(That makes 100 errors; please try again.) 
Here is how much of TeX's memory you used:
 45 strings out of 479304
 734 string characters out of 5871219
 271116 words of memory out of 5000000
 17337 multiletter control sequences out of 15000+600000
 403430 words of font info for 27 fonts, out of 8000000 for 9000
 1141 hyphenation exceptions out of 8191
 18i,1n,15p,1050b,79s stack positions out of 5000i,500n,10000p,200000b,80000s

!  ==> Fatal error occurred, no output PDF file produced!
