This is pdfTeX, Version 3.14159265-2.6-1.40.21 (TeX Live 2020/W32TeX) (preloaded format=pdflatex 2021.1.19)  13 MAY 2021 01:29
entering extended mode
 restricted \write18 enabled.
 %&-line parsing enabled.
**producer_consumer.tex
(./producer_consumer.tex
LaTeX2e <2020-10-01> patch level 4
L3 programming layer <2021-01-09> xparse <2020-03-03>
! Undefined control sequence.
l.1 \setstretch
               {1.5}
The control sequence at the end of the top line
of your error message was never \def'ed. If you have
misspelled it (e.g., `\hobx'), type `I' and the correct
spelling (e.g., `I\hbox'). Otherwise just continue,
and I'll forget about whatever was undefined.


! LaTeX Error: Missing \begin{document}.

See the LaTeX manual or LaTeX Companion for explanation.
Type  H <return>  for immediate help.
 ...                                              
                                                  
l.1 \setstretch{1
                 .5}
You're in trouble here.  Try typing  <return>  to proceed.
If that doesn't work, type  X <return>  to quit.

Missing character: There is no 1 in font nullfont!
Missing character: There is no . in font nullfont!
Missing character: There is no 5 in font nullfont!
! Undefined control sequence.
l.2 \subsection
               {Î Î±ÏÎ¬Î´ÎµÎ¹Î³Î¼Î± \en{Producer-Consumer}}
The control sequence at the end of the top line
of your error message was never \def'ed. If you have
misspelled it (e.g., `\hobx'), type `I' and the correct
spelling (e.g., `I\hbox'). Otherwise just continue,
and I'll forget about whatever was undefined.


! Package inputenc Error: Unicode character Î  (U+03A0)
(inputenc)                not set up for use with LaTeX.

See the inputenc package documentation for explanation.
Type  H <return>  for immediate help.
 ...                                              
                                                  
l.2 \subsection{Î 
                  Î±ÏÎ¬Î´ÎµÎ¹Î³Î¼Î± \en{Producer-Consumer}}
You may provide a definition with
\DeclareUnicodeCharacter 


! Package inputenc Error: Unicode character Î± (U+03B1)
(inputenc)                not set up for use with LaTeX.

See the inputenc package documentation for explanation.
Type  H <return>  for immediate help.
 ...                                              
                                                  
l.2 \subsection{Î Î±
                    ÏÎ¬Î´ÎµÎ¹Î³Î¼Î± \en{Producer-Consumer}}
You may provide a definition with
\DeclareUnicodeCharacter 


! Package inputenc Error: Unicode character Ï (U+03C1)
(inputenc)                not set up for use with LaTeX.

See the inputenc package documentation for explanation.
Type  H <return>  for immediate help.
 ...                                              
                                                  
l.2 \subsection{Î Î±Ï
                      Î¬Î´ÎµÎ¹Î³Î¼Î± \en{Producer-Consumer}}
You may provide a definition with
\DeclareUnicodeCharacter 


! Package inputenc Error: Unicode character Î¬ (U+03AC)
(inputenc)                not set up for use with LaTeX.

See the inputenc package documentation for explanation.
Type  H <return>  for immediate help.
 ...                                              
                                                  
l.2 \subsection{Î Î±ÏÎ¬
                        Î´ÎµÎ¹Î³Î¼Î± \en{Producer-Consumer}}
You may provide a definition with
\DeclareUnicodeCharacter 


! Package inputenc Error: Unicode character Î´ (U+03B4)
(inputenc)                not set up for use with LaTeX.

See the inputenc package documentation for explanation.
Type  H <return>  for immediate help.
 ...                                              
                                                  
l.2 \subsection{Î Î±ÏÎ¬Î´
                          ÎµÎ¹Î³Î¼Î± \en{Producer-Consumer}}
You may provide a definition with
\DeclareUnicodeCharacter 


! Package inputenc Error: Unicode character Îµ (U+03B5)
(inputenc)                not set up for use with LaTeX.

See the inputenc package documentation for explanation.
Type  H <return>  for immediate help.
 ...                                              
                                                  
l.2 \subsection{Î Î±ÏÎ¬Î´Îµ
                            Î¹Î³Î¼Î± \en{Producer-Consumer}}
You may provide a definition with
\DeclareUnicodeCharacter 


! Package inputenc Error: Unicode character Î¹ (U+03B9)
(inputenc)                not set up for use with LaTeX.

See the inputenc package documentation for explanation.
Type  H <return>  for immediate help.
 ...                                              
                                                  
l.2 \subsection{Î Î±ÏÎ¬Î´ÎµÎ¹
                              Î³Î¼Î± \en{Producer-Consumer}}
You may provide a definition with
\DeclareUnicodeCharacter 


! Package inputenc Error: Unicode character Î³ (U+03B3)
(inputenc)                not set up for use with LaTeX.

See the inputenc package documentation for explanation.
Type  H <return>  for immediate help.
 ...                                              
                                                  
l.2 \subsection{Î Î±ÏÎ¬Î´ÎµÎ¹Î³
                                Î¼Î± \en{Producer-Consumer}}
You may provide a definition with
\DeclareUnicodeCharacter 


! Package inputenc Error: Unicode character Î¼ (U+03BC)
(inputenc)                not set up for use with LaTeX.

See the inputenc package documentation for explanation.
Type  H <return>  for immediate help.
 ...                                              
                                                  
l.2 \subsection{Î Î±ÏÎ¬Î´ÎµÎ¹Î³Î¼
                                  Î± \en{Producer-Consumer}}
You may provide a definition with
\DeclareUnicodeCharacter 


! Package inputenc Error: Unicode character Î± (U+03B1)
(inputenc)                not set up for use with LaTeX.

See the inputenc package documentation for explanation.
Type  H <return>  for immediate help.
 ...                                              
                                                  
l.2 \subsection{Î Î±ÏÎ¬Î´ÎµÎ¹Î³Î¼Î±
                                     \en{Producer-Consumer}}
You may provide a definition with
\DeclareUnicodeCharacter 

! Undefined control sequence.
l.2 \subsection{Î Î±ÏÎ¬Î´ÎµÎ¹Î³Î¼Î± \en
                                        {Producer-Consumer}}
The control sequence at the end of the top line
of your error message was never \def'ed. If you have
misspelled it (e.g., `\hobx'), type `I' and the correct
spelling (e.g., `I\hbox'). Otherwise just continue,
and I'll forget about whatever was undefined.

Missing character: There is no P in font nullfont!
Missing character: There is no r in font nullfont!
Missing character: There is no o in font nullfont!
Missing character: There is no d in font nullfont!
Missing character: There is no u in font nullfont!
Missing character: There is no c in font nullfont!
Missing character: There is no e in font nullfont!
Missing character: There is no r in font nullfont!
Missing character: There is no - in font nullfont!
Missing character: There is no C in font nullfont!
Missing character: There is no o in font nullfont!
Missing character: There is no n in font nullfont!
Missing character: There is no s in font nullfont!
Missing character: There is no u in font nullfont!
Missing character: There is no m in font nullfont!
Missing character: There is no e in font nullfont!
Missing character: There is no r in font nullfont!

! Package inputenc Error: Unicode character Î£ (U+03A3)
(inputenc)                not set up for use with LaTeX.

See the inputenc package documentation for explanation.
Type  H <return>  for immediate help.
 ...                                              
                                                  
l.3 Î£
      Ï„Î¿Î½ Ï€ÏÎ¿Î³ÏÎ±Î¼Î¼Î±Ï„Î¹ÏƒÎ¼ÏŒ Ï„Î¿ Ï€ÏÏŒÎ²Î»Î·Î¼Î± \emph{\en{pr...

You may provide a definition with
\DeclareUnicodeCharacter 


! Package inputenc Error: Unicode character Ï„ (U+03C4)
(inputenc)                not set up for use with LaTeX.

See the inputenc package documentation for explanation.
Type  H <return>  for immediate help.
 ...                                              
                                                  
l.3 Î£Ï„
        Î¿Î½ Ï€ÏÎ¿Î³ÏÎ±Î¼Î¼Î±Ï„Î¹ÏƒÎ¼ÏŒ Ï„Î¿ Ï€ÏÏŒÎ²Î»Î·Î¼Î± \emph{\en{pr...

You may provide a definition with
\DeclareUnicodeCharacter 


! Package inputenc Error: Unicode character Î¿ (U+03BF)
(inputenc)                not set up for use with LaTeX.

See the inputenc package documentation for explanation.
Type  H <return>  for immediate help.
 ...                                              
                                                  
l.3 Î£Ï„Î¿
          Î½ Ï€ÏÎ¿Î³ÏÎ±Î¼Î¼Î±Ï„Î¹ÏƒÎ¼ÏŒ Ï„Î¿ Ï€ÏÏŒÎ²Î»Î·Î¼Î± \emph{\en{pr...

You may provide a definition with
\DeclareUnicodeCharacter 


! Package inputenc Error: Unicode character Î½ (U+03BD)
(inputenc)                not set up for use with LaTeX.

See the inputenc package documentation for explanation.
Type  H <return>  for immediate help.
 ...                                              
                                                  
l.3 Î£Ï„Î¿Î½
             Ï€ÏÎ¿Î³ÏÎ±Î¼Î¼Î±Ï„Î¹ÏƒÎ¼ÏŒ Ï„Î¿ Ï€ÏÏŒÎ²Î»Î·Î¼Î± \emph{\en{pr...

You may provide a definition with
\DeclareUnicodeCharacter 


! Package inputenc Error: Unicode character Ï€ (U+03C0)
(inputenc)                not set up for use with LaTeX.

See the inputenc package documentation for explanation.
Type  H <return>  for immediate help.
 ...                                              
                                                  
l.3 Î£Ï„Î¿Î½ Ï€
               ÏÎ¿Î³ÏÎ±Î¼Î¼Î±Ï„Î¹ÏƒÎ¼ÏŒ Ï„Î¿ Ï€ÏÏŒÎ²Î»Î·Î¼Î± \emph{\en{pr...

You may provide a definition with
\DeclareUnicodeCharacter 


! Package inputenc Error: Unicode character Ï (U+03C1)
(inputenc)                not set up for use with LaTeX.

See the inputenc package documentation for explanation.
Type  H <return>  for immediate help.
 ...                                              
                                                  
l.3 Î£Ï„Î¿Î½ Ï€Ï
                 Î¿Î³ÏÎ±Î¼Î¼Î±Ï„Î¹ÏƒÎ¼ÏŒ Ï„Î¿ Ï€ÏÏŒÎ²Î»Î·Î¼Î± \emph{\en{pr...

You may provide a definition with
\DeclareUnicodeCharacter 


! Package inputenc Error: Unicode character Î¿ (U+03BF)
(inputenc)                not set up for use with LaTeX.

See the inputenc package documentation for explanation.
Type  H <return>  for immediate help.
 ...                                              
                                                  
l.3 Î£Ï„Î¿Î½ Ï€ÏÎ¿
                   Î³ÏÎ±Î¼Î¼Î±Ï„Î¹ÏƒÎ¼ÏŒ Ï„Î¿ Ï€ÏÏŒÎ²Î»Î·Î¼Î± \emph{\en{pr...

You may provide a definition with
\DeclareUnicodeCharacter 


! Package inputenc Error: Unicode character Î³ (U+03B3)
(inputenc)                not set up for use with LaTeX.

See the inputenc package documentation for explanation.
Type  H <return>  for immediate help.
 ...                                              
                                                  
l.3 Î£Ï„Î¿Î½ Ï€ÏÎ¿Î³
                     ÏÎ±Î¼Î¼Î±Ï„Î¹ÏƒÎ¼ÏŒ Ï„Î¿ Ï€ÏÏŒÎ²Î»Î·Î¼Î± \emph{\en{pr...

You may provide a definition with
\DeclareUnicodeCharacter 


! Package inputenc Error: Unicode character Ï (U+03C1)
(inputenc)                not set up for use with LaTeX.

See the inputenc package documentation for explanation.
Type  H <return>  for immediate help.
 ...                                              
                                                  
l.3 Î£Ï„Î¿Î½ Ï€ÏÎ¿Î³Ï
                       Î±Î¼Î¼Î±Ï„Î¹ÏƒÎ¼ÏŒ Ï„Î¿ Ï€ÏÏŒÎ²Î»Î·Î¼Î± \emph{\en{pr...

You may provide a definition with
\DeclareUnicodeCharacter 


! Package inputenc Error: Unicode character Î± (U+03B1)
(inputenc)                not set up for use with LaTeX.

See the inputenc package documentation for explanation.
Type  H <return>  for immediate help.
 ...                                              
                                                  
l.3 Î£Ï„Î¿Î½ Ï€ÏÎ¿Î³ÏÎ±
                         Î¼Î¼Î±Ï„Î¹ÏƒÎ¼ÏŒ Ï„Î¿ Ï€ÏÏŒÎ²Î»Î·Î¼Î± \emph{\en{pr...

You may provide a definition with
\DeclareUnicodeCharacter 


! Package inputenc Error: Unicode character Î¼ (U+03BC)
(inputenc)                not set up for use with LaTeX.

See the inputenc package documentation for explanation.
Type  H <return>  for immediate help.
 ...                                              
                                                  
l.3 Î£Ï„Î¿Î½ Ï€ÏÎ¿Î³ÏÎ±Î¼
                           Î¼Î±Ï„Î¹ÏƒÎ¼ÏŒ Ï„Î¿ Ï€ÏÏŒÎ²Î»Î·Î¼Î± \emph{\en{pr...

You may provide a definition with
\DeclareUnicodeCharacter 


! Package inputenc Error: Unicode character Î¼ (U+03BC)
(inputenc)                not set up for use with LaTeX.

See the inputenc package documentation for explanation.
Type  H <return>  for immediate help.
 ...                                              
                                                  
l.3 Î£Ï„Î¿Î½ Ï€ÏÎ¿Î³ÏÎ±Î¼Î¼
                             Î±Ï„Î¹ÏƒÎ¼ÏŒ Ï„Î¿ Ï€ÏÏŒÎ²Î»Î·Î¼Î± \emph{\en{pr...

You may provide a definition with
\DeclareUnicodeCharacter 


! Package inputenc Error: Unicode character Î± (U+03B1)
(inputenc)                not set up for use with LaTeX.

See the inputenc package documentation for explanation.
Type  H <return>  for immediate help.
 ...                                              
                                                  
l.3 Î£Ï„Î¿Î½ Ï€ÏÎ¿Î³ÏÎ±Î¼Î¼Î±
                               Ï„Î¹ÏƒÎ¼ÏŒ Ï„Î¿ Ï€ÏÏŒÎ²Î»Î·Î¼Î± \emph{\en{pr...

You may provide a definition with
\DeclareUnicodeCharacter 


! Package inputenc Error: Unicode character Ï„ (U+03C4)
(inputenc)                not set up for use with LaTeX.

See the inputenc package documentation for explanation.
Type  H <return>  for immediate help.
 ...                                              
                                                  
l.3 Î£Ï„Î¿Î½ Ï€ÏÎ¿Î³ÏÎ±Î¼Î¼Î±Ï„
                                 Î¹ÏƒÎ¼ÏŒ Ï„Î¿ Ï€ÏÏŒÎ²Î»Î·Î¼Î± \emph{\en{pr...

You may provide a definition with
\DeclareUnicodeCharacter 


! Package inputenc Error: Unicode character Î¹ (U+03B9)
(inputenc)                not set up for use with LaTeX.

See the inputenc package documentation for explanation.
Type  H <return>  for immediate help.
 ...                                              
                                                  
l.3 Î£Ï„Î¿Î½ Ï€ÏÎ¿Î³ÏÎ±Î¼Î¼Î±Ï„Î¹
                                   ÏƒÎ¼ÏŒ Ï„Î¿ Ï€ÏÏŒÎ²Î»Î·Î¼Î± \emph{\en{pr...

You may provide a definition with
\DeclareUnicodeCharacter 


! Package inputenc Error: Unicode character Ïƒ (U+03C3)
(inputenc)                not set up for use with LaTeX.

See the inputenc package documentation for explanation.
Type  H <return>  for immediate help.
 ...                                              
                                                  
l.3 Î£Ï„Î¿Î½ Ï€ÏÎ¿Î³ÏÎ±Î¼Î¼Î±Ï„Î¹Ïƒ
                                     Î¼ÏŒ Ï„Î¿ Ï€ÏÏŒÎ²Î»Î·Î¼Î± \emph{\en{pr...

You may provide a definition with
\DeclareUnicodeCharacter 


! Package inputenc Error: Unicode character Î¼ (U+03BC)
(inputenc)                not set up for use with LaTeX.

See the inputenc package documentation for explanation.
Type  H <return>  for immediate help.
 ...                                              
                                                  
l.3 Î£Ï„Î¿Î½ Ï€ÏÎ¿Î³ÏÎ±Î¼Î¼Î±Ï„Î¹ÏƒÎ¼
                                       ÏŒ Ï„Î¿ Ï€ÏÏŒÎ²Î»Î·Î¼Î± \emph{\en{pr...

You may provide a definition with
\DeclareUnicodeCharacter 


! Package inputenc Error: Unicode character ÏŒ (U+03CC)
(inputenc)                not set up for use with LaTeX.

See the inputenc package documentation for explanation.
Type  H <return>  for immediate help.
 ...                                              
                                                  
l.3 Î£Ï„Î¿Î½ Ï€ÏÎ¿Î³ÏÎ±Î¼Î¼Î±Ï„Î¹ÏƒÎ¼ÏŒ
                                          Ï„Î¿ Ï€ÏÏŒÎ²Î»Î·Î¼Î± \emph{\en{pr...

You may provide a definition with
\DeclareUnicodeCharacter 


! Package inputenc Error: Unicode character Ï„ (U+03C4)
(inputenc)                not set up for use with LaTeX.

See the inputenc package documentation for explanation.
Type  H <return>  for immediate help.
 ...                                              
                                                  
l.3 Î£Ï„Î¿Î½ Ï€ÏÎ¿Î³ÏÎ±Î¼Î¼Î±Ï„Î¹ÏƒÎ¼ÏŒ Ï„
                                            Î¿ Ï€ÏÏŒÎ²Î»Î·Î¼Î± \emph{\en{pr...

You may provide a definition with
\DeclareUnicodeCharacter 


! Package inputenc Error: Unicode character Î¿ (U+03BF)
(inputenc)                not set up for use with LaTeX.

See the inputenc package documentation for explanation.
Type  H <return>  for immediate help.
 ...                                              
                                                  
l.3 Î£Ï„Î¿Î½ Ï€ÏÎ¿Î³ÏÎ±Î¼Î¼Î±Ï„Î¹ÏƒÎ¼ÏŒ Ï„Î¿
                                               Ï€ÏÏŒÎ²Î»Î·Î¼Î± \emph{\en{pr...

You may provide a definition with
\DeclareUnicodeCharacter 


! Package inputenc Error: Unicode character Ï€ (U+03C0)
(inputenc)                not set up for use with LaTeX.

See the inputenc package documentation for explanation.
Type  H <return>  for immediate help.
 ...                                              
                                                  
l.3 Î£Ï„Î¿Î½ Ï€ÏÎ¿Î³ÏÎ±Î¼Î¼Î±Ï„Î¹ÏƒÎ¼ÏŒ Ï„Î¿ Ï€
                                                 ÏÏŒÎ²Î»Î·Î¼Î± \emph{\en{pr...

You may provide a definition with
\DeclareUnicodeCharacter 


! Package inputenc Error: Unicode character Ï (U+03C1)
(inputenc)                not set up for use with LaTeX.

See the inputenc package documentation for explanation.
Type  H <return>  for immediate help.
 ...                                              
                                                  
l.3 ...Î¿Î½ Ï€ÏÎ¿Î³ÏÎ±Î¼Î¼Î±Ï„Î¹ÏƒÎ¼ÏŒ Ï„Î¿ Ï€Ï
                                                  ÏŒÎ²Î»Î·Î¼Î± \emph{\en{pro...

You may provide a definition with
\DeclareUnicodeCharacter 


! Package inputenc Error: Unicode character ÏŒ (U+03CC)
(inputenc)                not set up for use with LaTeX.

See the inputenc package documentation for explanation.
Type  H <return>  for immediate help.
 ...                                              
                                                  
l.3 ...Î½ Ï€ÏÎ¿Î³ÏÎ±Î¼Î¼Î±Ï„Î¹ÏƒÎ¼ÏŒ Ï„Î¿ Ï€ÏÏŒ
                                                  Î²Î»Î·Î¼Î± \emph{\en{produ...

You may provide a definition with
\DeclareUnicodeCharacter 


! Package inputenc Error: Unicode character Î² (U+03B2)
(inputenc)                not set up for use with LaTeX.

See the inputenc package documentation for explanation.
Type  H <return>  for immediate help.
 ...                                              
                                                  
l.3 ... Ï€ÏÎ¿Î³ÏÎ±Î¼Î¼Î±Ï„Î¹ÏƒÎ¼ÏŒ Ï„Î¿ Ï€ÏÏŒÎ²
                                                  Î»Î·Î¼Î± \emph{\en{produce...

You may provide a definition with
\DeclareUnicodeCharacter 


! Package inputenc Error: Unicode character Î» (U+03BB)
(inputenc)                not set up for use with LaTeX.

See the inputenc package documentation for explanation.
Type  H <return>  for immediate help.
 ...                                              
                                                  
l.3 ...€ÏÎ¿Î³ÏÎ±Î¼Î¼Î±Ï„Î¹ÏƒÎ¼ÏŒ Ï„Î¿ Ï€ÏÏŒÎ²Î»
                                                  Î·Î¼Î± \emph{\en{producer-...

You may provide a definition with
\DeclareUnicodeCharacter 


! Package inputenc Error: Unicode character Î· (U+03B7)
(inputenc)                not set up for use with LaTeX.

See the inputenc package documentation for explanation.
Type  H <return>  for immediate help.
 ...                                              
                                                  
l.3 ...Î¿Î³ÏÎ±Î¼Î¼Î±Ï„Î¹ÏƒÎ¼ÏŒ Ï„Î¿ Ï€ÏÏŒÎ²Î»Î·
                                                  Î¼Î± \emph{\en{producer-co...

You may provide a definition with
\DeclareUnicodeCharacter 


! Package inputenc Error: Unicode character Î¼ (U+03BC)
(inputenc)                not set up for use with LaTeX.

See the inputenc package documentation for explanation.
Type  H <return>  for immediate help.
 ...                                              
                                                  
l.3 ...¿Î³ÏÎ±Î¼Î¼Î±Ï„Î¹ÏƒÎ¼ÏŒ Ï„Î¿ Ï€ÏÏŒÎ²Î»Î·Î¼
                                                  Î± \emph{\en{producer-cons...

You may provide a definition with
\DeclareUnicodeCharacter 


! Package inputenc Error: Unicode character Î± (U+03B1)
(inputenc)                not set up for use with LaTeX.

See the inputenc package documentation for explanation.
Type  H <return>  for immediate help.
 ...                                              
                                                  
l.3 ...³ÏÎ±Î¼Î¼Î±Ï„Î¹ÏƒÎ¼ÏŒ Ï„Î¿ Ï€ÏÏŒÎ²Î»Î·Î¼Î±
                                                   \emph{\en{producer-consum...

You may provide a definition with
\DeclareUnicodeCharacter 

! Undefined control sequence.
<recently read> \en 
                    
l.3 ...ÏŒÎ²Î»Î·Î¼Î± \emph{\en{producer-consumer}}
                                                  , Î³Î½Ï‰ÏƒÏ„ÏŒ ÎºÎ±Î¹ Ï‰Ï‚...
The control sequence at the end of the top line
of your error message was never \def'ed. If you have
misspelled it (e.g., `\hobx'), type `I' and the correct
spelling (e.g., `I\hbox'). Otherwise just continue,
and I'll forget about whatever was undefined.

Missing character: There is no , in font nullfont!

! Package inputenc Error: Unicode character Î³ (U+03B3)
(inputenc)                not set up for use with LaTeX.

See the inputenc package documentation for explanation.
Type  H <return>  for immediate help.
 ...                                              
                                                  
l.3 ...²Î»Î·Î¼Î± \emph{\en{producer-consumer}}, Î³
                                                  Î½Ï‰ÏƒÏ„ÏŒ ÎºÎ±Î¹ Ï‰Ï‚ \em...

You may provide a definition with
\DeclareUnicodeCharacter 


! Package inputenc Error: Unicode character Î½ (U+03BD)
(inputenc)                not set up for use with LaTeX.

See the inputenc package documentation for explanation.
Type  H <return>  for immediate help.
 ...                                              
                                                  
l.3 ...»Î·Î¼Î± \emph{\en{producer-consumer}}, Î³Î½
                                                  Ï‰ÏƒÏ„ÏŒ ÎºÎ±Î¹ Ï‰Ï‚ \emph...

You may provide a definition with
\DeclareUnicodeCharacter 


! Package inputenc Error: Unicode character Ï‰ (U+03C9)
(inputenc)                not set up for use with LaTeX.

See the inputenc package documentation for explanation.
Type  H <return>  for immediate help.
 ...                                              
                                                  
l.3 ...·Î¼Î± \emph{\en{producer-consumer}}, Î³Î½Ï‰
                                                  ÏƒÏ„ÏŒ ÎºÎ±Î¹ Ï‰Ï‚ \emph{\...

You may provide a definition with
\DeclareUnicodeCharacter 


! Package inputenc Error: Unicode character Ïƒ (U+03C3)
(inputenc)                not set up for use with LaTeX.

See the inputenc package documentation for explanation.
Type  H <return>  for immediate help.
 ...                                              
                                                  
l.3 ...¼Î± \emph{\en{producer-consumer}}, Î³Î½Ï‰Ïƒ
                                                  Ï„ÏŒ ÎºÎ±Î¹ Ï‰Ï‚ \emph{\en...

You may provide a definition with
\DeclareUnicodeCharacter 


! Package inputenc Error: Unicode character Ï„ (U+03C4)
(inputenc)                not set up for use with LaTeX.

See the inputenc package documentation for explanation.
Type  H <return>  for immediate help.
 ...                                              
                                                  
l.3 ...± \emph{\en{producer-consumer}}, Î³Î½Ï‰ÏƒÏ„
                                                  ÏŒ ÎºÎ±Î¹ Ï‰Ï‚ \emph{\en{b...

You may provide a definition with
\DeclareUnicodeCharacter 


! Package inputenc Error: Unicode character ÏŒ (U+03CC)
(inputenc)                not set up for use with LaTeX.

See the inputenc package documentation for explanation.
Type  H <return>  for immediate help.
 ...                                              
                                                  
l.3 ...\emph{\en{producer-consumer}}, Î³Î½Ï‰ÏƒÏ„ÏŒ
                                                   ÎºÎ±Î¹ Ï‰Ï‚ \emph{\en{bou...

You may provide a definition with
\DeclareUnicodeCharacter 


! Package inputenc Error: Unicode character Îº (U+03BA)
(inputenc)                not set up for use with LaTeX.

See the inputenc package documentation for explanation.
Type  H <return>  for immediate help.
 ...                                              
                                                  
l.3 ...ph{\en{producer-consumer}}, Î³Î½Ï‰ÏƒÏ„ÏŒ Îº
                                                  Î±Î¹ Ï‰Ï‚ \emph{\en{bounde...

You may provide a definition with
\DeclareUnicodeCharacter 


! Package inputenc Error: Unicode character Î± (U+03B1)
(inputenc)                not set up for use with LaTeX.

See the inputenc package documentation for explanation.
Type  H <return>  for immediate help.
 ...                                              
                                                  
l.3 ...{\en{producer-consumer}}, Î³Î½Ï‰ÏƒÏ„ÏŒ ÎºÎ±
                                                  Î¹ Ï‰Ï‚ \emph{\en{bounded ...

You may provide a definition with
\DeclareUnicodeCharacter 


! Package inputenc Error: Unicode character Î¹ (U+03B9)
(inputenc)                not set up for use with LaTeX.

See the inputenc package documentation for explanation.
Type  H <return>  for immediate help.
 ...                                              
                                                  
l.3 ...en{producer-consumer}}, Î³Î½Ï‰ÏƒÏ„ÏŒ ÎºÎ±Î¹
                                                   Ï‰Ï‚ \emph{\en{bounded bu...

You may provide a definition with
\DeclareUnicodeCharacter 


! Package inputenc Error: Unicode character Ï‰ (U+03C9)
(inputenc)                not set up for use with LaTeX.

See the inputenc package documentation for explanation.
Type  H <return>  for immediate help.
 ...                                              
                                                  
l.3 ...producer-consumer}}, Î³Î½Ï‰ÏƒÏ„ÏŒ ÎºÎ±Î¹ Ï‰
                                                  Ï‚ \emph{\en{bounded buffe...

You may provide a definition with
\DeclareUnicodeCharacter 


! Package inputenc Error: Unicode character Ï‚ (U+03C2)
(inputenc)                not set up for use with LaTeX.

See the inputenc package documentation for explanation.
Type  H <return>  for immediate help.
 ...                                              
                                                  
l.3 ...oducer-consumer}}, Î³Î½Ï‰ÏƒÏ„ÏŒ ÎºÎ±Î¹ Ï‰Ï‚
                                                   \emph{\en{bounded buffer}...

You may provide a definition with
\DeclareUnicodeCharacter 

! Undefined control sequence.
<recently read> \en 
                    
l.3 ...Ï„ÏŒ ÎºÎ±Î¹ Ï‰Ï‚ \emph{\en{bounded buffer}}
                                                   Ï€ÏÏŒÎ²Î»Î·Î¼Î±, Î±Ï€Î¿Ï...
The control sequence at the end of the top line
of your error message was never \def'ed. If you have
misspelled it (e.g., `\hobx'), type `I' and the correct
spelling (e.g., `I\hbox'). Otherwise just continue,
and I'll forget about whatever was undefined.


! Package inputenc Error: Unicode character Ï€ (U+03C0)
(inputenc)                not set up for use with LaTeX.

See the inputenc package documentation for explanation.
Type  H <return>  for immediate help.
 ...                                              
                                                  
l.3 ...Œ ÎºÎ±Î¹ Ï‰Ï‚ \emph{\en{bounded buffer}} Ï€
                                                  ÏÏŒÎ²Î»Î·Î¼Î±, Î±Ï€Î¿Ï„Îµ...

You may provide a definition with
\DeclareUnicodeCharacter 


! Package inputenc Error: Unicode character Ï (U+03C1)
(inputenc)                not set up for use with LaTeX.

See the inputenc package documentation for explanation.
Type  H <return>  for immediate help.
 ...                                              
                                                  
l.3 ...ÎºÎ±Î¹ Ï‰Ï‚ \emph{\en{bounded buffer}} Ï€Ï
                                                  ÏŒÎ²Î»Î·Î¼Î±, Î±Ï€Î¿Ï„ÎµÎ»...

You may provide a definition with
\DeclareUnicodeCharacter 


! Package inputenc Error: Unicode character ÏŒ (U+03CC)
(inputenc)                not set up for use with LaTeX.

See the inputenc package documentation for explanation.
Type  H <return>  for immediate help.
 ...                                              
                                                  
l.3 ...Î±Î¹ Ï‰Ï‚ \emph{\en{bounded buffer}} Ï€ÏÏŒ
                                                  Î²Î»Î·Î¼Î±, Î±Ï€Î¿Ï„ÎµÎ»Îµ...

You may provide a definition with
\DeclareUnicodeCharacter 


! Package inputenc Error: Unicode character Î² (U+03B2)
(inputenc)                not set up for use with LaTeX.

See the inputenc package documentation for explanation.
Type  H <return>  for immediate help.
 ...                                              
                                                  
l.3 ...Î¹ Ï‰Ï‚ \emph{\en{bounded buffer}} Ï€ÏÏŒÎ²
                                                  Î»Î·Î¼Î±, Î±Ï€Î¿Ï„ÎµÎ»ÎµÎ¯...

You may provide a definition with
\DeclareUnicodeCharacter 


! Package inputenc Error: Unicode character Î» (U+03BB)
(inputenc)                not set up for use with LaTeX.

See the inputenc package documentation for explanation.
Type  H <return>  for immediate help.
 ...                                              
                                                  
l.3 ... Ï‰Ï‚ \emph{\en{bounded buffer}} Ï€ÏÏŒÎ²Î»
                                                  Î·Î¼Î±, Î±Ï€Î¿Ï„ÎµÎ»ÎµÎ¯ Î...

You may provide a definition with
\DeclareUnicodeCharacter 


! Package inputenc Error: Unicode character Î· (U+03B7)
(inputenc)                not set up for use with LaTeX.

See the inputenc package documentation for explanation.
Type  H <return>  for immediate help.
 ...                                              
                                                  
l.3 ...‰Ï‚ \emph{\en{bounded buffer}} Ï€ÏÏŒÎ²Î»Î·
                                                  Î¼Î±, Î±Ï€Î¿Ï„ÎµÎ»ÎµÎ¯ Î­Î...

You may provide a definition with
\DeclareUnicodeCharacter 


! Package inputenc Error: Unicode character Î¼ (U+03BC)
(inputenc)                not set up for use with LaTeX.

See the inputenc package documentation for explanation.
Type  H <return>  for immediate help.
 ...                                              
                                                  
l.3 ...‚ \emph{\en{bounded buffer}} Ï€ÏÏŒÎ²Î»Î·Î¼
                                                  Î±, Î±Ï€Î¿Ï„ÎµÎ»ÎµÎ¯ Î­Î½Î...

You may provide a definition with
\DeclareUnicodeCharacter 


! Package inputenc Error: Unicode character Î± (U+03B1)
(inputenc)                not set up for use with LaTeX.

See the inputenc package documentation for explanation.
Type  H <return>  for immediate help.
 ...                                              
                                                  
l.3 ...\emph{\en{bounded buffer}} Ï€ÏÏŒÎ²Î»Î·Î¼Î±
                                                  , Î±Ï€Î¿Ï„ÎµÎ»ÎµÎ¯ Î­Î½Î± ...

You may provide a definition with
\DeclareUnicodeCharacter 

Missing character: There is no , in font nullfont!

! Package inputenc Error: Unicode character Î± (U+03B1)
(inputenc)                not set up for use with LaTeX.

See the inputenc package documentation for explanation.
Type  H <return>  for immediate help.
 ...                                              
                                                  
l.3 ...h{\en{bounded buffer}} Ï€ÏÏŒÎ²Î»Î·Î¼Î±, Î±
                                                  Ï€Î¿Ï„ÎµÎ»ÎµÎ¯ Î­Î½Î± ÎºÎ»...

You may provide a definition with
\DeclareUnicodeCharacter 


! Package inputenc Error: Unicode character Ï€ (U+03C0)
(inputenc)                not set up for use with LaTeX.

See the inputenc package documentation for explanation.
Type  H <return>  for immediate help.
 ...                                              
                                                  
l.3 ...\en{bounded buffer}} Ï€ÏÏŒÎ²Î»Î·Î¼Î±, Î±Ï€
                                                  Î¿Ï„ÎµÎ»ÎµÎ¯ Î­Î½Î± ÎºÎ»Î±...

You may provide a definition with
\DeclareUnicodeCharacter 


! Package inputenc Error: Unicode character Î¿ (U+03BF)
(inputenc)                not set up for use with LaTeX.

See the inputenc package documentation for explanation.
Type  H <return>  for immediate help.
 ...                                              
                                                  
l.3 ...n{bounded buffer}} Ï€ÏÏŒÎ²Î»Î·Î¼Î±, Î±Ï€Î¿
                                                  Ï„ÎµÎ»ÎµÎ¯ Î­Î½Î± ÎºÎ»Î±Ïƒ...

You may provide a definition with
\DeclareUnicodeCharacter 


! Package inputenc Error: Unicode character Ï„ (U+03C4)
(inputenc)                not set up for use with LaTeX.

See the inputenc package documentation for explanation.
Type  H <return>  for immediate help.
 ...                                              
                                                  
l.3 ...bounded buffer}} Ï€ÏÏŒÎ²Î»Î·Î¼Î±, Î±Ï€Î¿Ï„
                                                  ÎµÎ»ÎµÎ¯ Î­Î½Î± ÎºÎ»Î±ÏƒÏƒ...

You may provide a definition with
\DeclareUnicodeCharacter 


! Package inputenc Error: Unicode character Îµ (U+03B5)
(inputenc)                not set up for use with LaTeX.

See the inputenc package documentation for explanation.
Type  H <return>  for immediate help.
 ...                                              
                                                  
l.3 ...unded buffer}} Ï€ÏÏŒÎ²Î»Î·Î¼Î±, Î±Ï€Î¿Ï„Îµ
                                                  Î»ÎµÎ¯ Î­Î½Î± ÎºÎ»Î±ÏƒÏƒÎ¹...

You may provide a definition with
\DeclareUnicodeCharacter 


! Package inputenc Error: Unicode character Î» (U+03BB)
(inputenc)                not set up for use with LaTeX.

See the inputenc package documentation for explanation.
Type  H <return>  for immediate help.
 ...                                              
                                                  
l.3 ...ded buffer}} Ï€ÏÏŒÎ²Î»Î·Î¼Î±, Î±Ï€Î¿Ï„ÎµÎ»
                                                  ÎµÎ¯ Î­Î½Î± ÎºÎ»Î±ÏƒÏƒÎ¹Îº...

You may provide a definition with
\DeclareUnicodeCharacter 


! Package inputenc Error: Unicode character Îµ (U+03B5)
(inputenc)                not set up for use with LaTeX.

See the inputenc package documentation for explanation.
Type  H <return>  for immediate help.
 ...                                              
                                                  
l.3 ...d buffer}} Ï€ÏÏŒÎ²Î»Î·Î¼Î±, Î±Ï€Î¿Ï„ÎµÎ»Îµ
                                                  Î¯ Î­Î½Î± ÎºÎ»Î±ÏƒÏƒÎ¹ÎºÏŒ...

You may provide a definition with
\DeclareUnicodeCharacter 


! Package inputenc Error: Unicode character Î¯ (U+03AF)
(inputenc)                not set up for use with LaTeX.

See the inputenc package documentation for explanation.
Type  H <return>  for immediate help.
 ...                                              
                                                  
l.3 ...buffer}} Ï€ÏÏŒÎ²Î»Î·Î¼Î±, Î±Ï€Î¿Ï„ÎµÎ»ÎµÎ¯
                                                   Î­Î½Î± ÎºÎ»Î±ÏƒÏƒÎ¹ÎºÏŒ Ï...

You may provide a definition with
\DeclareUnicodeCharacter 


! Package inputenc Error: Unicode character Î­ (U+03AD)
(inputenc)                not set up for use with LaTeX.

See the inputenc package documentation for explanation.
Type  H <return>  for immediate help.
 ...                                              
                                                  
l.3 ...fer}} Ï€ÏÏŒÎ²Î»Î·Î¼Î±, Î±Ï€Î¿Ï„ÎµÎ»ÎµÎ¯ Î­
                                                  Î½Î± ÎºÎ»Î±ÏƒÏƒÎ¹ÎºÏŒ Ï€Ï...

You may provide a definition with
\DeclareUnicodeCharacter 


! Package inputenc Error: Unicode character Î½ (U+03BD)
(inputenc)                not set up for use with LaTeX.

See the inputenc package documentation for explanation.
Type  H <return>  for immediate help.
 ...                                              
                                                  
l.3 ...r}} Ï€ÏÏŒÎ²Î»Î·Î¼Î±, Î±Ï€Î¿Ï„ÎµÎ»ÎµÎ¯ Î­Î½
                                                  Î± ÎºÎ»Î±ÏƒÏƒÎ¹ÎºÏŒ Ï€ÏÏŒ...

You may provide a definition with
\DeclareUnicodeCharacter 


! Package inputenc Error: Unicode character Î± (U+03B1)
(inputenc)                not set up for use with LaTeX.

See the inputenc package documentation for explanation.
Type  H <return>  for immediate help.
 ...                                              
                                                  
l.3 ...} Ï€ÏÏŒÎ²Î»Î·Î¼Î±, Î±Ï€Î¿Ï„ÎµÎ»ÎµÎ¯ Î­Î½Î±
                                                   ÎºÎ»Î±ÏƒÏƒÎ¹ÎºÏŒ Ï€ÏÏŒÎ²...

You may provide a definition with
\DeclareUnicodeCharacter 


! Package inputenc Error: Unicode character Îº (U+03BA)
(inputenc)                not set up for use with LaTeX.

See the inputenc package documentation for explanation.
Type  H <return>  for immediate help.
 ...                                              
                                                  
l.3 ...€ÏÏŒÎ²Î»Î·Î¼Î±, Î±Ï€Î¿Ï„ÎµÎ»ÎµÎ¯ Î­Î½Î± Îº
                                                  Î»Î±ÏƒÏƒÎ¹ÎºÏŒ Ï€ÏÏŒÎ²Î»Î...

You may provide a definition with
\DeclareUnicodeCharacter 


! Package inputenc Error: Unicode character Î» (U+03BB)
(inputenc)                not set up for use with LaTeX.

See the inputenc package documentation for explanation.
Type  H <return>  for immediate help.
 ...                                              
                                                  
l.3 ...ÏŒÎ²Î»Î·Î¼Î±, Î±Ï€Î¿Ï„ÎµÎ»ÎµÎ¯ Î­Î½Î± ÎºÎ»
                                                  Î±ÏƒÏƒÎ¹ÎºÏŒ Ï€ÏÏŒÎ²Î»Î·Î...

You may provide a definition with
\DeclareUnicodeCharacter 


! Package inputenc Error: Unicode character Î± (U+03B1)
(inputenc)                not set up for use with LaTeX.

See the inputenc package documentation for explanation.
Type  H <return>  for immediate help.
 ...                                              
                                                  
l.3 ...ŒÎ²Î»Î·Î¼Î±, Î±Ï€Î¿Ï„ÎµÎ»ÎµÎ¯ Î­Î½Î± ÎºÎ»Î±
                                                  ÏƒÏƒÎ¹ÎºÏŒ Ï€ÏÏŒÎ²Î»Î·Î¼Î...

You may provide a definition with
\DeclareUnicodeCharacter 


! Package inputenc Error: Unicode character Ïƒ (U+03C3)
(inputenc)                not set up for use with LaTeX.

See the inputenc package documentation for explanation.
Type  H <return>  for immediate help.
 ...                                              
                                                  
l.3 ...²Î»Î·Î¼Î±, Î±Ï€Î¿Ï„ÎµÎ»ÎµÎ¯ Î­Î½Î± ÎºÎ»Î±Ïƒ
                                                  ÏƒÎ¹ÎºÏŒ Ï€ÏÏŒÎ²Î»Î·Î¼Î± ...

You may provide a definition with
\DeclareUnicodeCharacter 


! Package inputenc Error: Unicode character Ïƒ (U+03C3)
(inputenc)                not set up for use with LaTeX.

See the inputenc package documentation for explanation.
Type  H <return>  for immediate help.
 ...                                              
                                                  
l.3 ...»Î·Î¼Î±, Î±Ï€Î¿Ï„ÎµÎ»ÎµÎ¯ Î­Î½Î± ÎºÎ»Î±ÏƒÏƒ
                                                  Î¹ÎºÏŒ Ï€ÏÏŒÎ²Î»Î·Î¼Î± Ïƒ...

You may provide a definition with
\DeclareUnicodeCharacter 


! Package inputenc Error: Unicode character Î¹ (U+03B9)
(inputenc)                not set up for use with LaTeX.

See the inputenc package documentation for explanation.
Type  H <return>  for immediate help.
 ...                                              
                                                  
l.3 ...·Î¼Î±, Î±Ï€Î¿Ï„ÎµÎ»ÎµÎ¯ Î­Î½Î± ÎºÎ»Î±ÏƒÏƒÎ¹
                                                  ÎºÏŒ Ï€ÏÏŒÎ²Î»Î·Î¼Î± ÏƒÏ…...

You may provide a definition with
\DeclareUnicodeCharacter 


! Package inputenc Error: Unicode character Îº (U+03BA)
(inputenc)                not set up for use with LaTeX.

See the inputenc package documentation for explanation.
Type  H <return>  for immediate help.
 ...                                              
                                                  
l.3 ...¼Î±, Î±Ï€Î¿Ï„ÎµÎ»ÎµÎ¯ Î­Î½Î± ÎºÎ»Î±ÏƒÏƒÎ¹Îº
                                                  ÏŒ Ï€ÏÏŒÎ²Î»Î·Î¼Î± ÏƒÏ…Î³...

You may provide a definition with
\DeclareUnicodeCharacter 


! Package inputenc Error: Unicode character ÏŒ (U+03CC)
(inputenc)                not set up for use with LaTeX.

See the inputenc package documentation for explanation.
Type  H <return>  for immediate help.
 ...                                              
                                                  
l.3 ...±, Î±Ï€Î¿Ï„ÎµÎ»ÎµÎ¯ Î­Î½Î± ÎºÎ»Î±ÏƒÏƒÎ¹ÎºÏŒ
                                                   Ï€ÏÏŒÎ²Î»Î·Î¼Î± ÏƒÏ…Î³Ï‡...

You may provide a definition with
\DeclareUnicodeCharacter 


! Package inputenc Error: Unicode character Ï€ (U+03C0)
(inputenc)                not set up for use with LaTeX.

See the inputenc package documentation for explanation.
Type  H <return>  for immediate help.
 ...                                              
                                                  
l.3 ...Î±Ï€Î¿Ï„ÎµÎ»ÎµÎ¯ Î­Î½Î± ÎºÎ»Î±ÏƒÏƒÎ¹ÎºÏŒ Ï€
                                                  ÏÏŒÎ²Î»Î·Î¼Î± ÏƒÏ…Î³Ï‡ÏÎ...

You may provide a definition with
\DeclareUnicodeCharacter 


! Package inputenc Error: Unicode character Ï (U+03C1)
(inputenc)                not set up for use with LaTeX.

See the inputenc package documentation for explanation.
Type  H <return>  for immediate help.
 ...                                              
                                                  
l.3 ...Ï€Î¿Ï„ÎµÎ»ÎµÎ¯ Î­Î½Î± ÎºÎ»Î±ÏƒÏƒÎ¹ÎºÏŒ Ï€Ï
                                                  ÏŒÎ²Î»Î·Î¼Î± ÏƒÏ…Î³Ï‡ÏÎ¿Î...

You may provide a definition with
\DeclareUnicodeCharacter 


! Package inputenc Error: Unicode character ÏŒ (U+03CC)
(inputenc)                not set up for use with LaTeX.

See the inputenc package documentation for explanation.
Type  H <return>  for immediate help.
 ...                                              
                                                  
l.3 ...Î¿Ï„ÎµÎ»ÎµÎ¯ Î­Î½Î± ÎºÎ»Î±ÏƒÏƒÎ¹ÎºÏŒ Ï€ÏÏŒ
                                                  Î²Î»Î·Î¼Î± ÏƒÏ…Î³Ï‡ÏÎ¿Î½Î...

You may provide a definition with
\DeclareUnicodeCharacter 


! Package inputenc Error: Unicode character Î² (U+03B2)
(inputenc)                not set up for use with LaTeX.

See the inputenc package documentation for explanation.
Type  H <return>  for immediate help.
 ...                                              
                                                  
l.3 ...Ï„ÎµÎ»ÎµÎ¯ Î­Î½Î± ÎºÎ»Î±ÏƒÏƒÎ¹ÎºÏŒ Ï€ÏÏŒÎ²
                                                  Î»Î·Î¼Î± ÏƒÏ…Î³Ï‡ÏÎ¿Î½Î¹Ï...

You may provide a definition with
\DeclareUnicodeCharacter 


! Package inputenc Error: Unicode character Î» (U+03BB)
(inputenc)                not set up for use with LaTeX.

See the inputenc package documentation for explanation.
Type  H <return>  for immediate help.
 ...                                              
                                                  
l.3 ...ÎµÎ»ÎµÎ¯ Î­Î½Î± ÎºÎ»Î±ÏƒÏƒÎ¹ÎºÏŒ Ï€ÏÏŒÎ²Î»
                                                  Î·Î¼Î± ÏƒÏ…Î³Ï‡ÏÎ¿Î½Î¹ÏƒÎ...

You may provide a definition with
\DeclareUnicodeCharacter 


! Package inputenc Error: Unicode character Î· (U+03B7)
(inputenc)                not set up for use with LaTeX.

See the inputenc package documentation for explanation.
Type  H <return>  for immediate help.
 ...                                              
                                                  
l.3 ...Î»ÎµÎ¯ Î­Î½Î± ÎºÎ»Î±ÏƒÏƒÎ¹ÎºÏŒ Ï€ÏÏŒÎ²Î»Î·
                                                  Î¼Î± ÏƒÏ…Î³Ï‡ÏÎ¿Î½Î¹ÏƒÎ¼Î...

You may provide a definition with
\DeclareUnicodeCharacter 


! Package inputenc Error: Unicode character Î¼ (U+03BC)
(inputenc)                not set up for use with LaTeX.

See the inputenc package documentation for explanation.
Type  H <return>  for immediate help.
 ...                                              
                                                  
l.3 ...ÎµÎ¯ Î­Î½Î± ÎºÎ»Î±ÏƒÏƒÎ¹ÎºÏŒ Ï€ÏÏŒÎ²Î»Î·Î¼
                                                  Î± ÏƒÏ…Î³Ï‡ÏÎ¿Î½Î¹ÏƒÎ¼Î¿Ï...

You may provide a definition with
\DeclareUnicodeCharacter 


! Package inputenc Error: Unicode character Î± (U+03B1)
(inputenc)                not set up for use with LaTeX.

See the inputenc package documentation for explanation.
Type  H <return>  for immediate help.
 ...                                              
                                                  
l.3 ...Î¯ Î­Î½Î± ÎºÎ»Î±ÏƒÏƒÎ¹ÎºÏŒ Ï€ÏÏŒÎ²Î»Î·Î¼Î±
                                                   ÏƒÏ…Î³Ï‡ÏÎ¿Î½Î¹ÏƒÎ¼Î¿Ï ...

You may provide a definition with
\DeclareUnicodeCharacter 


! Package inputenc Error: Unicode character Ïƒ (U+03C3)
(inputenc)                not set up for use with LaTeX.

See the inputenc package documentation for explanation.
Type  H <return>  for immediate help.
 ...                                              
                                                  
l.3 ...Î­Î½Î± ÎºÎ»Î±ÏƒÏƒÎ¹ÎºÏŒ Ï€ÏÏŒÎ²Î»Î·Î¼Î± Ïƒ
                                                  Ï…Î³Ï‡ÏÎ¿Î½Î¹ÏƒÎ¼Î¿Ï Ï€Î...

You may provide a definition with
\DeclareUnicodeCharacter 


! Package inputenc Error: Unicode character Ï… (U+03C5)
(inputenc)                not set up for use with LaTeX.

See the inputenc package documentation for explanation.
Type  H <return>  for immediate help.
 ...                                              
                                                  
l.3 ...Î½Î± ÎºÎ»Î±ÏƒÏƒÎ¹ÎºÏŒ Ï€ÏÏŒÎ²Î»Î·Î¼Î± ÏƒÏ…
                                                  Î³Ï‡ÏÎ¿Î½Î¹ÏƒÎ¼Î¿Ï Ï€Î¿Î...

You may provide a definition with
\DeclareUnicodeCharacter 


! Package inputenc Error: Unicode character Î³ (U+03B3)
(inputenc)                not set up for use with LaTeX.

See the inputenc package documentation for explanation.
Type  H <return>  for immediate help.
 ...                                              
                                                  
l.3 ...Î± ÎºÎ»Î±ÏƒÏƒÎ¹ÎºÏŒ Ï€ÏÏŒÎ²Î»Î·Î¼Î± ÏƒÏ…Î³
                                                  Ï‡ÏÎ¿Î½Î¹ÏƒÎ¼Î¿Ï Ï€Î¿Î»Î...

You may provide a definition with
\DeclareUnicodeCharacter 


! Package inputenc Error: Unicode character Ï‡ (U+03C7)
(inputenc)                not set up for use with LaTeX.

See the inputenc package documentation for explanation.
Type  H <return>  for immediate help.
 ...                                              
                                                  
l.3 ... ÎºÎ»Î±ÏƒÏƒÎ¹ÎºÏŒ Ï€ÏÏŒÎ²Î»Î·Î¼Î± ÏƒÏ…Î³Ï‡
                                                  ÏÎ¿Î½Î¹ÏƒÎ¼Î¿Ï Ï€Î¿Î»Î»Î...

You may provide a definition with
\DeclareUnicodeCharacter 


! Package inputenc Error: Unicode character Ï (U+03C1)
(inputenc)                not set up for use with LaTeX.

See the inputenc package documentation for explanation.
Type  H <return>  for immediate help.
 ...                                              
                                                  
l.3 ...ºÎ»Î±ÏƒÏƒÎ¹ÎºÏŒ Ï€ÏÏŒÎ²Î»Î·Î¼Î± ÏƒÏ…Î³Ï‡Ï
                                                  Î¿Î½Î¹ÏƒÎ¼Î¿Ï Ï€Î¿Î»Î»Î±Ï...

You may provide a definition with
\DeclareUnicodeCharacter 


! Package inputenc Error: Unicode character Î¿ (U+03BF)
(inputenc)                not set up for use with LaTeX.

See the inputenc package documentation for explanation.
Type  H <return>  for immediate help.
 ...                                              
                                                  
l.3 ...»Î±ÏƒÏƒÎ¹ÎºÏŒ Ï€ÏÏŒÎ²Î»Î·Î¼Î± ÏƒÏ…Î³Ï‡ÏÎ¿
                                                  Î½Î¹ÏƒÎ¼Î¿Ï Ï€Î¿Î»Î»Î±Ï€Î...

You may provide a definition with
\DeclareUnicodeCharacter 


! Package inputenc Error: Unicode character Î½ (U+03BD)
(inputenc)                not set up for use with LaTeX.

See the inputenc package documentation for explanation.
Type  H <return>  for immediate help.
 ...                                              
                                                  
l.3 ...±ÏƒÏƒÎ¹ÎºÏŒ Ï€ÏÏŒÎ²Î»Î·Î¼Î± ÏƒÏ…Î³Ï‡ÏÎ¿Î½
                                                  Î¹ÏƒÎ¼Î¿Ï Ï€Î¿Î»Î»Î±Ï€Î»Ï...

You may provide a definition with
\DeclareUnicodeCharacter 


! Package inputenc Error: Unicode character Î¹ (U+03B9)
(inputenc)                not set up for use with LaTeX.

See the inputenc package documentation for explanation.
Type  H <return>  for immediate help.
 ...                                              
                                                  
l.3 ...ƒÏƒÎ¹ÎºÏŒ Ï€ÏÏŒÎ²Î»Î·Î¼Î± ÏƒÏ…Î³Ï‡ÏÎ¿Î½Î¹
                                                  ÏƒÎ¼Î¿Ï Ï€Î¿Î»Î»Î±Ï€Î»ÏÎ...

You may provide a definition with
\DeclareUnicodeCharacter 


! Package inputenc Error: Unicode character Ïƒ (U+03C3)
(inputenc)                not set up for use with LaTeX.

See the inputenc package documentation for explanation.
Type  H <return>  for immediate help.
 ...                                              
                                                  
l.3 ...ƒÎ¹ÎºÏŒ Ï€ÏÏŒÎ²Î»Î·Î¼Î± ÏƒÏ…Î³Ï‡ÏÎ¿Î½Î¹Ïƒ
                                                  Î¼Î¿Ï Ï€Î¿Î»Î»Î±Ï€Î»ÏÎ½ ...

You may provide a definition with
\DeclareUnicodeCharacter 


! Package inputenc Error: Unicode character Î¼ (U+03BC)
(inputenc)                not set up for use with LaTeX.

See the inputenc package documentation for explanation.
Type  H <return>  for immediate help.
 ...                                              
                                                  
l.3 ...¹ÎºÏŒ Ï€ÏÏŒÎ²Î»Î·Î¼Î± ÏƒÏ…Î³Ï‡ÏÎ¿Î½Î¹ÏƒÎ¼
                                                  Î¿Ï Ï€Î¿Î»Î»Î±Ï€Î»ÏÎ½ Î´...
(That makes 100 errors; please try again.) 
Here is how much of TeX's memory you used:
 47 strings out of 479304
 790 string characters out of 5871219
 271116 words of memory out of 5000000
 17337 multiletter control sequences out of 15000+600000
 403776 words of font info for 28 fonts, out of 8000000 for 9000
 1141 hyphenation exceptions out of 8191
 14i,1n,15p,1006b,55s stack positions out of 5000i,500n,10000p,200000b,80000s

!  ==> Fatal error occurred, no output PDF file produced!
