\BOOKMARK [2][-]{subsection.0.1}{ \265 \265 \265 \337 - SAXPY}{}% 1
\BOOKMARK [3][-]{subsubsection.0.1.1}{ \337\265}{subsection.0.1}% 2
\BOOKMARK [2][-]{subsection.0.2}{ \040\265\265 \337\265 SAXPY}{}% 3
\BOOKMARK [2][-]{subsection.0.3}{ }{}% 4
\BOOKMARK [2][-]{subsection.0.4}{ \265 \040parallel for}{}% 5
\BOOKMARK [3][-]{subsubsection.0.4.1}{}{subsection.0.4}% 6
\BOOKMARK [2][-]{subsection.0.5}{ \265 parallel for \040padding}{}% 7
\BOOKMARK [3][-]{subsubsection.0.5.1}{}{subsection.0.5}% 8
\BOOKMARK [2][-]{subsection.0.6}{ \265 omp simd}{}% 9
\BOOKMARK [2][-]{subsection.0.7}{ \265 omp declare simd uniform}{}% 10
\BOOKMARK [2][-]{subsection.0.8}{ \265 omp declare simd uniform notinbranch}{}% 11
\BOOKMARK [2][-]{subsection.0.9}{ \265 omp parallel for simd}{}% 12
\BOOKMARK [2][-]{subsection.0.10}{ \265 target map}{}% 13
\BOOKMARK [2][-]{subsection.0.11}{ \265 target simd map}{}% 14
\BOOKMARK [2][-]{subsection.0.12}{ \265 target parallel for}{}% 15
\BOOKMARK [2][-]{subsection.0.13}{ \265 target parallel for simd}{}% 16
\BOOKMARK [2][-]{subsection.0.14}{ \265 target teams map}{}% 17
\BOOKMARK [2][-]{subsection.0.15}{ \265 target teams distribute map}{}% 18
\BOOKMARK [2][-]{subsection.0.16}{ \265 target teams distribute parallel for map}{}% 19
\BOOKMARK [2][-]{subsection.0.17}{ \265 target teams distribute simd map}{}% 20
\BOOKMARK [2][-]{subsection.0.18}{ \265 target teams distribute parallel for simd map}{}% 21
